_/_/_/_/_/_/_/_/_/_/_/_/_/_/_/_/_/_/_/_/_/_/_/_/_/_/_/_/_/_/_/_/_/_/_/_/_/_/_/_/

    VTMC: Analysis of lipid surface area in protein-membrane systems
      version: 1.0
      last modified: Jan 13 2012
      programed by Takaharu Mori

    Copyright(C) 2012-
    Theoretical Biochemistry Lab, RIKEN Adv Sci Inst
    2-1 Hirosawa, Wako-shi, Saitama, 351-0198, Japan
    http://www.riken.jp/TBC07/

    Ref) T.Mori, F.Ogushi, and Y.Sugita, J.Comput.Chem., 33, 286-293 (2012)

_/_/_/_/_/_/_/_/_/_/_/_/_/_/_/_/_/_/_/_/_/_/_/_/_/_/_/_/_/_/_/_/_/_/_/_/_/_/_/_/

 INFO> Read configulation file
  
 [INPUT]
   PDB file           =  L-VTMC-1KUW.pdb-A
 
 [OUTPUT]
   output level       =      0
   output name        =  L-VTMC-1KUW.pdb-A
 
 [PROTEIN]
   residue list       =     10
      SER       ASN       ASN       PHE       GLY       ALA       ILE       LEU 
      SER       SER 
   select hydrogen    =    YES
 
 [LIPID]
   residue list       =      1
      POP 
   select hydrogen    =    YES
   lipid head atom    =        P   
 
 [ATOM_MASS]
   mass list          =      6
                H     =     1.008
                C     =    12.010
                O     =    16.000
                N     =    14.010
                P     =    30.970
                S     =    32.070
 
 [VDW_RADIUS]
   vdw_radius list    =      6
                H     =     1.200
                C     =     1.700
                O     =     1.520
                N     =     1.550
                P     =     1.800
                S     =     1.800
 
 [ANALYSIS]
   cell center        =     0.000   0.000
   cell size          =    60.832  60.832
   probe atom radius  =     0.100
   factor             =           100
   iseed              =       3141592
   randomize          =    YES
   decimal place      =            12
 
 
 INFO> Read PDB file
  
     open pdb file                                        [OK]
     count the number of lipid molecules                  [OK]
     calculate the bilayer center                         [OK]
     memory allocation for lipids                         [OK]
     compute the center of mass of each lipid             [OK]
     separate the bilayer                                 [OK]
     memory allocation for lipid coordinates              [OK]
     count the number of protein atoms                    [OK]
     select protein atoms                                 [OK]
     memory allocation for protein coordinates            [OK]
     copy protein coordinates                             [OK]
 
 [SYSTEM STATISTICS]
   total number of protein atoms =          95
   total number of lipids        =         128
   bilayer center                =      44.054
 
   layer1: number of lipids =          64
                       Zmax =      71.910
                       Zmin =      38.890
           selected protein atoms =           0
 
   layer2: number of lipids =          64
                       Zmax =      48.740
                       Zmin =      16.760
           selected protein atoms =          72
 
 
 INFO> Perform Voronoi analysis for Layer 1
 
     randomize coordinates of lipid center of mass        [OK]
     wrap all lipids into the unit cell                   [OK]
     set periodic boundary condition for lipids           [OK]
     use fast algorithm                                   [OK]
     allocate memory for voronoi analysis                 [OK]
     compute voronoi vertices                             [OK]
     compute area per lipid                               [OK]
     deallocate memory                                    [OK]

 [RESULTS]
                             ALL     BOUND   N-BOUND     ERROR
   num_lipids     :           64         0        64         0
   area per lipid :       57.821     0.000    57.821

 
 INFO> Perform Voronoi analysis for Layer 2
 
     randomize coordinates of lipid center of mass        [OK]
     wrap all lipids into the unit cell                   [OK]
     set periodic boundary condition for lipids           [OK]
     wrap all protein atoms into the unit cell            [OK]
     set periodic boundary condition for protein          [OK]
     use fast algorithm                                   [OK]
     allocate memory for voronoi analysis                 [OK]
     compute voronoi vertices                             [OK]
     MC for    1  Avor =     66.069  Ntot =       6606  Nhit =          1
     MC for   15  was not done (no protein atom exists in the polygon)
     MC for   16  Avor =     70.902  Ntot =       7090  Nhit =       4076
     MC for   20  Avor =     50.483  Ntot =       5048  Nhit =          0
     MC for   21  Avor =     53.780  Ntot =       5377  Nhit =          0
     MC for   22  Avor =     72.791  Ntot =       7279  Nhit =       1425
     MC for   23  Avor =     57.201  Ntot =       5720  Nhit =       1068
     MC for   29  Avor =     64.860  Ntot =       6486  Nhit =       4005
     MC for   30  Avor =     65.575  Ntot =       6557  Nhit =       1202
     MC for   31  Avor =     60.102  Ntot =       6010  Nhit =          0
     MC for   35  Avor =     60.353  Ntot =       6035  Nhit =        299
     MC for   37  was not done (no protein atom exists in the polygon)
     MC for   38  Avor =     62.543  Ntot =       6254  Nhit =       3698
     MC for   39  Avor =     46.578  Ntot =       4657  Nhit =        977
     MC for   40  was not done (no protein atom exists in the polygon)
     MC for   45  Avor =     44.022  Ntot =       4402  Nhit =       2235
     MC for   46  Avor =     49.619  Ntot =       4961  Nhit =        334
     MC for   47  was not done (no protein atom exists in the polygon)
     MC for   62  Avor =     56.110  Ntot =       5611  Nhit =          0
     compute area per lipid                               [OK]
     deallocate memory                                    [OK]

 [RESULTS]
                             ALL     BOUND   N-BOUND     ERROR
   num_lipids     :           64        19        45         0
   area per lipid :       54.802    48.941    57.277

 
 INFO> Summary of the results
 
   average area of all lipids          :     56.311   /    128
   average area of boundary lipids     :     48.941   /     19
   average area of non-boundary lipids :     57.596   /    109
 
 
 INFO> Deallocate all configulation data
 INFO> Deallocate all pdb data
 
 [CPU TIME]
  total    :     0.126(sec)
  analysis :     0.053(sec)
 
