_/_/_/_/_/_/_/_/_/_/_/_/_/_/_/_/_/_/_/_/_/_/_/_/_/_/_/_/_/_/_/_/_/_/_/_/_/_/_/_/

    VTMC: Analysis of lipid surface area in protein-membrane systems
      version: 1.0
      last modified: Jan 13 2012
      programed by Takaharu Mori

    Copyright(C) 2012-
    Theoretical Biochemistry Lab, RIKEN Adv Sci Inst
    2-1 Hirosawa, Wako-shi, Saitama, 351-0198, Japan
    http://www.riken.jp/TBC07/

    Ref) T.Mori, F.Ogushi, and Y.Sugita, J.Comput.Chem., 33, 286-293 (2012)

_/_/_/_/_/_/_/_/_/_/_/_/_/_/_/_/_/_/_/_/_/_/_/_/_/_/_/_/_/_/_/_/_/_/_/_/_/_/_/_/

 INFO> Read configulation file
  
 [INPUT]
   PDB file           =  L-VTMC-GIB25.pdb-A
 
 [OUTPUT]
   output level       =      0
   output name        =  L-VTMC-GIB25.pdb-A
 
 [PROTEIN]
   residue list       =     17
      THR       ILE       CYS       LYS       LYS       SER       GLY       VAL 
      PHE       LYS       ILE       LEU       LYS       GLY       VAL       GLY 
      LYS 
   select hydrogen    =    YES
 
 [LIPID]
   residue list       =      1
      POP 
   select hydrogen    =    YES
   lipid head atom    =        P   
 
 [ATOM_MASS]
   mass list          =      6
                H     =     1.008
                C     =    12.010
                O     =    16.000
                N     =    14.010
                P     =    30.970
                S     =    32.070
 
 [VDW_RADIUS]
   vdw_radius list    =      6
                H     =     1.200
                C     =     1.700
                O     =     1.520
                N     =     1.550
                P     =     1.800
                S     =     1.800
 
 [ANALYSIS]
   cell center        =     0.000   0.000
   cell size          =    60.604  60.604
   probe atom radius  =     0.100
   factor             =           100
   iseed              =       3141592
   randomize          =    YES
   decimal place      =            12
 
 
 INFO> Read PDB file
  
     open pdb file                                        [OK]
     count the number of lipid molecules                  [OK]
     calculate the bilayer center                         [OK]
     memory allocation for lipids                         [OK]
     compute the center of mass of each lipid             [OK]
     separate the bilayer                                 [OK]
     memory allocation for lipid coordinates              [OK]
     count the number of protein atoms                    [OK]
     select protein atoms                                 [OK]
     memory allocation for protein coordinates            [OK]
     copy protein coordinates                             [OK]
 
 [SYSTEM STATISTICS]
   total number of protein atoms =         168
   total number of lipids        =         128
   bilayer center                =      44.358
 
   layer1: number of lipids =          64
                       Zmax =      73.780
                       Zmin =      37.920
           selected protein atoms =         150
 
   layer2: number of lipids =          64
                       Zmax =      51.480
                       Zmin =      15.620
           selected protein atoms =           0
 
 
 INFO> Perform Voronoi analysis for Layer 1
 
     randomize coordinates of lipid center of mass        [OK]
     wrap all lipids into the unit cell                   [OK]
     set periodic boundary condition for lipids           [OK]
     wrap all protein atoms into the unit cell            [OK]
     set periodic boundary condition for protein          [OK]
     use fast algorithm                                   [OK]
     allocate memory for voronoi analysis                 [OK]
     compute voronoi vertices                             [OK]
     MC for    1  Avor =     57.657  Ntot =       5765  Nhit =         37
     MC for    2  Avor =     57.616  Ntot =       5761  Nhit =       4379
     MC for    9  Avor =     53.746  Ntot =       5374  Nhit =       1497
     MC for   10  Avor =     53.435  Ntot =       5343  Nhit =       2604
     MC for   11  Avor =     58.714  Ntot =       5871  Nhit =       2284
     MC for   17  Avor =     49.973  Ntot =       4997  Nhit =       2785
     MC for   18  Avor =     66.979  Ntot =       6697  Nhit =       4789
     MC for   20  Avor =     69.133  Ntot =       6913  Nhit =        480
     MC for   23  Avor =     47.530  Ntot =       4752  Nhit =          2
     MC for   24  Avor =     42.207  Ntot =       4220  Nhit =        386
     MC for   25  Avor =     46.838  Ntot =       4683  Nhit =          0
     MC for   26  Avor =     55.994  Ntot =       5599  Nhit =       2275
     MC for   27  was not done (no protein atom exists in the polygon)
     MC for   28  Avor =     63.770  Ntot =       6376  Nhit =       5167
     MC for   29  was not done (no protein atom exists in the polygon)
     MC for   30  was not done (no protein atom exists in the polygon)
     MC for   32  Avor =     71.981  Ntot =       7198  Nhit =       1950
     MC for   33  Avor =     49.444  Ntot =       4944  Nhit =          0
     MC for   35  Avor =     67.165  Ntot =       6716  Nhit =       2741
     MC for   42  Avor =     74.835  Ntot =       7483  Nhit =          4
     MC for   43  Avor =     50.189  Ntot =       5018  Nhit =          0
     MC for   44  Avor =     48.285  Ntot =       4828  Nhit =       3813
     MC for   52  Avor =     61.935  Ntot =       6193  Nhit =        232
     MC for   57  was not done (no protein atom exists in the polygon)
     MC for   58  was not done (no protein atom exists in the polygon)
     MC for   59  was not done (no protein atom exists in the polygon)
     compute area per lipid                               [OK]
     deallocate memory                                    [OK]

 [RESULTS]
                             ALL     BOUND   N-BOUND     ERROR
   num_lipids     :           64        26        38         0
   area per lipid :       51.852    44.847    56.645

 
 INFO> Perform Voronoi analysis for Layer 2
 
     randomize coordinates of lipid center of mass        [OK]
     wrap all lipids into the unit cell                   [OK]
     set periodic boundary condition for lipids           [OK]
     use fast algorithm                                   [OK]
     allocate memory for voronoi analysis                 [OK]
     compute voronoi vertices                             [OK]
     compute area per lipid                               [OK]
     deallocate memory                                    [OK]

 [RESULTS]
                             ALL     BOUND   N-BOUND     ERROR
   num_lipids     :           64         0        64         0
   area per lipid :       57.388     0.000    57.388

 
 INFO> Summary of the results
 
   average area of all lipids          :     54.620   /    128
   average area of boundary lipids     :     44.847   /     26
   average area of non-boundary lipids :     57.111   /    102
 
 
 INFO> Deallocate all configulation data
 INFO> Deallocate all pdb data
 
 [CPU TIME]
  total    :     0.124(sec)
  analysis :     0.053(sec)
 
