_/_/_/_/_/_/_/_/_/_/_/_/_/_/_/_/_/_/_/_/_/_/_/_/_/_/_/_/_/_/_/_/_/_/_/_/_/_/_/_/

    VTMC: Analysis of lipid surface area in protein-membrane systems
      version: 1.0
      last modified: Jan 13 2012
      programed by Takaharu Mori

    Copyright(C) 2012-
    Theoretical Biochemistry Lab, RIKEN Adv Sci Inst
    2-1 Hirosawa, Wako-shi, Saitama, 351-0198, Japan
    http://www.riken.jp/TBC07/

    Ref) T.Mori, F.Ogushi, and Y.Sugita, J.Comput.Chem., 33, 286-293 (2012)

_/_/_/_/_/_/_/_/_/_/_/_/_/_/_/_/_/_/_/_/_/_/_/_/_/_/_/_/_/_/_/_/_/_/_/_/_/_/_/_/

 INFO> Read configulation file
  
 [INPUT]
   PDB file           =  L-VTMC-GIB24.pdb-A
 
 [OUTPUT]
   output level       =      0
   output name        =  L-VTMC-GIB24.pdb-A
 
 [PROTEIN]
   residue list       =     12
      ALA       THR       LYS       LYS       GLY       LEU       PHE       SER 
      ILE       LEU       LYS       GLY 
   select hydrogen    =    YES
 
 [LIPID]
   residue list       =      1
      POP 
   select hydrogen    =    YES
   lipid head atom    =        P   
 
 [ATOM_MASS]
   mass list          =      6
                H     =     1.008
                C     =    12.010
                O     =    16.000
                N     =    14.010
                P     =    30.970
                S     =    32.070
 
 [VDW_RADIUS]
   vdw_radius list    =      6
                H     =     1.200
                C     =     1.700
                O     =     1.520
                N     =     1.550
                P     =     1.800
                S     =     1.800
 
 [ANALYSIS]
   cell center        =     0.000   0.000
   cell size          =    60.550  60.550
   probe atom radius  =     0.100
   factor             =           100
   iseed              =       3141592
   randomize          =    YES
   decimal place      =            12
 
 
 INFO> Read PDB file
  
     open pdb file                                        [OK]
     count the number of lipid molecules                  [OK]
     calculate the bilayer center                         [OK]
     memory allocation for lipids                         [OK]
     compute the center of mass of each lipid             [OK]
     separate the bilayer                                 [OK]
     memory allocation for lipid coordinates              [OK]
     count the number of protein atoms                    [OK]
     select protein atoms                                 [OK]
     memory allocation for protein coordinates            [OK]
     copy protein coordinates                             [OK]
 
 [SYSTEM STATISTICS]
   total number of protein atoms =         119
   total number of lipids        =         128
   bilayer center                =      44.440
 
   layer1: number of lipids =          64
                       Zmax =      71.280
                       Zmin =      39.780
           selected protein atoms =           0
 
   layer2: number of lipids =          64
                       Zmax =      48.380
                       Zmin =      16.660
           selected protein atoms =          62
 
 
 INFO> Perform Voronoi analysis for Layer 1
 
     randomize coordinates of lipid center of mass        [OK]
     wrap all lipids into the unit cell                   [OK]
     set periodic boundary condition for lipids           [OK]
     use fast algorithm                                   [OK]
     allocate memory for voronoi analysis                 [OK]
     compute voronoi vertices                             [OK]
     compute area per lipid                               [OK]
     deallocate memory                                    [OK]

 [RESULTS]
                             ALL     BOUND   N-BOUND     ERROR
   num_lipids     :           64         0        64         0
   area per lipid :       57.286     0.000    57.286

 
 INFO> Perform Voronoi analysis for Layer 2
 
     randomize coordinates of lipid center of mass        [OK]
     wrap all lipids into the unit cell                   [OK]
     set periodic boundary condition for lipids           [OK]
     wrap all protein atoms into the unit cell            [OK]
     set periodic boundary condition for protein          [OK]
     use fast algorithm                                   [OK]
     allocate memory for voronoi analysis                 [OK]
     compute voronoi vertices                             [OK]
     MC for    1  was not done (no protein atom exists in the polygon)
     MC for    2  Avor =     63.533  Ntot =       6353  Nhit =          0
     MC for    9  Avor =     55.291  Ntot =       5529  Nhit =       1201
     MC for   10  Avor =     60.449  Ntot =       6044  Nhit =       1747
     MC for   12  was not done (no protein atom exists in the polygon)
     MC for   16  Avor =     59.213  Ntot =       5921  Nhit =          0
     MC for   17  Avor =     66.644  Ntot =       6664  Nhit =       1905
     MC for   18  Avor =     49.928  Ntot =       4992  Nhit =          0
     MC for   24  Avor =     49.908  Ntot =       4990  Nhit =        965
     MC for   25  Avor =     50.375  Ntot =       5037  Nhit =        129
     MC for   28  Avor =     48.079  Ntot =       4807  Nhit =        345
     MC for   31  Avor =     68.961  Ntot =       6896  Nhit =        518
     MC for   32  Avor =     55.603  Ntot =       5560  Nhit =       4384
     MC for   33  Avor =     59.548  Ntot =       5954  Nhit =       5137
     MC for   40  Avor =     50.761  Ntot =       5076  Nhit =        252
     MC for   41  Avor =     34.738  Ntot =       3473  Nhit =          0
     MC for   42  Avor =     59.905  Ntot =       5990  Nhit =        797
     MC for   43  Avor =     58.501  Ntot =       5850  Nhit =         27
     compute area per lipid                               [OK]
     deallocate memory                                    [OK]

 [RESULTS]
                             ALL     BOUND   N-BOUND     ERROR
   num_lipids     :           64        18        46         0
   area per lipid :       54.566    46.011    57.913

 
 INFO> Summary of the results
 
   average area of all lipids          :     55.926   /    128
   average area of boundary lipids     :     46.011   /     18
   average area of non-boundary lipids :     57.548   /    110
 
 
 INFO> Deallocate all configulation data
 INFO> Deallocate all pdb data
 
 [CPU TIME]
  total    :     0.117(sec)
  analysis :     0.048(sec)
 
