_/_/_/_/_/_/_/_/_/_/_/_/_/_/_/_/_/_/_/_/_/_/_/_/_/_/_/_/_/_/_/_/_/_/_/_/_/_/_/_/

    VTMC: Analysis of lipid surface area in protein-membrane systems
      version: 1.0
      last modified: Jan 13 2012
      programed by Takaharu Mori

    Copyright(C) 2012-
    Theoretical Biochemistry Lab, RIKEN Adv Sci Inst
    2-1 Hirosawa, Wako-shi, Saitama, 351-0198, Japan
    http://www.riken.jp/TBC07/

    Ref) T.Mori, F.Ogushi, and Y.Sugita, J.Comput.Chem., 33, 286-293 (2012)

_/_/_/_/_/_/_/_/_/_/_/_/_/_/_/_/_/_/_/_/_/_/_/_/_/_/_/_/_/_/_/_/_/_/_/_/_/_/_/_/

 INFO> Read configulation file
  
 [INPUT]
   PDB file           =  L-VTMC-GIB23.pdb-A
 
 [OUTPUT]
   output level       =      0
   output name        =  L-VTMC-GIB23.pdb-A
 
 [PROTEIN]
   residue list       =     12
      SER       ALA       LYS       LYS       PHE       MET       ASP       LYS 
      LYS       ALA       ALA       ASN 
   select hydrogen    =    YES
 
 [LIPID]
   residue list       =      1
      POP 
   select hydrogen    =    YES
   lipid head atom    =        P   
 
 [ATOM_MASS]
   mass list          =      6
                H     =     1.008
                C     =    12.010
                O     =    16.000
                N     =    14.010
                P     =    30.970
                S     =    32.070
 
 [VDW_RADIUS]
   vdw_radius list    =      6
                H     =     1.200
                C     =     1.700
                O     =     1.520
                N     =     1.550
                P     =     1.800
                S     =     1.800
 
 [ANALYSIS]
   cell center        =     0.000   0.000
   cell size          =    59.818  59.818
   probe atom radius  =     0.100
   factor             =           100
   iseed              =       3141592
   randomize          =    YES
   decimal place      =            12
 
 
 INFO> Read PDB file
  
     open pdb file                                        [OK]
     count the number of lipid molecules                  [OK]
     calculate the bilayer center                         [OK]
     memory allocation for lipids                         [OK]
     compute the center of mass of each lipid             [OK]
     separate the bilayer                                 [OK]
     memory allocation for lipid coordinates              [OK]
     count the number of protein atoms                    [OK]
     select protein atoms                                 [OK]
     memory allocation for protein coordinates            [OK]
     copy protein coordinates                             [OK]
 
 [SYSTEM STATISTICS]
   total number of protein atoms =         127
   total number of lipids        =         128
   bilayer center                =      45.401
 
   layer1: number of lipids =          64
                       Zmax =      76.450
                       Zmin =      39.890
           selected protein atoms =           0
 
   layer2: number of lipids =          64
                       Zmax =      49.960
                       Zmin =      17.210
           selected protein atoms =          84
 
 
 INFO> Perform Voronoi analysis for Layer 1
 
     randomize coordinates of lipid center of mass        [OK]
     wrap all lipids into the unit cell                   [OK]
     set periodic boundary condition for lipids           [OK]
     use fast algorithm                                   [OK]
     allocate memory for voronoi analysis                 [OK]
     compute voronoi vertices                             [OK]
     compute area per lipid                               [OK]
     deallocate memory                                    [OK]

 [RESULTS]
                             ALL     BOUND   N-BOUND     ERROR
   num_lipids     :           64         0        64         0
   area per lipid :       55.909     0.000    55.909

 
 INFO> Perform Voronoi analysis for Layer 2
 
     randomize coordinates of lipid center of mass        [OK]
     wrap all lipids into the unit cell                   [OK]
     set periodic boundary condition for lipids           [OK]
     wrap all protein atoms into the unit cell            [OK]
     set periodic boundary condition for protein          [OK]
     use fast algorithm                                   [OK]
     allocate memory for voronoi analysis                 [OK]
     compute voronoi vertices                             [OK]
     MC for   20  Avor =     55.815  Ntot =       5581  Nhit =       1923
     MC for   28  was not done (no protein atom exists in the polygon)
     MC for   36  Avor =     45.906  Ntot =       4590  Nhit =       1034
     MC for   37  Avor =     47.435  Ntot =       4743  Nhit =       2211
     MC for   42  was not done (no protein atom exists in the polygon)
     MC for   43  Avor =     41.533  Ntot =       4153  Nhit =        432
     MC for   44  Avor =     51.585  Ntot =       5158  Nhit =       1953
     MC for   45  Avor =     50.337  Ntot =       5033  Nhit =          0
     MC for   46  was not done (no protein atom exists in the polygon)
     MC for   49  Avor =     42.158  Ntot =       4215  Nhit =        251
     MC for   50  Avor =     52.618  Ntot =       5261  Nhit =        293
     MC for   51  Avor =     49.784  Ntot =       4978  Nhit =       3930
     MC for   52  Avor =     59.180  Ntot =       5918  Nhit =       5161
     MC for   53  was not done (no protein atom exists in the polygon)
     MC for   58  Avor =     57.984  Ntot =       5798  Nhit =        244
     MC for   59  Avor =     63.274  Ntot =       6327  Nhit =       1205
     MC for   60  Avor =     48.236  Ntot =       4823  Nhit =        452
     compute area per lipid                               [OK]
     deallocate memory                                    [OK]

 [RESULTS]
                             ALL     BOUND   N-BOUND     ERROR
   num_lipids     :           64        17        47         0
   area per lipid :       52.926    41.396    57.097

 
 INFO> Summary of the results
 
   average area of all lipids          :     54.418   /    128
   average area of boundary lipids     :     41.396   /     17
   average area of non-boundary lipids :     56.412   /    111
 
 
 INFO> Deallocate all configulation data
 INFO> Deallocate all pdb data
 
 [CPU TIME]
  total    :     0.107(sec)
  analysis :     0.041(sec)
 
