_/_/_/_/_/_/_/_/_/_/_/_/_/_/_/_/_/_/_/_/_/_/_/_/_/_/_/_/_/_/_/_/_/_/_/_/_/_/_/_/

    VTMC: Analysis of lipid surface area in protein-membrane systems
      version: 1.0
      last modified: Jan 13 2012
      programed by Takaharu Mori

    Copyright(C) 2012-
    Theoretical Biochemistry Lab, RIKEN Adv Sci Inst
    2-1 Hirosawa, Wako-shi, Saitama, 351-0198, Japan
    http://www.riken.jp/TBC07/

    Ref) T.Mori, F.Ogushi, and Y.Sugita, J.Comput.Chem., 33, 286-293 (2012)

_/_/_/_/_/_/_/_/_/_/_/_/_/_/_/_/_/_/_/_/_/_/_/_/_/_/_/_/_/_/_/_/_/_/_/_/_/_/_/_/

 INFO> Read configulation file
  
 [INPUT]
   PDB file           =  L-VTMC-GIB21.pdb-A
 
 [OUTPUT]
   output level       =      0
   output name        =  L-VTMC-GIB21.pdb-A
 
 [PROTEIN]
   residue list       =     11
      LEU       PRO       LYS       ILE       PHE       LYS       ILE       THR 
      ARG       LYS       PHE 
   select hydrogen    =    YES
 
 [LIPID]
   residue list       =      1
      POP 
   select hydrogen    =    YES
   lipid head atom    =        P   
 
 [ATOM_MASS]
   mass list          =      6
                H     =     1.008
                C     =    12.010
                O     =    16.000
                N     =    14.010
                P     =    30.970
                S     =    32.070
 
 [VDW_RADIUS]
   vdw_radius list    =      6
                H     =     1.200
                C     =     1.700
                O     =     1.520
                N     =     1.550
                P     =     1.800
                S     =     1.800
 
 [ANALYSIS]
   cell center        =     0.000   0.000
   cell size          =    60.612  60.612
   probe atom radius  =     0.100
   factor             =           100
   iseed              =       3141592
   randomize          =    YES
   decimal place      =            12
 
 
 INFO> Read PDB file
  
     open pdb file                                        [OK]
     count the number of lipid molecules                  [OK]
     calculate the bilayer center                         [OK]
     memory allocation for lipids                         [OK]
     compute the center of mass of each lipid             [OK]
     separate the bilayer                                 [OK]
     memory allocation for lipid coordinates              [OK]
     count the number of protein atoms                    [OK]
     select protein atoms                                 [OK]
     memory allocation for protein coordinates            [OK]
     copy protein coordinates                             [OK]
 
 [SYSTEM STATISTICS]
   total number of protein atoms =         136
   total number of lipids        =         128
   bilayer center                =      44.229
 
   layer1: number of lipids =          64
                       Zmax =      73.420
                       Zmin =      40.890
           selected protein atoms =           0
 
   layer2: number of lipids =          64
                       Zmax =      48.110
                       Zmin =      15.580
           selected protein atoms =         130
 
 
 INFO> Perform Voronoi analysis for Layer 1
 
     randomize coordinates of lipid center of mass        [OK]
     wrap all lipids into the unit cell                   [OK]
     set periodic boundary condition for lipids           [OK]
     use fast algorithm                                   [OK]
     allocate memory for voronoi analysis                 [OK]
     compute voronoi vertices                             [OK]
     compute area per lipid                               [OK]
     deallocate memory                                    [OK]

 [RESULTS]
                             ALL     BOUND   N-BOUND     ERROR
   num_lipids     :           64         0        64         0
   area per lipid :       57.403     0.000    57.403

 
 INFO> Perform Voronoi analysis for Layer 2
 
     randomize coordinates of lipid center of mass        [OK]
     wrap all lipids into the unit cell                   [OK]
     set periodic boundary condition for lipids           [OK]
     wrap all protein atoms into the unit cell            [OK]
     set periodic boundary condition for protein          [OK]
     use fast algorithm                                   [OK]
     allocate memory for voronoi analysis                 [OK]
     compute voronoi vertices                             [OK]
     MC for    2  Avor =     64.567  Ntot =       6456  Nhit =       2067
     MC for    9  Avor =     56.207  Ntot =       5620  Nhit =       2858
     MC for   10  Avor =     73.455  Ntot =       7345  Nhit =          0
     MC for   13  was not done (no protein atom exists in the polygon)
     MC for   17  Avor =     75.905  Ntot =       7590  Nhit =       5942
     MC for   20  was not done (no protein atom exists in the polygon)
     MC for   24  was not done (no protein atom exists in the polygon)
     MC for   25  Avor =     66.932  Ntot =       6693  Nhit =       2386
     MC for   26  Avor =     71.345  Ntot =       7134  Nhit =       2286
     MC for   28  Avor =     64.750  Ntot =       6475  Nhit =        937
     MC for   32  Avor =     48.858  Ntot =       4885  Nhit =       2078
     MC for   33  Avor =     69.168  Ntot =       6916  Nhit =       6674
     MC for   34  Avor =     60.012  Ntot =       6001  Nhit =        385
     MC for   40  Avor =     49.388  Ntot =       4938  Nhit =        234
     MC for   41  Avor =     60.356  Ntot =       6035  Nhit =       1670
     MC for   49  was not done (no protein atom exists in the polygon)
     MC for   50  was not done (no protein atom exists in the polygon)
     MC for   57  was not done (no protein atom exists in the polygon)
     MC for   64  Avor =     64.341  Ntot =       6434  Nhit =          0
     compute area per lipid                               [OK]
     deallocate memory                                    [OK]

 [RESULTS]
                             ALL     BOUND   N-BOUND     ERROR
   num_lipids     :           64        19        45         0
   area per lipid :       53.103    48.240    55.157

 
 INFO> Summary of the results
 
   average area of all lipids          :     55.253   /    128
   average area of boundary lipids     :     48.240   /     19
   average area of non-boundary lipids :     56.476   /    109
 
 
 INFO> Deallocate all configulation data
 INFO> Deallocate all pdb data
 
 [CPU TIME]
  total    :     0.104(sec)
  analysis :     0.045(sec)
 
