_/_/_/_/_/_/_/_/_/_/_/_/_/_/_/_/_/_/_/_/_/_/_/_/_/_/_/_/_/_/_/_/_/_/_/_/_/_/_/_/

    VTMC: Analysis of lipid surface area in protein-membrane systems
      version: 1.0
      last modified: Jan 13 2012
      programed by Takaharu Mori

    Copyright(C) 2012-
    Theoretical Biochemistry Lab, RIKEN Adv Sci Inst
    2-1 Hirosawa, Wako-shi, Saitama, 351-0198, Japan
    http://www.riken.jp/TBC07/

    Ref) T.Mori, F.Ogushi, and Y.Sugita, J.Comput.Chem., 33, 286-293 (2012)

_/_/_/_/_/_/_/_/_/_/_/_/_/_/_/_/_/_/_/_/_/_/_/_/_/_/_/_/_/_/_/_/_/_/_/_/_/_/_/_/

 INFO> Read configulation file
  
 [INPUT]
   PDB file           =  L-VTMC-4B2U.pdb-A
 
 [OUTPUT]
   output level       =      0
   output name        =  L-VTMC-4B2U.pdb-A
 
 [PROTEIN]
   residue list       =     36
      GLY       THR       TYR       CYS       ILE       GLU       LEU       GLY 
      GLU       ARG       CYS       PRO       ASN       PRO       ARG       GLU 
      GLY       ASP       TRP       CYS       CYS       HIS       LYS       CYS 
      VAL       PRO       GLU       GLY       LYS       ARG       PHE       TYR 
      CYS       ARG       ASP       GLN 
   select hydrogen    =    YES
 
 [LIPID]
   residue list       =      1
      POP 
   select hydrogen    =    YES
   lipid head atom    =        P   
 
 [ATOM_MASS]
   mass list          =      6
                H     =     1.008
                C     =    12.010
                O     =    16.000
                N     =    14.010
                P     =    30.970
                S     =    32.070
 
 [VDW_RADIUS]
   vdw_radius list    =      6
                H     =     1.200
                C     =     1.700
                O     =     1.520
                N     =     1.550
                P     =     1.800
                S     =     1.800
 
 [ANALYSIS]
   cell center        =     0.000   0.000
   cell size          =    61.049  61.049
   probe atom radius  =     0.100
   factor             =           100
   iseed              =       3141592
   randomize          =    YES
   decimal place      =            12
 
 
 INFO> Read PDB file
  
     open pdb file                                        [OK]
     count the number of lipid molecules                  [OK]
     calculate the bilayer center                         [OK]
     memory allocation for lipids                         [OK]
     compute the center of mass of each lipid             [OK]
     separate the bilayer                                 [OK]
     memory allocation for lipid coordinates              [OK]
     count the number of protein atoms                    [OK]
     select protein atoms                                 [OK]
     memory allocation for protein coordinates            [OK]
     copy protein coordinates                             [OK]
 
 [SYSTEM STATISTICS]
   total number of protein atoms =         402
   total number of lipids        =         128
   bilayer center                =      42.855
 
   layer1: number of lipids =          64
                       Zmax =      71.670
                       Zmin =      37.660
           selected protein atoms =           0
 
   layer2: number of lipids =          64
                       Zmax =      48.380
                       Zmin =      14.530
           selected protein atoms =         168
 
 
 INFO> Perform Voronoi analysis for Layer 1
 
     randomize coordinates of lipid center of mass        [OK]
     wrap all lipids into the unit cell                   [OK]
     set periodic boundary condition for lipids           [OK]
     use fast algorithm                                   [OK]
     allocate memory for voronoi analysis                 [OK]
     compute voronoi vertices                             [OK]
     compute area per lipid                               [OK]
     deallocate memory                                    [OK]

 [RESULTS]
                             ALL     BOUND   N-BOUND     ERROR
   num_lipids     :           64         0        64         0
   area per lipid :       58.234     0.000    58.234

 
 INFO> Perform Voronoi analysis for Layer 2
 
     randomize coordinates of lipid center of mass        [OK]
     wrap all lipids into the unit cell                   [OK]
     set periodic boundary condition for lipids           [OK]
     wrap all protein atoms into the unit cell            [OK]
     set periodic boundary condition for protein          [OK]
     use fast algorithm                                   [OK]
     allocate memory for voronoi analysis                 [OK]
     compute voronoi vertices                             [OK]
     MC for    1  Avor =     56.917  Ntot =       5691  Nhit =       5457
     MC for    2  Avor =     71.982  Ntot =       7198  Nhit =         74
     MC for    8  was not done (no protein atom exists in the polygon)
     MC for    9  Avor =     45.227  Ntot =       4522  Nhit =        580
     MC for   10  was not done (no protein atom exists in the polygon)
     MC for   15  was not done (no protein atom exists in the polygon)
     MC for   16  Avor =     53.670  Ntot =       5366  Nhit =       4963
     MC for   17  Avor =     64.961  Ntot =       6496  Nhit =       1395
     MC for   21  was not done (no protein atom exists in the polygon)
     MC for   22  Avor =     52.624  Ntot =       5262  Nhit =       2440
     MC for   23  Avor =     81.416  Ntot =       8141  Nhit =        699
     MC for   24  Avor =     63.157  Ntot =       6315  Nhit =       1878
     MC for   29  Avor =     42.560  Ntot =       4255  Nhit =         81
     MC for   30  Avor =     84.673  Ntot =       8467  Nhit =       8277
     MC for   31  Avor =     69.115  Ntot =       6911  Nhit =       6777
     MC for   32  Avor =     43.441  Ntot =       4344  Nhit =       1961
     MC for   38  Avor =     77.857  Ntot =       7785  Nhit =       1654
     MC for   40  Avor =     46.366  Ntot =       4636  Nhit =        263
     MC for   45  was not done (no protein atom exists in the polygon)
     MC for   47  Avor =     63.301  Ntot =       6330  Nhit =       1879
     MC for   48  Avor =     66.760  Ntot =       6675  Nhit =       1052
     MC for   62  Avor =     62.490  Ntot =       6249  Nhit =       1374
     MC for   64  Avor =     61.540  Ntot =       6153  Nhit =        933
     compute area per lipid                               [OK]
     deallocate memory                                    [OK]

 [RESULTS]
                             ALL     BOUND   N-BOUND     ERROR
   num_lipids     :           64        23        41         0
   area per lipid :       51.712    43.568    56.281

 
 INFO> Summary of the results
 
   average area of all lipids          :     54.973   /    128
   average area of boundary lipids     :     43.568   /     23
   average area of non-boundary lipids :     57.471   /    105
 
 
 INFO> Deallocate all configulation data
 INFO> Deallocate all pdb data
 
 [CPU TIME]
  total    :     0.138(sec)
  analysis :     0.056(sec)
 
