_/_/_/_/_/_/_/_/_/_/_/_/_/_/_/_/_/_/_/_/_/_/_/_/_/_/_/_/_/_/_/_/_/_/_/_/_/_/_/_/

    VTMC: Analysis of lipid surface area in protein-membrane systems
      version: 1.0
      last modified: Jan 13 2012
      programed by Takaharu Mori

    Copyright(C) 2012-
    Theoretical Biochemistry Lab, RIKEN Adv Sci Inst
    2-1 Hirosawa, Wako-shi, Saitama, 351-0198, Japan
    http://www.riken.jp/TBC07/

    Ref) T.Mori, F.Ogushi, and Y.Sugita, J.Comput.Chem., 33, 286-293 (2012)

_/_/_/_/_/_/_/_/_/_/_/_/_/_/_/_/_/_/_/_/_/_/_/_/_/_/_/_/_/_/_/_/_/_/_/_/_/_/_/_/

 INFO> Read configulation file
  
 [INPUT]
   PDB file           =  L-VTMC-GIB22.pdb-A
 
 [OUTPUT]
   output level       =      0
   output name        =  L-VTMC-GIB22.pdb-A
 
 [PROTEIN]
   residue list       =     12
      PRO       LYS       ILE       PHE       LYS       ILE       THR       LYS 
      LYS       PHE       PHE       PRO 
   select hydrogen    =    YES
 
 [LIPID]
   residue list       =      1
      POP 
   select hydrogen    =    YES
   lipid head atom    =        P   
 
 [ATOM_MASS]
   mass list          =      6
                H     =     1.008
                C     =    12.010
                O     =    16.000
                N     =    14.010
                P     =    30.970
                S     =    32.070
 
 [VDW_RADIUS]
   vdw_radius list    =      6
                H     =     1.200
                C     =     1.700
                O     =     1.520
                N     =     1.550
                P     =     1.800
                S     =     1.800
 
 [ANALYSIS]
   cell center        =     0.000   0.000
   cell size          =    60.477  60.477
   probe atom radius  =     0.100
   factor             =           100
   iseed              =       3141592
   randomize          =    YES
   decimal place      =            12
 
 
 INFO> Read PDB file
  
     open pdb file                                        [OK]
     count the number of lipid molecules                  [OK]
     calculate the bilayer center                         [OK]
     memory allocation for lipids                         [OK]
     compute the center of mass of each lipid             [OK]
     separate the bilayer                                 [OK]
     memory allocation for lipid coordinates              [OK]
     count the number of protein atoms                    [OK]
     select protein atoms                                 [OK]
     memory allocation for protein coordinates            [OK]
     copy protein coordinates                             [OK]
 
 [SYSTEM STATISTICS]
   total number of protein atoms =         191
   total number of lipids        =         128
   bilayer center                =      44.005
 
   layer1: number of lipids =          64
                       Zmax =      71.730
                       Zmin =      39.260
           selected protein atoms =           0
 
   layer2: number of lipids =          64
                       Zmax =      46.660
                       Zmin =      16.880
           selected protein atoms =          85
 
 
 INFO> Perform Voronoi analysis for Layer 1
 
     randomize coordinates of lipid center of mass        [OK]
     wrap all lipids into the unit cell                   [OK]
     set periodic boundary condition for lipids           [OK]
     use fast algorithm                                   [OK]
     allocate memory for voronoi analysis                 [OK]
     compute voronoi vertices                             [OK]
     compute area per lipid                               [OK]
     deallocate memory                                    [OK]

 [RESULTS]
                             ALL     BOUND   N-BOUND     ERROR
   num_lipids     :           64         0        64         0
   area per lipid :       57.148     0.000    57.148

 
 INFO> Perform Voronoi analysis for Layer 2
 
     randomize coordinates of lipid center of mass        [OK]
     wrap all lipids into the unit cell                   [OK]
     set periodic boundary condition for lipids           [OK]
     wrap all protein atoms into the unit cell            [OK]
     set periodic boundary condition for protein          [OK]
     use fast algorithm                                   [OK]
     allocate memory for voronoi analysis                 [OK]
     compute voronoi vertices                             [OK]
     MC for    5  was not done (no protein atom exists in the polygon)
     MC for   16  was not done (no protein atom exists in the polygon)
     MC for   20  was not done (no protein atom exists in the polygon)
     MC for   30  was not done (no protein atom exists in the polygon)
     MC for   31  was not done (no protein atom exists in the polygon)
     MC for   37  Avor =     53.070  Ntot =       5306  Nhit =        209
     MC for   38  Avor =     60.552  Ntot =       6055  Nhit =        180
     MC for   39  Avor =     59.646  Ntot =       5964  Nhit =       5629
     MC for   40  was not done (no protein atom exists in the polygon)
     MC for   44  was not done (no protein atom exists in the polygon)
     MC for   45  Avor =     61.450  Ntot =       6145  Nhit =       2013
     MC for   46  Avor =     38.115  Ntot =       3811  Nhit =       1745
     MC for   47  Avor =     73.550  Ntot =       7355  Nhit =       2865
     MC for   48  Avor =     65.416  Ntot =       6541  Nhit =          0
     MC for   49  was not done (no protein atom exists in the polygon)
     MC for   53  Avor =     51.549  Ntot =       5154  Nhit =          0
     MC for   54  Avor =     57.726  Ntot =       5772  Nhit =       1186
     MC for   55  Avor =     74.941  Ntot =       7494  Nhit =       1154
     MC for   62  Avor =     66.523  Ntot =       6652  Nhit =       3570
     MC for   63  Avor =     66.556  Ntot =       6655  Nhit =       5037
     compute area per lipid                               [OK]
     deallocate memory                                    [OK]

 [RESULTS]
                             ALL     BOUND   N-BOUND     ERROR
   num_lipids     :           64        20        44         0
   area per lipid :       53.462    47.385    56.224

 
 INFO> Summary of the results
 
   average area of all lipids          :     55.305   /    128
   average area of boundary lipids     :     47.385   /     20
   average area of non-boundary lipids :     56.772   /    108
 
 
 INFO> Deallocate all configulation data
 INFO> Deallocate all pdb data
 
 [CPU TIME]
  total    :     0.127(sec)
  analysis :     0.051(sec)
 
