_/_/_/_/_/_/_/_/_/_/_/_/_/_/_/_/_/_/_/_/_/_/_/_/_/_/_/_/_/_/_/_/_/_/_/_/_/_/_/_/

    VTMC: Analysis of lipid surface area in protein-membrane systems
      version: 1.0
      last modified: Jan 13 2012
      programed by Takaharu Mori

    Copyright(C) 2012-
    Theoretical Biochemistry Lab, RIKEN Adv Sci Inst
    2-1 Hirosawa, Wako-shi, Saitama, 351-0198, Japan
    http://www.riken.jp/TBC07/

    Ref) T.Mori, F.Ogushi, and Y.Sugita, J.Comput.Chem., 33, 286-293 (2012)

_/_/_/_/_/_/_/_/_/_/_/_/_/_/_/_/_/_/_/_/_/_/_/_/_/_/_/_/_/_/_/_/_/_/_/_/_/_/_/_/

 INFO> Read configulation file
  
 [INPUT]
   PDB file           =  L-VTMC-GIB6.pdb-A
 
 [OUTPUT]
   output level       =      0
   output name        =  L-VTMC-GIB6.pdb-A
 
 [PROTEIN]
   residue list       =     11
      GLY       ALA       LYS       LYS       ILE       MET       ARG       THR 
      LEU       ARG       LEU 
   select hydrogen    =    YES
 
 [LIPID]
   residue list       =      1
      POP 
   select hydrogen    =    YES
   lipid head atom    =        P   
 
 [ATOM_MASS]
   mass list          =      6
                H     =     1.008
                C     =    12.010
                O     =    16.000
                N     =    14.010
                P     =    30.970
                S     =    32.070
 
 [VDW_RADIUS]
   vdw_radius list    =      6
                H     =     1.200
                C     =     1.700
                O     =     1.520
                N     =     1.550
                P     =     1.800
                S     =     1.800
 
 [ANALYSIS]
   cell center        =     0.000   0.000
   cell size          =    61.053  61.053
   probe atom radius  =     0.100
   factor             =           100
   iseed              =       3141592
   randomize          =    YES
   decimal place      =            12
 
 
 INFO> Read PDB file
  
     open pdb file                                        [OK]
     count the number of lipid molecules                  [OK]
     calculate the bilayer center                         [OK]
     memory allocation for lipids                         [OK]
     compute the center of mass of each lipid             [OK]
     separate the bilayer                                 [OK]
     memory allocation for lipid coordinates              [OK]
     count the number of protein atoms                    [OK]
     select protein atoms                                 [OK]
     memory allocation for protein coordinates            [OK]
     copy protein coordinates                             [OK]
 
 [SYSTEM STATISTICS]
   total number of protein atoms =         119
   total number of lipids        =         128
   bilayer center                =      43.666
 
   layer1: number of lipids =          64
                       Zmax =      71.450
                       Zmin =      38.130
           selected protein atoms =          66
 
   layer2: number of lipids =          64
                       Zmax =      50.050
                       Zmin =      15.710
           selected protein atoms =           0
 
 
 INFO> Perform Voronoi analysis for Layer 1
 
     randomize coordinates of lipid center of mass        [OK]
     wrap all lipids into the unit cell                   [OK]
     set periodic boundary condition for lipids           [OK]
     wrap all protein atoms into the unit cell            [OK]
     set periodic boundary condition for protein          [OK]
     use fast algorithm                                   [OK]
     allocate memory for voronoi analysis                 [OK]
     compute voronoi vertices                             [OK]
     MC for    3  Avor =     71.303  Ntot =       7130  Nhit =       4967
     MC for    4  Avor =     59.685  Ntot =       5968  Nhit =       2143
     MC for    6  Avor =     72.194  Ntot =       7219  Nhit =       1422
     MC for   27  was not done (no protein atom exists in the polygon)
     MC for   43  Avor =     67.267  Ntot =       6726  Nhit =          0
     MC for   45  Avor =     46.282  Ntot =       4628  Nhit =          0
     MC for   50  Avor =     48.732  Ntot =       4873  Nhit =         32
     MC for   51  Avor =     61.646  Ntot =       6164  Nhit =       1979
     MC for   52  was not done (no protein atom exists in the polygon)
     MC for   57  Avor =     51.475  Ntot =       5147  Nhit =        115
     MC for   58  was not done (no protein atom exists in the polygon)
     MC for   59  Avor =     58.717  Ntot =       5871  Nhit =       1604
     MC for   60  Avor =     47.894  Ntot =       4789  Nhit =       3300
     MC for   61  Avor =     58.232  Ntot =       5823  Nhit =        294
     MC for   62  Avor =     47.750  Ntot =       4775  Nhit =          0
     compute area per lipid                               [OK]
     deallocate memory                                    [OK]

 [RESULTS]
                             ALL     BOUND   N-BOUND     ERROR
   num_lipids     :           64        15        49         0
   area per lipid :       55.764    47.622    58.257

 
 INFO> Perform Voronoi analysis for Layer 2
 
     randomize coordinates of lipid center of mass        [OK]
     wrap all lipids into the unit cell                   [OK]
     set periodic boundary condition for lipids           [OK]
     use fast algorithm                                   [OK]
     allocate memory for voronoi analysis                 [OK]
     compute voronoi vertices                             [OK]
     compute area per lipid                               [OK]
     deallocate memory                                    [OK]

 [RESULTS]
                             ALL     BOUND   N-BOUND     ERROR
   num_lipids     :           64         0        64         0
   area per lipid :       58.242     0.000    58.242

 
 INFO> Summary of the results
 
   average area of all lipids          :     57.003   /    128
   average area of boundary lipids     :     47.622   /     15
   average area of non-boundary lipids :     58.248   /    113
 
 
 INFO> Deallocate all configulation data
 INFO> Deallocate all pdb data
 
 [CPU TIME]
  total    :     0.104(sec)
  analysis :     0.042(sec)
 
