_/_/_/_/_/_/_/_/_/_/_/_/_/_/_/_/_/_/_/_/_/_/_/_/_/_/_/_/_/_/_/_/_/_/_/_/_/_/_/_/

    VTMC: Analysis of lipid surface area in protein-membrane systems
      version: 1.0
      last modified: Jan 13 2012
      programed by Takaharu Mori

    Copyright(C) 2012-
    Theoretical Biochemistry Lab, RIKEN Adv Sci Inst
    2-1 Hirosawa, Wako-shi, Saitama, 351-0198, Japan
    http://www.riken.jp/TBC07/

    Ref) T.Mori, F.Ogushi, and Y.Sugita, J.Comput.Chem., 33, 286-293 (2012)

_/_/_/_/_/_/_/_/_/_/_/_/_/_/_/_/_/_/_/_/_/_/_/_/_/_/_/_/_/_/_/_/_/_/_/_/_/_/_/_/

 INFO> Read configulation file
  
 [INPUT]
   PDB file           =  L-VTMC-2LQ1.pdb-A
 
 [OUTPUT]
   output level       =      0
   output name        =  L-VTMC-2LQ1.pdb-A
 
 [PROTEIN]
   residue list       =     25
      THR       GLY       ASN       VAL       GLY       LEU       SER       PRO 
      GLY       LEU       SER       THR       ALA       LEU       THR       GLY 
      PHE       THR       LEU       VAL       PRO       VAL       GLU       ASP 
      HIS 
   select hydrogen    =    YES
 
 [LIPID]
   residue list       =      1
      POP 
   select hydrogen    =    YES
   lipid head atom    =        P   
 
 [ATOM_MASS]
   mass list          =      6
                H     =     1.008
                C     =    12.010
                O     =    16.000
                N     =    14.010
                P     =    30.970
                S     =    32.070
 
 [VDW_RADIUS]
   vdw_radius list    =      6
                H     =     1.200
                C     =     1.700
                O     =     1.520
                N     =     1.550
                P     =     1.800
                S     =     1.800
 
 [ANALYSIS]
   cell center        =     0.000   0.000
   cell size          =    60.316  60.316
   probe atom radius  =     0.100
   factor             =           100
   iseed              =       3141592
   randomize          =    YES
   decimal place      =            12
 
 
 INFO> Read PDB file
  
     open pdb file                                        [OK]
     count the number of lipid molecules                  [OK]
     calculate the bilayer center                         [OK]
     memory allocation for lipids                         [OK]
     compute the center of mass of each lipid             [OK]
     separate the bilayer                                 [OK]
     memory allocation for lipid coordinates              [OK]
     count the number of protein atoms                    [OK]
     select protein atoms                                 [OK]
     memory allocation for protein coordinates            [OK]
     copy protein coordinates                             [OK]
 
 [SYSTEM STATISTICS]
   total number of protein atoms =         216
   total number of lipids        =         128
   bilayer center                =      44.054
 
   layer1: number of lipids =          64
                       Zmax =      71.610
                       Zmin =      40.470
           selected protein atoms =           0
 
   layer2: number of lipids =          64
                       Zmax =      48.000
                       Zmin =      17.240
           selected protein atoms =         120
 
 
 INFO> Perform Voronoi analysis for Layer 1
 
     randomize coordinates of lipid center of mass        [OK]
     wrap all lipids into the unit cell                   [OK]
     set periodic boundary condition for lipids           [OK]
     use fast algorithm                                   [OK]
     allocate memory for voronoi analysis                 [OK]
     compute voronoi vertices                             [OK]
     compute area per lipid                               [OK]
     deallocate memory                                    [OK]

 [RESULTS]
                             ALL     BOUND   N-BOUND     ERROR
   num_lipids     :           64         0        64         0
   area per lipid :       56.844     0.000    56.844

 
 INFO> Perform Voronoi analysis for Layer 2
 
     randomize coordinates of lipid center of mass        [OK]
     wrap all lipids into the unit cell                   [OK]
     set periodic boundary condition for lipids           [OK]
     wrap all protein atoms into the unit cell            [OK]
     set periodic boundary condition for protein          [OK]
     use fast algorithm                                   [OK]
     allocate memory for voronoi analysis                 [OK]
     compute voronoi vertices                             [OK]
     MC for    1  Avor =     64.390  Ntot =       6439  Nhit =       6092
     MC for    2  Avor =     54.037  Ntot =       5403  Nhit =       1052
     MC for    8  Avor =     65.765  Ntot =       6576  Nhit =       1032
     MC for    9  Avor =     61.902  Ntot =       6190  Nhit =       3931
     MC for   10  was not done (no protein atom exists in the polygon)
     MC for   15  Avor =     56.846  Ntot =       5684  Nhit =       1008
     MC for   16  was not done (no protein atom exists in the polygon)
     MC for   17  Avor =     65.630  Ntot =       6563  Nhit =        800
     MC for   20  Avor =     67.085  Ntot =       6708  Nhit =          0
     MC for   22  Avor =     53.444  Ntot =       5344  Nhit =       1804
     MC for   23  Avor =     58.616  Ntot =       5861  Nhit =       5741
     MC for   24  Avor =     61.813  Ntot =       6181  Nhit =       3423
     MC for   25  was not done (no protein atom exists in the polygon)
     MC for   28  Avor =     62.137  Ntot =       6213  Nhit =         61
     MC for   29  Avor =     58.495  Ntot =       5849  Nhit =        258
     MC for   31  Avor =     57.086  Ntot =       5708  Nhit =        404
     MC for   32  Avor =     45.185  Ntot =       4518  Nhit =       4180
     MC for   33  Avor =     51.752  Ntot =       5175  Nhit =       1114
     MC for   40  Avor =     58.217  Ntot =       5821  Nhit =         37
     MC for   42  was not done (no protein atom exists in the polygon)
     MC for   43  Avor =     52.518  Ntot =       5251  Nhit =        269
     MC for   56  was not done (no protein atom exists in the polygon)
     MC for   64  Avor =     68.715  Ntot =       6871  Nhit =       2432
     compute area per lipid                               [OK]
     deallocate memory                                    [OK]

 [RESULTS]
                             ALL     BOUND   N-BOUND     ERROR
   num_lipids     :           64        23        41         0
   area per lipid :       51.588    44.639    55.486

 
 INFO> Summary of the results
 
   average area of all lipids          :     54.216   /    128
   average area of boundary lipids     :     44.639   /     23
   average area of non-boundary lipids :     56.314   /    105
 
 
 INFO> Deallocate all configulation data
 INFO> Deallocate all pdb data
 
 [CPU TIME]
  total    :     0.118(sec)
  analysis :     0.053(sec)
 
