_/_/_/_/_/_/_/_/_/_/_/_/_/_/_/_/_/_/_/_/_/_/_/_/_/_/_/_/_/_/_/_/_/_/_/_/_/_/_/_/

    VTMC: Analysis of lipid surface area in protein-membrane systems
      version: 1.0
      last modified: Jan 13 2012
      programed by Takaharu Mori

    Copyright(C) 2012-
    Theoretical Biochemistry Lab, RIKEN Adv Sci Inst
    2-1 Hirosawa, Wako-shi, Saitama, 351-0198, Japan
    http://www.riken.jp/TBC07/

    Ref) T.Mori, F.Ogushi, and Y.Sugita, J.Comput.Chem., 33, 286-293 (2012)

_/_/_/_/_/_/_/_/_/_/_/_/_/_/_/_/_/_/_/_/_/_/_/_/_/_/_/_/_/_/_/_/_/_/_/_/_/_/_/_/

 INFO> Read configulation file
  
 [INPUT]
   PDB file           =  L-VTMC-GIB11.pdb-A
 
 [OUTPUT]
   output level       =      0
   output name        =  L-VTMC-GIB11.pdb-A
 
 [PROTEIN]
   residue list       =     16
      GLY       GLY       TYR       ILE       TYR       ILE       ALA       GLY 
      LYS       CYS       GLY       LEU       VAL       VAL       GLY       LYS 
   select hydrogen    =    YES
 
 [LIPID]
   residue list       =      1
      POP 
   select hydrogen    =    YES
   lipid head atom    =        P   
 
 [ATOM_MASS]
   mass list          =      6
                H     =     1.008
                C     =    12.010
                O     =    16.000
                N     =    14.010
                P     =    30.970
                S     =    32.070
 
 [VDW_RADIUS]
   vdw_radius list    =      6
                H     =     1.200
                C     =     1.700
                O     =     1.520
                N     =     1.550
                P     =     1.800
                S     =     1.800
 
 [ANALYSIS]
   cell center        =     0.000   0.000
   cell size          =    61.263  61.263
   probe atom radius  =     0.100
   factor             =           100
   iseed              =       3141592
   randomize          =    YES
   decimal place      =            12
 
 
 INFO> Read PDB file
  
     open pdb file                                        [OK]
     count the number of lipid molecules                  [OK]
     calculate the bilayer center                         [OK]
     memory allocation for lipids                         [OK]
     compute the center of mass of each lipid             [OK]
     separate the bilayer                                 [OK]
     memory allocation for lipid coordinates              [OK]
     count the number of protein atoms                    [OK]
     select protein atoms                                 [OK]
     memory allocation for protein coordinates            [OK]
     copy protein coordinates                             [OK]
 
 [SYSTEM STATISTICS]
   total number of protein atoms =         147
   total number of lipids        =         128
   bilayer center                =      42.869
 
   layer1: number of lipids =          64
                       Zmax =      72.430
                       Zmin =      37.740
           selected protein atoms =           0
 
   layer2: number of lipids =          64
                       Zmax =      47.140
                       Zmin =      11.040
           selected protein atoms =         143
 
 
 INFO> Perform Voronoi analysis for Layer 1
 
     randomize coordinates of lipid center of mass        [OK]
     wrap all lipids into the unit cell                   [OK]
     set periodic boundary condition for lipids           [OK]
     use fast algorithm                                   [OK]
     allocate memory for voronoi analysis                 [OK]
     compute voronoi vertices                             [OK]
     compute area per lipid                               [OK]
     deallocate memory                                    [OK]

 [RESULTS]
                             ALL     BOUND   N-BOUND     ERROR
   num_lipids     :           64         0        64         0
   area per lipid :       58.643     0.000    58.643

 
 INFO> Perform Voronoi analysis for Layer 2
 
     randomize coordinates of lipid center of mass        [OK]
     wrap all lipids into the unit cell                   [OK]
     set periodic boundary condition for lipids           [OK]
     wrap all protein atoms into the unit cell            [OK]
     set periodic boundary condition for protein          [OK]
     use fast algorithm                                   [OK]
     allocate memory for voronoi analysis                 [OK]
     compute voronoi vertices                             [OK]
     MC for    1  Avor =     60.139  Ntot =       6013  Nhit =        513
     MC for    9  Avor =     65.404  Ntot =       6540  Nhit =        646
     MC for   16  Avor =     66.429  Ntot =       6642  Nhit =       4319
     MC for   22  was not done (no protein atom exists in the polygon)
     MC for   23  Avor =     41.070  Ntot =       4107  Nhit =        140
     MC for   24  Avor =     56.979  Ntot =       5697  Nhit =       1097
     MC for   28  was not done (no protein atom exists in the polygon)
     MC for   30  Avor =     73.166  Ntot =       7316  Nhit =          0
     MC for   31  Avor =     62.500  Ntot =       6249  Nhit =       4933
     MC for   32  Avor =     57.036  Ntot =       5703  Nhit =       5703
     MC for   33  Avor =     48.251  Ntot =       4825  Nhit =       4375
     MC for   36  Avor =     69.000  Ntot =       6899  Nhit =          0
     MC for   39  was not done (no protein atom exists in the polygon)
     MC for   40  Avor =     45.806  Ntot =       4580  Nhit =        291
     MC for   41  Avor =     49.297  Ntot =       4929  Nhit =       3354
     MC for   42  Avor =     60.926  Ntot =       6092  Nhit =       1725
     MC for   43  was not done (no protein atom exists in the polygon)
     MC for   48  Avor =     67.267  Ntot =       6726  Nhit =          0
     MC for   50  Avor =     52.564  Ntot =       5256  Nhit =       1369
     MC for   51  Avor =     63.141  Ntot =       6314  Nhit =        609
     MC for   52  Avor =     52.523  Ntot =       5252  Nhit =        148
     MC for   62  Avor =     59.826  Ntot =       5982  Nhit =          0
     compute area per lipid                               [OK]
     deallocate memory                                    [OK]

 [RESULTS]
                             ALL     BOUND   N-BOUND     ERROR
   num_lipids     :           64        22        42         0
   area per lipid :       54.077    44.489    59.099

 
 INFO> Summary of the results
 
   average area of all lipids          :     56.360   /    128
   average area of boundary lipids     :     44.489   /     22
   average area of non-boundary lipids :     58.824   /    106
 
 
 INFO> Deallocate all configulation data
 INFO> Deallocate all pdb data
 
 [CPU TIME]
  total    :     0.111(sec)
  analysis :     0.045(sec)
 
