_/_/_/_/_/_/_/_/_/_/_/_/_/_/_/_/_/_/_/_/_/_/_/_/_/_/_/_/_/_/_/_/_/_/_/_/_/_/_/_/

    VTMC: Analysis of lipid surface area in protein-membrane systems
      version: 1.0
      last modified: Jan 13 2012
      programed by Takaharu Mori

    Copyright(C) 2012-
    Theoretical Biochemistry Lab, RIKEN Adv Sci Inst
    2-1 Hirosawa, Wako-shi, Saitama, 351-0198, Japan
    http://www.riken.jp/TBC07/

    Ref) T.Mori, F.Ogushi, and Y.Sugita, J.Comput.Chem., 33, 286-293 (2012)

_/_/_/_/_/_/_/_/_/_/_/_/_/_/_/_/_/_/_/_/_/_/_/_/_/_/_/_/_/_/_/_/_/_/_/_/_/_/_/_/

 INFO> Read configulation file
  
 [INPUT]
   PDB file           =  L-VTMC-2K6O.pdb-A
 
 [OUTPUT]
   output level       =      0
   output name        =  L-VTMC-2K6O.pdb-A
 
 [PROTEIN]
   residue list       =     37
      LEU       LEU       GLY       ASP       PHE       PHE       ARG       LYS 
      SER       LYS       GLU       LYS       ILE       GLY       LYS       GLU 
      PHE       LYS       ARG       ILE       VAL       GLN       ARG       ILE 
      LYS       ASP       PHE       LEU       ARG       ASN       LEU       VAL 
      PRO       ARG       THR       GLU       SER 
   select hydrogen    =    YES
 
 [LIPID]
   residue list       =      1
      POP 
   select hydrogen    =    YES
   lipid head atom    =        P   
 
 [ATOM_MASS]
   mass list          =      6
                H     =     1.008
                C     =    12.010
                O     =    16.000
                N     =    14.010
                P     =    30.970
                S     =    32.070
 
 [VDW_RADIUS]
   vdw_radius list    =      6
                H     =     1.200
                C     =     1.700
                O     =     1.520
                N     =     1.550
                P     =     1.800
                S     =     1.800
 
 [ANALYSIS]
   cell center        =     0.000   0.000
   cell size          =    60.521  60.521
   probe atom radius  =     0.100
   factor             =           100
   iseed              =       3141592
   randomize          =    YES
   decimal place      =            12
 
 
 INFO> Read PDB file
  
     open pdb file                                        [OK]
     count the number of lipid molecules                  [OK]
     calculate the bilayer center                         [OK]
     memory allocation for lipids                         [OK]
     compute the center of mass of each lipid             [OK]
     separate the bilayer                                 [OK]
     memory allocation for lipid coordinates              [OK]
     count the number of protein atoms                    [OK]
     select protein atoms                                 [OK]
     memory allocation for protein coordinates            [OK]
     copy protein coordinates                             [OK]
 
 [SYSTEM STATISTICS]
   total number of protein atoms =         426
   total number of lipids        =         128
   bilayer center                =      43.417
 
   layer1: number of lipids =          64
                       Zmax =      73.090
                       Zmin =      36.410
           selected protein atoms =           0
 
   layer2: number of lipids =          64
                       Zmax =      49.740
                       Zmin =      13.700
           selected protein atoms =         197
 
 
 INFO> Perform Voronoi analysis for Layer 1
 
     randomize coordinates of lipid center of mass        [OK]
     wrap all lipids into the unit cell                   [OK]
     set periodic boundary condition for lipids           [OK]
     use fast algorithm                                   [OK]
     allocate memory for voronoi analysis                 [OK]
     compute voronoi vertices                             [OK]
     compute area per lipid                               [OK]
     deallocate memory                                    [OK]

 [RESULTS]
                             ALL     BOUND   N-BOUND     ERROR
   num_lipids     :           64         0        64         0
   area per lipid :       57.231     0.000    57.231

 
 INFO> Perform Voronoi analysis for Layer 2
 
     randomize coordinates of lipid center of mass        [OK]
     wrap all lipids into the unit cell                   [OK]
     set periodic boundary condition for lipids           [OK]
     wrap all protein atoms into the unit cell            [OK]
     set periodic boundary condition for protein          [OK]
     use fast algorithm                                   [OK]
     allocate memory for voronoi analysis                 [OK]
     compute voronoi vertices                             [OK]
     MC for    1  Avor =     57.127  Ntot =       5712  Nhit =       3973
     MC for    2  was not done (no protein atom exists in the polygon)
     MC for    5  Avor =     49.210  Ntot =       4921  Nhit =        303
     MC for    8  Avor =     67.168  Ntot =       6716  Nhit =       2487
     MC for   15  was not done (no protein atom exists in the polygon)
     MC for   16  Avor =     66.090  Ntot =       6608  Nhit =       4069
     MC for   21  was not done (no protein atom exists in the polygon)
     MC for   22  Avor =     50.034  Ntot =       5003  Nhit =       2627
     MC for   23  Avor =     52.676  Ntot =       5267  Nhit =       4655
     MC for   24  Avor =     63.663  Ntot =       6366  Nhit =        554
     MC for   29  Avor =     64.260  Ntot =       6425  Nhit =        379
     MC for   30  Avor =     69.874  Ntot =       6987  Nhit =       1338
     MC for   31  Avor =     64.400  Ntot =       6440  Nhit =        321
     MC for   32  was not done (no protein atom exists in the polygon)
     MC for   35  was not done (no protein atom exists in the polygon)
     MC for   38  was not done (no protein atom exists in the polygon)
     MC for   39  Avor =     61.268  Ntot =       6126  Nhit =       1392
     MC for   40  Avor =     45.356  Ntot =       4535  Nhit =          0
     MC for   41  was not done (no protein atom exists in the polygon)
     MC for   45  was not done (no protein atom exists in the polygon)
     MC for   46  was not done (no protein atom exists in the polygon)
     MC for   47  Avor =     70.508  Ntot =       7050  Nhit =       5711
     MC for   48  Avor =     44.195  Ntot =       4419  Nhit =       3244
     MC for   49  Avor =     66.664  Ntot =       6666  Nhit =       1984
     MC for   50  was not done (no protein atom exists in the polygon)
     MC for   54  Avor =     62.863  Ntot =       6286  Nhit =          0
     MC for   55  Avor =     51.422  Ntot =       5142  Nhit =       1400
     MC for   56  Avor =     68.541  Ntot =       6854  Nhit =         24
     MC for   57  Avor =     41.721  Ntot =       4172  Nhit =          0
     MC for   58  Avor =     80.868  Ntot =       8086  Nhit =       2087
     MC for   59  was not done (no protein atom exists in the polygon)
     MC for   62  Avor =     41.025  Ntot =       4102  Nhit =       3006
     MC for   63  Avor =     63.569  Ntot =       6356  Nhit =       5230
     MC for   64  Avor =     55.677  Ntot =       5567  Nhit =       4522
     compute area per lipid                               [OK]
     deallocate memory                                    [OK]

 [RESULTS]
                             ALL     BOUND   N-BOUND     ERROR
   num_lipids     :           64        34        30         0
   area per lipid :       49.526    44.414    55.320

 
 INFO> Summary of the results
 
   average area of all lipids          :     53.379   /    128
   average area of boundary lipids     :     44.414   /     34
   average area of non-boundary lipids :     56.621   /     94
 
 
 INFO> Deallocate all configulation data
 INFO> Deallocate all pdb data
 
 [CPU TIME]
  total    :     0.122(sec)
  analysis :     0.052(sec)
 
