_/_/_/_/_/_/_/_/_/_/_/_/_/_/_/_/_/_/_/_/_/_/_/_/_/_/_/_/_/_/_/_/_/_/_/_/_/_/_/_/

    VTMC: Analysis of lipid surface area in protein-membrane systems
      version: 1.0
      last modified: Jan 13 2012
      programed by Takaharu Mori

    Copyright(C) 2012-
    Theoretical Biochemistry Lab, RIKEN Adv Sci Inst
    2-1 Hirosawa, Wako-shi, Saitama, 351-0198, Japan
    http://www.riken.jp/TBC07/

    Ref) T.Mori, F.Ogushi, and Y.Sugita, J.Comput.Chem., 33, 286-293 (2012)

_/_/_/_/_/_/_/_/_/_/_/_/_/_/_/_/_/_/_/_/_/_/_/_/_/_/_/_/_/_/_/_/_/_/_/_/_/_/_/_/

 INFO> Read configulation file
  
 [INPUT]
   PDB file           =  L-VTMC-GIB29.pdb-A
 
 [OUTPUT]
   output level       =      0
   output name        =  L-VTMC-GIB29.pdb-A
 
 [PROTEIN]
   residue list       =     11
      VAL       LYS       PHE       ILE       PRO       THR       SER       LYS 
      VAL       PHE       LEU 
   select hydrogen    =    YES
 
 [LIPID]
   residue list       =      1
      POP 
   select hydrogen    =    YES
   lipid head atom    =        P   
 
 [ATOM_MASS]
   mass list          =      6
                H     =     1.008
                C     =    12.010
                O     =    16.000
                N     =    14.010
                P     =    30.970
                S     =    32.070
 
 [VDW_RADIUS]
   vdw_radius list    =      6
                H     =     1.200
                C     =     1.700
                O     =     1.520
                N     =     1.550
                P     =     1.800
                S     =     1.800
 
 [ANALYSIS]
   cell center        =     0.000   0.000
   cell size          =    60.726  60.726
   probe atom radius  =     0.100
   factor             =           100
   iseed              =       3141592
   randomize          =    YES
   decimal place      =            12
 
 
 INFO> Read PDB file
  
     open pdb file                                        [OK]
     count the number of lipid molecules                  [OK]
     calculate the bilayer center                         [OK]
     memory allocation for lipids                         [OK]
     compute the center of mass of each lipid             [OK]
     separate the bilayer                                 [OK]
     memory allocation for lipid coordinates              [OK]
     count the number of protein atoms                    [OK]
     select protein atoms                                 [OK]
     memory allocation for protein coordinates            [OK]
     copy protein coordinates                             [OK]
 
 [SYSTEM STATISTICS]
   total number of protein atoms =         121
   total number of lipids        =         128
   bilayer center                =      43.954
 
   layer1: number of lipids =          64
                       Zmax =      72.030
                       Zmin =      38.900
           selected protein atoms =           0
 
   layer2: number of lipids =          64
                       Zmax =      49.590
                       Zmin =      14.840
           selected protein atoms =         113
 
 
 INFO> Perform Voronoi analysis for Layer 1
 
     randomize coordinates of lipid center of mass        [OK]
     wrap all lipids into the unit cell                   [OK]
     set periodic boundary condition for lipids           [OK]
     use fast algorithm                                   [OK]
     allocate memory for voronoi analysis                 [OK]
     compute voronoi vertices                             [OK]
     compute area per lipid                               [OK]
     deallocate memory                                    [OK]

 [RESULTS]
                             ALL     BOUND   N-BOUND     ERROR
   num_lipids     :           64         0        64         0
   area per lipid :       57.619     0.000    57.619

 
 INFO> Perform Voronoi analysis for Layer 2
 
     randomize coordinates of lipid center of mass        [OK]
     wrap all lipids into the unit cell                   [OK]
     set periodic boundary condition for lipids           [OK]
     wrap all protein atoms into the unit cell            [OK]
     set periodic boundary condition for protein          [OK]
     use fast algorithm                                   [OK]
     allocate memory for voronoi analysis                 [OK]
     compute voronoi vertices                             [OK]
     MC for    1  Avor =     58.880  Ntot =       5887  Nhit =          0
     MC for    8  was not done (no protein atom exists in the polygon)
     MC for   12  was not done (no protein atom exists in the polygon)
     MC for   13  was not done (no protein atom exists in the polygon)
     MC for   15  Avor =     67.074  Ntot =       6707  Nhit =        218
     MC for   16  Avor =     57.194  Ntot =       5719  Nhit =        651
     MC for   20  was not done (no protein atom exists in the polygon)
     MC for   21  Avor =     47.540  Ntot =       4754  Nhit =       3046
     MC for   22  Avor =     60.404  Ntot =       6040  Nhit =       4584
     MC for   23  Avor =     54.468  Ntot =       5446  Nhit =         31
     MC for   27  Avor =     60.535  Ntot =       6053  Nhit =        307
     MC for   29  Avor =     60.540  Ntot =       6053  Nhit =       5138
     MC for   30  Avor =     63.306  Ntot =       6330  Nhit =       5090
     MC for   31  was not done (no protein atom exists in the polygon)
     MC for   35  Avor =     63.080  Ntot =       6308  Nhit =          0
     MC for   37  Avor =     50.925  Ntot =       5092  Nhit =          0
     MC for   38  Avor =     62.115  Ntot =       6211  Nhit =       1202
     MC for   39  Avor =     57.582  Ntot =       5758  Nhit =       3348
     MC for   40  was not done (no protein atom exists in the polygon)
     MC for   45  Avor =     52.245  Ntot =       5224  Nhit =       2025
     MC for   46  was not done (no protein atom exists in the polygon)
     MC for   54  was not done (no protein atom exists in the polygon)
     MC for   62  Avor =     74.638  Ntot =       7463  Nhit =       1065
     compute area per lipid                               [OK]
     deallocate memory                                    [OK]

 [RESULTS]
                             ALL     BOUND   N-BOUND     ERROR
   num_lipids     :           64        23        41         0
   area per lipid :       53.446    47.112    57.000

 
 INFO> Summary of the results
 
   average area of all lipids          :     55.533   /    128
   average area of boundary lipids     :     47.112   /     23
   average area of non-boundary lipids :     57.378   /    105
 
 
 INFO> Deallocate all configulation data
 INFO> Deallocate all pdb data
 
 [CPU TIME]
  total    :     0.111(sec)
  analysis :     0.045(sec)
 
