_/_/_/_/_/_/_/_/_/_/_/_/_/_/_/_/_/_/_/_/_/_/_/_/_/_/_/_/_/_/_/_/_/_/_/_/_/_/_/_/

    VTMC: Analysis of lipid surface area in protein-membrane systems
      version: 1.0
      last modified: Jan 13 2012
      programed by Takaharu Mori

    Copyright(C) 2012-
    Theoretical Biochemistry Lab, RIKEN Adv Sci Inst
    2-1 Hirosawa, Wako-shi, Saitama, 351-0198, Japan
    http://www.riken.jp/TBC07/

    Ref) T.Mori, F.Ogushi, and Y.Sugita, J.Comput.Chem., 33, 286-293 (2012)

_/_/_/_/_/_/_/_/_/_/_/_/_/_/_/_/_/_/_/_/_/_/_/_/_/_/_/_/_/_/_/_/_/_/_/_/_/_/_/_/

 INFO> Read configulation file
  
 [INPUT]
   PDB file           =  L-VTMC-2K10.pdb-A
 
 [OUTPUT]
   output level       =      0
   output name        =  L-VTMC-2K10.pdb-A
 
 [PROTEIN]
   residue list       =     32
      GLY       ILE       LEU       SER       SER       PHE       LYS       GLY 
      VAL       ALA       LYS       GLY       VAL       ALA       LYS       ASP 
      LEU       ALA       GLY       LYS       LEU       LEU       GLU       THR 
      LEU       LYS       CYS       LYS       ILE       THR       GLY       CYS 
   select hydrogen    =    YES
 
 [LIPID]
   residue list       =      1
      POP 
   select hydrogen    =    YES
   lipid head atom    =        P   
 
 [ATOM_MASS]
   mass list          =      6
                H     =     1.008
                C     =    12.010
                O     =    16.000
                N     =    14.010
                P     =    30.970
                S     =    32.070
 
 [VDW_RADIUS]
   vdw_radius list    =      6
                H     =     1.200
                C     =     1.700
                O     =     1.520
                N     =     1.550
                P     =     1.800
                S     =     1.800
 
 [ANALYSIS]
   cell center        =     0.000   0.000
   cell size          =    61.113  61.113
   probe atom radius  =     0.100
   factor             =           100
   iseed              =       3141592
   randomize          =    YES
   decimal place      =            12
 
 
 INFO> Read PDB file
  
     open pdb file                                        [OK]
     count the number of lipid molecules                  [OK]
     calculate the bilayer center                         [OK]
     memory allocation for lipids                         [OK]
     compute the center of mass of each lipid             [OK]
     separate the bilayer                                 [OK]
     memory allocation for lipid coordinates              [OK]
     count the number of protein atoms                    [OK]
     select protein atoms                                 [OK]
     memory allocation for protein coordinates            [OK]
     copy protein coordinates                             [OK]
 
 [SYSTEM STATISTICS]
   total number of protein atoms =         287
   total number of lipids        =         128
   bilayer center                =      43.019
 
   layer1: number of lipids =          64
                       Zmax =      71.630
                       Zmin =      38.560
           selected protein atoms =           0
 
   layer2: number of lipids =          64
                       Zmax =      46.300
                       Zmin =      14.530
           selected protein atoms =         152
 
 
 INFO> Perform Voronoi analysis for Layer 1
 
     randomize coordinates of lipid center of mass        [OK]
     wrap all lipids into the unit cell                   [OK]
     set periodic boundary condition for lipids           [OK]
     use fast algorithm                                   [OK]
     allocate memory for voronoi analysis                 [OK]
     compute voronoi vertices                             [OK]
     compute area per lipid                               [OK]
     deallocate memory                                    [OK]

 [RESULTS]
                             ALL     BOUND   N-BOUND     ERROR
   num_lipids     :           64         0        64         0
   area per lipid :       58.356     0.000    58.356

 
 INFO> Perform Voronoi analysis for Layer 2
 
     randomize coordinates of lipid center of mass        [OK]
     wrap all lipids into the unit cell                   [OK]
     set periodic boundary condition for lipids           [OK]
     wrap all protein atoms into the unit cell            [OK]
     set periodic boundary condition for protein          [OK]
     use fast algorithm                                   [OK]
     allocate memory for voronoi analysis                 [OK]
     compute voronoi vertices                             [OK]
     MC for    1  Avor =     45.407  Ntot =       4540  Nhit =       1073
     MC for    9  Avor =     55.897  Ntot =       5589  Nhit =        628
     MC for   16  Avor =     64.504  Ntot =       6450  Nhit =       1814
     MC for   22  was not done (no protein atom exists in the polygon)
     MC for   23  Avor =     57.656  Ntot =       5765  Nhit =          0
     MC for   24  Avor =     52.137  Ntot =       5213  Nhit =       1168
     MC for   25  Avor =     57.578  Ntot =       5757  Nhit =          0
     MC for   29  was not done (no protein atom exists in the polygon)
     MC for   30  Avor =     43.678  Ntot =       4367  Nhit =       3257
     MC for   31  Avor =     77.753  Ntot =       7775  Nhit =       5830
     MC for   32  Avor =     43.243  Ntot =       4324  Nhit =       3322
     MC for   33  Avor =     85.537  Ntot =       8553  Nhit =       3171
     MC for   38  Avor =     57.118  Ntot =       5711  Nhit =          0
     MC for   40  Avor =     42.081  Ntot =       4208  Nhit =       4092
     MC for   41  Avor =     63.388  Ntot =       6338  Nhit =       6137
     MC for   42  was not done (no protein atom exists in the polygon)
     MC for   45  Avor =     52.417  Ntot =       5241  Nhit =          0
     MC for   46  was not done (no protein atom exists in the polygon)
     MC for   47  Avor =     81.018  Ntot =       8101  Nhit =       4417
     MC for   48  Avor =     76.244  Ntot =       7624  Nhit =       1925
     MC for   49  Avor =     57.682  Ntot =       5768  Nhit =         31
     MC for   50  Avor =     63.714  Ntot =       6371  Nhit =        362
     MC for   62  Avor =     62.259  Ntot =       6225  Nhit =          0
     compute area per lipid                               [OK]
     deallocate memory                                    [OK]

 [RESULTS]
                             ALL     BOUND   N-BOUND     ERROR
   num_lipids     :           64        23        41         0
   area per lipid :       52.539    43.798    57.442

 
 INFO> Summary of the results
 
   average area of all lipids          :     55.448   /    128
   average area of boundary lipids     :     43.798   /     23
   average area of non-boundary lipids :     57.999   /    105
 
 
 INFO> Deallocate all configulation data
 INFO> Deallocate all pdb data
 
 [CPU TIME]
  total    :     0.116(sec)
  analysis :     0.050(sec)
 
