_/_/_/_/_/_/_/_/_/_/_/_/_/_/_/_/_/_/_/_/_/_/_/_/_/_/_/_/_/_/_/_/_/_/_/_/_/_/_/_/

    VTMC: Analysis of lipid surface area in protein-membrane systems
      version: 1.0
      last modified: Jan 13 2012
      programed by Takaharu Mori

    Copyright(C) 2012-
    Theoretical Biochemistry Lab, RIKEN Adv Sci Inst
    2-1 Hirosawa, Wako-shi, Saitama, 351-0198, Japan
    http://www.riken.jp/TBC07/

    Ref) T.Mori, F.Ogushi, and Y.Sugita, J.Comput.Chem., 33, 286-293 (2012)

_/_/_/_/_/_/_/_/_/_/_/_/_/_/_/_/_/_/_/_/_/_/_/_/_/_/_/_/_/_/_/_/_/_/_/_/_/_/_/_/

 INFO> Read configulation file
  
 [INPUT]
   PDB file           =  L-VTMC-1T51.pdb-A
 
 [OUTPUT]
   output level       =      0
   output name        =  L-VTMC-1T51.pdb-A
 
 [PROTEIN]
   residue list       =     13
      ILE       LEU       GLY       LYS       ILE       TRP       GLU       GLY 
      ILE       LYS       SER       LEU       PHE 
   select hydrogen    =    YES
 
 [LIPID]
   residue list       =      1
      POP 
   select hydrogen    =    YES
   lipid head atom    =        P   
 
 [ATOM_MASS]
   mass list          =      6
                H     =     1.008
                C     =    12.010
                O     =    16.000
                N     =    14.010
                P     =    30.970
                S     =    32.070
 
 [VDW_RADIUS]
   vdw_radius list    =      6
                H     =     1.200
                C     =     1.700
                O     =     1.520
                N     =     1.550
                P     =     1.800
                S     =     1.800
 
 [ANALYSIS]
   cell center        =     0.000   0.000
   cell size          =    60.331  60.331
   probe atom radius  =     0.100
   factor             =           100
   iseed              =       3141592
   randomize          =    YES
   decimal place      =            12
 
 
 INFO> Read PDB file
  
     open pdb file                                        [OK]
     count the number of lipid molecules                  [OK]
     calculate the bilayer center                         [OK]
     memory allocation for lipids                         [OK]
     compute the center of mass of each lipid             [OK]
     separate the bilayer                                 [OK]
     memory allocation for lipid coordinates              [OK]
     count the number of protein atoms                    [OK]
     select protein atoms                                 [OK]
     memory allocation for protein coordinates            [OK]
     copy protein coordinates                             [OK]
 
 [SYSTEM STATISTICS]
   total number of protein atoms =         154
   total number of lipids        =         128
   bilayer center                =      44.567
 
   layer1: number of lipids =          64
                       Zmax =      74.890
                       Zmin =      40.590
           selected protein atoms =         139
 
   layer2: number of lipids =          64
                       Zmax =      49.410
                       Zmin =      16.080
           selected protein atoms =           0
 
 
 INFO> Perform Voronoi analysis for Layer 1
 
     randomize coordinates of lipid center of mass        [OK]
     wrap all lipids into the unit cell                   [OK]
     set periodic boundary condition for lipids           [OK]
     wrap all protein atoms into the unit cell            [OK]
     set periodic boundary condition for protein          [OK]
     use fast algorithm                                   [OK]
     allocate memory for voronoi analysis                 [OK]
     compute voronoi vertices                             [OK]
     MC for    2  Avor =     47.562  Ntot =       4756  Nhit =       1722
     MC for    3  Avor =     50.690  Ntot =       5068  Nhit =       1031
     MC for    6  Avor =     57.401  Ntot =       5740  Nhit =        319
     MC for    9  Avor =     59.099  Ntot =       5909  Nhit =          0
     MC for   10  Avor =     52.515  Ntot =       5251  Nhit =        756
     MC for   11  Avor =     51.246  Ntot =       5124  Nhit =       4657
     MC for   12  Avor =     46.611  Ntot =       4661  Nhit =          0
     MC for   17  was not done (no protein atom exists in the polygon)
     MC for   18  Avor =     57.655  Ntot =       5765  Nhit =       5668
     MC for   19  Avor =     56.865  Ntot =       5686  Nhit =          0
     MC for   20  Avor =     54.340  Ntot =       5433  Nhit =       4351
     MC for   21  Avor =     48.496  Ntot =       4849  Nhit =       1407
     MC for   28  Avor =     56.924  Ntot =       5692  Nhit =       1135
     MC for   32  Avor =     61.261  Ntot =       6126  Nhit =       1626
     MC for   35  was not done (no protein atom exists in the polygon)
     MC for   42  Avor =     57.815  Ntot =       5781  Nhit =       1499
     MC for   50  Avor =     55.244  Ntot =       5524  Nhit =          0
     MC for   57  Avor =     64.358  Ntot =       6435  Nhit =       6224
     MC for   58  Avor =     47.034  Ntot =       4703  Nhit =       1118
     compute area per lipid                               [OK]
     deallocate memory                                    [OK]

 [RESULTS]
                             ALL     BOUND   N-BOUND     ERROR
   num_lipids     :           64        19        45         0
   area per lipid :       51.948    37.558    58.024

 
 INFO> Perform Voronoi analysis for Layer 2
 
     randomize coordinates of lipid center of mass        [OK]
     wrap all lipids into the unit cell                   [OK]
     set periodic boundary condition for lipids           [OK]
     use fast algorithm                                   [OK]
     allocate memory for voronoi analysis                 [OK]
     compute voronoi vertices                             [OK]
     compute area per lipid                               [OK]
     deallocate memory                                    [OK]

 [RESULTS]
                             ALL     BOUND   N-BOUND     ERROR
   num_lipids     :           64         0        64         0
   area per lipid :       56.872     0.000    56.872

 
 INFO> Summary of the results
 
   average area of all lipids          :     54.410   /    128
   average area of boundary lipids     :     37.558   /     19
   average area of non-boundary lipids :     57.348   /    109
 
 
 INFO> Deallocate all configulation data
 INFO> Deallocate all pdb data
 
 [CPU TIME]
  total    :     0.108(sec)
  analysis :     0.044(sec)
 
