_/_/_/_/_/_/_/_/_/_/_/_/_/_/_/_/_/_/_/_/_/_/_/_/_/_/_/_/_/_/_/_/_/_/_/_/_/_/_/_/

    VTMC: Analysis of lipid surface area in protein-membrane systems
      version: 1.0
      last modified: Jan 13 2012
      programed by Takaharu Mori

    Copyright(C) 2012-
    Theoretical Biochemistry Lab, RIKEN Adv Sci Inst
    2-1 Hirosawa, Wako-shi, Saitama, 351-0198, Japan
    http://www.riken.jp/TBC07/

    Ref) T.Mori, F.Ogushi, and Y.Sugita, J.Comput.Chem., 33, 286-293 (2012)

_/_/_/_/_/_/_/_/_/_/_/_/_/_/_/_/_/_/_/_/_/_/_/_/_/_/_/_/_/_/_/_/_/_/_/_/_/_/_/_/

 INFO> Read configulation file
  
 [INPUT]
   PDB file           =  L-VTMC-4BMF.pdb-A
 
 [OUTPUT]
   output level       =      0
   output name        =  L-VTMC-4BMF.pdb-A
 
 [PROTEIN]
   residue list       =     38
      SER       CYS       THR       GLN       THR       HIS       TRP       GLY 
      GLN       CYS       GLY       GLY       ILE       GLY       TYR       SER 
      GLY       CYS       LYS       THR       CYS       THR       SER       GLY 
      THR       THR       CYS       GLN       TYR       SER       ASN       ASP 
      TYR       TYR       SER       GLN       CYS       LEU 
   select hydrogen    =    YES
 
 [LIPID]
   residue list       =      1
      POP 
   select hydrogen    =    YES
   lipid head atom    =        P   
 
 [ATOM_MASS]
   mass list          =      6
                H     =     1.008
                C     =    12.010
                O     =    16.000
                N     =    14.010
                P     =    30.970
                S     =    32.070
 
 [VDW_RADIUS]
   vdw_radius list    =      6
                H     =     1.200
                C     =     1.700
                O     =     1.520
                N     =     1.550
                P     =     1.800
                S     =     1.800
 
 [ANALYSIS]
   cell center        =     0.000   0.000
   cell size          =    60.498  60.498
   probe atom radius  =     0.100
   factor             =           100
   iseed              =       3141592
   randomize          =    YES
   decimal place      =            12
 
 
 INFO> Read PDB file
  
     open pdb file                                        [OK]
     count the number of lipid molecules                  [OK]
     calculate the bilayer center                         [OK]
     memory allocation for lipids                         [OK]
     compute the center of mass of each lipid             [OK]
     separate the bilayer                                 [OK]
     memory allocation for lipid coordinates              [OK]
     count the number of protein atoms                    [OK]
     select protein atoms                                 [OK]
     memory allocation for protein coordinates            [OK]
     copy protein coordinates                             [OK]
 
 [SYSTEM STATISTICS]
   total number of protein atoms =         381
   total number of lipids        =         128
   bilayer center                =      43.387
 
   layer1: number of lipids =          64
                       Zmax =      72.170
                       Zmin =      37.570
           selected protein atoms =           0
 
   layer2: number of lipids =          64
                       Zmax =      49.830
                       Zmin =      15.560
           selected protein atoms =         204
 
 
 INFO> Perform Voronoi analysis for Layer 1
 
     randomize coordinates of lipid center of mass        [OK]
     wrap all lipids into the unit cell                   [OK]
     set periodic boundary condition for lipids           [OK]
     use fast algorithm                                   [OK]
     allocate memory for voronoi analysis                 [OK]
     compute voronoi vertices                             [OK]
     compute area per lipid                               [OK]
     deallocate memory                                    [OK]

 [RESULTS]
                             ALL     BOUND   N-BOUND     ERROR
   num_lipids     :           64         0        64         0
   area per lipid :       57.188     0.000    57.188

 
 INFO> Perform Voronoi analysis for Layer 2
 
     randomize coordinates of lipid center of mass        [OK]
     wrap all lipids into the unit cell                   [OK]
     set periodic boundary condition for lipids           [OK]
     wrap all protein atoms into the unit cell            [OK]
     set periodic boundary condition for protein          [OK]
     use fast algorithm                                   [OK]
     allocate memory for voronoi analysis                 [OK]
     compute voronoi vertices                             [OK]
     MC for    1  Avor =     65.617  Ntot =       6561  Nhit =       6561
     MC for    2  Avor =     67.772  Ntot =       6777  Nhit =       6436
     MC for    9  Avor =     46.475  Ntot =       4647  Nhit =         29
     MC for   10  Avor =     52.185  Ntot =       5218  Nhit =       2691
     MC for   16  Avor =     65.011  Ntot =       6501  Nhit =       4216
     MC for   17  Avor =     51.689  Ntot =       5168  Nhit =        657
     MC for   18  Avor =     51.312  Ntot =       5131  Nhit =        115
     MC for   19  Avor =     68.385  Ntot =       6838  Nhit =       1849
     MC for   21  Avor =     53.963  Ntot =       5396  Nhit =          0
     MC for   22  Avor =     51.790  Ntot =       5178  Nhit =       2022
     MC for   23  Avor =     40.129  Ntot =       4012  Nhit =        791
     MC for   24  Avor =     66.704  Ntot =       6670  Nhit =       5873
     MC for   26  Avor =     53.663  Ntot =       5366  Nhit =          0
     MC for   29  Avor =     57.402  Ntot =       5740  Nhit =       1564
     MC for   30  Avor =     51.118  Ntot =       5111  Nhit =        426
     MC for   31  Avor =     65.836  Ntot =       6583  Nhit =       5253
     MC for   32  Avor =     51.321  Ntot =       5132  Nhit =       1302
     MC for   38  Avor =     62.294  Ntot =       6229  Nhit =          0
     MC for   40  Avor =     35.349  Ntot =       3534  Nhit =       2203
     MC for   41  Avor =     51.442  Ntot =       5144  Nhit =          0
     MC for   47  Avor =     80.759  Ntot =       8075  Nhit =          0
     MC for   48  Avor =     77.527  Ntot =       7752  Nhit =        123
     MC for   56  was not done (no protein atom exists in the polygon)
     MC for   57  Avor =     65.201  Ntot =       6520  Nhit =       2985
     MC for   60  was not done (no protein atom exists in the polygon)
     MC for   64  Avor =     67.798  Ntot =       6779  Nhit =       1342
     compute area per lipid                               [OK]
     deallocate memory                                    [OK]

 [RESULTS]
                             ALL     BOUND   N-BOUND     ERROR
   num_lipids     :           64        26        38         0
   area per lipid :       49.931    41.319    55.823

 
 INFO> Summary of the results
 
   average area of all lipids          :     53.559   /    128
   average area of boundary lipids     :     41.319   /     26
   average area of non-boundary lipids :     56.679   /    102
 
 
 INFO> Deallocate all configulation data
 INFO> Deallocate all pdb data
 
 [CPU TIME]
  total    :     0.133(sec)
  analysis :     0.057(sec)
 
