_/_/_/_/_/_/_/_/_/_/_/_/_/_/_/_/_/_/_/_/_/_/_/_/_/_/_/_/_/_/_/_/_/_/_/_/_/_/_/_/

    VTMC: Analysis of lipid surface area in protein-membrane systems
      version: 1.0
      last modified: Jan 13 2012
      programed by Takaharu Mori

    Copyright(C) 2012-
    Theoretical Biochemistry Lab, RIKEN Adv Sci Inst
    2-1 Hirosawa, Wako-shi, Saitama, 351-0198, Japan
    http://www.riken.jp/TBC07/

    Ref) T.Mori, F.Ogushi, and Y.Sugita, J.Comput.Chem., 33, 286-293 (2012)

_/_/_/_/_/_/_/_/_/_/_/_/_/_/_/_/_/_/_/_/_/_/_/_/_/_/_/_/_/_/_/_/_/_/_/_/_/_/_/_/

 INFO> Read configulation file
  
 [INPUT]
   PDB file           =  L-VTMC-GIB3.pdb-A
 
 [OUTPUT]
   output level       =      0
   output name        =  L-VTMC-GIB3.pdb-A
 
 [PROTEIN]
   residue list       =     17
      CYS       ALA       GLY       LYS       LYS       ALA       GLY       LEU 
      PHE       SER       ILE       LEU       LYS       GLY       VAL       GLY 
      LYS 
   select hydrogen    =    YES
 
 [LIPID]
   residue list       =      1
      POP 
   select hydrogen    =    YES
   lipid head atom    =        P   
 
 [ATOM_MASS]
   mass list          =      6
                H     =     1.008
                C     =    12.010
                O     =    16.000
                N     =    14.010
                P     =    30.970
                S     =    32.070
 
 [VDW_RADIUS]
   vdw_radius list    =      6
                H     =     1.200
                C     =     1.700
                O     =     1.520
                N     =     1.550
                P     =     1.800
                S     =     1.800
 
 [ANALYSIS]
   cell center        =     0.000   0.000
   cell size          =    60.476  60.476
   probe atom radius  =     0.100
   factor             =           100
   iseed              =       3141592
   randomize          =    YES
   decimal place      =            12
 
 
 INFO> Read PDB file
  
     open pdb file                                        [OK]
     count the number of lipid molecules                  [OK]
     calculate the bilayer center                         [OK]
     memory allocation for lipids                         [OK]
     compute the center of mass of each lipid             [OK]
     separate the bilayer                                 [OK]
     memory allocation for lipid coordinates              [OK]
     count the number of protein atoms                    [OK]
     select protein atoms                                 [OK]
     memory allocation for protein coordinates            [OK]
     copy protein coordinates                             [OK]
 
 [SYSTEM STATISTICS]
   total number of protein atoms =         155
   total number of lipids        =         128
   bilayer center                =      44.643
 
   layer1: number of lipids =          64
                       Zmax =      72.400
                       Zmin =      40.700
           selected protein atoms =           0
 
   layer2: number of lipids =          64
                       Zmax =      49.740
                       Zmin =      16.410
           selected protein atoms =         100
 
 
 INFO> Perform Voronoi analysis for Layer 1
 
     randomize coordinates of lipid center of mass        [OK]
     wrap all lipids into the unit cell                   [OK]
     set periodic boundary condition for lipids           [OK]
     use fast algorithm                                   [OK]
     allocate memory for voronoi analysis                 [OK]
     compute voronoi vertices                             [OK]
     compute area per lipid                               [OK]
     deallocate memory                                    [OK]

 [RESULTS]
                             ALL     BOUND   N-BOUND     ERROR
   num_lipids     :           64         0        64         0
   area per lipid :       57.146     0.000    57.146

 
 INFO> Perform Voronoi analysis for Layer 2
 
     randomize coordinates of lipid center of mass        [OK]
     wrap all lipids into the unit cell                   [OK]
     set periodic boundary condition for lipids           [OK]
     wrap all protein atoms into the unit cell            [OK]
     set periodic boundary condition for protein          [OK]
     use fast algorithm                                   [OK]
     allocate memory for voronoi analysis                 [OK]
     compute voronoi vertices                             [OK]
     MC for    1  Avor =     53.416  Ntot =       5341  Nhit =        166
     MC for    8  Avor =     60.565  Ntot =       6056  Nhit =          0
     MC for   11  was not done (no protein atom exists in the polygon)
     MC for   12  was not done (no protein atom exists in the polygon)
     MC for   13  was not done (no protein atom exists in the polygon)
     MC for   14  was not done (no protein atom exists in the polygon)
     MC for   15  Avor =     56.553  Ntot =       5655  Nhit =       1520
     MC for   16  Avor =     59.094  Ntot =       5909  Nhit =       1891
     MC for   21  Avor =     46.860  Ntot =       4685  Nhit =       2180
     MC for   22  Avor =     59.944  Ntot =       5994  Nhit =       4972
     MC for   23  Avor =     51.694  Ntot =       5169  Nhit =       3451
     MC for   26  was not done (no protein atom exists in the polygon)
     MC for   27  Avor =     55.345  Ntot =       5534  Nhit =       1732
     MC for   29  Avor =     63.392  Ntot =       6339  Nhit =       5838
     MC for   30  Avor =     61.948  Ntot =       6194  Nhit =       2755
     MC for   31  Avor =     73.540  Ntot =       7353  Nhit =          0
     MC for   34  was not done (no protein atom exists in the polygon)
     MC for   35  Avor =     61.498  Ntot =       6149  Nhit =       1226
     MC for   38  Avor =     49.968  Ntot =       4996  Nhit =       1511
     MC for   39  was not done (no protein atom exists in the polygon)
     MC for   45  Avor =     60.060  Ntot =       6005  Nhit =          0
     MC for   62  was not done (no protein atom exists in the polygon)
     MC for   64  was not done (no protein atom exists in the polygon)
     compute area per lipid                               [OK]
     deallocate memory                                    [OK]

 [RESULTS]
                             ALL     BOUND   N-BOUND     ERROR
   num_lipids     :           64        23        41         0
   area per lipid :       52.889    46.246    56.616

 
 INFO> Summary of the results
 
   average area of all lipids          :     55.018   /    128
   average area of boundary lipids     :     46.246   /     23
   average area of non-boundary lipids :     56.939   /    105
 
 
 INFO> Deallocate all configulation data
 INFO> Deallocate all pdb data
 
 [CPU TIME]
  total    :     0.112(sec)
  analysis :     0.046(sec)
 
