_/_/_/_/_/_/_/_/_/_/_/_/_/_/_/_/_/_/_/_/_/_/_/_/_/_/_/_/_/_/_/_/_/_/_/_/_/_/_/_/

    VTMC: Analysis of lipid surface area in protein-membrane systems
      version: 1.0
      last modified: Jan 13 2012
      programed by Takaharu Mori

    Copyright(C) 2012-
    Theoretical Biochemistry Lab, RIKEN Adv Sci Inst
    2-1 Hirosawa, Wako-shi, Saitama, 351-0198, Japan
    http://www.riken.jp/TBC07/

    Ref) T.Mori, F.Ogushi, and Y.Sugita, J.Comput.Chem., 33, 286-293 (2012)

_/_/_/_/_/_/_/_/_/_/_/_/_/_/_/_/_/_/_/_/_/_/_/_/_/_/_/_/_/_/_/_/_/_/_/_/_/_/_/_/

 INFO> Read configulation file
  
 [INPUT]
   PDB file           =  L-VTMC-GIB5.pdb-A
 
 [OUTPUT]
   output level       =      0
   output name        =  L-VTMC-GIB5.pdb-A
 
 [PROTEIN]
   residue list       =     11
      PHE       PRO       LYS       ILE       PHE       LYS       ILE       THR 
      ARG       LYS       SER 
   select hydrogen    =    YES
 
 [LIPID]
   residue list       =      1
      POP 
   select hydrogen    =    YES
   lipid head atom    =        P   
 
 [ATOM_MASS]
   mass list          =      6
                H     =     1.008
                C     =    12.010
                O     =    16.000
                N     =    14.010
                P     =    30.970
                S     =    32.070
 
 [VDW_RADIUS]
   vdw_radius list    =      6
                H     =     1.200
                C     =     1.700
                O     =     1.520
                N     =     1.550
                P     =     1.800
                S     =     1.800
 
 [ANALYSIS]
   cell center        =     0.000   0.000
   cell size          =    61.350  61.350
   probe atom radius  =     0.100
   factor             =           100
   iseed              =       3141592
   randomize          =    YES
   decimal place      =            12
 
 
 INFO> Read PDB file
  
     open pdb file                                        [OK]
     count the number of lipid molecules                  [OK]
     calculate the bilayer center                         [OK]
     memory allocation for lipids                         [OK]
     compute the center of mass of each lipid             [OK]
     separate the bilayer                                 [OK]
     memory allocation for lipid coordinates              [OK]
     count the number of protein atoms                    [OK]
     select protein atoms                                 [OK]
     memory allocation for protein coordinates            [OK]
     copy protein coordinates                             [OK]
 
 [SYSTEM STATISTICS]
   total number of protein atoms =         135
   total number of lipids        =         128
   bilayer center                =      43.056
 
   layer1: number of lipids =          64
                       Zmax =      71.290
                       Zmin =      39.640
           selected protein atoms =           0
 
   layer2: number of lipids =          64
                       Zmax =      48.170
                       Zmin =      15.120
           selected protein atoms =          68
 
 
 INFO> Perform Voronoi analysis for Layer 1
 
     randomize coordinates of lipid center of mass        [OK]
     wrap all lipids into the unit cell                   [OK]
     set periodic boundary condition for lipids           [OK]
     use fast algorithm                                   [OK]
     allocate memory for voronoi analysis                 [OK]
     compute voronoi vertices                             [OK]
     compute area per lipid                               [OK]
     deallocate memory                                    [OK]

 [RESULTS]
                             ALL     BOUND   N-BOUND     ERROR
   num_lipids     :           64         0        64         0
   area per lipid :       58.810     0.000    58.810

 
 INFO> Perform Voronoi analysis for Layer 2
 
     randomize coordinates of lipid center of mass        [OK]
     wrap all lipids into the unit cell                   [OK]
     set periodic boundary condition for lipids           [OK]
     wrap all protein atoms into the unit cell            [OK]
     set periodic boundary condition for protein          [OK]
     use fast algorithm                                   [OK]
     allocate memory for voronoi analysis                 [OK]
     compute voronoi vertices                             [OK]
     MC for    1  Avor =     46.456  Ntot =       4645  Nhit =        171
     MC for    8  Avor =     54.926  Ntot =       5492  Nhit =        353
     MC for   15  Avor =     65.103  Ntot =       6510  Nhit =        157
     MC for   16  Avor =     60.450  Ntot =       6045  Nhit =       3169
     MC for   22  Avor =     60.359  Ntot =       6035  Nhit =       3249
     MC for   23  Avor =     63.860  Ntot =       6385  Nhit =       5269
     MC for   29  Avor =     58.155  Ntot =       5815  Nhit =          0
     MC for   30  Avor =     42.460  Ntot =       4245  Nhit =        568
     MC for   31  Avor =     59.617  Ntot =       5961  Nhit =       1078
     MC for   38  was not done (no protein atom exists in the polygon)
     MC for   40  Avor =     51.358  Ntot =       5135  Nhit =        554
     MC for   47  was not done (no protein atom exists in the polygon)
     MC for   48  was not done (no protein atom exists in the polygon)
     MC for   62  Avor =     76.888  Ntot =       7688  Nhit =          0
     compute area per lipid                               [OK]
     deallocate memory                                    [OK]

 [RESULTS]
                             ALL     BOUND   N-BOUND     ERROR
   num_lipids     :           64        14        50         0
   area per lipid :       56.533    47.246    59.133

 
 INFO> Summary of the results
 
   average area of all lipids          :     57.671   /    128
   average area of boundary lipids     :     47.246   /     14
   average area of non-boundary lipids :     58.952   /    114
 
 
 INFO> Deallocate all configulation data
 INFO> Deallocate all pdb data
 
 [CPU TIME]
  total    :     0.108(sec)
  analysis :     0.042(sec)
 
