_/_/_/_/_/_/_/_/_/_/_/_/_/_/_/_/_/_/_/_/_/_/_/_/_/_/_/_/_/_/_/_/_/_/_/_/_/_/_/_/

    VTMC: Analysis of lipid surface area in protein-membrane systems
      version: 1.0
      last modified: Jan 13 2012
      programed by Takaharu Mori

    Copyright(C) 2012-
    Theoretical Biochemistry Lab, RIKEN Adv Sci Inst
    2-1 Hirosawa, Wako-shi, Saitama, 351-0198, Japan
    http://www.riken.jp/TBC07/

    Ref) T.Mori, F.Ogushi, and Y.Sugita, J.Comput.Chem., 33, 286-293 (2012)

_/_/_/_/_/_/_/_/_/_/_/_/_/_/_/_/_/_/_/_/_/_/_/_/_/_/_/_/_/_/_/_/_/_/_/_/_/_/_/_/

 INFO> Read configulation file
  
 [INPUT]
   PDB file           =  L-VTMC-GIB20.pdb-A
 
 [OUTPUT]
   output level       =      0
   output name        =  L-VTMC-GIB20.pdb-A
 
 [PROTEIN]
   residue list       =     11
      GLY       GLY       PHE       LEU       LYS       LYS       THR       ILE 
      VAL       MET       THR 
   select hydrogen    =    YES
 
 [LIPID]
   residue list       =      1
      POP 
   select hydrogen    =    YES
   lipid head atom    =        P   
 
 [ATOM_MASS]
   mass list          =      6
                H     =     1.008
                C     =    12.010
                O     =    16.000
                N     =    14.010
                P     =    30.970
                S     =    32.070
 
 [VDW_RADIUS]
   vdw_radius list    =      6
                H     =     1.200
                C     =     1.700
                O     =     1.520
                N     =     1.550
                P     =     1.800
                S     =     1.800
 
 [ANALYSIS]
   cell center        =     0.000   0.000
   cell size          =    60.521  60.521
   probe atom radius  =     0.100
   factor             =           100
   iseed              =       3141592
   randomize          =    YES
   decimal place      =            12
 
 
 INFO> Read PDB file
  
     open pdb file                                        [OK]
     count the number of lipid molecules                  [OK]
     calculate the bilayer center                         [OK]
     memory allocation for lipids                         [OK]
     compute the center of mass of each lipid             [OK]
     separate the bilayer                                 [OK]
     memory allocation for lipid coordinates              [OK]
     count the number of protein atoms                    [OK]
     select protein atoms                                 [OK]
     memory allocation for protein coordinates            [OK]
     copy protein coordinates                             [OK]
 
 [SYSTEM STATISTICS]
   total number of protein atoms =         109
   total number of lipids        =         128
   bilayer center                =      44.219
 
   layer1: number of lipids =          64
                       Zmax =      74.420
                       Zmin =      39.720
           selected protein atoms =         100
 
   layer2: number of lipids =          64
                       Zmax =      49.490
                       Zmin =      13.680
           selected protein atoms =           0
 
 
 INFO> Perform Voronoi analysis for Layer 1
 
     randomize coordinates of lipid center of mass        [OK]
     wrap all lipids into the unit cell                   [OK]
     set periodic boundary condition for lipids           [OK]
     wrap all protein atoms into the unit cell            [OK]
     set periodic boundary condition for protein          [OK]
     use fast algorithm                                   [OK]
     allocate memory for voronoi analysis                 [OK]
     compute voronoi vertices                             [OK]
     MC for    3  was not done (no protein atom exists in the polygon)
     MC for    4  Avor =     41.731  Ntot =       4173  Nhit =        351
     MC for    5  Avor =     60.448  Ntot =       6044  Nhit =       4064
     MC for    6  Avor =     64.330  Ntot =       6432  Nhit =       2583
     MC for    7  Avor =     39.558  Ntot =       3955  Nhit =        142
     MC for   12  Avor =     70.346  Ntot =       7034  Nhit =       4490
     MC for   13  Avor =     60.408  Ntot =       6040  Nhit =       3027
     MC for   14  Avor =     72.453  Ntot =       7245  Nhit =       1642
     MC for   15  Avor =     60.065  Ntot =       6006  Nhit =       1899
     MC for   19  Avor =     57.106  Ntot =       5710  Nhit =          0
     MC for   21  Avor =     68.194  Ntot =       6819  Nhit =        567
     MC for   22  Avor =     50.617  Ntot =       5061  Nhit =       3167
     MC for   23  was not done (no protein atom exists in the polygon)
     MC for   31  Avor =     68.083  Ntot =       6808  Nhit =          0
     MC for   45  was not done (no protein atom exists in the polygon)
     MC for   54  was not done (no protein atom exists in the polygon)
     MC for   61  Avor =     44.989  Ntot =       4498  Nhit =       1620
     MC for   62  Avor =     65.261  Ntot =       6526  Nhit =       3448
     MC for   63  Avor =     58.607  Ntot =       5860  Nhit =          0
     compute area per lipid                               [OK]
     deallocate memory                                    [OK]

 [RESULTS]
                             ALL     BOUND   N-BOUND     ERROR
   num_lipids     :           64        19        45         0
   area per lipid :       53.012    44.087    56.780

 
 INFO> Perform Voronoi analysis for Layer 2
 
     randomize coordinates of lipid center of mass        [OK]
     wrap all lipids into the unit cell                   [OK]
     set periodic boundary condition for lipids           [OK]
     use fast algorithm                                   [OK]
     allocate memory for voronoi analysis                 [OK]
     compute voronoi vertices                             [OK]
     compute area per lipid                               [OK]
     deallocate memory                                    [OK]

 [RESULTS]
                             ALL     BOUND   N-BOUND     ERROR
   num_lipids     :           64         0        64         0
   area per lipid :       57.231     0.000    57.231

 
 INFO> Summary of the results
 
   average area of all lipids          :     55.122   /    128
   average area of boundary lipids     :     44.087   /     19
   average area of non-boundary lipids :     57.045   /    109
 
 
 INFO> Deallocate all configulation data
 INFO> Deallocate all pdb data
 
 [CPU TIME]
  total    :     0.105(sec)
  analysis :     0.044(sec)
 
