_/_/_/_/_/_/_/_/_/_/_/_/_/_/_/_/_/_/_/_/_/_/_/_/_/_/_/_/_/_/_/_/_/_/_/_/_/_/_/_/

    VTMC: Analysis of lipid surface area in protein-membrane systems
      version: 1.0
      last modified: Jan 13 2012
      programed by Takaharu Mori

    Copyright(C) 2012-
    Theoretical Biochemistry Lab, RIKEN Adv Sci Inst
    2-1 Hirosawa, Wako-shi, Saitama, 351-0198, Japan
    http://www.riken.jp/TBC07/

    Ref) T.Mori, F.Ogushi, and Y.Sugita, J.Comput.Chem., 33, 286-293 (2012)

_/_/_/_/_/_/_/_/_/_/_/_/_/_/_/_/_/_/_/_/_/_/_/_/_/_/_/_/_/_/_/_/_/_/_/_/_/_/_/_/

 INFO> Read configulation file
  
 [INPUT]
   PDB file           =  L-VTMC-GIB8.pdb-A
 
 [OUTPUT]
   output level       =      0
   output name        =  L-VTMC-GIB8.pdb-A
 
 [PROTEIN]
   residue list       =     16
      GLY       GLY       TRP       ILE       TYR       ILE       ALA       GLY 
      LYS       CYS       GLY       LEU       VAL       VAL       LEU       LYS 
   select hydrogen    =    YES
 
 [LIPID]
   residue list       =      1
      POP 
   select hydrogen    =    YES
   lipid head atom    =        P   
 
 [ATOM_MASS]
   mass list          =      6
                H     =     1.008
                C     =    12.010
                O     =    16.000
                N     =    14.010
                P     =    30.970
                S     =    32.070
 
 [VDW_RADIUS]
   vdw_radius list    =      6
                H     =     1.200
                C     =     1.700
                O     =     1.520
                N     =     1.550
                P     =     1.800
                S     =     1.800
 
 [ANALYSIS]
   cell center        =     0.000   0.000
   cell size          =    61.023  61.023
   probe atom radius  =     0.100
   factor             =           100
   iseed              =       3141592
   randomize          =    YES
   decimal place      =            12
 
 
 INFO> Read PDB file
  
     open pdb file                                        [OK]
     count the number of lipid molecules                  [OK]
     calculate the bilayer center                         [OK]
     memory allocation for lipids                         [OK]
     compute the center of mass of each lipid             [OK]
     separate the bilayer                                 [OK]
     memory allocation for lipid coordinates              [OK]
     count the number of protein atoms                    [OK]
     select protein atoms                                 [OK]
     memory allocation for protein coordinates            [OK]
     copy protein coordinates                             [OK]
 
 [SYSTEM STATISTICS]
   total number of protein atoms =         154
   total number of lipids        =         128
   bilayer center                =      43.555
 
   layer1: number of lipids =          64
                       Zmax =      72.230
                       Zmin =      39.250
           selected protein atoms =           0
 
   layer2: number of lipids =          64
                       Zmax =      47.290
                       Zmin =      15.370
           selected protein atoms =         148
 
 
 INFO> Perform Voronoi analysis for Layer 1
 
     randomize coordinates of lipid center of mass        [OK]
     wrap all lipids into the unit cell                   [OK]
     set periodic boundary condition for lipids           [OK]
     use fast algorithm                                   [OK]
     allocate memory for voronoi analysis                 [OK]
     compute voronoi vertices                             [OK]
     compute area per lipid                               [OK]
     deallocate memory                                    [OK]

 [RESULTS]
                             ALL     BOUND   N-BOUND     ERROR
   num_lipids     :           64         0        64         0
   area per lipid :       58.184     0.000    58.184

 
 INFO> Perform Voronoi analysis for Layer 2
 
     randomize coordinates of lipid center of mass        [OK]
     wrap all lipids into the unit cell                   [OK]
     set periodic boundary condition for lipids           [OK]
     wrap all protein atoms into the unit cell            [OK]
     set periodic boundary condition for protein          [OK]
     use fast algorithm                                   [OK]
     allocate memory for voronoi analysis                 [OK]
     compute voronoi vertices                             [OK]
     MC for    1  was not done (no protein atom exists in the polygon)
     MC for    5  was not done (no protein atom exists in the polygon)
     MC for    9  was not done (no protein atom exists in the polygon)
     MC for   16  Avor =     61.802  Ntot =       6180  Nhit =        365
     MC for   24  Avor =     58.631  Ntot =       5863  Nhit =          0
     MC for   30  Avor =     69.830  Ntot =       6982  Nhit =       4448
     MC for   31  Avor =     71.734  Ntot =       7173  Nhit =       6100
     MC for   32  was not done (no protein atom exists in the polygon)
     MC for   38  Avor =     57.154  Ntot =       5715  Nhit =        195
     MC for   40  Avor =     54.864  Ntot =       5486  Nhit =       1870
     MC for   41  Avor =     43.470  Ntot =       4347  Nhit =          0
     MC for   45  Avor =     75.528  Ntot =       7552  Nhit =         90
     MC for   47  Avor =     66.497  Ntot =       6649  Nhit =       6649
     MC for   48  Avor =     72.621  Ntot =       7262  Nhit =       4460
     MC for   49  Avor =     55.632  Ntot =       5563  Nhit =         13
     MC for   50  was not done (no protein atom exists in the polygon)
     MC for   54  Avor =     61.436  Ntot =       6143  Nhit =          0
     MC for   55  Avor =     53.843  Ntot =       5384  Nhit =        377
     MC for   58  Avor =     58.372  Ntot =       5837  Nhit =          0
     MC for   62  Avor =     67.598  Ntot =       6759  Nhit =       1239
     MC for   63  Avor =     65.248  Ntot =       6524  Nhit =       3983
     compute area per lipid                               [OK]
     deallocate memory                                    [OK]

 [RESULTS]
                             ALL     BOUND   N-BOUND     ERROR
   num_lipids     :           64        21        43         0
   area per lipid :       53.530    44.790    57.798

 
 INFO> Summary of the results
 
   average area of all lipids          :     55.857   /    128
   average area of boundary lipids     :     44.790   /     21
   average area of non-boundary lipids :     58.029   /    107
 
 
 INFO> Deallocate all configulation data
 INFO> Deallocate all pdb data
 
 [CPU TIME]
  total    :     0.108(sec)
  analysis :     0.046(sec)
 
