_/_/_/_/_/_/_/_/_/_/_/_/_/_/_/_/_/_/_/_/_/_/_/_/_/_/_/_/_/_/_/_/_/_/_/_/_/_/_/_/

    VTMC: Analysis of lipid surface area in protein-membrane systems
      version: 1.0
      last modified: Jan 13 2012
      programed by Takaharu Mori

    Copyright(C) 2012-
    Theoretical Biochemistry Lab, RIKEN Adv Sci Inst
    2-1 Hirosawa, Wako-shi, Saitama, 351-0198, Japan
    http://www.riken.jp/TBC07/

    Ref) T.Mori, F.Ogushi, and Y.Sugita, J.Comput.Chem., 33, 286-293 (2012)

_/_/_/_/_/_/_/_/_/_/_/_/_/_/_/_/_/_/_/_/_/_/_/_/_/_/_/_/_/_/_/_/_/_/_/_/_/_/_/_/

 INFO> Read configulation file
  
 [INPUT]
   PDB file           =  L-VTMC-3Q8J.pdb-A
 
 [OUTPUT]
   output level       =      0
   output name        =  L-VTMC-3Q8J.pdb-A
 
 [PROTEIN]
   residue list       =     37
      GLU       GLY       CYS       ALA       PHE       GLU       GLY       GLU 
      SER       CYS       ASN       VAL       GLN       PHE       TYR       PRO 
      CYS       CYS       PRO       GLY       LEU       GLY       LEU       THR 
      CYS       ILE       PRO       GLY       ASN       PRO       ASP       GLY 
      THR       CYS       TYR       TYR       LEU 
   select hydrogen    =    YES
 
 [LIPID]
   residue list       =      1
      POP 
   select hydrogen    =    YES
   lipid head atom    =        P   
 
 [ATOM_MASS]
   mass list          =      6
                H     =     1.008
                C     =    12.010
                O     =    16.000
                N     =    14.010
                P     =    30.970
                S     =    32.070
 
 [VDW_RADIUS]
   vdw_radius list    =      6
                H     =     1.200
                C     =     1.700
                O     =     1.520
                N     =     1.550
                P     =     1.800
                S     =     1.800
 
 [ANALYSIS]
   cell center        =     0.000   0.000
   cell size          =    60.376  60.376
   probe atom radius  =     0.100
   factor             =           100
   iseed              =       3141592
   randomize          =    YES
   decimal place      =            12
 
 
 INFO> Read PDB file
  
     open pdb file                                        [OK]
     count the number of lipid molecules                  [OK]
     calculate the bilayer center                         [OK]
     memory allocation for lipids                         [OK]
     compute the center of mass of each lipid             [OK]
     separate the bilayer                                 [OK]
     memory allocation for lipid coordinates              [OK]
     count the number of protein atoms                    [OK]
     select protein atoms                                 [OK]
     memory allocation for protein coordinates            [OK]
     copy protein coordinates                             [OK]
 
 [SYSTEM STATISTICS]
   total number of protein atoms =         340
   total number of lipids        =         128
   bilayer center                =      43.919
 
   layer1: number of lipids =          64
                       Zmax =      73.060
                       Zmin =      38.730
           selected protein atoms =           0
 
   layer2: number of lipids =          64
                       Zmax =      48.980
                       Zmin =      14.570
           selected protein atoms =         161
 
 
 INFO> Perform Voronoi analysis for Layer 1
 
     randomize coordinates of lipid center of mass        [OK]
     wrap all lipids into the unit cell                   [OK]
     set periodic boundary condition for lipids           [OK]
     use fast algorithm                                   [OK]
     allocate memory for voronoi analysis                 [OK]
     compute voronoi vertices                             [OK]
     compute area per lipid                               [OK]
     deallocate memory                                    [OK]

 [RESULTS]
                             ALL     BOUND   N-BOUND     ERROR
   num_lipids     :           64         0        64         0
   area per lipid :       56.957     0.000    56.957

 
 INFO> Perform Voronoi analysis for Layer 2
 
     randomize coordinates of lipid center of mass        [OK]
     wrap all lipids into the unit cell                   [OK]
     set periodic boundary condition for lipids           [OK]
     wrap all protein atoms into the unit cell            [OK]
     set periodic boundary condition for protein          [OK]
     use fast algorithm                                   [OK]
     allocate memory for voronoi analysis                 [OK]
     compute voronoi vertices                             [OK]
     MC for    1  Avor =     65.955  Ntot =       6595  Nhit =       4623
     MC for    2  was not done (no protein atom exists in the polygon)
     MC for    9  was not done (no protein atom exists in the polygon)
     MC for   14  was not done (no protein atom exists in the polygon)
     MC for   15  Avor =     55.626  Ntot =       5562  Nhit =          0
     MC for   16  Avor =     50.770  Ntot =       5076  Nhit =       5076
     MC for   22  Avor =     53.160  Ntot =       5316  Nhit =       3157
     MC for   23  Avor =     57.993  Ntot =       5799  Nhit =        844
     MC for   24  Avor =     64.717  Ntot =       6471  Nhit =       1587
     MC for   29  was not done (no protein atom exists in the polygon)
     MC for   30  Avor =     53.893  Ntot =       5389  Nhit =       1576
     MC for   31  Avor =     77.519  Ntot =       7751  Nhit =       7228
     MC for   32  Avor =     52.470  Ntot =       5246  Nhit =       1535
     MC for   38  was not done (no protein atom exists in the polygon)
     MC for   39  was not done (no protein atom exists in the polygon)
     MC for   40  Avor =     47.607  Ntot =       4760  Nhit =       2440
     MC for   41  Avor =     51.702  Ntot =       5170  Nhit =        608
     MC for   47  Avor =     73.760  Ntot =       7375  Nhit =       4812
     MC for   48  Avor =     68.951  Ntot =       6895  Nhit =        364
     MC for   55  was not done (no protein atom exists in the polygon)
     MC for   62  Avor =     51.542  Ntot =       5154  Nhit =        467
     MC for   64  was not done (no protein atom exists in the polygon)
     compute area per lipid                               [OK]
     deallocate memory                                    [OK]

 [RESULTS]
                             ALL     BOUND   N-BOUND     ERROR
   num_lipids     :           64        22        42         0
   area per lipid :       51.595    41.412    56.929

 
 INFO> Summary of the results
 
   average area of all lipids          :     54.276   /    128
   average area of boundary lipids     :     41.412   /     22
   average area of non-boundary lipids :     56.946   /    106
 
 
 INFO> Deallocate all configulation data
 INFO> Deallocate all pdb data
 
 [CPU TIME]
  total    :     0.124(sec)
  analysis :     0.046(sec)
 
