_/_/_/_/_/_/_/_/_/_/_/_/_/_/_/_/_/_/_/_/_/_/_/_/_/_/_/_/_/_/_/_/_/_/_/_/_/_/_/_/

    VTMC: Analysis of lipid surface area in protein-membrane systems
      version: 1.0
      last modified: Jan 13 2012
      programed by Takaharu Mori

    Copyright(C) 2012-
    Theoretical Biochemistry Lab, RIKEN Adv Sci Inst
    2-1 Hirosawa, Wako-shi, Saitama, 351-0198, Japan
    http://www.riken.jp/TBC07/

    Ref) T.Mori, F.Ogushi, and Y.Sugita, J.Comput.Chem., 33, 286-293 (2012)

_/_/_/_/_/_/_/_/_/_/_/_/_/_/_/_/_/_/_/_/_/_/_/_/_/_/_/_/_/_/_/_/_/_/_/_/_/_/_/_/

 INFO> Read configulation file
  
 [INPUT]
   PDB file           =  L-VTMC-2LQA.pdb-A
 
 [OUTPUT]
   output level       =      0
   output name        =  L-VTMC-2LQA.pdb-A
 
 [PROTEIN]
   residue list       =     37
      GLU       GLY       CYS       ALA       PHE       GLU       GLY       GLU 
      SER       CYS       ASN       VAL       GLN       PHE       TYR       PRO 
      CYS       CYS       PRO       GLY       LEU       GLY       LEU       THR 
      CYS       ILE       PRO       GLY       ASN       PRO       ASP       GLY 
      THR       CYS       TYR       TYR       LEU 
   select hydrogen    =    YES
 
 [LIPID]
   residue list       =      1
      POP 
   select hydrogen    =    YES
   lipid head atom    =        P   
 
 [ATOM_MASS]
   mass list          =      6
                H     =     1.008
                C     =    12.010
                O     =    16.000
                N     =    14.010
                P     =    30.970
                S     =    32.070
 
 [VDW_RADIUS]
   vdw_radius list    =      6
                H     =     1.200
                C     =     1.700
                O     =     1.520
                N     =     1.550
                P     =     1.800
                S     =     1.800
 
 [ANALYSIS]
   cell center        =     0.000   0.000
   cell size          =    61.347  61.347
   probe atom radius  =     0.100
   factor             =           100
   iseed              =       3141592
   randomize          =    YES
   decimal place      =            12
 
 
 INFO> Read PDB file
  
     open pdb file                                        [OK]
     count the number of lipid molecules                  [OK]
     calculate the bilayer center                         [OK]
     memory allocation for lipids                         [OK]
     compute the center of mass of each lipid             [OK]
     separate the bilayer                                 [OK]
     memory allocation for lipid coordinates              [OK]
     count the number of protein atoms                    [OK]
     select protein atoms                                 [OK]
     memory allocation for protein coordinates            [OK]
     copy protein coordinates                             [OK]
 
 [SYSTEM STATISTICS]
   total number of protein atoms =         340
   total number of lipids        =         128
   bilayer center                =      43.102
 
   layer1: number of lipids =          64
                       Zmax =      69.820
                       Zmin =      38.550
           selected protein atoms =           0
 
   layer2: number of lipids =          64
                       Zmax =      49.260
                       Zmin =      14.280
           selected protein atoms =         284
 
 
 INFO> Perform Voronoi analysis for Layer 1
 
     randomize coordinates of lipid center of mass        [OK]
     wrap all lipids into the unit cell                   [OK]
     set periodic boundary condition for lipids           [OK]
     use fast algorithm                                   [OK]
     allocate memory for voronoi analysis                 [OK]
     compute voronoi vertices                             [OK]
     compute area per lipid                               [OK]
     deallocate memory                                    [OK]

 [RESULTS]
                             ALL     BOUND   N-BOUND     ERROR
   num_lipids     :           64         0        64         0
   area per lipid :       58.804     0.000    58.804

 
 INFO> Perform Voronoi analysis for Layer 2
 
     randomize coordinates of lipid center of mass        [OK]
     wrap all lipids into the unit cell                   [OK]
     set periodic boundary condition for lipids           [OK]
     wrap all protein atoms into the unit cell            [OK]
     set periodic boundary condition for protein          [OK]
     use fast algorithm                                   [OK]
     allocate memory for voronoi analysis                 [OK]
     compute voronoi vertices                             [OK]
     MC for    1  Avor =     77.022  Ntot =       7702  Nhit =       6116
     MC for    2  Avor =     71.750  Ntot =       7174  Nhit =       3701
     MC for    5  was not done (no protein atom exists in the polygon)
     MC for    6  Avor =     56.322  Ntot =       5632  Nhit =       1618
     MC for    7  Avor =     57.572  Ntot =       5757  Nhit =       3052
     MC for    8  Avor =     61.970  Ntot =       6197  Nhit =       6154
     MC for   10  Avor =     78.929  Ntot =       7892  Nhit =          0
     MC for   11  was not done (no protein atom exists in the polygon)
     MC for   14  Avor =     66.087  Ntot =       6608  Nhit =        867
     MC for   15  Avor =     61.548  Ntot =       6154  Nhit =       5641
     MC for   16  Avor =     45.311  Ntot =       4531  Nhit =       1253
     MC for   17  was not done (no protein atom exists in the polygon)
     MC for   19  Avor =     45.226  Ntot =       4522  Nhit =         86
     MC for   21  was not done (no protein atom exists in the polygon)
     MC for   22  Avor =     44.964  Ntot =       4496  Nhit =       3009
     MC for   23  Avor =     64.410  Ntot =       6441  Nhit =       6297
     MC for   24  Avor =     38.851  Ntot =       3885  Nhit =        158
     MC for   26  was not done (no protein atom exists in the polygon)
     MC for   29  Avor =     60.796  Ntot =       6079  Nhit =       2443
     MC for   30  was not done (no protein atom exists in the polygon)
     MC for   31  Avor =     79.215  Ntot =       7921  Nhit =        196
     MC for   32  Avor =     57.908  Ntot =       5790  Nhit =         24
     MC for   35  was not done (no protein atom exists in the polygon)
     MC for   38  Avor =     60.052  Ntot =       6005  Nhit =          0
     MC for   40  was not done (no protein atom exists in the polygon)
     MC for   55  was not done (no protein atom exists in the polygon)
     MC for   56  Avor =     65.041  Ntot =       6504  Nhit =       1426
     MC for   57  Avor =     68.186  Ntot =       6818  Nhit =       5168
     MC for   64  Avor =     65.346  Ntot =       6534  Nhit =       6534
     compute area per lipid                               [OK]
     deallocate memory                                    [OK]

 [RESULTS]
                             ALL     BOUND   N-BOUND     ERROR
   num_lipids     :           64        29        35         0
   area per lipid :       50.406    41.393    57.874

 
 INFO> Summary of the results
 
   average area of all lipids          :     54.605   /    128
   average area of boundary lipids     :     41.393   /     29
   average area of non-boundary lipids :     58.475   /     99
 
 
 INFO> Deallocate all configulation data
 INFO> Deallocate all pdb data
 
 [CPU TIME]
  total    :     0.132(sec)
  analysis :     0.057(sec)
 
