_/_/_/_/_/_/_/_/_/_/_/_/_/_/_/_/_/_/_/_/_/_/_/_/_/_/_/_/_/_/_/_/_/_/_/_/_/_/_/_/

    VTMC: Analysis of lipid surface area in protein-membrane systems
      version: 1.0
      last modified: Jan 13 2012
      programed by Takaharu Mori

    Copyright(C) 2012-
    Theoretical Biochemistry Lab, RIKEN Adv Sci Inst
    2-1 Hirosawa, Wako-shi, Saitama, 351-0198, Japan
    http://www.riken.jp/TBC07/

    Ref) T.Mori, F.Ogushi, and Y.Sugita, J.Comput.Chem., 33, 286-293 (2012)

_/_/_/_/_/_/_/_/_/_/_/_/_/_/_/_/_/_/_/_/_/_/_/_/_/_/_/_/_/_/_/_/_/_/_/_/_/_/_/_/

 INFO> Read configulation file
  
 [INPUT]
   PDB file           =  L-VTMC-GIB10.pdb-A
 
 [OUTPUT]
   output level       =      0
   output name        =  L-VTMC-GIB10.pdb-A
 
 [PROTEIN]
   residue list       =     17
      GLY       GLY       TYR       ILE       TYR       ILE       ALA       GLY 
      LYS       CYS       GLY       LEU       VAL       PRO       VAL       LEU 
      ALA 
   select hydrogen    =    YES
 
 [LIPID]
   residue list       =      1
      POP 
   select hydrogen    =    YES
   lipid head atom    =        P   
 
 [ATOM_MASS]
   mass list          =      6
                H     =     1.008
                C     =    12.010
                O     =    16.000
                N     =    14.010
                P     =    30.970
                S     =    32.070
 
 [VDW_RADIUS]
   vdw_radius list    =      6
                H     =     1.200
                C     =     1.700
                O     =     1.520
                N     =     1.550
                P     =     1.800
                S     =     1.800
 
 [ANALYSIS]
   cell center        =     0.000   0.000
   cell size          =    60.138  60.138
   probe atom radius  =     0.100
   factor             =           100
   iseed              =       3141592
   randomize          =    YES
   decimal place      =            12
 
 
 INFO> Read PDB file
  
     open pdb file                                        [OK]
     count the number of lipid molecules                  [OK]
     calculate the bilayer center                         [OK]
     memory allocation for lipids                         [OK]
     compute the center of mass of each lipid             [OK]
     separate the bilayer                                 [OK]
     memory allocation for lipid coordinates              [OK]
     count the number of protein atoms                    [OK]
     select protein atoms                                 [OK]
     memory allocation for protein coordinates            [OK]
     copy protein coordinates                             [OK]
 
 [SYSTEM STATISTICS]
   total number of protein atoms =         151
   total number of lipids        =         128
   bilayer center                =      44.704
 
   layer1: number of lipids =          64
                       Zmax =      74.400
                       Zmin =      40.100
           selected protein atoms =           0
 
   layer2: number of lipids =          64
                       Zmax =      49.790
                       Zmin =      16.150
           selected protein atoms =          70
 
 
 INFO> Perform Voronoi analysis for Layer 1
 
     randomize coordinates of lipid center of mass        [OK]
     wrap all lipids into the unit cell                   [OK]
     set periodic boundary condition for lipids           [OK]
     use fast algorithm                                   [OK]
     allocate memory for voronoi analysis                 [OK]
     compute voronoi vertices                             [OK]
     compute area per lipid                               [OK]
     deallocate memory                                    [OK]

 [RESULTS]
                             ALL     BOUND   N-BOUND     ERROR
   num_lipids     :           64         0        64         0
   area per lipid :       56.509     0.000    56.509

 
 INFO> Perform Voronoi analysis for Layer 2
 
     randomize coordinates of lipid center of mass        [OK]
     wrap all lipids into the unit cell                   [OK]
     set periodic boundary condition for lipids           [OK]
     wrap all protein atoms into the unit cell            [OK]
     set periodic boundary condition for protein          [OK]
     use fast algorithm                                   [OK]
     allocate memory for voronoi analysis                 [OK]
     compute voronoi vertices                             [OK]
     MC for    9  Avor =     44.082  Ntot =       4408  Nhit =       2276
     MC for   16  was not done (no protein atom exists in the polygon)
     MC for   17  Avor =     60.004  Ntot =       6000  Nhit =        478
     MC for   20  was not done (no protein atom exists in the polygon)
     MC for   24  Avor =     70.442  Ntot =       7044  Nhit =          0
     MC for   25  Avor =     67.495  Ntot =       6749  Nhit =         33
     MC for   31  Avor =     42.789  Ntot =       4278  Nhit =        151
     MC for   32  Avor =     50.437  Ntot =       5043  Nhit =       2217
     MC for   33  Avor =     67.075  Ntot =       6707  Nhit =       5690
     MC for   40  Avor =     56.794  Ntot =       5679  Nhit =        290
     MC for   41  Avor =     55.805  Ntot =       5580  Nhit =       4739
     MC for   42  Avor =     68.275  Ntot =       6827  Nhit =       3033
     MC for   43  Avor =     57.919  Ntot =       5791  Nhit =         75
     MC for   48  Avor =     72.417  Ntot =       7241  Nhit =          0
     MC for   50  Avor =     45.872  Ntot =       4587  Nhit =        708
     MC for   51  Avor =     49.519  Ntot =       4951  Nhit =          7
     compute area per lipid                               [OK]
     deallocate memory                                    [OK]

 [RESULTS]
                             ALL     BOUND   N-BOUND     ERROR
   num_lipids     :           64        16        48         0
   area per lipid :       53.431    46.233    55.831

 
 INFO> Summary of the results
 
   average area of all lipids          :     54.970   /    128
   average area of boundary lipids     :     46.233   /     16
   average area of non-boundary lipids :     56.218   /    112
 
 
 INFO> Deallocate all configulation data
 INFO> Deallocate all pdb data
 
 [CPU TIME]
  total    :     0.112(sec)
  analysis :     0.047(sec)
 
