_/_/_/_/_/_/_/_/_/_/_/_/_/_/_/_/_/_/_/_/_/_/_/_/_/_/_/_/_/_/_/_/_/_/_/_/_/_/_/_/

    VTMC: Analysis of lipid surface area in protein-membrane systems
      version: 1.0
      last modified: Jan 13 2012
      programed by Takaharu Mori

    Copyright(C) 2012-
    Theoretical Biochemistry Lab, RIKEN Adv Sci Inst
    2-1 Hirosawa, Wako-shi, Saitama, 351-0198, Japan
    http://www.riken.jp/TBC07/

    Ref) T.Mori, F.Ogushi, and Y.Sugita, J.Comput.Chem., 33, 286-293 (2012)

_/_/_/_/_/_/_/_/_/_/_/_/_/_/_/_/_/_/_/_/_/_/_/_/_/_/_/_/_/_/_/_/_/_/_/_/_/_/_/_/

 INFO> Read configulation file
  
 [INPUT]
   PDB file           =  L-VTMC-2B68.pdb-A
 
 [OUTPUT]
   output level       =      0
   output name        =  L-VTMC-2B68.pdb-A
 
 [PROTEIN]
   residue list       =     43
      GLY       PHE       GLY       CYS       PRO       GLY       ASN       GLN 
      LEU       LYS       CYS       ASN       ASN       HIS       CYS       LYS 
      SER       ILE       SER       CYS       ARG       ALA       GLY       TYR 
      CYS       ASP       ALA       ALA       THR       LEU       TRP       LEU 
      ARG       CYS       THR       CYS       THR       ASP       CYS       ASN 
      GLY       LYS       LYS 
   select hydrogen    =    YES
 
 [LIPID]
   residue list       =      1
      POP 
   select hydrogen    =    YES
   lipid head atom    =        P   
 
 [ATOM_MASS]
   mass list          =      6
                H     =     1.008
                C     =    12.010
                O     =    16.000
                N     =    14.010
                P     =    30.970
                S     =    32.070
 
 [VDW_RADIUS]
   vdw_radius list    =      6
                H     =     1.200
                C     =     1.700
                O     =     1.520
                N     =     1.550
                P     =     1.800
                S     =     1.800
 
 [ANALYSIS]
   cell center        =     0.000   0.000
   cell size          =    62.200  62.200
   probe atom radius  =     0.100
   factor             =           100
   iseed              =       3141592
   randomize          =    YES
   decimal place      =            12
 
 
 INFO> Read PDB file
  
     open pdb file                                        [OK]
     count the number of lipid molecules                  [OK]
     calculate the bilayer center                         [OK]
     memory allocation for lipids                         [OK]
     compute the center of mass of each lipid             [OK]
     separate the bilayer                                 [OK]
     memory allocation for lipid coordinates              [OK]
     count the number of protein atoms                    [OK]
     select protein atoms                                 [OK]
     memory allocation for protein coordinates            [OK]
     copy protein coordinates                             [OK]
 
 [SYSTEM STATISTICS]
   total number of protein atoms =         418
   total number of lipids        =         128
   bilayer center                =      41.761
 
   layer1: number of lipids =          64
                       Zmax =      68.150
                       Zmin =      35.780
           selected protein atoms =           0
 
   layer2: number of lipids =          64
                       Zmax =      47.660
                       Zmin =      11.430
           selected protein atoms =         127
 
 
 INFO> Perform Voronoi analysis for Layer 1
 
     randomize coordinates of lipid center of mass        [OK]
     wrap all lipids into the unit cell                   [OK]
     set periodic boundary condition for lipids           [OK]
     use fast algorithm                                   [OK]
     allocate memory for voronoi analysis                 [OK]
     compute voronoi vertices                             [OK]
     compute area per lipid                               [OK]
     deallocate memory                                    [OK]

 [RESULTS]
                             ALL     BOUND   N-BOUND     ERROR
   num_lipids     :           64         0        64         0
   area per lipid :       60.451     0.000    60.451

 
 INFO> Perform Voronoi analysis for Layer 2
 
     randomize coordinates of lipid center of mass        [OK]
     wrap all lipids into the unit cell                   [OK]
     set periodic boundary condition for lipids           [OK]
     wrap all protein atoms into the unit cell            [OK]
     set periodic boundary condition for protein          [OK]
     use fast algorithm                                   [OK]
     allocate memory for voronoi analysis                 [OK]
     compute voronoi vertices                             [OK]
     MC for    1  Avor =     56.312  Ntot =       5631  Nhit =         74
     MC for    2  Avor =     69.038  Ntot =       6903  Nhit =          0
     MC for    6  Avor =     59.875  Ntot =       5987  Nhit =          0
     MC for    7  was not done (no protein atom exists in the polygon)
     MC for    8  Avor =     76.378  Ntot =       7637  Nhit =       6026
     MC for   10  was not done (no protein atom exists in the polygon)
     MC for   14  Avor =     45.474  Ntot =       4547  Nhit =          0
     MC for   15  Avor =     53.764  Ntot =       5376  Nhit =        844
     MC for   16  Avor =     56.247  Ntot =       5624  Nhit =         32
     MC for   19  Avor =     61.982  Ntot =       6198  Nhit =        794
     MC for   21  was not done (no protein atom exists in the polygon)
     MC for   22  Avor =     57.085  Ntot =       5708  Nhit =        809
     MC for   23  Avor =     71.378  Ntot =       7137  Nhit =       5038
     MC for   24  Avor =     58.857  Ntot =       5885  Nhit =          0
     MC for   29  Avor =     42.973  Ntot =       4297  Nhit =        736
     MC for   56  Avor =     61.380  Ntot =       6137  Nhit =       2026
     MC for   57  Avor =     73.218  Ntot =       7321  Nhit =       4072
     MC for   58  Avor =     65.777  Ntot =       6577  Nhit =        709
     MC for   60  Avor =     44.435  Ntot =       4443  Nhit =        575
     MC for   64  Avor =     69.536  Ntot =       6953  Nhit =       5194
     compute area per lipid                               [OK]
     deallocate memory                                    [OK]

 [RESULTS]
                             ALL     BOUND   N-BOUND     ERROR
   num_lipids     :           64        20        44         0
   area per lipid :       56.243    46.833    60.520

 
 INFO> Summary of the results
 
   average area of all lipids          :     58.347   /    128
   average area of boundary lipids     :     46.833   /     20
   average area of non-boundary lipids :     60.479   /    108
 
 
 INFO> Deallocate all configulation data
 INFO> Deallocate all pdb data
 
 [CPU TIME]
  total    :     0.113(sec)
  analysis :     0.049(sec)
 
