_/_/_/_/_/_/_/_/_/_/_/_/_/_/_/_/_/_/_/_/_/_/_/_/_/_/_/_/_/_/_/_/_/_/_/_/_/_/_/_/

    VTMC: Analysis of lipid surface area in protein-membrane systems
      version: 1.0
      last modified: Jan 13 2012
      programed by Takaharu Mori

    Copyright(C) 2012-
    Theoretical Biochemistry Lab, RIKEN Adv Sci Inst
    2-1 Hirosawa, Wako-shi, Saitama, 351-0198, Japan
    http://www.riken.jp/TBC07/

    Ref) T.Mori, F.Ogushi, and Y.Sugita, J.Comput.Chem., 33, 286-293 (2012)

_/_/_/_/_/_/_/_/_/_/_/_/_/_/_/_/_/_/_/_/_/_/_/_/_/_/_/_/_/_/_/_/_/_/_/_/_/_/_/_/

 INFO> Read configulation file
  
 [INPUT]
   PDB file           =  L-VTMC-GIB27.pdb-A
 
 [OUTPUT]
   output level       =      0
   output name        =  L-VTMC-GIB27.pdb-A
 
 [PROTEIN]
   residue list       =     12
      THR       PRO       LYS       GLY       LEU       ILE       THR       MET 
      LYS       PHE       PHE       ALA 
   select hydrogen    =    YES
 
 [LIPID]
   residue list       =      1
      POP 
   select hydrogen    =    YES
   lipid head atom    =        P   
 
 [ATOM_MASS]
   mass list          =      6
                H     =     1.008
                C     =    12.010
                O     =    16.000
                N     =    14.010
                P     =    30.970
                S     =    32.070
 
 [VDW_RADIUS]
   vdw_radius list    =      6
                H     =     1.200
                C     =     1.700
                O     =     1.520
                N     =     1.550
                P     =     1.800
                S     =     1.800
 
 [ANALYSIS]
   cell center        =     0.000   0.000
   cell size          =    60.696  60.696
   probe atom radius  =     0.100
   factor             =           100
   iseed              =       3141592
   randomize          =    YES
   decimal place      =            12
 
 
 INFO> Read PDB file
  
     open pdb file                                        [OK]
     count the number of lipid molecules                  [OK]
     calculate the bilayer center                         [OK]
     memory allocation for lipids                         [OK]
     compute the center of mass of each lipid             [OK]
     separate the bilayer                                 [OK]
     memory allocation for lipid coordinates              [OK]
     count the number of protein atoms                    [OK]
     select protein atoms                                 [OK]
     memory allocation for protein coordinates            [OK]
     copy protein coordinates                             [OK]
 
 [SYSTEM STATISTICS]
   total number of protein atoms =         126
   total number of lipids        =         128
   bilayer center                =      44.296
 
   layer1: number of lipids =          64
                       Zmax =      73.870
                       Zmin =      37.790
           selected protein atoms =           0
 
   layer2: number of lipids =          64
                       Zmax =      49.690
                       Zmin =      14.780
           selected protein atoms =          99
 
 
 INFO> Perform Voronoi analysis for Layer 1
 
     randomize coordinates of lipid center of mass        [OK]
     wrap all lipids into the unit cell                   [OK]
     set periodic boundary condition for lipids           [OK]
     use fast algorithm                                   [OK]
     allocate memory for voronoi analysis                 [OK]
     compute voronoi vertices                             [OK]
     compute area per lipid                               [OK]
     deallocate memory                                    [OK]

 [RESULTS]
                             ALL     BOUND   N-BOUND     ERROR
   num_lipids     :           64         0        64         0
   area per lipid :       57.563     0.000    57.563

 
 INFO> Perform Voronoi analysis for Layer 2
 
     randomize coordinates of lipid center of mass        [OK]
     wrap all lipids into the unit cell                   [OK]
     set periodic boundary condition for lipids           [OK]
     wrap all protein atoms into the unit cell            [OK]
     set periodic boundary condition for protein          [OK]
     use fast algorithm                                   [OK]
     allocate memory for voronoi analysis                 [OK]
     compute voronoi vertices                             [OK]
     MC for    6  was not done (no protein atom exists in the polygon)
     MC for    8  Avor =     54.039  Ntot =       5403  Nhit =          0
     MC for   11  was not done (no protein atom exists in the polygon)
     MC for   12  Avor =     60.212  Ntot =       6021  Nhit =          0
     MC for   13  Avor =     46.451  Ntot =       4645  Nhit =        847
     MC for   14  Avor =     53.611  Ntot =       5361  Nhit =        320
     MC for   15  Avor =     60.006  Ntot =       6000  Nhit =       3154
     MC for   20  was not done (no protein atom exists in the polygon)
     MC for   21  Avor =     49.686  Ntot =       4968  Nhit =       3773
     MC for   22  Avor =     68.298  Ntot =       6829  Nhit =       3370
     MC for   23  Avor =     39.964  Ntot =       3996  Nhit =          0
     MC for   26  was not done (no protein atom exists in the polygon)
     MC for   27  Avor =     58.768  Ntot =       5876  Nhit =       3301
     MC for   29  Avor =     52.474  Ntot =       5247  Nhit =       5186
     MC for   30  Avor =     61.902  Ntot =       6190  Nhit =        736
     MC for   34  was not done (no protein atom exists in the polygon)
     MC for   35  Avor =     64.528  Ntot =       6452  Nhit =       1911
     MC for   38  Avor =     54.387  Ntot =       5438  Nhit =       2262
     MC for   45  Avor =     58.253  Ntot =       5825  Nhit =          0
     MC for   47  was not done (no protein atom exists in the polygon)
     MC for   64  was not done (no protein atom exists in the polygon)
     compute area per lipid                               [OK]
     deallocate memory                                    [OK]

 [RESULTS]
                             ALL     BOUND   N-BOUND     ERROR
   num_lipids     :           64        21        43         0
   area per lipid :       53.678    46.999    56.939

 
 INFO> Summary of the results
 
   average area of all lipids          :     55.620   /    128
   average area of boundary lipids     :     46.999   /     21
   average area of non-boundary lipids :     57.312   /    107
 
 
 INFO> Deallocate all configulation data
 INFO> Deallocate all pdb data
 
 [CPU TIME]
  total    :     0.112(sec)
  analysis :     0.047(sec)
 
