_/_/_/_/_/_/_/_/_/_/_/_/_/_/_/_/_/_/_/_/_/_/_/_/_/_/_/_/_/_/_/_/_/_/_/_/_/_/_/_/

    VTMC: Analysis of lipid surface area in protein-membrane systems
      version: 1.0
      last modified: Jan 13 2012
      programed by Takaharu Mori

    Copyright(C) 2012-
    Theoretical Biochemistry Lab, RIKEN Adv Sci Inst
    2-1 Hirosawa, Wako-shi, Saitama, 351-0198, Japan
    http://www.riken.jp/TBC07/

    Ref) T.Mori, F.Ogushi, and Y.Sugita, J.Comput.Chem., 33, 286-293 (2012)

_/_/_/_/_/_/_/_/_/_/_/_/_/_/_/_/_/_/_/_/_/_/_/_/_/_/_/_/_/_/_/_/_/_/_/_/_/_/_/_/

 INFO> Read configulation file
  
 [INPUT]
   PDB file           =  L-VTMC-GIB13.pdb-A
 
 [OUTPUT]
   output level       =      0
   output name        =  L-VTMC-GIB13.pdb-A
 
 [PROTEIN]
   residue list       =     12
      LYS       LYS       LYS       HIS       MET       LYS       VAL       PHE 
      PHE       LEU       PHE       ALA 
   select hydrogen    =    YES
 
 [LIPID]
   residue list       =      1
      POP 
   select hydrogen    =    YES
   lipid head atom    =        P   
 
 [ATOM_MASS]
   mass list          =      6
                H     =     1.008
                C     =    12.010
                O     =    16.000
                N     =    14.010
                P     =    30.970
                S     =    32.070
 
 [VDW_RADIUS]
   vdw_radius list    =      6
                H     =     1.200
                C     =     1.700
                O     =     1.520
                N     =     1.550
                P     =     1.800
                S     =     1.800
 
 [ANALYSIS]
   cell center        =     0.000   0.000
   cell size          =    61.538  61.538
   probe atom radius  =     0.100
   factor             =           100
   iseed              =       3141592
   randomize          =    YES
   decimal place      =            12
 
 
 INFO> Read PDB file
  
     open pdb file                                        [OK]
     count the number of lipid molecules                  [OK]
     calculate the bilayer center                         [OK]
     memory allocation for lipids                         [OK]
     compute the center of mass of each lipid             [OK]
     separate the bilayer                                 [OK]
     memory allocation for lipid coordinates              [OK]
     count the number of protein atoms                    [OK]
     select protein atoms                                 [OK]
     memory allocation for protein coordinates            [OK]
     copy protein coordinates                             [OK]
 
 [SYSTEM STATISTICS]
   total number of protein atoms =         152
   total number of lipids        =         128
   bilayer center                =      42.804
 
   layer1: number of lipids =          64
                       Zmax =      71.530
                       Zmin =      37.490
           selected protein atoms =           0
 
   layer2: number of lipids =          64
                       Zmax =      49.030
                       Zmin =      14.110
           selected protein atoms =         117
 
 
 INFO> Perform Voronoi analysis for Layer 1
 
     randomize coordinates of lipid center of mass        [OK]
     wrap all lipids into the unit cell                   [OK]
     set periodic boundary condition for lipids           [OK]
     use fast algorithm                                   [OK]
     allocate memory for voronoi analysis                 [OK]
     compute voronoi vertices                             [OK]
     compute area per lipid                               [OK]
     deallocate memory                                    [OK]

 [RESULTS]
                             ALL     BOUND   N-BOUND     ERROR
   num_lipids     :           64         0        64         0
   area per lipid :       59.171     0.000    59.171

 
 INFO> Perform Voronoi analysis for Layer 2
 
     randomize coordinates of lipid center of mass        [OK]
     wrap all lipids into the unit cell                   [OK]
     set periodic boundary condition for lipids           [OK]
     wrap all protein atoms into the unit cell            [OK]
     set periodic boundary condition for protein          [OK]
     use fast algorithm                                   [OK]
     allocate memory for voronoi analysis                 [OK]
     compute voronoi vertices                             [OK]
     MC for    1  Avor =     65.623  Ntot =       6562  Nhit =       5349
     MC for    2  Avor =     51.048  Ntot =       5104  Nhit =       3493
     MC for    8  Avor =     60.516  Ntot =       6051  Nhit =        988
     MC for    9  Avor =     52.577  Ntot =       5257  Nhit =       2762
     MC for   10  Avor =     74.443  Ntot =       7444  Nhit =          0
     MC for   16  Avor =     39.845  Ntot =       3984  Nhit =       1257
     MC for   17  Avor =     79.351  Ntot =       7935  Nhit =        856
     MC for   19  Avor =     52.166  Ntot =       5216  Nhit =       1496
     MC for   22  Avor =     35.462  Ntot =       3546  Nhit =       1059
     MC for   23  Avor =     57.185  Ntot =       5718  Nhit =       2215
     MC for   24  Avor =     63.927  Ntot =       6392  Nhit =       4825
     MC for   25  was not done (no protein atom exists in the polygon)
     MC for   30  Avor =     75.962  Ntot =       7596  Nhit =          0
     MC for   31  Avor =     59.930  Ntot =       5993  Nhit =         67
     MC for   32  Avor =     58.021  Ntot =       5802  Nhit =          0
     MC for   33  was not done (no protein atom exists in the polygon)
     MC for   40  was not done (no protein atom exists in the polygon)
     MC for   56  Avor =     58.504  Ntot =       5850  Nhit =        454
     MC for   57  Avor =     56.915  Ntot =       5691  Nhit =        527
     MC for   60  was not done (no protein atom exists in the polygon)
     MC for   64  Avor =     56.978  Ntot =       5697  Nhit =       5347
     compute area per lipid                               [OK]
     deallocate memory                                    [OK]

 [RESULTS]
                             ALL     BOUND   N-BOUND     ERROR
   num_lipids     :           64        21        43         0
   area per lipid :       54.374    44.728    59.085

 
 INFO> Summary of the results
 
   average area of all lipids          :     56.772   /    128
   average area of boundary lipids     :     44.728   /     21
   average area of non-boundary lipids :     59.136   /    107
 
 
 INFO> Deallocate all configulation data
 INFO> Deallocate all pdb data
 
 [CPU TIME]
  total    :     0.113(sec)
  analysis :     0.051(sec)
 
