_/_/_/_/_/_/_/_/_/_/_/_/_/_/_/_/_/_/_/_/_/_/_/_/_/_/_/_/_/_/_/_/_/_/_/_/_/_/_/_/

    VTMC: Analysis of lipid surface area in protein-membrane systems
      version: 1.0
      last modified: Jan 13 2012
      programed by Takaharu Mori

    Copyright(C) 2012-
    Theoretical Biochemistry Lab, RIKEN Adv Sci Inst
    2-1 Hirosawa, Wako-shi, Saitama, 351-0198, Japan
    http://www.riken.jp/TBC07/

    Ref) T.Mori, F.Ogushi, and Y.Sugita, J.Comput.Chem., 33, 286-293 (2012)

_/_/_/_/_/_/_/_/_/_/_/_/_/_/_/_/_/_/_/_/_/_/_/_/_/_/_/_/_/_/_/_/_/_/_/_/_/_/_/_/

 INFO> Read configulation file
  
 [INPUT]
   PDB file           =  L-VTMC-1X22.pdb-A
 
 [OUTPUT]
   output level       =      0
   output name        =  L-VTMC-1X22.pdb-A
 
 [PROTEIN]
   residue list       =     42
      GLY       LYS       ILE       PRO       VAL       LYS       ALA       ILE 
      LYS       LYS       ALA       GLY       ALA       ALA       ILE       GLY 
      LYS       GLY       LEU       ARG       ALA       ILE       ASN       ILE 
      ALA       SER       THR       ALA       HIS       ASP       VAL       TYR 
      SER       PHE       PHE       LYS       PRO       LYS       HIS       LYS 
      LYS       LYS 
   select hydrogen    =    YES
 
 [LIPID]
   residue list       =      1
      POP 
   select hydrogen    =    YES
   lipid head atom    =        P   
 
 [ATOM_MASS]
   mass list          =      6
                H     =     1.008
                C     =    12.010
                O     =    16.000
                N     =    14.010
                P     =    30.970
                S     =    32.070
 
 [VDW_RADIUS]
   vdw_radius list    =      6
                H     =     1.200
                C     =     1.700
                O     =     1.520
                N     =     1.550
                P     =     1.800
                S     =     1.800
 
 [ANALYSIS]
   cell center        =     0.000   0.000
   cell size          =    60.376  60.376
   probe atom radius  =     0.100
   factor             =           100
   iseed              =       3141592
   randomize          =    YES
   decimal place      =            12
 
 
 INFO> Read PDB file
  
     open pdb file                                        [OK]
     count the number of lipid molecules                  [OK]
     calculate the bilayer center                         [OK]
     memory allocation for lipids                         [OK]
     compute the center of mass of each lipid             [OK]
     separate the bilayer                                 [OK]
     memory allocation for lipid coordinates              [OK]
     count the number of protein atoms                    [OK]
     select protein atoms                                 [OK]
     memory allocation for protein coordinates            [OK]
     copy protein coordinates                             [OK]
 
 [SYSTEM STATISTICS]
   total number of protein atoms =         421
   total number of lipids        =         128
   bilayer center                =      43.753
 
   layer1: number of lipids =          64
                       Zmax =      72.750
                       Zmin =      39.100
           selected protein atoms =           0
 
   layer2: number of lipids =          64
                       Zmax =      48.140
                       Zmin =      15.310
           selected protein atoms =         217
 
 
 INFO> Perform Voronoi analysis for Layer 1
 
     randomize coordinates of lipid center of mass        [OK]
     wrap all lipids into the unit cell                   [OK]
     set periodic boundary condition for lipids           [OK]
     use fast algorithm                                   [OK]
     allocate memory for voronoi analysis                 [OK]
     compute voronoi vertices                             [OK]
     compute area per lipid                               [OK]
     deallocate memory                                    [OK]

 [RESULTS]
                             ALL     BOUND   N-BOUND     ERROR
   num_lipids     :           64         0        64         0
   area per lipid :       56.957     0.000    56.957

 
 INFO> Perform Voronoi analysis for Layer 2
 
     randomize coordinates of lipid center of mass        [OK]
     wrap all lipids into the unit cell                   [OK]
     set periodic boundary condition for lipids           [OK]
     wrap all protein atoms into the unit cell            [OK]
     set periodic boundary condition for protein          [OK]
     use fast algorithm                                   [OK]
     allocate memory for voronoi analysis                 [OK]
     compute voronoi vertices                             [OK]
     MC for    1  Avor =     53.522  Ntot =       5352  Nhit =       3874
     MC for    2  Avor =     59.143  Ntot =       5914  Nhit =        521
     MC for    4  Avor =     68.556  Ntot =       6855  Nhit =        548
     MC for    5  was not done (no protein atom exists in the polygon)
     MC for    6  Avor =     57.414  Ntot =       5741  Nhit =       1655
     MC for    7  Avor =     57.306  Ntot =       5730  Nhit =        726
     MC for    8  Avor =     62.936  Ntot =       6293  Nhit =       1910
     MC for    9  was not done (no protein atom exists in the polygon)
     MC for   11  Avor =     50.548  Ntot =       5054  Nhit =          3
     MC for   14  Avor =     52.433  Ntot =       5243  Nhit =       4079
     MC for   15  Avor =     52.745  Ntot =       5274  Nhit =        196
     MC for   16  Avor =     63.658  Ntot =       6365  Nhit =       4840
     MC for   21  Avor =     53.911  Ntot =       5391  Nhit =       3742
     MC for   22  Avor =     52.627  Ntot =       5262  Nhit =       3307
     MC for   23  Avor =     41.280  Ntot =       4127  Nhit =       3560
     MC for   24  Avor =     47.779  Ntot =       4777  Nhit =        812
     MC for   27  Avor =     52.857  Ntot =       5285  Nhit =       1552
     MC for   29  Avor =     52.989  Ntot =       5298  Nhit =        328
     MC for   30  Avor =     64.349  Ntot =       6434  Nhit =       2001
     MC for   31  Avor =     59.803  Ntot =       5980  Nhit =       5946
     MC for   32  Avor =     60.813  Ntot =       6081  Nhit =        707
     MC for   35  Avor =     55.289  Ntot =       5528  Nhit =          0
     MC for   38  Avor =     61.280  Ntot =       6127  Nhit =       1470
     MC for   40  Avor =     55.488  Ntot =       5548  Nhit =       1409
     MC for   41  was not done (no protein atom exists in the polygon)
     MC for   45  Avor =     63.292  Ntot =       6329  Nhit =          0
     MC for   46  Avor =     66.494  Ntot =       6649  Nhit =        528
     MC for   47  Avor =     70.908  Ntot =       7090  Nhit =       4071
     MC for   48  Avor =     73.789  Ntot =       7378  Nhit =          0
     MC for   54  was not done (no protein atom exists in the polygon)
     MC for   55  Avor =     55.156  Ntot =       5515  Nhit =        525
     MC for   56  Avor =     69.884  Ntot =       6988  Nhit =       2667
     MC for   57  Avor =     53.692  Ntot =       5369  Nhit =        992
     MC for   60  was not done (no protein atom exists in the polygon)
     MC for   62  Avor =     37.422  Ntot =       3742  Nhit =        292
     MC for   63  was not done (no protein atom exists in the polygon)
     MC for   64  Avor =     53.226  Ntot =       5322  Nhit =       3685
     compute area per lipid                               [OK]
     deallocate memory                                    [OK]

 [RESULTS]
                             ALL     BOUND   N-BOUND     ERROR
   num_lipids     :           64        37        27         0
   area per lipid :       48.215    42.171    56.497

 
 INFO> Summary of the results
 
   average area of all lipids          :     52.586   /    128
   average area of boundary lipids     :     42.171   /     37
   average area of non-boundary lipids :     56.821   /     91
 
 
 INFO> Deallocate all configulation data
 INFO> Deallocate all pdb data
 
 [CPU TIME]
  total    :     0.135(sec)
  analysis :     0.063(sec)
 
