_/_/_/_/_/_/_/_/_/_/_/_/_/_/_/_/_/_/_/_/_/_/_/_/_/_/_/_/_/_/_/_/_/_/_/_/_/_/_/_/

    VTMC: Analysis of lipid surface area in protein-membrane systems
      version: 1.0
      last modified: Jan 13 2012
      programed by Takaharu Mori

    Copyright(C) 2012-
    Theoretical Biochemistry Lab, RIKEN Adv Sci Inst
    2-1 Hirosawa, Wako-shi, Saitama, 351-0198, Japan
    http://www.riken.jp/TBC07/

    Ref) T.Mori, F.Ogushi, and Y.Sugita, J.Comput.Chem., 33, 286-293 (2012)

_/_/_/_/_/_/_/_/_/_/_/_/_/_/_/_/_/_/_/_/_/_/_/_/_/_/_/_/_/_/_/_/_/_/_/_/_/_/_/_/

 INFO> Read configulation file
  
 [INPUT]
   PDB file           =  L-VTMC-GIB7.pdb-A
 
 [OUTPUT]
   output level       =      0
   output name        =  L-VTMC-GIB7.pdb-A
 
 [PROTEIN]
   residue list       =     16
      GLY       GLY       LYS       ILE       TYR       LYS       ALA       GLY 
      LYS       CYS       GLY       LEU       VAL       VAL       LEU       LYS 
   select hydrogen    =    YES
 
 [LIPID]
   residue list       =      1
      POP 
   select hydrogen    =    YES
   lipid head atom    =        P   
 
 [ATOM_MASS]
   mass list          =      6
                H     =     1.008
                C     =    12.010
                O     =    16.000
                N     =    14.010
                P     =    30.970
                S     =    32.070
 
 [VDW_RADIUS]
   vdw_radius list    =      6
                H     =     1.200
                C     =     1.700
                O     =     1.520
                N     =     1.550
                P     =     1.800
                S     =     1.800
 
 [ANALYSIS]
   cell center        =     0.000   0.000
   cell size          =    60.855  60.855
   probe atom radius  =     0.100
   factor             =           100
   iseed              =       3141592
   randomize          =    YES
   decimal place      =            12
 
 
 INFO> Read PDB file
  
     open pdb file                                        [OK]
     count the number of lipid molecules                  [OK]
     calculate the bilayer center                         [OK]
     memory allocation for lipids                         [OK]
     compute the center of mass of each lipid             [OK]
     separate the bilayer                                 [OK]
     memory allocation for lipid coordinates              [OK]
     count the number of protein atoms                    [OK]
     select protein atoms                                 [OK]
     memory allocation for protein coordinates            [OK]
     copy protein coordinates                             [OK]
 
 [SYSTEM STATISTICS]
   total number of protein atoms =         150
   total number of lipids        =         128
   bilayer center                =      43.947
 
   layer1: number of lipids =          64
                       Zmax =      72.040
                       Zmin =      40.270
           selected protein atoms =          71
 
   layer2: number of lipids =          64
                       Zmax =      48.280
                       Zmin =      14.480
           selected protein atoms =           0
 
 
 INFO> Perform Voronoi analysis for Layer 1
 
     randomize coordinates of lipid center of mass        [OK]
     wrap all lipids into the unit cell                   [OK]
     set periodic boundary condition for lipids           [OK]
     wrap all protein atoms into the unit cell            [OK]
     set periodic boundary condition for protein          [OK]
     use fast algorithm                                   [OK]
     allocate memory for voronoi analysis                 [OK]
     compute voronoi vertices                             [OK]
     MC for    1  Avor =     56.964  Ntot =       5696  Nhit =          0
     MC for    5  Avor =     74.559  Ntot =       7455  Nhit =         19
     MC for    7  Avor =     42.229  Ntot =       4222  Nhit =       2606
     MC for    8  Avor =     59.701  Ntot =       5970  Nhit =       5400
     MC for    9  Avor =     52.467  Ntot =       5246  Nhit =          0
     MC for   13  Avor =     53.456  Ntot =       5345  Nhit =          0
     MC for   15  Avor =     58.134  Ntot =       5813  Nhit =       2685
     MC for   16  Avor =     54.141  Ntot =       5414  Nhit =       3226
     MC for   22  Avor =     70.712  Ntot =       7071  Nhit =       3610
     MC for   23  Avor =     59.515  Ntot =       5951  Nhit =        163
     MC for   24  Avor =     54.209  Ntot =       5420  Nhit =        471
     MC for   41  was not done (no protein atom exists in the polygon)
     MC for   49  Avor =     72.604  Ntot =       7260  Nhit =       2065
     MC for   54  Avor =     42.233  Ntot =       4223  Nhit =        110
     MC for   62  Avor =     74.947  Ntot =       7494  Nhit =         74
     MC for   64  was not done (no protein atom exists in the polygon)
     compute area per lipid                               [OK]
     deallocate memory                                    [OK]

 [RESULTS]
                             ALL     BOUND   N-BOUND     ERROR
   num_lipids     :           64        16        48         0
   area per lipid :       54.672    46.045    57.548

 
 INFO> Perform Voronoi analysis for Layer 2
 
     randomize coordinates of lipid center of mass        [OK]
     wrap all lipids into the unit cell                   [OK]
     set periodic boundary condition for lipids           [OK]
     use fast algorithm                                   [OK]
     allocate memory for voronoi analysis                 [OK]
     compute voronoi vertices                             [OK]
     compute area per lipid                               [OK]
     deallocate memory                                    [OK]

 [RESULTS]
                             ALL     BOUND   N-BOUND     ERROR
   num_lipids     :           64         0        64         0
   area per lipid :       57.865     0.000    57.865

 
 INFO> Summary of the results
 
   average area of all lipids          :     56.268   /    128
   average area of boundary lipids     :     46.045   /     16
   average area of non-boundary lipids :     57.729   /    112
 
 
 INFO> Deallocate all configulation data
 INFO> Deallocate all pdb data
 
 [CPU TIME]
  total    :     0.108(sec)
  analysis :     0.044(sec)
 
