_/_/_/_/_/_/_/_/_/_/_/_/_/_/_/_/_/_/_/_/_/_/_/_/_/_/_/_/_/_/_/_/_/_/_/_/_/_/_/_/

    VTMC: Analysis of lipid surface area in protein-membrane systems
      version: 1.0
      last modified: Jan 13 2012
      programed by Takaharu Mori

    Copyright(C) 2012-
    Theoretical Biochemistry Lab, RIKEN Adv Sci Inst
    2-1 Hirosawa, Wako-shi, Saitama, 351-0198, Japan
    http://www.riken.jp/TBC07/

    Ref) T.Mori, F.Ogushi, and Y.Sugita, J.Comput.Chem., 33, 286-293 (2012)

_/_/_/_/_/_/_/_/_/_/_/_/_/_/_/_/_/_/_/_/_/_/_/_/_/_/_/_/_/_/_/_/_/_/_/_/_/_/_/_/

 INFO> Read configulation file
  
 [INPUT]
   PDB file           =  L-VTMC-GIB30.pdb-A
 
 [OUTPUT]
   output level       =      0
   output name        =  L-VTMC-GIB30.pdb-A
 
 [PROTEIN]
   residue list       =     12
      TYR       GLY       GLY       PHE       LEU       LYS       LYS       THR 
      ILE       VAL       MET       LYS 
   select hydrogen    =    YES
 
 [LIPID]
   residue list       =      1
      POP 
   select hydrogen    =    YES
   lipid head atom    =        P   
 
 [ATOM_MASS]
   mass list          =      6
                H     =     1.008
                C     =    12.010
                O     =    16.000
                N     =    14.010
                P     =    30.970
                S     =    32.070
 
 [VDW_RADIUS]
   vdw_radius list    =      6
                H     =     1.200
                C     =     1.700
                O     =     1.520
                N     =     1.550
                P     =     1.800
                S     =     1.800
 
 [ANALYSIS]
   cell center        =     0.000   0.000
   cell size          =    60.516  60.516
   probe atom radius  =     0.100
   factor             =           100
   iseed              =       3141592
   randomize          =    YES
   decimal place      =            12
 
 
 INFO> Read PDB file
  
     open pdb file                                        [OK]
     count the number of lipid molecules                  [OK]
     calculate the bilayer center                         [OK]
     memory allocation for lipids                         [OK]
     compute the center of mass of each lipid             [OK]
     separate the bilayer                                 [OK]
     memory allocation for lipid coordinates              [OK]
     count the number of protein atoms                    [OK]
     select protein atoms                                 [OK]
     memory allocation for protein coordinates            [OK]
     copy protein coordinates                             [OK]
 
 [SYSTEM STATISTICS]
   total number of protein atoms =         131
   total number of lipids        =         128
   bilayer center                =      44.039
 
   layer1: number of lipids =          64
                       Zmax =      74.020
                       Zmin =      39.980
           selected protein atoms =           0
 
   layer2: number of lipids =          64
                       Zmax =      47.800
                       Zmin =      14.270
           selected protein atoms =         127
 
 
 INFO> Perform Voronoi analysis for Layer 1
 
     randomize coordinates of lipid center of mass        [OK]
     wrap all lipids into the unit cell                   [OK]
     set periodic boundary condition for lipids           [OK]
     use fast algorithm                                   [OK]
     allocate memory for voronoi analysis                 [OK]
     compute voronoi vertices                             [OK]
     compute area per lipid                               [OK]
     deallocate memory                                    [OK]

 [RESULTS]
                             ALL     BOUND   N-BOUND     ERROR
   num_lipids     :           64         0        64         0
   area per lipid :       57.222     0.000    57.222

 
 INFO> Perform Voronoi analysis for Layer 2
 
     randomize coordinates of lipid center of mass        [OK]
     wrap all lipids into the unit cell                   [OK]
     set periodic boundary condition for lipids           [OK]
     wrap all protein atoms into the unit cell            [OK]
     set periodic boundary condition for protein          [OK]
     use fast algorithm                                   [OK]
     allocate memory for voronoi analysis                 [OK]
     compute voronoi vertices                             [OK]
     MC for    5  was not done (no protein atom exists in the polygon)
     MC for   16  Avor =     67.128  Ntot =       6712  Nhit =        305
     MC for   20  Avor =     52.289  Ntot =       5228  Nhit =          0
     MC for   24  was not done (no protein atom exists in the polygon)
     MC for   30  Avor =     59.752  Ntot =       5975  Nhit =        780
     MC for   31  Avor =     64.404  Ntot =       6440  Nhit =       4366
     MC for   32  Avor =     53.349  Ntot =       5334  Nhit =          0
     MC for   34  Avor =     74.684  Ntot =       7468  Nhit =        123
     MC for   35  Avor =     65.237  Ntot =       6523  Nhit =          3
     MC for   37  Avor =     64.007  Ntot =       6400  Nhit =       4885
     MC for   38  Avor =     61.887  Ntot =       6188  Nhit =         47
     MC for   39  Avor =     80.556  Ntot =       8055  Nhit =       6872
     MC for   40  Avor =     33.125  Ntot =       3312  Nhit =          0
     MC for   44  Avor =     57.512  Ntot =       5751  Nhit =          0
     MC for   45  Avor =     54.452  Ntot =       5445  Nhit =       3902
     MC for   46  Avor =     52.265  Ntot =       5226  Nhit =       5091
     MC for   47  Avor =     53.696  Ntot =       5369  Nhit =          0
     MC for   48  was not done (no protein atom exists in the polygon)
     MC for   53  was not done (no protein atom exists in the polygon)
     MC for   54  Avor =     75.315  Ntot =       7531  Nhit =       1299
     MC for   62  Avor =     52.677  Ntot =       5267  Nhit =       2566
     MC for   63  Avor =     55.995  Ntot =       5599  Nhit =          0
     compute area per lipid                               [OK]
     deallocate memory                                    [OK]

 [RESULTS]
                             ALL     BOUND   N-BOUND     ERROR
   num_lipids     :           64        22        42         0
   area per lipid :       52.496    45.920    55.941

 
 INFO> Summary of the results
 
   average area of all lipids          :     54.859   /    128
   average area of boundary lipids     :     45.920   /     22
   average area of non-boundary lipids :     56.714   /    106
 
 
 INFO> Deallocate all configulation data
 INFO> Deallocate all pdb data
 
 [CPU TIME]
  total    :     0.117(sec)
  analysis :     0.050(sec)
 
