_/_/_/_/_/_/_/_/_/_/_/_/_/_/_/_/_/_/_/_/_/_/_/_/_/_/_/_/_/_/_/_/_/_/_/_/_/_/_/_/

    VTMC: Analysis of lipid surface area in protein-membrane systems
      version: 1.0
      last modified: Jan 13 2012
      programed by Takaharu Mori

    Copyright(C) 2012-
    Theoretical Biochemistry Lab, RIKEN Adv Sci Inst
    2-1 Hirosawa, Wako-shi, Saitama, 351-0198, Japan
    http://www.riken.jp/TBC07/

    Ref) T.Mori, F.Ogushi, and Y.Sugita, J.Comput.Chem., 33, 286-293 (2012)

_/_/_/_/_/_/_/_/_/_/_/_/_/_/_/_/_/_/_/_/_/_/_/_/_/_/_/_/_/_/_/_/_/_/_/_/_/_/_/_/

 INFO> Read configulation file
  
 [INPUT]
   PDB file           =  L-VTMC-GIB19.pdb-A
 
 [OUTPUT]
   output level       =      0
   output name        =  L-VTMC-GIB19.pdb-A
 
 [PROTEIN]
   residue list       =     17
      LEU       GLY       LYS       ASN       ILE       GLY       LEU       LEU 
      SER       VAL       PHE       LYS       LYS       VAL       LEU       LYS 
      GLY 
   select hydrogen    =    YES
 
 [LIPID]
   residue list       =      1
      POP 
   select hydrogen    =    YES
   lipid head atom    =        P   
 
 [ATOM_MASS]
   mass list          =      6
                H     =     1.008
                C     =    12.010
                O     =    16.000
                N     =    14.010
                P     =    30.970
                S     =    32.070
 
 [VDW_RADIUS]
   vdw_radius list    =      6
                H     =     1.200
                C     =     1.700
                O     =     1.520
                N     =     1.550
                P     =     1.800
                S     =     1.800
 
 [ANALYSIS]
   cell center        =     0.000   0.000
   cell size          =    60.695  60.695
   probe atom radius  =     0.100
   factor             =           100
   iseed              =       3141592
   randomize          =    YES
   decimal place      =            12
 
 
 INFO> Read PDB file
  
     open pdb file                                        [OK]
     count the number of lipid molecules                  [OK]
     calculate the bilayer center                         [OK]
     memory allocation for lipids                         [OK]
     compute the center of mass of each lipid             [OK]
     separate the bilayer                                 [OK]
     memory allocation for lipid coordinates              [OK]
     count the number of protein atoms                    [OK]
     select protein atoms                                 [OK]
     memory allocation for protein coordinates            [OK]
     copy protein coordinates                             [OK]
 
 [SYSTEM STATISTICS]
   total number of protein atoms =         167
   total number of lipids        =         128
   bilayer center                =      43.674
 
   layer1: number of lipids =          64
                       Zmax =      72.510
                       Zmin =      37.620
           selected protein atoms =           0
 
   layer2: number of lipids =          64
                       Zmax =      49.770
                       Zmin =      16.440
           selected protein atoms =          22
 
 
 INFO> Perform Voronoi analysis for Layer 1
 
     randomize coordinates of lipid center of mass        [OK]
     wrap all lipids into the unit cell                   [OK]
     set periodic boundary condition for lipids           [OK]
     use fast algorithm                                   [OK]
     allocate memory for voronoi analysis                 [OK]
     compute voronoi vertices                             [OK]
     compute area per lipid                               [OK]
     deallocate memory                                    [OK]

 [RESULTS]
                             ALL     BOUND   N-BOUND     ERROR
   num_lipids     :           64         0        64         0
   area per lipid :       57.561     0.000    57.561

 
 INFO> Perform Voronoi analysis for Layer 2
 
     randomize coordinates of lipid center of mass        [OK]
     wrap all lipids into the unit cell                   [OK]
     set periodic boundary condition for lipids           [OK]
     wrap all protein atoms into the unit cell            [OK]
     set periodic boundary condition for protein          [OK]
     use fast algorithm                                   [OK]
     allocate memory for voronoi analysis                 [OK]
     compute voronoi vertices                             [OK]
     MC for    1  Avor =     45.296  Ntot =       4529  Nhit =       4022
     MC for    8  was not done (no protein atom exists in the polygon)
     MC for    9  was not done (no protein atom exists in the polygon)
     MC for   16  Avor =     68.457  Ntot =       6845  Nhit =         24
     MC for   22  Avor =     43.854  Ntot =       4385  Nhit =         72
     MC for   23  Avor =     39.286  Ntot =       3928  Nhit =       2139
     MC for   24  Avor =     45.128  Ntot =       4512  Nhit =        909
     MC for   29  Avor =     73.817  Ntot =       7381  Nhit =         40
     MC for   31  Avor =     66.240  Ntot =       6623  Nhit =        551
     MC for   32  Avor =     54.786  Ntot =       5478  Nhit =        413
     MC for   40  was not done (no protein atom exists in the polygon)
     MC for   64  was not done (no protein atom exists in the polygon)
     compute area per lipid                               [OK]
     deallocate memory                                    [OK]

 [RESULTS]
                             ALL     BOUND   N-BOUND     ERROR
   num_lipids     :           64        12        52         0
   area per lipid :       56.284    48.666    58.042

 
 INFO> Summary of the results
 
   average area of all lipids          :     56.922   /    128
   average area of boundary lipids     :     48.666   /     12
   average area of non-boundary lipids :     57.776   /    116
 
 
 INFO> Deallocate all configulation data
 INFO> Deallocate all pdb data
 
 [CPU TIME]
  total    :     0.105(sec)
  analysis :     0.042(sec)
 
