_/_/_/_/_/_/_/_/_/_/_/_/_/_/_/_/_/_/_/_/_/_/_/_/_/_/_/_/_/_/_/_/_/_/_/_/_/_/_/_/

    VTMC: Analysis of lipid surface area in protein-membrane systems
      version: 1.0
      last modified: Jan 13 2012
      programed by Takaharu Mori

    Copyright(C) 2012-
    Theoretical Biochemistry Lab, RIKEN Adv Sci Inst
    2-1 Hirosawa, Wako-shi, Saitama, 351-0198, Japan
    http://www.riken.jp/TBC07/

    Ref) T.Mori, F.Ogushi, and Y.Sugita, J.Comput.Chem., 33, 286-293 (2012)

_/_/_/_/_/_/_/_/_/_/_/_/_/_/_/_/_/_/_/_/_/_/_/_/_/_/_/_/_/_/_/_/_/_/_/_/_/_/_/_/

 INFO> Read configulation file
  
 [INPUT]
   PDB file           =  L-VTMC-GIB16.pdb-A
 
 [OUTPUT]
   output level       =      0
   output name        =  L-VTMC-GIB16.pdb-A
 
 [PROTEIN]
   residue list       =     17
      LYS       ALA       THR       LYS       LYS       CYS       GLY       LEU 
      PHE       SER       ILE       LEU       LYS       GLY       VAL       GLY 
      LYS 
   select hydrogen    =    YES
 
 [LIPID]
   residue list       =      1
      POP 
   select hydrogen    =    YES
   lipid head atom    =        P   
 
 [ATOM_MASS]
   mass list          =      6
                H     =     1.008
                C     =    12.010
                O     =    16.000
                N     =    14.010
                P     =    30.970
                S     =    32.070
 
 [VDW_RADIUS]
   vdw_radius list    =      6
                H     =     1.200
                C     =     1.700
                O     =     1.520
                N     =     1.550
                P     =     1.800
                S     =     1.800
 
 [ANALYSIS]
   cell center        =     0.000   0.000
   cell size          =    61.187  61.187
   probe atom radius  =     0.100
   factor             =           100
   iseed              =       3141592
   randomize          =    YES
   decimal place      =            12
 
 
 INFO> Read PDB file
  
     open pdb file                                        [OK]
     count the number of lipid molecules                  [OK]
     calculate the bilayer center                         [OK]
     memory allocation for lipids                         [OK]
     compute the center of mass of each lipid             [OK]
     separate the bilayer                                 [OK]
     memory allocation for lipid coordinates              [OK]
     count the number of protein atoms                    [OK]
     select protein atoms                                 [OK]
     memory allocation for protein coordinates            [OK]
     copy protein coordinates                             [OK]
 
 [SYSTEM STATISTICS]
   total number of protein atoms =         166
   total number of lipids        =         128
   bilayer center                =      43.477
 
   layer1: number of lipids =          64
                       Zmax =      71.960
                       Zmin =      39.570
           selected protein atoms =           0
 
   layer2: number of lipids =          64
                       Zmax =      47.480
                       Zmin =      15.300
           selected protein atoms =         141
 
 
 INFO> Perform Voronoi analysis for Layer 1
 
     randomize coordinates of lipid center of mass        [OK]
     wrap all lipids into the unit cell                   [OK]
     set periodic boundary condition for lipids           [OK]
     use fast algorithm                                   [OK]
     allocate memory for voronoi analysis                 [OK]
     compute voronoi vertices                             [OK]
     compute area per lipid                               [OK]
     deallocate memory                                    [OK]

 [RESULTS]
                             ALL     BOUND   N-BOUND     ERROR
   num_lipids     :           64         0        64         0
   area per lipid :       58.498     0.000    58.498

 
 INFO> Perform Voronoi analysis for Layer 2
 
     randomize coordinates of lipid center of mass        [OK]
     wrap all lipids into the unit cell                   [OK]
     set periodic boundary condition for lipids           [OK]
     wrap all protein atoms into the unit cell            [OK]
     set periodic boundary condition for protein          [OK]
     use fast algorithm                                   [OK]
     allocate memory for voronoi analysis                 [OK]
     compute voronoi vertices                             [OK]
     MC for    1  Avor =     55.270  Ntot =       5527  Nhit =       5207
     MC for    6  Avor =     47.018  Ntot =       4701  Nhit =        582
     MC for    7  Avor =     59.015  Ntot =       5901  Nhit =        711
     MC for    8  Avor =     56.965  Ntot =       5696  Nhit =       2256
     MC for   14  Avor =     61.487  Ntot =       6148  Nhit =        720
     MC for   15  Avor =     70.955  Ntot =       7095  Nhit =       5530
     MC for   16  Avor =     61.786  Ntot =       6178  Nhit =       1054
     MC for   21  Avor =     51.067  Ntot =       5106  Nhit =        127
     MC for   22  Avor =     55.511  Ntot =       5551  Nhit =       4821
     MC for   23  Avor =     48.644  Ntot =       4864  Nhit =       2758
     MC for   24  Avor =     68.566  Ntot =       6856  Nhit =        687
     MC for   27  was not done (no protein atom exists in the polygon)
     MC for   29  Avor =     58.369  Ntot =       5836  Nhit =       2576
     MC for   30  Avor =     61.184  Ntot =       6118  Nhit =        399
     MC for   31  Avor =     64.770  Ntot =       6476  Nhit =       2698
     MC for   32  was not done (no protein atom exists in the polygon)
     MC for   35  was not done (no protein atom exists in the polygon)
     MC for   38  Avor =     62.269  Ntot =       6226  Nhit =       1050
     MC for   56  was not done (no protein atom exists in the polygon)
     MC for   64  Avor =     64.029  Ntot =       6402  Nhit =          0
     compute area per lipid                               [OK]
     deallocate memory                                    [OK]

 [RESULTS]
                             ALL     BOUND   N-BOUND     ERROR
   num_lipids     :           64        20        44         0
   area per lipid :       53.626    43.413    58.268

 
 INFO> Summary of the results
 
   average area of all lipids          :     56.062   /    128
   average area of boundary lipids     :     43.413   /     20
   average area of non-boundary lipids :     58.404   /    108
 
 
 INFO> Deallocate all configulation data
 INFO> Deallocate all pdb data
 
 [CPU TIME]
  total    :     0.109(sec)
  analysis :     0.046(sec)
 
