_/_/_/_/_/_/_/_/_/_/_/_/_/_/_/_/_/_/_/_/_/_/_/_/_/_/_/_/_/_/_/_/_/_/_/_/_/_/_/_/

    VTMC: Analysis of lipid surface area in protein-membrane systems
      version: 1.0
      last modified: Jan 13 2012
      programed by Takaharu Mori

    Copyright(C) 2012-
    Theoretical Biochemistry Lab, RIKEN Adv Sci Inst
    2-1 Hirosawa, Wako-shi, Saitama, 351-0198, Japan
    http://www.riken.jp/TBC07/

    Ref) T.Mori, F.Ogushi, and Y.Sugita, J.Comput.Chem., 33, 286-293 (2012)

_/_/_/_/_/_/_/_/_/_/_/_/_/_/_/_/_/_/_/_/_/_/_/_/_/_/_/_/_/_/_/_/_/_/_/_/_/_/_/_/

 INFO> Read configulation file
  
 [INPUT]
   PDB file           =  L-VTMC-GIB2.pdb-A
 
 [OUTPUT]
   output level       =      0
   output name        =  L-VTMC-GIB2.pdb-A
 
 [PROTEIN]
   residue list       =     11
      GLN       LYS       ASN       LEU       LYS       VAL       THR       VAL 
      GLN       PRO       GLY 
   select hydrogen    =    YES
 
 [LIPID]
   residue list       =      1
      POP 
   select hydrogen    =    YES
   lipid head atom    =        P   
 
 [ATOM_MASS]
   mass list          =      6
                H     =     1.008
                C     =    12.010
                O     =    16.000
                N     =    14.010
                P     =    30.970
                S     =    32.070
 
 [VDW_RADIUS]
   vdw_radius list    =      6
                H     =     1.200
                C     =     1.700
                O     =     1.520
                N     =     1.550
                P     =     1.800
                S     =     1.800
 
 [ANALYSIS]
   cell center        =     0.000   0.000
   cell size          =    61.789  61.789
   probe atom radius  =     0.100
   factor             =           100
   iseed              =       3141592
   randomize          =    YES
   decimal place      =            12
 
 
 INFO> Read PDB file
  
     open pdb file                                        [OK]
     count the number of lipid molecules                  [OK]
     calculate the bilayer center                         [OK]
     memory allocation for lipids                         [OK]
     compute the center of mass of each lipid             [OK]
     separate the bilayer                                 [OK]
     memory allocation for lipid coordinates              [OK]
     count the number of protein atoms                    [OK]
     select protein atoms                                 [OK]
     memory allocation for protein coordinates            [OK]
     copy protein coordinates                             [OK]
 
 [SYSTEM STATISTICS]
   total number of protein atoms =         110
   total number of lipids        =         128
   bilayer center                =      42.706
 
   layer1: number of lipids =          64
                       Zmax =      68.660
                       Zmin =      35.490
           selected protein atoms =           0
 
   layer2: number of lipids =          64
                       Zmax =      47.350
                       Zmin =      15.200
           selected protein atoms =         104
 
 
 INFO> Perform Voronoi analysis for Layer 1
 
     randomize coordinates of lipid center of mass        [OK]
     wrap all lipids into the unit cell                   [OK]
     set periodic boundary condition for lipids           [OK]
     use fast algorithm                                   [OK]
     allocate memory for voronoi analysis                 [OK]
     compute voronoi vertices                             [OK]
     compute area per lipid                               [OK]
     deallocate memory                                    [OK]

 [RESULTS]
                             ALL     BOUND   N-BOUND     ERROR
   num_lipids     :           64         0        64         0
   area per lipid :       59.654     0.000    59.654

 
 INFO> Perform Voronoi analysis for Layer 2
 
     randomize coordinates of lipid center of mass        [OK]
     wrap all lipids into the unit cell                   [OK]
     set periodic boundary condition for lipids           [OK]
     wrap all protein atoms into the unit cell            [OK]
     set periodic boundary condition for protein          [OK]
     use fast algorithm                                   [OK]
     allocate memory for voronoi analysis                 [OK]
     compute voronoi vertices                             [OK]
     MC for    1  Avor =     69.730  Ntot =       6973  Nhit =       2565
     MC for    2  was not done (no protein atom exists in the polygon)
     MC for    9  Avor =     49.708  Ntot =       4970  Nhit =       1151
     MC for   10  was not done (no protein atom exists in the polygon)
     MC for   16  Avor =     52.468  Ntot =       5246  Nhit =       1430
     MC for   17  Avor =     50.344  Ntot =       5034  Nhit =          0
     MC for   23  Avor =     48.669  Ntot =       4866  Nhit =         21
     MC for   24  Avor =     71.926  Ntot =       7192  Nhit =       3514
     MC for   25  was not done (no protein atom exists in the polygon)
     MC for   28  was not done (no protein atom exists in the polygon)
     MC for   30  Avor =     66.947  Ntot =       6694  Nhit =       1260
     MC for   31  Avor =     73.386  Ntot =       7338  Nhit =       6426
     MC for   32  Avor =     69.193  Ntot =       6919  Nhit =       1488
     MC for   33  Avor =     73.005  Ntot =       7300  Nhit =          0
     MC for   38  was not done (no protein atom exists in the polygon)
     MC for   39  was not done (no protein atom exists in the polygon)
     MC for   40  Avor =     38.370  Ntot =       3836  Nhit =         35
     MC for   41  was not done (no protein atom exists in the polygon)
     MC for   45  Avor =     75.011  Ntot =       7501  Nhit =       1237
     MC for   47  Avor =     68.751  Ntot =       6875  Nhit =       3336
     MC for   48  Avor =     59.070  Ntot =       5907  Nhit =       1952
     MC for   62  Avor =     61.267  Ntot =       6126  Nhit =         22
     MC for   64  was not done (no protein atom exists in the polygon)
     compute area per lipid                               [OK]
     deallocate memory                                    [OK]

 [RESULTS]
                             ALL     BOUND   N-BOUND     ERROR
   num_lipids     :           64        23        41         0
   area per lipid :       55.836    51.212    58.430

 
 INFO> Summary of the results
 
   average area of all lipids          :     57.745   /    128
   average area of boundary lipids     :     51.212   /     23
   average area of non-boundary lipids :     59.176   /    105
 
 
 INFO> Deallocate all configulation data
 INFO> Deallocate all pdb data
 
 [CPU TIME]
  total    :     0.107(sec)
  analysis :     0.045(sec)
 
