_/_/_/_/_/_/_/_/_/_/_/_/_/_/_/_/_/_/_/_/_/_/_/_/_/_/_/_/_/_/_/_/_/_/_/_/_/_/_/_/

    VTMC: Analysis of lipid surface area in protein-membrane systems
      version: 1.0
      last modified: Jan 13 2012
      programed by Takaharu Mori

    Copyright(C) 2012-
    Theoretical Biochemistry Lab, RIKEN Adv Sci Inst
    2-1 Hirosawa, Wako-shi, Saitama, 351-0198, Japan
    http://www.riken.jp/TBC07/

    Ref) T.Mori, F.Ogushi, and Y.Sugita, J.Comput.Chem., 33, 286-293 (2012)

_/_/_/_/_/_/_/_/_/_/_/_/_/_/_/_/_/_/_/_/_/_/_/_/_/_/_/_/_/_/_/_/_/_/_/_/_/_/_/_/

 INFO> Read configulation file
  
 [INPUT]
   PDB file           =  L-VTMC-GIB4.pdb-A
 
 [OUTPUT]
   output level       =      0
   output name        =  L-VTMC-GIB4.pdb-A
 
 [PROTEIN]
   residue list       =     12
      PHE       ALA       LYS       LYS       LEU       LEU       ILE       LYS 
      TRP       LYS       ALA       ILE 
   select hydrogen    =    YES
 
 [LIPID]
   residue list       =      1
      POP 
   select hydrogen    =    YES
   lipid head atom    =        P   
 
 [ATOM_MASS]
   mass list          =      6
                H     =     1.008
                C     =    12.010
                O     =    16.000
                N     =    14.010
                P     =    30.970
                S     =    32.070
 
 [VDW_RADIUS]
   vdw_radius list    =      6
                H     =     1.200
                C     =     1.700
                O     =     1.520
                N     =     1.550
                P     =     1.800
                S     =     1.800
 
 [ANALYSIS]
   cell center        =     0.000   0.000
   cell size          =    61.029  61.029
   probe atom radius  =     0.100
   factor             =           100
   iseed              =       3141592
   randomize          =    YES
   decimal place      =            12
 
 
 INFO> Read PDB file
  
     open pdb file                                        [OK]
     count the number of lipid molecules                  [OK]
     calculate the bilayer center                         [OK]
     memory allocation for lipids                         [OK]
     compute the center of mass of each lipid             [OK]
     separate the bilayer                                 [OK]
     memory allocation for lipid coordinates              [OK]
     count the number of protein atoms                    [OK]
     select protein atoms                                 [OK]
     memory allocation for protein coordinates            [OK]
     copy protein coordinates                             [OK]
 
 [SYSTEM STATISTICS]
   total number of protein atoms =         104
   total number of lipids        =         128
   bilayer center                =      43.666
 
   layer1: number of lipids =          64
                       Zmax =      73.530
                       Zmin =      39.080
           selected protein atoms =           0
 
   layer2: number of lipids =          64
                       Zmax =      49.880
                       Zmin =      14.840
           selected protein atoms =          94
 
 
 INFO> Perform Voronoi analysis for Layer 1
 
     randomize coordinates of lipid center of mass        [OK]
     wrap all lipids into the unit cell                   [OK]
     set periodic boundary condition for lipids           [OK]
     use fast algorithm                                   [OK]
     allocate memory for voronoi analysis                 [OK]
     compute voronoi vertices                             [OK]
     compute area per lipid                               [OK]
     deallocate memory                                    [OK]

 [RESULTS]
                             ALL     BOUND   N-BOUND     ERROR
   num_lipids     :           64         0        64         0
   area per lipid :       58.196     0.000    58.196

 
 INFO> Perform Voronoi analysis for Layer 2
 
     randomize coordinates of lipid center of mass        [OK]
     wrap all lipids into the unit cell                   [OK]
     set periodic boundary condition for lipids           [OK]
     wrap all protein atoms into the unit cell            [OK]
     set periodic boundary condition for protein          [OK]
     use fast algorithm                                   [OK]
     allocate memory for voronoi analysis                 [OK]
     compute voronoi vertices                             [OK]
     MC for    1  Avor =     63.019  Ntot =       6301  Nhit =       5396
     MC for    2  Avor =     60.938  Ntot =       6093  Nhit =        189
     MC for    9  Avor =     45.285  Ntot =       4528  Nhit =       1222
     MC for   10  was not done (no protein atom exists in the polygon)
     MC for   15  was not done (no protein atom exists in the polygon)
     MC for   16  Avor =     57.617  Ntot =       5761  Nhit =          0
     MC for   17  Avor =     59.537  Ntot =       5953  Nhit =       2381
     MC for   21  was not done (no protein atom exists in the polygon)
     MC for   22  Avor =     58.406  Ntot =       5840  Nhit =       4060
     MC for   23  Avor =     58.925  Ntot =       5892  Nhit =       1485
     MC for   24  Avor =     46.722  Ntot =       4672  Nhit =       3867
     MC for   25  Avor =     49.826  Ntot =       4982  Nhit =          0
     MC for   29  Avor =     65.963  Ntot =       6596  Nhit =        121
     MC for   30  Avor =     46.322  Ntot =       4632  Nhit =          0
     MC for   31  Avor =     71.754  Ntot =       7175  Nhit =       1993
     MC for   32  Avor =     46.303  Ntot =       4630  Nhit =        208
     MC for   38  was not done (no protein atom exists in the polygon)
     MC for   57  Avor =     54.031  Ntot =       5403  Nhit =          9
     MC for   64  Avor =     61.696  Ntot =       6169  Nhit =       1016
     compute area per lipid                               [OK]
     deallocate memory                                    [OK]

 [RESULTS]
                             ALL     BOUND   N-BOUND     ERROR
   num_lipids     :           64        19        45         0
   area per lipid :       54.766    45.142    58.830

 
 INFO> Summary of the results
 
   average area of all lipids          :     56.481   /    128
   average area of boundary lipids     :     45.142   /     19
   average area of non-boundary lipids :     58.458   /    109
 
 
 INFO> Deallocate all configulation data
 INFO> Deallocate all pdb data
 
 [CPU TIME]
  total    :     0.111(sec)
  analysis :     0.046(sec)
 
