_/_/_/_/_/_/_/_/_/_/_/_/_/_/_/_/_/_/_/_/_/_/_/_/_/_/_/_/_/_/_/_/_/_/_/_/_/_/_/_/

    VTMC: Analysis of lipid surface area in protein-membrane systems
      version: 1.0
      last modified: Jan 13 2012
      programed by Takaharu Mori

    Copyright(C) 2012-
    Theoretical Biochemistry Lab, RIKEN Adv Sci Inst
    2-1 Hirosawa, Wako-shi, Saitama, 351-0198, Japan
    http://www.riken.jp/TBC07/

    Ref) T.Mori, F.Ogushi, and Y.Sugita, J.Comput.Chem., 33, 286-293 (2012)

_/_/_/_/_/_/_/_/_/_/_/_/_/_/_/_/_/_/_/_/_/_/_/_/_/_/_/_/_/_/_/_/_/_/_/_/_/_/_/_/

 INFO> Read configulation file
  
 [INPUT]
   PDB file           =  L-VTMC-2LO7.pdb-A
 
 [OUTPUT]
   output level       =      0
   output name        =  L-VTMC-2LO7.pdb-A
 
 [PROTEIN]
   residue list       =     31
      GLY       SER       GLY       CYS       MET       LYS       GLU       TYR 
      CYS       ALA       GLY       GLN       CYS       ARG       GLY       LYS 
      VAL       SER       GLN       ASP       TYR       CYS       LEU       LYS 
      HIS       CYS       LYS       CYS       ILE       PRO       ARG 
   select hydrogen    =    YES
 
 [LIPID]
   residue list       =      1
      POP 
   select hydrogen    =    YES
   lipid head atom    =        P   
 
 [ATOM_MASS]
   mass list          =      6
                H     =     1.008
                C     =    12.010
                O     =    16.000
                N     =    14.010
                P     =    30.970
                S     =    32.070
 
 [VDW_RADIUS]
   vdw_radius list    =      6
                H     =     1.200
                C     =     1.700
                O     =     1.520
                N     =     1.550
                P     =     1.800
                S     =     1.800
 
 [ANALYSIS]
   cell center        =     0.000   0.000
   cell size          =    60.336  60.336
   probe atom radius  =     0.100
   factor             =           100
   iseed              =       3141592
   randomize          =    YES
   decimal place      =            12
 
 
 INFO> Read PDB file
  
     open pdb file                                        [OK]
     count the number of lipid molecules                  [OK]
     calculate the bilayer center                         [OK]
     memory allocation for lipids                         [OK]
     compute the center of mass of each lipid             [OK]
     separate the bilayer                                 [OK]
     memory allocation for lipid coordinates              [OK]
     count the number of protein atoms                    [OK]
     select protein atoms                                 [OK]
     memory allocation for protein coordinates            [OK]
     copy protein coordinates                             [OK]
 
 [SYSTEM STATISTICS]
   total number of protein atoms =         314
   total number of lipids        =         128
   bilayer center                =      44.192
 
   layer1: number of lipids =          64
                       Zmax =      72.050
                       Zmin =      40.690
           selected protein atoms =           0
 
   layer2: number of lipids =          64
                       Zmax =      48.980
                       Zmin =      14.910
           selected protein atoms =          67
 
 
 INFO> Perform Voronoi analysis for Layer 1
 
     randomize coordinates of lipid center of mass        [OK]
     wrap all lipids into the unit cell                   [OK]
     set periodic boundary condition for lipids           [OK]
     use fast algorithm                                   [OK]
     allocate memory for voronoi analysis                 [OK]
     compute voronoi vertices                             [OK]
     compute area per lipid                               [OK]
     deallocate memory                                    [OK]

 [RESULTS]
                             ALL     BOUND   N-BOUND     ERROR
   num_lipids     :           64         0        64         0
   area per lipid :       56.882     0.000    56.882

 
 INFO> Perform Voronoi analysis for Layer 2
 
     randomize coordinates of lipid center of mass        [OK]
     wrap all lipids into the unit cell                   [OK]
     set periodic boundary condition for lipids           [OK]
     wrap all protein atoms into the unit cell            [OK]
     set periodic boundary condition for protein          [OK]
     use fast algorithm                                   [OK]
     allocate memory for voronoi analysis                 [OK]
     compute voronoi vertices                             [OK]
     MC for    1  Avor =     57.475  Ntot =       5747  Nhit =       2963
     MC for    2  was not done (no protein atom exists in the polygon)
     MC for    9  Avor =     51.781  Ntot =       5178  Nhit =        544
     MC for   16  Avor =     57.922  Ntot =       5792  Nhit =       4627
     MC for   22  Avor =     53.461  Ntot =       5346  Nhit =       1325
     MC for   23  Avor =     47.267  Ntot =       4726  Nhit =        325
     MC for   24  Avor =     49.893  Ntot =       4989  Nhit =       2711
     MC for   29  Avor =     48.229  Ntot =       4822  Nhit =          3
     MC for   30  Avor =     66.456  Ntot =       6645  Nhit =        107
     MC for   31  Avor =     57.004  Ntot =       5700  Nhit =       3252
     MC for   32  Avor =     59.224  Ntot =       5922  Nhit =       2559
     MC for   33  Avor =     68.408  Ntot =       6840  Nhit =         22
     MC for   40  Avor =     50.704  Ntot =       5070  Nhit =        683
     MC for   41  Avor =     50.811  Ntot =       5081  Nhit =       1255
     MC for   42  Avor =     65.927  Ntot =       6592  Nhit =        534
     MC for   47  was not done (no protein atom exists in the polygon)
     MC for   50  Avor =     56.744  Ntot =       5674  Nhit =          0
     MC for   64  was not done (no protein atom exists in the polygon)
     compute area per lipid                               [OK]
     deallocate memory                                    [OK]

 [RESULTS]
                             ALL     BOUND   N-BOUND     ERROR
   num_lipids     :           64        18        46         0
   area per lipid :       53.614    45.829    56.661

 
 INFO> Summary of the results
 
   average area of all lipids          :     55.248   /    128
   average area of boundary lipids     :     45.829   /     18
   average area of non-boundary lipids :     56.789   /    110
 
 
 INFO> Deallocate all configulation data
 INFO> Deallocate all pdb data
 
 [CPU TIME]
  total    :     0.112(sec)
  analysis :     0.046(sec)
 
