_/_/_/_/_/_/_/_/_/_/_/_/_/_/_/_/_/_/_/_/_/_/_/_/_/_/_/_/_/_/_/_/_/_/_/_/_/_/_/_/

    VTMC: Analysis of lipid surface area in protein-membrane systems
      version: 1.0
      last modified: Jan 13 2012
      programed by Takaharu Mori

    Copyright(C) 2012-
    Theoretical Biochemistry Lab, RIKEN Adv Sci Inst
    2-1 Hirosawa, Wako-shi, Saitama, 351-0198, Japan
    http://www.riken.jp/TBC07/

    Ref) T.Mori, F.Ogushi, and Y.Sugita, J.Comput.Chem., 33, 286-293 (2012)

_/_/_/_/_/_/_/_/_/_/_/_/_/_/_/_/_/_/_/_/_/_/_/_/_/_/_/_/_/_/_/_/_/_/_/_/_/_/_/_/

 INFO> Read configulation file
  
 [INPUT]
   PDB file           =  L-VTMC-GIB18.pdb-A
 
 [OUTPUT]
   output level       =      0
   output name        =  L-VTMC-GIB18.pdb-A
 
 [PROTEIN]
   residue list       =     11
      LYS       ILE       PHE       LYS       ILE       THR       LYS       LYS 
      PHE       PHE       PRO 
   select hydrogen    =    YES
 
 [LIPID]
   residue list       =      1
      POP 
   select hydrogen    =    YES
   lipid head atom    =        P   
 
 [ATOM_MASS]
   mass list          =      6
                H     =     1.008
                C     =    12.010
                O     =    16.000
                N     =    14.010
                P     =    30.970
                S     =    32.070
 
 [VDW_RADIUS]
   vdw_radius list    =      6
                H     =     1.200
                C     =     1.700
                O     =     1.520
                N     =     1.550
                P     =     1.800
                S     =     1.800
 
 [ANALYSIS]
   cell center        =     0.000   0.000
   cell size          =    59.775  59.775
   probe atom radius  =     0.100
   factor             =           100
   iseed              =       3141592
   randomize          =    YES
   decimal place      =            12
 
 
 INFO> Read PDB file
  
     open pdb file                                        [OK]
     count the number of lipid molecules                  [OK]
     calculate the bilayer center                         [OK]
     memory allocation for lipids                         [OK]
     compute the center of mass of each lipid             [OK]
     separate the bilayer                                 [OK]
     memory allocation for lipid coordinates              [OK]
     count the number of protein atoms                    [OK]
     select protein atoms                                 [OK]
     memory allocation for protein coordinates            [OK]
     copy protein coordinates                             [OK]
 
 [SYSTEM STATISTICS]
   total number of protein atoms =         140
   total number of lipids        =         128
   bilayer center                =      45.621
 
   layer1: number of lipids =          64
                       Zmax =      73.780
                       Zmin =      41.870
           selected protein atoms =           0
 
   layer2: number of lipids =          64
                       Zmax =      50.160
                       Zmin =      14.390
           selected protein atoms =          79
 
 
 INFO> Perform Voronoi analysis for Layer 1
 
     randomize coordinates of lipid center of mass        [OK]
     wrap all lipids into the unit cell                   [OK]
     set periodic boundary condition for lipids           [OK]
     use fast algorithm                                   [OK]
     allocate memory for voronoi analysis                 [OK]
     compute voronoi vertices                             [OK]
     compute area per lipid                               [OK]
     deallocate memory                                    [OK]

 [RESULTS]
                             ALL     BOUND   N-BOUND     ERROR
   num_lipids     :           64         0        64         0
   area per lipid :       55.829     0.000    55.829

 
 INFO> Perform Voronoi analysis for Layer 2
 
     randomize coordinates of lipid center of mass        [OK]
     wrap all lipids into the unit cell                   [OK]
     set periodic boundary condition for lipids           [OK]
     wrap all protein atoms into the unit cell            [OK]
     set periodic boundary condition for protein          [OK]
     use fast algorithm                                   [OK]
     allocate memory for voronoi analysis                 [OK]
     compute voronoi vertices                             [OK]
     MC for    1  Avor =     41.411  Ntot =       4141  Nhit =       2497
     MC for    2  Avor =     50.290  Ntot =       5028  Nhit =          0
     MC for    8  Avor =     69.034  Ntot =       6903  Nhit =          2
     MC for    9  Avor =     53.897  Ntot =       5389  Nhit =          0
     MC for   15  Avor =     69.720  Ntot =       6972  Nhit =        316
     MC for   16  Avor =     50.214  Ntot =       5021  Nhit =       4225
     MC for   21  Avor =     47.428  Ntot =       4742  Nhit =          0
     MC for   22  Avor =     54.112  Ntot =       5411  Nhit =       2713
     MC for   23  Avor =     47.733  Ntot =       4773  Nhit =       3297
     MC for   24  Avor =     57.893  Ntot =       5789  Nhit =       2615
     MC for   29  was not done (no protein atom exists in the polygon)
     MC for   30  Avor =     60.929  Ntot =       6092  Nhit =       1321
     MC for   31  Avor =     56.567  Ntot =       5656  Nhit =        678
     MC for   32  was not done (no protein atom exists in the polygon)
     MC for   38  Avor =     52.039  Ntot =       5203  Nhit =         27
     MC for   64  Avor =     60.622  Ntot =       6062  Nhit =          0
     compute area per lipid                               [OK]
     deallocate memory                                    [OK]

 [RESULTS]
                             ALL     BOUND   N-BOUND     ERROR
   num_lipids     :           64        16        48         0
   area per lipid :       53.065    44.297    55.987

 
 INFO> Summary of the results
 
   average area of all lipids          :     54.447   /    128
   average area of boundary lipids     :     44.297   /     16
   average area of non-boundary lipids :     55.897   /    112
 
 
 INFO> Deallocate all configulation data
 INFO> Deallocate all pdb data
 
 [CPU TIME]
  total    :     0.105(sec)
  analysis :     0.041(sec)
 
