_/_/_/_/_/_/_/_/_/_/_/_/_/_/_/_/_/_/_/_/_/_/_/_/_/_/_/_/_/_/_/_/_/_/_/_/_/_/_/_/

    VTMC: Analysis of lipid surface area in protein-membrane systems
      version: 1.0
      last modified: Jan 13 2012
      programed by Takaharu Mori

    Copyright(C) 2012-
    Theoretical Biochemistry Lab, RIKEN Adv Sci Inst
    2-1 Hirosawa, Wako-shi, Saitama, 351-0198, Japan
    http://www.riken.jp/TBC07/

    Ref) T.Mori, F.Ogushi, and Y.Sugita, J.Comput.Chem., 33, 286-293 (2012)

_/_/_/_/_/_/_/_/_/_/_/_/_/_/_/_/_/_/_/_/_/_/_/_/_/_/_/_/_/_/_/_/_/_/_/_/_/_/_/_/

 INFO> Read configulation file
  
 [INPUT]
   PDB file           =  L-VTMC-GIB12.pdb-A
 
 [OUTPUT]
   output level       =      0
   output name        =  L-VTMC-GIB12.pdb-A
 
 [PROTEIN]
   residue list       =     16
      GLY       GLY       TYR       ILE       TYR       ILE       ALA       GLY 
      LYS       CYS       GLY       LEU       VAL       VAL       LEU       LYS 
   select hydrogen    =    YES
 
 [LIPID]
   residue list       =      1
      POP 
   select hydrogen    =    YES
   lipid head atom    =        P   
 
 [ATOM_MASS]
   mass list          =      6
                H     =     1.008
                C     =    12.010
                O     =    16.000
                N     =    14.010
                P     =    30.970
                S     =    32.070
 
 [VDW_RADIUS]
   vdw_radius list    =      6
                H     =     1.200
                C     =     1.700
                O     =     1.520
                N     =     1.550
                P     =     1.800
                S     =     1.800
 
 [ANALYSIS]
   cell center        =     0.000   0.000
   cell size          =    60.704  60.704
   probe atom radius  =     0.100
   factor             =           100
   iseed              =       3141592
   randomize          =    YES
   decimal place      =            12
 
 
 INFO> Read PDB file
  
     open pdb file                                        [OK]
     count the number of lipid molecules                  [OK]
     calculate the bilayer center                         [OK]
     memory allocation for lipids                         [OK]
     compute the center of mass of each lipid             [OK]
     separate the bilayer                                 [OK]
     memory allocation for lipid coordinates              [OK]
     count the number of protein atoms                    [OK]
     select protein atoms                                 [OK]
     memory allocation for protein coordinates            [OK]
     copy protein coordinates                             [OK]
 
 [SYSTEM STATISTICS]
   total number of protein atoms =         151
   total number of lipids        =         128
   bilayer center                =      44.155
 
   layer1: number of lipids =          64
                       Zmax =      73.400
                       Zmin =      38.860
           selected protein atoms =           0
 
   layer2: number of lipids =          64
                       Zmax =      49.000
                       Zmin =      14.430
           selected protein atoms =         134
 
 
 INFO> Perform Voronoi analysis for Layer 1
 
     randomize coordinates of lipid center of mass        [OK]
     wrap all lipids into the unit cell                   [OK]
     set periodic boundary condition for lipids           [OK]
     use fast algorithm                                   [OK]
     allocate memory for voronoi analysis                 [OK]
     compute voronoi vertices                             [OK]
     compute area per lipid                               [OK]
     deallocate memory                                    [OK]

 [RESULTS]
                             ALL     BOUND   N-BOUND     ERROR
   num_lipids     :           64         0        64         0
   area per lipid :       57.578     0.000    57.578

 
 INFO> Perform Voronoi analysis for Layer 2
 
     randomize coordinates of lipid center of mass        [OK]
     wrap all lipids into the unit cell                   [OK]
     set periodic boundary condition for lipids           [OK]
     wrap all protein atoms into the unit cell            [OK]
     set periodic boundary condition for protein          [OK]
     use fast algorithm                                   [OK]
     allocate memory for voronoi analysis                 [OK]
     compute voronoi vertices                             [OK]
     MC for    1  Avor =     55.965  Ntot =       5596  Nhit =       1856
     MC for    2  Avor =     75.827  Ntot =       7582  Nhit =       2620
     MC for    5  was not done (no protein atom exists in the polygon)
     MC for    9  Avor =     44.110  Ntot =       4410  Nhit =        618
     MC for   10  was not done (no protein atom exists in the polygon)
     MC for   16  was not done (no protein atom exists in the polygon)
     MC for   17  Avor =     61.549  Ntot =       6154  Nhit =          0
     MC for   19  was not done (no protein atom exists in the polygon)
     MC for   24  Avor =     64.596  Ntot =       6459  Nhit =       4716
     MC for   30  Avor =     73.658  Ntot =       7365  Nhit =       1725
     MC for   31  Avor =     68.228  Ntot =       6822  Nhit =       1418
     MC for   32  Avor =     52.771  Ntot =       5277  Nhit =       2110
     MC for   39  Avor =     64.872  Ntot =       6487  Nhit =        389
     MC for   40  Avor =     54.464  Ntot =       5446  Nhit =       4523
     MC for   41  Avor =     49.082  Ntot =       4908  Nhit =          0
     MC for   47  Avor =     66.469  Ntot =       6646  Nhit =       3463
     MC for   48  Avor =     41.727  Ntot =       4172  Nhit =        391
     MC for   49  was not done (no protein atom exists in the polygon)
     MC for   54  was not done (no protein atom exists in the polygon)
     MC for   55  Avor =     81.647  Ntot =       8164  Nhit =          0
     MC for   57  Avor =     58.572  Ntot =       5857  Nhit =         33
     MC for   62  Avor =     53.494  Ntot =       5349  Nhit =       4592
     MC for   63  Avor =     53.611  Ntot =       5361  Nhit =       1139
     MC for   64  Avor =     57.397  Ntot =       5739  Nhit =       1940
     compute area per lipid                               [OK]
     deallocate memory                                    [OK]

 [RESULTS]
                             ALL     BOUND   N-BOUND     ERROR
   num_lipids     :           64        24        40         0
   area per lipid :       52.650    46.533    56.321

 
 INFO> Summary of the results
 
   average area of all lipids          :     55.114   /    128
   average area of boundary lipids     :     46.533   /     24
   average area of non-boundary lipids :     57.094   /    104
 
 
 INFO> Deallocate all configulation data
 INFO> Deallocate all pdb data
 
 [CPU TIME]
  total    :     0.111(sec)
  analysis :     0.047(sec)
 
