_/_/_/_/_/_/_/_/_/_/_/_/_/_/_/_/_/_/_/_/_/_/_/_/_/_/_/_/_/_/_/_/_/_/_/_/_/_/_/_/

    VTMC: Analysis of lipid surface area in protein-membrane systems
      version: 1.0
      last modified: Jan 13 2012
      programed by Takaharu Mori

    Copyright(C) 2012-
    Theoretical Biochemistry Lab, RIKEN Adv Sci Inst
    2-1 Hirosawa, Wako-shi, Saitama, 351-0198, Japan
    http://www.riken.jp/TBC07/

    Ref) T.Mori, F.Ogushi, and Y.Sugita, J.Comput.Chem., 33, 286-293 (2012)

_/_/_/_/_/_/_/_/_/_/_/_/_/_/_/_/_/_/_/_/_/_/_/_/_/_/_/_/_/_/_/_/_/_/_/_/_/_/_/_/

 INFO> Read configulation file
  
 [INPUT]
   PDB file           =  L-VTMC-1WO0.pdb-A
 
 [OUTPUT]
   output level       =      0
   output name        =  L-VTMC-1WO0.pdb-A
 
 [PROTEIN]
   residue list       =     17
      LYS       TRP       CYS       PHE       ARG       VAL       CYS       TYR 
      ARG       GLY       ILE       CYS       TYR       ARG       ARG       CYS 
      ARG 
   select hydrogen    =    YES
 
 [LIPID]
   residue list       =      1
      POP 
   select hydrogen    =    YES
   lipid head atom    =        P   
 
 [ATOM_MASS]
   mass list          =      6
                H     =     1.008
                C     =    12.010
                O     =    16.000
                N     =    14.010
                P     =    30.970
                S     =    32.070
 
 [VDW_RADIUS]
   vdw_radius list    =      6
                H     =     1.200
                C     =     1.700
                O     =     1.520
                N     =     1.550
                P     =     1.800
                S     =     1.800
 
 [ANALYSIS]
   cell center        =     0.000   0.000
   cell size          =    60.787  60.787
   probe atom radius  =     0.100
   factor             =           100
   iseed              =       3141592
   randomize          =    YES
   decimal place      =            12
 
 
 INFO> Read PDB file
  
     open pdb file                                        [OK]
     count the number of lipid molecules                  [OK]
     calculate the bilayer center                         [OK]
     memory allocation for lipids                         [OK]
     compute the center of mass of each lipid             [OK]
     separate the bilayer                                 [OK]
     memory allocation for lipid coordinates              [OK]
     count the number of protein atoms                    [OK]
     select protein atoms                                 [OK]
     memory allocation for protein coordinates            [OK]
     copy protein coordinates                             [OK]
 
 [SYSTEM STATISTICS]
   total number of protein atoms =         229
   total number of lipids        =         128
   bilayer center                =      43.600
 
   layer1: number of lipids =          64
                       Zmax =      71.290
                       Zmin =      38.840
           selected protein atoms =          92
 
   layer2: number of lipids =          64
                       Zmax =      51.320
                       Zmin =      16.040
           selected protein atoms =           0
 
 
 INFO> Perform Voronoi analysis for Layer 1
 
     randomize coordinates of lipid center of mass        [OK]
     wrap all lipids into the unit cell                   [OK]
     set periodic boundary condition for lipids           [OK]
     wrap all protein atoms into the unit cell            [OK]
     set periodic boundary condition for protein          [OK]
     use fast algorithm                                   [OK]
     allocate memory for voronoi analysis                 [OK]
     compute voronoi vertices                             [OK]
     MC for   12  Avor =     65.463  Ntot =       6546  Nhit =          0
     MC for   13  Avor =     42.477  Ntot =       4247  Nhit =       2115
     MC for   14  Avor =     63.416  Ntot =       6341  Nhit =       4704
     MC for   15  Avor =     59.552  Ntot =       5955  Nhit =          0
     MC for   16  was not done (no protein atom exists in the polygon)
     MC for   18  Avor =     50.452  Ntot =       5045  Nhit =          0
     MC for   20  Avor =     56.260  Ntot =       5626  Nhit =          9
     MC for   21  Avor =     56.162  Ntot =       5616  Nhit =       2109
     MC for   23  was not done (no protein atom exists in the polygon)
     MC for   26  Avor =     62.358  Ntot =       6235  Nhit =        491
     MC for   28  Avor =     57.658  Ntot =       5765  Nhit =        208
     MC for   29  Avor =     65.820  Ntot =       6581  Nhit =       1025
     MC for   30  Avor =     71.593  Ntot =       7159  Nhit =       6624
     MC for   31  Avor =     46.883  Ntot =       4688  Nhit =        989
     MC for   35  Avor =     55.859  Ntot =       5585  Nhit =       4178
     MC for   37  was not done (no protein atom exists in the polygon)
     MC for   38  Avor =     56.631  Ntot =       5663  Nhit =       2259
     compute area per lipid                               [OK]
     deallocate memory                                    [OK]

 [RESULTS]
                             ALL     BOUND   N-BOUND     ERROR
   num_lipids     :           64        17        47         0
   area per lipid :       53.874    44.544    57.249

 
 INFO> Perform Voronoi analysis for Layer 2
 
     randomize coordinates of lipid center of mass        [OK]
     wrap all lipids into the unit cell                   [OK]
     set periodic boundary condition for lipids           [OK]
     use fast algorithm                                   [OK]
     allocate memory for voronoi analysis                 [OK]
     compute voronoi vertices                             [OK]
     compute area per lipid                               [OK]
     deallocate memory                                    [OK]

 [RESULTS]
                             ALL     BOUND   N-BOUND     ERROR
   num_lipids     :           64         0        64         0
   area per lipid :       57.735     0.000    57.735

 
 INFO> Summary of the results
 
   average area of all lipids          :     55.805   /    128
   average area of boundary lipids     :     44.544   /     17
   average area of non-boundary lipids :     57.529   /    111
 
 
 INFO> Deallocate all configulation data
 INFO> Deallocate all pdb data
 
 [CPU TIME]
  total    :     0.111(sec)
  analysis :     0.047(sec)
 
