_/_/_/_/_/_/_/_/_/_/_/_/_/_/_/_/_/_/_/_/_/_/_/_/_/_/_/_/_/_/_/_/_/_/_/_/_/_/_/_/

    VTMC: Analysis of lipid surface area in protein-membrane systems
      version: 1.0
      last modified: Jan 13 2012
      programed by Takaharu Mori

    Copyright(C) 2012-
    Theoretical Biochemistry Lab, RIKEN Adv Sci Inst
    2-1 Hirosawa, Wako-shi, Saitama, 351-0198, Japan
    http://www.riken.jp/TBC07/

    Ref) T.Mori, F.Ogushi, and Y.Sugita, J.Comput.Chem., 33, 286-293 (2012)

_/_/_/_/_/_/_/_/_/_/_/_/_/_/_/_/_/_/_/_/_/_/_/_/_/_/_/_/_/_/_/_/_/_/_/_/_/_/_/_/

 INFO> Read configulation file
  
 [INPUT]
   PDB file           =  L-VTMC-GIB26.pdb-A
 
 [OUTPUT]
   output level       =      0
   output name        =  L-VTMC-GIB26.pdb-A
 
 [PROTEIN]
   residue list       =     11
      THR       LYS       LYS       LYS       ASN       GLY       GLY       PHE 
      MET       THR       THR 
   select hydrogen    =    YES
 
 [LIPID]
   residue list       =      1
      POP 
   select hydrogen    =    YES
   lipid head atom    =        P   
 
 [ATOM_MASS]
   mass list          =      6
                H     =     1.008
                C     =    12.010
                O     =    16.000
                N     =    14.010
                P     =    30.970
                S     =    32.070
 
 [VDW_RADIUS]
   vdw_radius list    =      6
                H     =     1.200
                C     =     1.700
                O     =     1.520
                N     =     1.550
                P     =     1.800
                S     =     1.800
 
 [ANALYSIS]
   cell center        =     0.000   0.000
   cell size          =    61.299  61.299
   probe atom radius  =     0.100
   factor             =           100
   iseed              =       3141592
   randomize          =    YES
   decimal place      =            12
 
 
 INFO> Read PDB file
  
     open pdb file                                        [OK]
     count the number of lipid molecules                  [OK]
     calculate the bilayer center                         [OK]
     memory allocation for lipids                         [OK]
     compute the center of mass of each lipid             [OK]
     separate the bilayer                                 [OK]
     memory allocation for lipid coordinates              [OK]
     count the number of protein atoms                    [OK]
     select protein atoms                                 [OK]
     memory allocation for protein coordinates            [OK]
     copy protein coordinates                             [OK]
 
 [SYSTEM STATISTICS]
   total number of protein atoms =         116
   total number of lipids        =         128
   bilayer center                =      43.495
 
   layer1: number of lipids =          64
                       Zmax =      72.420
                       Zmin =      38.210
           selected protein atoms =           0
 
   layer2: number of lipids =          64
                       Zmax =      48.220
                       Zmin =      15.870
           selected protein atoms =          98
 
 
 INFO> Perform Voronoi analysis for Layer 1
 
     randomize coordinates of lipid center of mass        [OK]
     wrap all lipids into the unit cell                   [OK]
     set periodic boundary condition for lipids           [OK]
     use fast algorithm                                   [OK]
     allocate memory for voronoi analysis                 [OK]
     compute voronoi vertices                             [OK]
     compute area per lipid                               [OK]
     deallocate memory                                    [OK]

 [RESULTS]
                             ALL     BOUND   N-BOUND     ERROR
   num_lipids     :           64         0        64         0
   area per lipid :       58.712     0.000    58.712

 
 INFO> Perform Voronoi analysis for Layer 2
 
     randomize coordinates of lipid center of mass        [OK]
     wrap all lipids into the unit cell                   [OK]
     set periodic boundary condition for lipids           [OK]
     wrap all protein atoms into the unit cell            [OK]
     set periodic boundary condition for protein          [OK]
     use fast algorithm                                   [OK]
     allocate memory for voronoi analysis                 [OK]
     compute voronoi vertices                             [OK]
     MC for   16  Avor =     60.161  Ntot =       6016  Nhit =        247
     MC for   22  was not done (no protein atom exists in the polygon)
     MC for   23  was not done (no protein atom exists in the polygon)
     MC for   30  Avor =     90.924  Ntot =       9092  Nhit =       7261
     MC for   31  Avor =     58.541  Ntot =       5854  Nhit =        810
     MC for   38  Avor =     51.678  Ntot =       5167  Nhit =       1819
     MC for   39  Avor =     57.295  Ntot =       5729  Nhit =       2471
     MC for   40  Avor =     42.266  Ntot =       4226  Nhit =          0
     MC for   45  Avor =     56.876  Ntot =       5687  Nhit =       1461
     MC for   46  Avor =     47.962  Ntot =       4796  Nhit =          0
     MC for   47  Avor =     79.230  Ntot =       7923  Nhit =       4024
     MC for   48  Avor =     54.499  Ntot =       5449  Nhit =          0
     MC for   49  was not done (no protein atom exists in the polygon)
     MC for   55  was not done (no protein atom exists in the polygon)
     MC for   62  Avor =     62.901  Ntot =       6290  Nhit =       1739
     compute area per lipid                               [OK]
     deallocate memory                                    [OK]

 [RESULTS]
                             ALL     BOUND   N-BOUND     ERROR
   num_lipids     :           64        15        49         0
   area per lipid :       55.613    46.027    58.548

 
 INFO> Summary of the results
 
   average area of all lipids          :     57.163   /    128
   average area of boundary lipids     :     46.027   /     15
   average area of non-boundary lipids :     58.641   /    113
 
 
 INFO> Deallocate all configulation data
 INFO> Deallocate all pdb data
 
 [CPU TIME]
  total    :     0.112(sec)
  analysis :     0.044(sec)
 
