_/_/_/_/_/_/_/_/_/_/_/_/_/_/_/_/_/_/_/_/_/_/_/_/_/_/_/_/_/_/_/_/_/_/_/_/_/_/_/_/

    VTMC: Analysis of lipid surface area in protein-membrane systems
      version: 1.0
      last modified: Jan 13 2012
      programed by Takaharu Mori

    Copyright(C) 2012-
    Theoretical Biochemistry Lab, RIKEN Adv Sci Inst
    2-1 Hirosawa, Wako-shi, Saitama, 351-0198, Japan
    http://www.riken.jp/TBC07/

    Ref) T.Mori, F.Ogushi, and Y.Sugita, J.Comput.Chem., 33, 286-293 (2012)

_/_/_/_/_/_/_/_/_/_/_/_/_/_/_/_/_/_/_/_/_/_/_/_/_/_/_/_/_/_/_/_/_/_/_/_/_/_/_/_/

 INFO> Read configulation file
  
 [INPUT]
   PDB file           =  L-VTMC-2M9I.pdb-A
 
 [OUTPUT]
   output level       =      0
   output name        =  L-VTMC-2M9I.pdb-A
 
 [PROTEIN]
   residue list       =     34
      LYS       LEU       PRO       PRO       GLY       TRP       GLU       LYS 
      ARG       MET       PHE       ARG       SER       ASN       GLY       THR 
      VAL       TYR       TYR       PHE       ASN       HIS       ILE       THR 
      ASN       ALA       SER       GLN       PHE       GLU       ARG       PRO 
      SER       GLY 
   select hydrogen    =    YES
 
 [LIPID]
   residue list       =      1
      POP 
   select hydrogen    =    YES
   lipid head atom    =        P   
 
 [ATOM_MASS]
   mass list          =      6
                H     =     1.008
                C     =    12.010
                O     =    16.000
                N     =    14.010
                P     =    30.970
                S     =    32.070
 
 [VDW_RADIUS]
   vdw_radius list    =      6
                H     =     1.200
                C     =     1.700
                O     =     1.520
                N     =     1.550
                P     =     1.800
                S     =     1.800
 
 [ANALYSIS]
   cell center        =     0.000   0.000
   cell size          =    61.040  61.040
   probe atom radius  =     0.100
   factor             =           100
   iseed              =       3141592
   randomize          =    YES
   decimal place      =            12
 
 
 INFO> Read PDB file
  
     open pdb file                                        [OK]
     count the number of lipid molecules                  [OK]
     calculate the bilayer center                         [OK]
     memory allocation for lipids                         [OK]
     compute the center of mass of each lipid             [OK]
     separate the bilayer                                 [OK]
     memory allocation for lipid coordinates              [OK]
     count the number of protein atoms                    [OK]
     select protein atoms                                 [OK]
     memory allocation for protein coordinates            [OK]
     copy protein coordinates                             [OK]
 
 [SYSTEM STATISTICS]
   total number of protein atoms =         386
   total number of lipids        =         128
   bilayer center                =      43.248
 
   layer1: number of lipids =          64
                       Zmax =      70.490
                       Zmin =      38.060
           selected protein atoms =           0
 
   layer2: number of lipids =          64
                       Zmax =      48.890
                       Zmin =      13.750
           selected protein atoms =         128
 
 
 INFO> Perform Voronoi analysis for Layer 1
 
     randomize coordinates of lipid center of mass        [OK]
     wrap all lipids into the unit cell                   [OK]
     set periodic boundary condition for lipids           [OK]
     use fast algorithm                                   [OK]
     allocate memory for voronoi analysis                 [OK]
     compute voronoi vertices                             [OK]
     compute area per lipid                               [OK]
     deallocate memory                                    [OK]

 [RESULTS]
                             ALL     BOUND   N-BOUND     ERROR
   num_lipids     :           64         0        64         0
   area per lipid :       58.217     0.000    58.217

 
 INFO> Perform Voronoi analysis for Layer 2
 
     randomize coordinates of lipid center of mass        [OK]
     wrap all lipids into the unit cell                   [OK]
     set periodic boundary condition for lipids           [OK]
     wrap all protein atoms into the unit cell            [OK]
     set periodic boundary condition for protein          [OK]
     use fast algorithm                                   [OK]
     allocate memory for voronoi analysis                 [OK]
     compute voronoi vertices                             [OK]
     MC for   16  Avor =     63.807  Ntot =       6380  Nhit =        676
     MC for   21  Avor =     65.140  Ntot =       6514  Nhit =          0
     MC for   22  was not done (no protein atom exists in the polygon)
     MC for   29  Avor =     61.338  Ntot =       6133  Nhit =       2062
     MC for   30  Avor =     46.059  Ntot =       4605  Nhit =        511
     MC for   31  Avor =     66.961  Ntot =       6696  Nhit =       3864
     MC for   32  was not done (no protein atom exists in the polygon)
     MC for   35  was not done (no protein atom exists in the polygon)
     MC for   37  was not done (no protein atom exists in the polygon)
     MC for   38  Avor =     71.004  Ntot =       7100  Nhit =       6633
     MC for   39  Avor =     49.598  Ntot =       4959  Nhit =       2656
     MC for   40  Avor =     36.963  Ntot =       3696  Nhit =       1304
     MC for   41  was not done (no protein atom exists in the polygon)
     MC for   45  Avor =     61.390  Ntot =       6139  Nhit =       1898
     MC for   46  Avor =     52.487  Ntot =       5248  Nhit =          0
     MC for   47  Avor =     72.382  Ntot =       7238  Nhit =       6478
     MC for   48  Avor =     52.238  Ntot =       5223  Nhit =        154
     MC for   53  was not done (no protein atom exists in the polygon)
     MC for   54  was not done (no protein atom exists in the polygon)
     MC for   55  Avor =     53.132  Ntot =       5313  Nhit =        583
     MC for   58  was not done (no protein atom exists in the polygon)
     MC for   62  Avor =     61.879  Ntot =       6187  Nhit =       1653
     MC for   63  Avor =     69.417  Ntot =       6941  Nhit =        190
     compute area per lipid                               [OK]
     deallocate memory                                    [OK]

 [RESULTS]
                             ALL     BOUND   N-BOUND     ERROR
   num_lipids     :           64        23        41         0
   area per lipid :       53.738    47.783    57.079

 
 INFO> Summary of the results
 
   average area of all lipids          :     55.978   /    128
   average area of boundary lipids     :     47.783   /     23
   average area of non-boundary lipids :     57.772   /    105
 
 
 INFO> Deallocate all configulation data
 INFO> Deallocate all pdb data
 
 [CPU TIME]
  total    :     0.122(sec)
  analysis :     0.050(sec)
 
