_/_/_/_/_/_/_/_/_/_/_/_/_/_/_/_/_/_/_/_/_/_/_/_/_/_/_/_/_/_/_/_/_/_/_/_/_/_/_/_/

    VTMC: Analysis of lipid surface area in protein-membrane systems
      version: 1.0
      last modified: Jan 13 2012
      programed by Takaharu Mori

    Copyright(C) 2012-
    Theoretical Biochemistry Lab, RIKEN Adv Sci Inst
    2-1 Hirosawa, Wako-shi, Saitama, 351-0198, Japan
    http://www.riken.jp/TBC07/

    Ref) T.Mori, F.Ogushi, and Y.Sugita, J.Comput.Chem., 33, 286-293 (2012)

_/_/_/_/_/_/_/_/_/_/_/_/_/_/_/_/_/_/_/_/_/_/_/_/_/_/_/_/_/_/_/_/_/_/_/_/_/_/_/_/

 INFO> Read configulation file
  
 [INPUT]
   PDB file           =  L-VTMC-GIB15.pdb-A
 
 [OUTPUT]
   output level       =      0
   output name        =  L-VTMC-GIB15.pdb-A
 
 [PROTEIN]
   residue list       =     12
      ILE       GLY       THR       GLY       LEU       PRO       GLY       THR 
      LYS       LYS       ILE       ILE 
   select hydrogen    =    YES
 
 [LIPID]
   residue list       =      1
      POP 
   select hydrogen    =    YES
   lipid head atom    =        P   
 
 [ATOM_MASS]
   mass list          =      6
                H     =     1.008
                C     =    12.010
                O     =    16.000
                N     =    14.010
                P     =    30.970
                S     =    32.070
 
 [VDW_RADIUS]
   vdw_radius list    =      6
                H     =     1.200
                C     =     1.700
                O     =     1.520
                N     =     1.550
                P     =     1.800
                S     =     1.800
 
 [ANALYSIS]
   cell center        =     0.000   0.000
   cell size          =    61.270  61.270
   probe atom radius  =     0.100
   factor             =           100
   iseed              =       3141592
   randomize          =    YES
   decimal place      =            12
 
 
 INFO> Read PDB file
  
     open pdb file                                        [OK]
     count the number of lipid molecules                  [OK]
     calculate the bilayer center                         [OK]
     memory allocation for lipids                         [OK]
     compute the center of mass of each lipid             [OK]
     separate the bilayer                                 [OK]
     memory allocation for lipid coordinates              [OK]
     count the number of protein atoms                    [OK]
     select protein atoms                                 [OK]
     memory allocation for protein coordinates            [OK]
     copy protein coordinates                             [OK]
 
 [SYSTEM STATISTICS]
   total number of protein atoms =         105
   total number of lipids        =         128
   bilayer center                =      43.613
 
   layer1: number of lipids =          64
                       Zmax =      72.640
                       Zmin =      37.740
           selected protein atoms =           0
 
   layer2: number of lipids =          64
                       Zmax =      48.870
                       Zmin =      14.980
           selected protein atoms =         105
 
 
 INFO> Perform Voronoi analysis for Layer 1
 
     randomize coordinates of lipid center of mass        [OK]
     wrap all lipids into the unit cell                   [OK]
     set periodic boundary condition for lipids           [OK]
     use fast algorithm                                   [OK]
     allocate memory for voronoi analysis                 [OK]
     compute voronoi vertices                             [OK]
     compute area per lipid                               [OK]
     deallocate memory                                    [OK]

 [RESULTS]
                             ALL     BOUND   N-BOUND     ERROR
   num_lipids     :           64         0        64         0
   area per lipid :       58.656     0.000    58.656

 
 INFO> Perform Voronoi analysis for Layer 2
 
     randomize coordinates of lipid center of mass        [OK]
     wrap all lipids into the unit cell                   [OK]
     set periodic boundary condition for lipids           [OK]
     wrap all protein atoms into the unit cell            [OK]
     set periodic boundary condition for protein          [OK]
     use fast algorithm                                   [OK]
     allocate memory for voronoi analysis                 [OK]
     compute voronoi vertices                             [OK]
     MC for    2  Avor =     74.593  Ntot =       7459  Nhit =          0
     MC for    3  Avor =     57.676  Ntot =       5767  Nhit =       2571
     MC for    4  Avor =     75.707  Ntot =       7570  Nhit =          0
     MC for    8  was not done (no protein atom exists in the polygon)
     MC for   10  Avor =     50.474  Ntot =       5047  Nhit =       3916
     MC for   11  Avor =     59.073  Ntot =       5907  Nhit =        533
     MC for   12  Avor =     57.527  Ntot =       5752  Nhit =       3396
     MC for   13  Avor =     58.242  Ntot =       5824  Nhit =       3193
     MC for   14  Avor =     42.732  Ntot =       4273  Nhit =       1091
     MC for   15  Avor =     66.922  Ntot =       6692  Nhit =       2162
     MC for   17  Avor =     51.377  Ntot =       5137  Nhit =       2446
     MC for   18  Avor =     58.055  Ntot =       5805  Nhit =        266
     MC for   19  Avor =     52.399  Ntot =       5239  Nhit =          0
     MC for   21  Avor =     50.503  Ntot =       5050  Nhit =        572
     MC for   22  Avor =     47.942  Ntot =       4794  Nhit =          0
     MC for   23  was not done (no protein atom exists in the polygon)
     MC for   24  was not done (no protein atom exists in the polygon)
     MC for   25  was not done (no protein atom exists in the polygon)
     MC for   26  Avor =     54.122  Ntot =       5412  Nhit =       1396
     MC for   27  Avor =     46.018  Ntot =       4601  Nhit =       2774
     MC for   29  Avor =     59.171  Ntot =       5917  Nhit =       1053
     MC for   34  was not done (no protein atom exists in the polygon)
     MC for   35  was not done (no protein atom exists in the polygon)
     MC for   38  was not done (no protein atom exists in the polygon)
     MC for   61  was not done (no protein atom exists in the polygon)
     compute area per lipid                               [OK]
     deallocate memory                                    [OK]

 [RESULTS]
                             ALL     BOUND   N-BOUND     ERROR
   num_lipids     :           64        25        39         0
   area per lipid :       54.692    48.610    58.591

 
 INFO> Summary of the results
 
   average area of all lipids          :     56.674   /    128
   average area of boundary lipids     :     48.610   /     25
   average area of non-boundary lipids :     58.632   /    103
 
 
 INFO> Deallocate all configulation data
 INFO> Deallocate all pdb data
 
 [CPU TIME]
  total    :     0.111(sec)
  analysis :     0.047(sec)
 
