_/_/_/_/_/_/_/_/_/_/_/_/_/_/_/_/_/_/_/_/_/_/_/_/_/_/_/_/_/_/_/_/_/_/_/_/_/_/_/_/

    VTMC: Analysis of lipid surface area in protein-membrane systems
      version: 1.0
      last modified: Jan 13 2012
      programed by Takaharu Mori

    Copyright(C) 2012-
    Theoretical Biochemistry Lab, RIKEN Adv Sci Inst
    2-1 Hirosawa, Wako-shi, Saitama, 351-0198, Japan
    http://www.riken.jp/TBC07/

    Ref) T.Mori, F.Ogushi, and Y.Sugita, J.Comput.Chem., 33, 286-293 (2012)

_/_/_/_/_/_/_/_/_/_/_/_/_/_/_/_/_/_/_/_/_/_/_/_/_/_/_/_/_/_/_/_/_/_/_/_/_/_/_/_/

 INFO> Read configulation file
  
 [INPUT]
   PDB file           =  L-VTMC-GIB9.pdb-A
 
 [OUTPUT]
   output level       =      0
   output name        =  L-VTMC-GIB9.pdb-A
 
 [PROTEIN]
   residue list       =     16
      GLY       GLY       TRP       ILE       TYR       LYS       ALA       GLY 
      LYS       CYS       GLY       LEU       VAL       VAL       LEU       LYS 
   select hydrogen    =    YES
 
 [LIPID]
   residue list       =      1
      POP 
   select hydrogen    =    YES
   lipid head atom    =        P   
 
 [ATOM_MASS]
   mass list          =      6
                H     =     1.008
                C     =    12.010
                O     =    16.000
                N     =    14.010
                P     =    30.970
                S     =    32.070
 
 [VDW_RADIUS]
   vdw_radius list    =      6
                H     =     1.200
                C     =     1.700
                O     =     1.520
                N     =     1.550
                P     =     1.800
                S     =     1.800
 
 [ANALYSIS]
   cell center        =     0.000   0.000
   cell size          =    60.113  60.113
   probe atom radius  =     0.100
   factor             =           100
   iseed              =       3141592
   randomize          =    YES
   decimal place      =            12
 
 
 INFO> Read PDB file
  
     open pdb file                                        [OK]
     count the number of lipid molecules                  [OK]
     calculate the bilayer center                         [OK]
     memory allocation for lipids                         [OK]
     compute the center of mass of each lipid             [OK]
     separate the bilayer                                 [OK]
     memory allocation for lipid coordinates              [OK]
     count the number of protein atoms                    [OK]
     select protein atoms                                 [OK]
     memory allocation for protein coordinates            [OK]
     copy protein coordinates                             [OK]
 
 [SYSTEM STATISTICS]
   total number of protein atoms =         158
   total number of lipids        =         128
   bilayer center                =      45.050
 
   layer1: number of lipids =          64
                       Zmax =      73.550
                       Zmin =      41.070
           selected protein atoms =         114
 
   layer2: number of lipids =          64
                       Zmax =      48.790
                       Zmin =      17.970
           selected protein atoms =           0
 
 
 INFO> Perform Voronoi analysis for Layer 1
 
     randomize coordinates of lipid center of mass        [OK]
     wrap all lipids into the unit cell                   [OK]
     set periodic boundary condition for lipids           [OK]
     wrap all protein atoms into the unit cell            [OK]
     set periodic boundary condition for protein          [OK]
     use fast algorithm                                   [OK]
     allocate memory for voronoi analysis                 [OK]
     compute voronoi vertices                             [OK]
     MC for   12  Avor =     41.696  Ntot =       4169  Nhit =       1980
     MC for   13  Avor =     46.229  Ntot =       4622  Nhit =          0
     MC for   14  Avor =     66.228  Ntot =       6622  Nhit =       2636
     MC for   19  Avor =     59.577  Ntot =       5957  Nhit =        568
     MC for   20  was not done (no protein atom exists in the polygon)
     MC for   21  Avor =     52.684  Ntot =       5268  Nhit =       4253
     MC for   26  was not done (no protein atom exists in the polygon)
     MC for   29  Avor =     61.671  Ntot =       6167  Nhit =       3262
     MC for   30  Avor =     62.149  Ntot =       6214  Nhit =       6072
     MC for   31  Avor =     56.290  Ntot =       5629  Nhit =       2004
     MC for   35  Avor =     65.702  Ntot =       6570  Nhit =       1088
     MC for   37  Avor =     52.706  Ntot =       5270  Nhit =          0
     MC for   38  Avor =     45.382  Ntot =       4538  Nhit =       1750
     MC for   44  was not done (no protein atom exists in the polygon)
     MC for   45  was not done (no protein atom exists in the polygon)
     MC for   46  Avor =     43.770  Ntot =       4377  Nhit =          0
     MC for   52  Avor =     66.168  Ntot =       6616  Nhit =       1139
     MC for   58  was not done (no protein atom exists in the polygon)
     MC for   59  was not done (no protein atom exists in the polygon)
     compute area per lipid                               [OK]
     deallocate memory                                    [OK]

 [RESULTS]
                             ALL     BOUND   N-BOUND     ERROR
   num_lipids     :           64        19        45         0
   area per lipid :       52.594    42.906    56.685

 
 INFO> Perform Voronoi analysis for Layer 2
 
     randomize coordinates of lipid center of mass        [OK]
     wrap all lipids into the unit cell                   [OK]
     set periodic boundary condition for lipids           [OK]
     use fast algorithm                                   [OK]
     allocate memory for voronoi analysis                 [OK]
     compute voronoi vertices                             [OK]
     compute area per lipid                               [OK]
     deallocate memory                                    [OK]

 [RESULTS]
                             ALL     BOUND   N-BOUND     ERROR
   num_lipids     :           64         0        64         0
   area per lipid :       56.462     0.000    56.462

 
 INFO> Summary of the results
 
   average area of all lipids          :     54.528   /    128
   average area of boundary lipids     :     42.906   /     19
   average area of non-boundary lipids :     56.554   /    109
 
 
 INFO> Deallocate all configulation data
 INFO> Deallocate all pdb data
 
 [CPU TIME]
  total    :     0.119(sec)
  analysis :     0.050(sec)
 
