_/_/_/_/_/_/_/_/_/_/_/_/_/_/_/_/_/_/_/_/_/_/_/_/_/_/_/_/_/_/_/_/_/_/_/_/_/_/_/_/

    VTMC: Analysis of lipid surface area in protein-membrane systems
      version: 1.0
      last modified: Jan 13 2012
      programed by Takaharu Mori

    Copyright(C) 2012-
    Theoretical Biochemistry Lab, RIKEN Adv Sci Inst
    2-1 Hirosawa, Wako-shi, Saitama, 351-0198, Japan
    http://www.riken.jp/TBC07/

    Ref) T.Mori, F.Ogushi, and Y.Sugita, J.Comput.Chem., 33, 286-293 (2012)

_/_/_/_/_/_/_/_/_/_/_/_/_/_/_/_/_/_/_/_/_/_/_/_/_/_/_/_/_/_/_/_/_/_/_/_/_/_/_/_/

 INFO> Read configulation file
  
 [INPUT]
   PDB file           =  L-VTMC-GIB13.pdb-A
 
 [OUTPUT]
   output level       =      0
   output name        =  L-VTMC-GIB13.pdb-A
 
 [PROTEIN]
   residue list       =     12
      LYS       LYS       LYS       HIS       MET       LYS       VAL       PHE 
      PHE       LEU       PHE       ALA 
   select hydrogen    =    YES
 
 [LIPID]
   residue list       =      1
      DPO 
   select hydrogen    =    YES
   lipid head atom    =        P9  
 
 [ATOM_MASS]
   mass list          =      6
                H     =     1.008
                C     =    12.010
                O     =    16.000
                N     =    14.010
                P     =    30.970
                S     =    32.070
 
 [VDW_RADIUS]
   vdw_radius list    =      6
                H     =     1.200
                C     =     1.700
                O     =     1.520
                N     =     1.550
                P     =     1.800
                S     =     1.800
 
 [ANALYSIS]
   cell center        =     0.000   0.000
   cell size          =    66.622  66.517
   probe atom radius  =     0.100
   factor             =           100
   iseed              =       3141592
   randomize          =    YES
   decimal place      =            12
 
 
 INFO> Read PDB file
  
     open pdb file                                        [OK]
     count the number of lipid molecules                  [OK]
     calculate the bilayer center                         [OK]
     memory allocation for lipids                         [OK]
     compute the center of mass of each lipid             [OK]
     separate the bilayer                                 [OK]
     memory allocation for lipid coordinates              [OK]
     count the number of protein atoms                    [OK]
     select protein atoms                                 [OK]
     memory allocation for protein coordinates            [OK]
     copy protein coordinates                             [OK]
 
 [SYSTEM STATISTICS]
   total number of protein atoms =         152
   total number of lipids        =         128
   bilayer center                =      39.026
 
   layer1: number of lipids =          64
                       Zmax =      63.010
                       Zmin =      34.210
           selected protein atoms =           0
 
   layer2: number of lipids =          64
                       Zmax =      44.510
                       Zmin =      13.770
           selected protein atoms =         143
 
 
 INFO> Perform Voronoi analysis for Layer 1
 
     randomize coordinates of lipid center of mass        [OK]
     wrap all lipids into the unit cell                   [OK]
     set periodic boundary condition for lipids           [OK]
     use fast algorithm                                   [OK]
     allocate memory for voronoi analysis                 [OK]
     compute voronoi vertices                             [OK]
     compute area per lipid                               [OK]
     deallocate memory                                    [OK]

 [RESULTS]
                             ALL     BOUND   N-BOUND     ERROR
   num_lipids     :           64         0        64         0
   area per lipid :       69.242     0.000    69.242

 
 INFO> Perform Voronoi analysis for Layer 2
 
     randomize coordinates of lipid center of mass        [OK]
     wrap all lipids into the unit cell                   [OK]
     set periodic boundary condition for lipids           [OK]
     wrap all protein atoms into the unit cell            [OK]
     set periodic boundary condition for protein          [OK]
     use fast algorithm                                   [OK]
     allocate memory for voronoi analysis                 [OK]
     compute voronoi vertices                             [OK]
     MC for    1  Avor =     88.794  Ntot =       8879  Nhit =       3828
     MC for    2  was not done (no protein atom exists in the polygon)
     MC for    3  Avor =     80.917  Ntot =       8091  Nhit =       4481
     MC for    5  was not done (no protein atom exists in the polygon)
     MC for    8  Avor =     81.127  Ntot =       8112  Nhit =       6659
     MC for   17  Avor =     70.515  Ntot =       7051  Nhit =        876
     MC for   29  Avor =     77.349  Ntot =       7734  Nhit =        187
     MC for   32  Avor =     72.766  Ntot =       7276  Nhit =          0
     MC for   33  Avor =     49.089  Ntot =       4908  Nhit =          0
     MC for   34  Avor =     81.211  Ntot =       8121  Nhit =       4063
     MC for   35  Avor =     64.966  Ntot =       6496  Nhit =       1240
     MC for   36  was not done (no protein atom exists in the polygon)
     MC for   37  Avor =     69.392  Ntot =       6939  Nhit =       5818
     MC for   43  Avor =     72.411  Ntot =       7241  Nhit =          0
     MC for   44  Avor =     79.260  Ntot =       7926  Nhit =        632
     MC for   45  Avor =     63.668  Ntot =       6366  Nhit =        189
     MC for   49  Avor =     69.563  Ntot =       6956  Nhit =         49
     MC for   52  Avor =     62.686  Ntot =       6268  Nhit =       4622
     MC for   57  Avor =     52.454  Ntot =       5245  Nhit =       1920
     MC for   59  Avor =     63.566  Ntot =       6356  Nhit =          8
     MC for   61  Avor =     60.209  Ntot =       6020  Nhit =          0
     compute area per lipid                               [OK]
     deallocate memory                                    [OK]

 [RESULTS]
                             ALL     BOUND   N-BOUND     ERROR
   num_lipids     :           64        21        43         0
   area per lipid :       63.840    53.614    68.834

 
 INFO> Summary of the results
 
   average area of all lipids          :     66.541   /    128
   average area of boundary lipids     :     53.614   /     21
   average area of non-boundary lipids :     69.078   /    107
 
 
 INFO> Deallocate all configulation data
 INFO> Deallocate all pdb data
 
 [CPU TIME]
  total    :     0.154(sec)
  analysis :     0.056(sec)
 
