_/_/_/_/_/_/_/_/_/_/_/_/_/_/_/_/_/_/_/_/_/_/_/_/_/_/_/_/_/_/_/_/_/_/_/_/_/_/_/_/

    VTMC: Analysis of lipid surface area in protein-membrane systems
      version: 1.0
      last modified: Jan 13 2012
      programed by Takaharu Mori

    Copyright(C) 2012-
    Theoretical Biochemistry Lab, RIKEN Adv Sci Inst
    2-1 Hirosawa, Wako-shi, Saitama, 351-0198, Japan
    http://www.riken.jp/TBC07/

    Ref) T.Mori, F.Ogushi, and Y.Sugita, J.Comput.Chem., 33, 286-293 (2012)

_/_/_/_/_/_/_/_/_/_/_/_/_/_/_/_/_/_/_/_/_/_/_/_/_/_/_/_/_/_/_/_/_/_/_/_/_/_/_/_/

 INFO> Read configulation file
  
 [INPUT]
   PDB file           =  L-VTMC-GIB19.pdb-A
 
 [OUTPUT]
   output level       =      0
   output name        =  L-VTMC-GIB19.pdb-A
 
 [PROTEIN]
   residue list       =     17
      LEU       GLY       LYS       ASN       ILE       GLY       LEU       LEU 
      SER       VAL       PHE       LYS       LYS       VAL       LEU       LYS 
      GLY 
   select hydrogen    =    YES
 
 [LIPID]
   residue list       =      1
      DPO 
   select hydrogen    =    YES
   lipid head atom    =        P9  
 
 [ATOM_MASS]
   mass list          =      6
                H     =     1.008
                C     =    12.010
                O     =    16.000
                N     =    14.010
                P     =    30.970
                S     =    32.070
 
 [VDW_RADIUS]
   vdw_radius list    =      6
                H     =     1.200
                C     =     1.700
                O     =     1.520
                N     =     1.550
                P     =     1.800
                S     =     1.800
 
 [ANALYSIS]
   cell center        =     0.000   0.000
   cell size          =    68.388  68.280
   probe atom radius  =     0.100
   factor             =           100
   iseed              =       3141592
   randomize          =    YES
   decimal place      =            12
 
 
 INFO> Read PDB file
  
     open pdb file                                        [OK]
     count the number of lipid molecules                  [OK]
     calculate the bilayer center                         [OK]
     memory allocation for lipids                         [OK]
     compute the center of mass of each lipid             [OK]
     separate the bilayer                                 [OK]
     memory allocation for lipid coordinates              [OK]
     count the number of protein atoms                    [OK]
     select protein atoms                                 [OK]
     memory allocation for protein coordinates            [OK]
     copy protein coordinates                             [OK]
 
 [SYSTEM STATISTICS]
   total number of protein atoms =         167
   total number of lipids        =         128
   bilayer center                =      36.890
 
   layer1: number of lipids =          64
                       Zmax =      61.930
                       Zmin =      30.310
           selected protein atoms =           0
 
   layer2: number of lipids =          64
                       Zmax =      41.290
                       Zmin =      13.510
           selected protein atoms =         123
 
 
 INFO> Perform Voronoi analysis for Layer 1
 
     randomize coordinates of lipid center of mass        [OK]
     wrap all lipids into the unit cell                   [OK]
     set periodic boundary condition for lipids           [OK]
     use fast algorithm                                   [OK]
     allocate memory for voronoi analysis                 [OK]
     compute voronoi vertices                             [OK]
     compute area per lipid                               [OK]
     deallocate memory                                    [OK]

 [RESULTS]
                             ALL     BOUND   N-BOUND     ERROR
   num_lipids     :           64         0        64         0
   area per lipid :       72.961     0.000    72.961

 
 INFO> Perform Voronoi analysis for Layer 2
 
     randomize coordinates of lipid center of mass        [OK]
     wrap all lipids into the unit cell                   [OK]
     set periodic boundary condition for lipids           [OK]
     wrap all protein atoms into the unit cell            [OK]
     set periodic boundary condition for protein          [OK]
     use fast algorithm                                   [OK]
     allocate memory for voronoi analysis                 [OK]
     compute voronoi vertices                             [OK]
     MC for    6  Avor =     92.830  Ntot =       9283  Nhit =       7366
     MC for    9  Avor =     55.682  Ntot =       5568  Nhit =       2073
     MC for   11  Avor =     47.931  Ntot =       4793  Nhit =       2040
     MC for   13  was not done (no protein atom exists in the polygon)
     MC for   14  Avor =     92.440  Ntot =       9243  Nhit =       4206
     MC for   15  Avor =     79.670  Ntot =       7966  Nhit =          0
     MC for   19  was not done (no protein atom exists in the polygon)
     MC for   24  was not done (no protein atom exists in the polygon)
     MC for   29  Avor =     67.640  Ntot =       6764  Nhit =       2923
     MC for   36  Avor =     83.516  Ntot =       8351  Nhit =       3314
     MC for   39  was not done (no protein atom exists in the polygon)
     MC for   45  Avor =     57.587  Ntot =       5758  Nhit =          0
     MC for   47  Avor =     73.563  Ntot =       7356  Nhit =       1085
     MC for   49  was not done (no protein atom exists in the polygon)
     MC for   50  Avor =     57.774  Ntot =       5777  Nhit =        800
     MC for   54  Avor =     71.493  Ntot =       7149  Nhit =        143
     MC for   55  was not done (no protein atom exists in the polygon)
     MC for   63  Avor =     58.412  Ntot =       5841  Nhit =          0
     MC for   64  Avor =     63.146  Ntot =       6314  Nhit =       2292
     compute area per lipid                               [OK]
     deallocate memory                                    [OK]

 [RESULTS]
                             ALL     BOUND   N-BOUND     ERROR
   num_lipids     :           64        19        45         0
   area per lipid :       68.861    57.857    73.507

 
 INFO> Summary of the results
 
   average area of all lipids          :     70.911   /    128
   average area of boundary lipids     :     57.857   /     19
   average area of non-boundary lipids :     73.187   /    109
 
 
 INFO> Deallocate all configulation data
 INFO> Deallocate all pdb data
 
 [CPU TIME]
  total    :     0.154(sec)
  analysis :     0.051(sec)
 
