_/_/_/_/_/_/_/_/_/_/_/_/_/_/_/_/_/_/_/_/_/_/_/_/_/_/_/_/_/_/_/_/_/_/_/_/_/_/_/_/

    VTMC: Analysis of lipid surface area in protein-membrane systems
      version: 1.0
      last modified: Jan 13 2012
      programed by Takaharu Mori

    Copyright(C) 2012-
    Theoretical Biochemistry Lab, RIKEN Adv Sci Inst
    2-1 Hirosawa, Wako-shi, Saitama, 351-0198, Japan
    http://www.riken.jp/TBC07/

    Ref) T.Mori, F.Ogushi, and Y.Sugita, J.Comput.Chem., 33, 286-293 (2012)

_/_/_/_/_/_/_/_/_/_/_/_/_/_/_/_/_/_/_/_/_/_/_/_/_/_/_/_/_/_/_/_/_/_/_/_/_/_/_/_/

 INFO> Read configulation file
  
 [INPUT]
   PDB file           =  L-VTMC-GIB2.pdb-A
 
 [OUTPUT]
   output level       =      0
   output name        =  L-VTMC-GIB2.pdb-A
 
 [PROTEIN]
   residue list       =     11
      GLN       LYS       ASN       LEU       LYS       VAL       THR       VAL 
      GLN       PRO       GLY 
   select hydrogen    =    YES
 
 [LIPID]
   residue list       =      1
      DPO 
   select hydrogen    =    YES
   lipid head atom    =        P9  
 
 [ATOM_MASS]
   mass list          =      6
                H     =     1.008
                C     =    12.010
                O     =    16.000
                N     =    14.010
                P     =    30.970
                S     =    32.070
 
 [VDW_RADIUS]
   vdw_radius list    =      6
                H     =     1.200
                C     =     1.700
                O     =     1.520
                N     =     1.550
                P     =     1.800
                S     =     1.800
 
 [ANALYSIS]
   cell center        =     0.000   0.000
   cell size          =    66.787  66.681
   probe atom radius  =     0.100
   factor             =           100
   iseed              =       3141592
   randomize          =    YES
   decimal place      =            12
 
 
 INFO> Read PDB file
  
     open pdb file                                        [OK]
     count the number of lipid molecules                  [OK]
     calculate the bilayer center                         [OK]
     memory allocation for lipids                         [OK]
     compute the center of mass of each lipid             [OK]
     separate the bilayer                                 [OK]
     memory allocation for lipid coordinates              [OK]
     count the number of protein atoms                    [OK]
     select protein atoms                                 [OK]
     memory allocation for protein coordinates            [OK]
     copy protein coordinates                             [OK]
 
 [SYSTEM STATISTICS]
   total number of protein atoms =         110
   total number of lipids        =         128
   bilayer center                =      38.821
 
   layer1: number of lipids =          64
                       Zmax =      63.100
                       Zmin =      33.020
           selected protein atoms =           0
 
   layer2: number of lipids =          64
                       Zmax =      46.080
                       Zmin =      11.140
           selected protein atoms =         107
 
 
 INFO> Perform Voronoi analysis for Layer 1
 
     randomize coordinates of lipid center of mass        [OK]
     wrap all lipids into the unit cell                   [OK]
     set periodic boundary condition for lipids           [OK]
     use fast algorithm                                   [OK]
     allocate memory for voronoi analysis                 [OK]
     compute voronoi vertices                             [OK]
     compute area per lipid                               [OK]
     deallocate memory                                    [OK]

 [RESULTS]
                             ALL     BOUND   N-BOUND     ERROR
   num_lipids     :           64         0        64         0
   area per lipid :       69.585     0.000    69.585

 
 INFO> Perform Voronoi analysis for Layer 2
 
     randomize coordinates of lipid center of mass        [OK]
     wrap all lipids into the unit cell                   [OK]
     set periodic boundary condition for lipids           [OK]
     wrap all protein atoms into the unit cell            [OK]
     set periodic boundary condition for protein          [OK]
     use fast algorithm                                   [OK]
     allocate memory for voronoi analysis                 [OK]
     compute voronoi vertices                             [OK]
     MC for    1  was not done (no protein atom exists in the polygon)
     MC for    2  was not done (no protein atom exists in the polygon)
     MC for   11  was not done (no protein atom exists in the polygon)
     MC for   12  Avor =     77.624  Ntot =       7762  Nhit =       2257
     MC for   25  Avor =     74.596  Ntot =       7459  Nhit =         76
     MC for   29  Avor =     84.466  Ntot =       8446  Nhit =       1159
     MC for   31  Avor =     59.268  Ntot =       5926  Nhit =          0
     MC for   35  Avor =     74.016  Ntot =       7401  Nhit =        846
     MC for   36  Avor =     65.921  Ntot =       6592  Nhit =        294
     MC for   37  Avor =     60.041  Ntot =       6004  Nhit =        154
     MC for   43  Avor =     77.883  Ntot =       7788  Nhit =       7404
     MC for   45  Avor =     74.988  Ntot =       7498  Nhit =       5541
     MC for   46  Avor =     49.214  Ntot =       4921  Nhit =       1131
     MC for   47  Avor =     73.360  Ntot =       7335  Nhit =       5075
     MC for   49  Avor =     68.578  Ntot =       6857  Nhit =        607
     MC for   50  Avor =     77.788  Ntot =       7778  Nhit =         60
     MC for   52  Avor =     54.394  Ntot =       5439  Nhit =        130
     MC for   63  Avor =     56.902  Ntot =       5690  Nhit =       1346
     MC for   64  was not done (no protein atom exists in the polygon)
     compute area per lipid                               [OK]
     deallocate memory                                    [OK]

 [RESULTS]
                             ALL     BOUND   N-BOUND     ERROR
   num_lipids     :           64        19        45         0
   area per lipid :       65.509    56.037    69.509

 
 INFO> Summary of the results
 
   average area of all lipids          :     67.547   /    128
   average area of boundary lipids     :     56.037   /     19
   average area of non-boundary lipids :     69.553   /    109
 
 
 INFO> Deallocate all configulation data
 INFO> Deallocate all pdb data
 
 [CPU TIME]
  total    :     0.160(sec)
  analysis :     0.051(sec)
 
