_/_/_/_/_/_/_/_/_/_/_/_/_/_/_/_/_/_/_/_/_/_/_/_/_/_/_/_/_/_/_/_/_/_/_/_/_/_/_/_/

    VTMC: Analysis of lipid surface area in protein-membrane systems
      version: 1.0
      last modified: Jan 13 2012
      programed by Takaharu Mori

    Copyright(C) 2012-
    Theoretical Biochemistry Lab, RIKEN Adv Sci Inst
    2-1 Hirosawa, Wako-shi, Saitama, 351-0198, Japan
    http://www.riken.jp/TBC07/

    Ref) T.Mori, F.Ogushi, and Y.Sugita, J.Comput.Chem., 33, 286-293 (2012)

_/_/_/_/_/_/_/_/_/_/_/_/_/_/_/_/_/_/_/_/_/_/_/_/_/_/_/_/_/_/_/_/_/_/_/_/_/_/_/_/

 INFO> Read configulation file
  
 [INPUT]
   PDB file           =  L-VTMC-GIB8.pdb-A
 
 [OUTPUT]
   output level       =      0
   output name        =  L-VTMC-GIB8.pdb-A
 
 [PROTEIN]
   residue list       =     16
      GLY       GLY       TRP       ILE       TYR       ILE       ALA       GLY 
      LYS       CYS       GLY       LEU       VAL       VAL       LEU       LYS 
   select hydrogen    =    YES
 
 [LIPID]
   residue list       =      1
      DPO 
   select hydrogen    =    YES
   lipid head atom    =        P9  
 
 [ATOM_MASS]
   mass list          =      6
                H     =     1.008
                C     =    12.010
                O     =    16.000
                N     =    14.010
                P     =    30.970
                S     =    32.070
 
 [VDW_RADIUS]
   vdw_radius list    =      6
                H     =     1.200
                C     =     1.700
                O     =     1.520
                N     =     1.550
                P     =     1.800
                S     =     1.800
 
 [ANALYSIS]
   cell center        =     0.000   0.000
   cell size          =    67.321  67.215
   probe atom radius  =     0.100
   factor             =           100
   iseed              =       3141592
   randomize          =    YES
   decimal place      =            12
 
 
 INFO> Read PDB file
  
     open pdb file                                        [OK]
     count the number of lipid molecules                  [OK]
     calculate the bilayer center                         [OK]
     memory allocation for lipids                         [OK]
     compute the center of mass of each lipid             [OK]
     separate the bilayer                                 [OK]
     memory allocation for lipid coordinates              [OK]
     count the number of protein atoms                    [OK]
     select protein atoms                                 [OK]
     memory allocation for protein coordinates            [OK]
     copy protein coordinates                             [OK]
 
 [SYSTEM STATISTICS]
   total number of protein atoms =         154
   total number of lipids        =         128
   bilayer center                =      38.312
 
   layer1: number of lipids =          64
                       Zmax =      63.340
                       Zmin =      32.520
           selected protein atoms =           0
 
   layer2: number of lipids =          64
                       Zmax =      44.670
                       Zmin =      14.640
           selected protein atoms =         128
 
 
 INFO> Perform Voronoi analysis for Layer 1
 
     randomize coordinates of lipid center of mass        [OK]
     wrap all lipids into the unit cell                   [OK]
     set periodic boundary condition for lipids           [OK]
     use fast algorithm                                   [OK]
     allocate memory for voronoi analysis                 [OK]
     compute voronoi vertices                             [OK]
     compute area per lipid                               [OK]
     deallocate memory                                    [OK]

 [RESULTS]
                             ALL     BOUND   N-BOUND     ERROR
   num_lipids     :           64         0        64         0
   area per lipid :       70.703     0.000    70.703

 
 INFO> Perform Voronoi analysis for Layer 2
 
     randomize coordinates of lipid center of mass        [OK]
     wrap all lipids into the unit cell                   [OK]
     set periodic boundary condition for lipids           [OK]
     wrap all protein atoms into the unit cell            [OK]
     set periodic boundary condition for protein          [OK]
     use fast algorithm                                   [OK]
     allocate memory for voronoi analysis                 [OK]
     compute voronoi vertices                             [OK]
     MC for    2  Avor =    106.757  Ntot =      10675  Nhit =          0
     MC for    6  Avor =     50.217  Ntot =       5021  Nhit =        276
     MC for    9  was not done (no protein atom exists in the polygon)
     MC for   11  Avor =     64.448  Ntot =       6444  Nhit =       1180
     MC for   12  Avor =     63.569  Ntot =       6356  Nhit =       2167
     MC for   14  Avor =     83.916  Ntot =       8391  Nhit =          0
     MC for   29  Avor =     61.114  Ntot =       6111  Nhit =       5547
     MC for   36  Avor =     62.907  Ntot =       6290  Nhit =       4274
     MC for   39  Avor =     60.700  Ntot =       6069  Nhit =          0
     MC for   45  Avor =     81.509  Ntot =       8150  Nhit =       2496
     MC for   46  Avor =     69.301  Ntot =       6930  Nhit =         11
     MC for   47  Avor =     76.124  Ntot =       7612  Nhit =       2066
     MC for   49  was not done (no protein atom exists in the polygon)
     MC for   50  Avor =     83.199  Ntot =       8319  Nhit =          2
     MC for   52  Avor =     63.860  Ntot =       6385  Nhit =       6209
     MC for   55  was not done (no protein atom exists in the polygon)
     MC for   63  was not done (no protein atom exists in the polygon)
     MC for   64  Avor =     64.107  Ntot =       6410  Nhit =       4589
     compute area per lipid                               [OK]
     deallocate memory                                    [OK]

 [RESULTS]
                             ALL     BOUND   N-BOUND     ERROR
   num_lipids     :           64        18        46         0
   area per lipid :       66.200    53.782    71.059

 
 INFO> Summary of the results
 
   average area of all lipids          :     68.451   /    128
   average area of boundary lipids     :     53.782   /     18
   average area of non-boundary lipids :     70.852   /    110
 
 
 INFO> Deallocate all configulation data
 INFO> Deallocate all pdb data
 
 [CPU TIME]
  total    :     0.316(sec)
  analysis :     0.069(sec)
 
