_/_/_/_/_/_/_/_/_/_/_/_/_/_/_/_/_/_/_/_/_/_/_/_/_/_/_/_/_/_/_/_/_/_/_/_/_/_/_/_/

    VTMC: Analysis of lipid surface area in protein-membrane systems
      version: 1.0
      last modified: Jan 13 2012
      programed by Takaharu Mori

    Copyright(C) 2012-
    Theoretical Biochemistry Lab, RIKEN Adv Sci Inst
    2-1 Hirosawa, Wako-shi, Saitama, 351-0198, Japan
    http://www.riken.jp/TBC07/

    Ref) T.Mori, F.Ogushi, and Y.Sugita, J.Comput.Chem., 33, 286-293 (2012)

_/_/_/_/_/_/_/_/_/_/_/_/_/_/_/_/_/_/_/_/_/_/_/_/_/_/_/_/_/_/_/_/_/_/_/_/_/_/_/_/

 INFO> Read configulation file
  
 [INPUT]
   PDB file           =  L-VTMC-GIB15.pdb-A
 
 [OUTPUT]
   output level       =      0
   output name        =  L-VTMC-GIB15.pdb-A
 
 [PROTEIN]
   residue list       =     12
      ILE       GLY       THR       GLY       LEU       PRO       GLY       THR 
      LYS       LYS       ILE       ILE 
   select hydrogen    =    YES
 
 [LIPID]
   residue list       =      1
      DPO 
   select hydrogen    =    YES
   lipid head atom    =        P9  
 
 [ATOM_MASS]
   mass list          =      6
                H     =     1.008
                C     =    12.010
                O     =    16.000
                N     =    14.010
                P     =    30.970
                S     =    32.070
 
 [VDW_RADIUS]
   vdw_radius list    =      6
                H     =     1.200
                C     =     1.700
                O     =     1.520
                N     =     1.550
                P     =     1.800
                S     =     1.800
 
 [ANALYSIS]
   cell center        =     0.000   0.000
   cell size          =    67.510  67.403
   probe atom radius  =     0.100
   factor             =           100
   iseed              =       3141592
   randomize          =    YES
   decimal place      =            12
 
 
 INFO> Read PDB file
  
     open pdb file                                        [OK]
     count the number of lipid molecules                  [OK]
     calculate the bilayer center                         [OK]
     memory allocation for lipids                         [OK]
     compute the center of mass of each lipid             [OK]
     separate the bilayer                                 [OK]
     memory allocation for lipid coordinates              [OK]
     count the number of protein atoms                    [OK]
     select protein atoms                                 [OK]
     memory allocation for protein coordinates            [OK]
     copy protein coordinates                             [OK]
 
 [SYSTEM STATISTICS]
   total number of protein atoms =         105
   total number of lipids        =         128
   bilayer center                =      38.188
 
   layer1: number of lipids =          64
                       Zmax =      63.060
                       Zmin =      33.630
           selected protein atoms =          99
 
   layer2: number of lipids =          64
                       Zmax =      43.230
                       Zmin =      14.330
           selected protein atoms =           0
 
 
 INFO> Perform Voronoi analysis for Layer 1
 
     randomize coordinates of lipid center of mass        [OK]
     wrap all lipids into the unit cell                   [OK]
     set periodic boundary condition for lipids           [OK]
     wrap all protein atoms into the unit cell            [OK]
     set periodic boundary condition for protein          [OK]
     use fast algorithm                                   [OK]
     allocate memory for voronoi analysis                 [OK]
     compute voronoi vertices                             [OK]
     MC for    1  Avor =     72.919  Ntot =       7291  Nhit =          0
     MC for    2  Avor =     76.652  Ntot =       7665  Nhit =          0
     MC for    6  Avor =     68.809  Ntot =       6880  Nhit =          0
     MC for    7  was not done (no protein atom exists in the polygon)
     MC for    8  Avor =     47.783  Ntot =       4778  Nhit =       1632
     MC for   10  Avor =     60.011  Ntot =       6001  Nhit =          0
     MC for   11  Avor =     70.717  Ntot =       7071  Nhit =       5286
     MC for   13  Avor =     63.258  Ntot =       6325  Nhit =          0
     MC for   21  Avor =     61.819  Ntot =       6181  Nhit =          0
     MC for   33  Avor =     60.276  Ntot =       6027  Nhit =       2988
     MC for   40  Avor =     90.180  Ntot =       9017  Nhit =       2578
     MC for   41  was not done (no protein atom exists in the polygon)
     MC for   43  Avor =     66.196  Ntot =       6619  Nhit =       2777
     MC for   44  Avor =     76.826  Ntot =       7682  Nhit =       1053
     MC for   45  Avor =     70.888  Ntot =       7088  Nhit =       7064
     MC for   49  Avor =     66.720  Ntot =       6671  Nhit =       1274
     MC for   50  was not done (no protein atom exists in the polygon)
     MC for   54  was not done (no protein atom exists in the polygon)
     compute area per lipid                               [OK]
     deallocate memory                                    [OK]

 [RESULTS]
                             ALL     BOUND   N-BOUND     ERROR
   num_lipids     :           64        18        46         0
   area per lipid :       67.247    56.142    71.593

 
 INFO> Perform Voronoi analysis for Layer 2
 
     randomize coordinates of lipid center of mass        [OK]
     wrap all lipids into the unit cell                   [OK]
     set periodic boundary condition for lipids           [OK]
     use fast algorithm                                   [OK]
     allocate memory for voronoi analysis                 [OK]
     compute voronoi vertices                             [OK]
     compute area per lipid                               [OK]
     deallocate memory                                    [OK]

 [RESULTS]
                             ALL     BOUND   N-BOUND     ERROR
   num_lipids     :           64         0        64         0
   area per lipid :       71.100     0.000    71.100

 
 INFO> Summary of the results
 
   average area of all lipids          :     69.173   /    128
   average area of boundary lipids     :     56.142   /     18
   average area of non-boundary lipids :     71.306   /    110
 
 
 INFO> Deallocate all configulation data
 INFO> Deallocate all pdb data
 
 [CPU TIME]
  total    :     0.168(sec)
  analysis :     0.056(sec)
 
