_/_/_/_/_/_/_/_/_/_/_/_/_/_/_/_/_/_/_/_/_/_/_/_/_/_/_/_/_/_/_/_/_/_/_/_/_/_/_/_/

    VTMC: Analysis of lipid surface area in protein-membrane systems
      version: 1.0
      last modified: Jan 13 2012
      programed by Takaharu Mori

    Copyright(C) 2012-
    Theoretical Biochemistry Lab, RIKEN Adv Sci Inst
    2-1 Hirosawa, Wako-shi, Saitama, 351-0198, Japan
    http://www.riken.jp/TBC07/

    Ref) T.Mori, F.Ogushi, and Y.Sugita, J.Comput.Chem., 33, 286-293 (2012)

_/_/_/_/_/_/_/_/_/_/_/_/_/_/_/_/_/_/_/_/_/_/_/_/_/_/_/_/_/_/_/_/_/_/_/_/_/_/_/_/

 INFO> Read configulation file
  
 [INPUT]
   PDB file           =  L-VTMC-GIB9.pdb-A
 
 [OUTPUT]
   output level       =      0
   output name        =  L-VTMC-GIB9.pdb-A
 
 [PROTEIN]
   residue list       =     16
      GLY       GLY       TRP       ILE       TYR       LYS       ALA       GLY 
      LYS       CYS       GLY       LEU       VAL       VAL       LEU       LYS 
   select hydrogen    =    YES
 
 [LIPID]
   residue list       =      1
      DPO 
   select hydrogen    =    YES
   lipid head atom    =        P9  
 
 [ATOM_MASS]
   mass list          =      6
                H     =     1.008
                C     =    12.010
                O     =    16.000
                N     =    14.010
                P     =    30.970
                S     =    32.070
 
 [VDW_RADIUS]
   vdw_radius list    =      6
                H     =     1.200
                C     =     1.700
                O     =     1.520
                N     =     1.550
                P     =     1.800
                S     =     1.800
 
 [ANALYSIS]
   cell center        =     0.000   0.000
   cell size          =    66.477  66.371
   probe atom radius  =     0.100
   factor             =           100
   iseed              =       3141592
   randomize          =    YES
   decimal place      =            12
 
 
 INFO> Read PDB file
  
     open pdb file                                        [OK]
     count the number of lipid molecules                  [OK]
     calculate the bilayer center                         [OK]
     memory allocation for lipids                         [OK]
     compute the center of mass of each lipid             [OK]
     separate the bilayer                                 [OK]
     memory allocation for lipid coordinates              [OK]
     count the number of protein atoms                    [OK]
     select protein atoms                                 [OK]
     memory allocation for protein coordinates            [OK]
     copy protein coordinates                             [OK]
 
 [SYSTEM STATISTICS]
   total number of protein atoms =         158
   total number of lipids        =         128
   bilayer center                =      39.139
 
   layer1: number of lipids =          64
                       Zmax =      65.100
                       Zmin =      33.510
           selected protein atoms =           0
 
   layer2: number of lipids =          64
                       Zmax =      46.120
                       Zmin =      13.690
           selected protein atoms =         145
 
 
 INFO> Perform Voronoi analysis for Layer 1
 
     randomize coordinates of lipid center of mass        [OK]
     wrap all lipids into the unit cell                   [OK]
     set periodic boundary condition for lipids           [OK]
     use fast algorithm                                   [OK]
     allocate memory for voronoi analysis                 [OK]
     compute voronoi vertices                             [OK]
     compute area per lipid                               [OK]
     deallocate memory                                    [OK]

 [RESULTS]
                             ALL     BOUND   N-BOUND     ERROR
   num_lipids     :           64         0        64         0
   area per lipid :       68.940     0.000    68.940

 
 INFO> Perform Voronoi analysis for Layer 2
 
     randomize coordinates of lipid center of mass        [OK]
     wrap all lipids into the unit cell                   [OK]
     set periodic boundary condition for lipids           [OK]
     wrap all protein atoms into the unit cell            [OK]
     set periodic boundary condition for protein          [OK]
     use fast algorithm                                   [OK]
     allocate memory for voronoi analysis                 [OK]
     compute voronoi vertices                             [OK]
     MC for    1  Avor =     60.000  Ntot =       5999  Nhit =          0
     MC for    2  Avor =     75.716  Ntot =       7571  Nhit =        131
     MC for    8  Avor =     69.578  Ntot =       6957  Nhit =       3189
     MC for   22  was not done (no protein atom exists in the polygon)
     MC for   23  Avor =     86.523  Ntot =       8652  Nhit =          0
     MC for   30  Avor =     59.822  Ntot =       5982  Nhit =       1771
     MC for   31  Avor =     56.310  Ntot =       5630  Nhit =        856
     MC for   33  Avor =     68.512  Ntot =       6851  Nhit =       4866
     MC for   35  Avor =     65.552  Ntot =       6555  Nhit =       6388
     MC for   42  was not done (no protein atom exists in the polygon)
     MC for   43  Avor =     73.141  Ntot =       7314  Nhit =       7071
     MC for   46  Avor =     58.519  Ntot =       5851  Nhit =       4315
     MC for   47  Avor =     78.810  Ntot =       7880  Nhit =        233
     MC for   52  Avor =     59.798  Ntot =       5979  Nhit =        779
     MC for   55  Avor =     70.250  Ntot =       7025  Nhit =        812
     MC for   57  was not done (no protein atom exists in the polygon)
     MC for   59  Avor =     73.321  Ntot =       7332  Nhit =         46
     MC for   64  Avor =     86.104  Ntot =       8610  Nhit =       1607
     compute area per lipid                               [OK]
     deallocate memory                                    [OK]

 [RESULTS]
                             ALL     BOUND   N-BOUND     ERROR
   num_lipids     :           64        18        46         0
   area per lipid :       63.929    51.600    68.754

 
 INFO> Summary of the results
 
   average area of all lipids          :     66.435   /    128
   average area of boundary lipids     :     51.600   /     18
   average area of non-boundary lipids :     68.862   /    110
 
 
 INFO> Deallocate all configulation data
 INFO> Deallocate all pdb data
 
 [CPU TIME]
  total    :     0.279(sec)
  analysis :     0.066(sec)
 
