_/_/_/_/_/_/_/_/_/_/_/_/_/_/_/_/_/_/_/_/_/_/_/_/_/_/_/_/_/_/_/_/_/_/_/_/_/_/_/_/

    VTMC: Analysis of lipid surface area in protein-membrane systems
      version: 1.0
      last modified: Jan 13 2012
      programed by Takaharu Mori

    Copyright(C) 2012-
    Theoretical Biochemistry Lab, RIKEN Adv Sci Inst
    2-1 Hirosawa, Wako-shi, Saitama, 351-0198, Japan
    http://www.riken.jp/TBC07/

    Ref) T.Mori, F.Ogushi, and Y.Sugita, J.Comput.Chem., 33, 286-293 (2012)

_/_/_/_/_/_/_/_/_/_/_/_/_/_/_/_/_/_/_/_/_/_/_/_/_/_/_/_/_/_/_/_/_/_/_/_/_/_/_/_/

 INFO> Read configulation file
  
 [INPUT]
   PDB file           =  L-VTMC-GIB25.pdb-A
 
 [OUTPUT]
   output level       =      0
   output name        =  L-VTMC-GIB25.pdb-A
 
 [PROTEIN]
   residue list       =     17
      THR       ILE       CYS       LYS       LYS       SER       GLY       VAL 
      PHE       LYS       ILE       LEU       LYS       GLY       VAL       GLY 
      LYS 
   select hydrogen    =    YES
 
 [LIPID]
   residue list       =      1
      DPO 
   select hydrogen    =    YES
   lipid head atom    =        P9  
 
 [ATOM_MASS]
   mass list          =      6
                H     =     1.008
                C     =    12.010
                O     =    16.000
                N     =    14.010
                P     =    30.970
                S     =    32.070
 
 [VDW_RADIUS]
   vdw_radius list    =      6
                H     =     1.200
                C     =     1.700
                O     =     1.520
                N     =     1.550
                P     =     1.800
                S     =     1.800
 
 [ANALYSIS]
   cell center        =     0.000   0.000
   cell size          =    67.362  67.256
   probe atom radius  =     0.100
   factor             =           100
   iseed              =       3141592
   randomize          =    YES
   decimal place      =            12
 
 
 INFO> Read PDB file
  
     open pdb file                                        [OK]
     count the number of lipid molecules                  [OK]
     calculate the bilayer center                         [OK]
     memory allocation for lipids                         [OK]
     compute the center of mass of each lipid             [OK]
     separate the bilayer                                 [OK]
     memory allocation for lipid coordinates              [OK]
     count the number of protein atoms                    [OK]
     select protein atoms                                 [OK]
     memory allocation for protein coordinates            [OK]
     copy protein coordinates                             [OK]
 
 [SYSTEM STATISTICS]
   total number of protein atoms =         168
   total number of lipids        =         128
   bilayer center                =      38.186
 
   layer1: number of lipids =          64
                       Zmax =      64.120
                       Zmin =      31.390
           selected protein atoms =           0
 
   layer2: number of lipids =          64
                       Zmax =      46.010
                       Zmin =      10.410
           selected protein atoms =         162
 
 
 INFO> Perform Voronoi analysis for Layer 1
 
     randomize coordinates of lipid center of mass        [OK]
     wrap all lipids into the unit cell                   [OK]
     set periodic boundary condition for lipids           [OK]
     use fast algorithm                                   [OK]
     allocate memory for voronoi analysis                 [OK]
     compute voronoi vertices                             [OK]
     compute area per lipid                               [OK]
     deallocate memory                                    [OK]

 [RESULTS]
                             ALL     BOUND   N-BOUND     ERROR
   num_lipids     :           64         0        64         0
   area per lipid :       70.789     0.000    70.789

 
 INFO> Perform Voronoi analysis for Layer 2
 
     randomize coordinates of lipid center of mass        [OK]
     wrap all lipids into the unit cell                   [OK]
     set periodic boundary condition for lipids           [OK]
     wrap all protein atoms into the unit cell            [OK]
     set periodic boundary condition for protein          [OK]
     use fast algorithm                                   [OK]
     allocate memory for voronoi analysis                 [OK]
     compute voronoi vertices                             [OK]
     MC for    2  Avor =     94.521  Ntot =       9452  Nhit =       4776
     MC for    5  Avor =     71.598  Ntot =       7159  Nhit =          0
     MC for    6  Avor =     70.749  Ntot =       7074  Nhit =        956
     MC for    7  Avor =     73.142  Ntot =       7314  Nhit =        492
     MC for    8  Avor =     75.946  Ntot =       7594  Nhit =          0
     MC for   11  was not done (no protein atom exists in the polygon)
     MC for   12  Avor =     73.635  Ntot =       7363  Nhit =          0
     MC for   17  was not done (no protein atom exists in the polygon)
     MC for   25  was not done (no protein atom exists in the polygon)
     MC for   29  Avor =     71.590  Ntot =       7159  Nhit =          4
     MC for   30  Avor =     65.715  Ntot =       6571  Nhit =       2510
     MC for   31  Avor =     68.935  Ntot =       6893  Nhit =       4174
     MC for   33  Avor =     70.547  Ntot =       7054  Nhit =          0
     MC for   35  Avor =     70.969  Ntot =       7096  Nhit =          0
     MC for   36  Avor =     64.867  Ntot =       6486  Nhit =        260
     MC for   42  Avor =     79.997  Ntot =       7999  Nhit =       4729
     MC for   43  Avor =     84.461  Ntot =       8446  Nhit =       5508
     MC for   44  Avor =     53.737  Ntot =       5373  Nhit =        221
     MC for   46  Avor =     61.356  Ntot =       6135  Nhit =       3948
     MC for   47  Avor =     69.343  Ntot =       6934  Nhit =       4618
     MC for   50  Avor =     93.748  Ntot =       9374  Nhit =        849
     MC for   52  was not done (no protein atom exists in the polygon)
     MC for   60  Avor =     87.881  Ntot =       8788  Nhit =       1684
     MC for   64  Avor =     72.249  Ntot =       7224  Nhit =        892
     compute area per lipid                               [OK]
     deallocate memory                                    [OK]

 [RESULTS]
                             ALL     BOUND   N-BOUND     ERROR
   num_lipids     :           64        24        40         0
   area per lipid :       65.223    56.890    70.223

 
 INFO> Summary of the results
 
   average area of all lipids          :     68.006   /    128
   average area of boundary lipids     :     56.890   /     24
   average area of non-boundary lipids :     70.571   /    104
 
 
 INFO> Deallocate all configulation data
 INFO> Deallocate all pdb data
 
 [CPU TIME]
  total    :     0.375(sec)
  analysis :     0.070(sec)
 
