_/_/_/_/_/_/_/_/_/_/_/_/_/_/_/_/_/_/_/_/_/_/_/_/_/_/_/_/_/_/_/_/_/_/_/_/_/_/_/_/

    VTMC: Analysis of lipid surface area in protein-membrane systems
      version: 1.0
      last modified: Jan 13 2012
      programed by Takaharu Mori

    Copyright(C) 2012-
    Theoretical Biochemistry Lab, RIKEN Adv Sci Inst
    2-1 Hirosawa, Wako-shi, Saitama, 351-0198, Japan
    http://www.riken.jp/TBC07/

    Ref) T.Mori, F.Ogushi, and Y.Sugita, J.Comput.Chem., 33, 286-293 (2012)

_/_/_/_/_/_/_/_/_/_/_/_/_/_/_/_/_/_/_/_/_/_/_/_/_/_/_/_/_/_/_/_/_/_/_/_/_/_/_/_/

 INFO> Read configulation file
  
 [INPUT]
   PDB file           =  L-VTMC-GIB7.pdb-A
 
 [OUTPUT]
   output level       =      0
   output name        =  L-VTMC-GIB7.pdb-A
 
 [PROTEIN]
   residue list       =     16
      GLY       GLY       LYS       ILE       TYR       LYS       ALA       GLY 
      LYS       CYS       GLY       LEU       VAL       VAL       LEU       LYS 
   select hydrogen    =    YES
 
 [LIPID]
   residue list       =      1
      DPO 
   select hydrogen    =    YES
   lipid head atom    =        P9  
 
 [ATOM_MASS]
   mass list          =      6
                H     =     1.008
                C     =    12.010
                O     =    16.000
                N     =    14.010
                P     =    30.970
                S     =    32.070
 
 [VDW_RADIUS]
   vdw_radius list    =      6
                H     =     1.200
                C     =     1.700
                O     =     1.520
                N     =     1.550
                P     =     1.800
                S     =     1.800
 
 [ANALYSIS]
   cell center        =     0.000   0.000
   cell size          =    67.274  67.168
   probe atom radius  =     0.100
   factor             =           100
   iseed              =       3141592
   randomize          =    YES
   decimal place      =            12
 
 
 INFO> Read PDB file
  
     open pdb file                                        [OK]
     count the number of lipid molecules                  [OK]
     calculate the bilayer center                         [OK]
     memory allocation for lipids                         [OK]
     compute the center of mass of each lipid             [OK]
     separate the bilayer                                 [OK]
     memory allocation for lipid coordinates              [OK]
     count the number of protein atoms                    [OK]
     select protein atoms                                 [OK]
     memory allocation for protein coordinates            [OK]
     copy protein coordinates                             [OK]
 
 [SYSTEM STATISTICS]
   total number of protein atoms =         150
   total number of lipids        =         128
   bilayer center                =      38.233
 
   layer1: number of lipids =          64
                       Zmax =      63.000
                       Zmin =      33.070
           selected protein atoms =           0
 
   layer2: number of lipids =          64
                       Zmax =      44.380
                       Zmin =      13.610
           selected protein atoms =          99
 
 
 INFO> Perform Voronoi analysis for Layer 1
 
     randomize coordinates of lipid center of mass        [OK]
     wrap all lipids into the unit cell                   [OK]
     set periodic boundary condition for lipids           [OK]
     use fast algorithm                                   [OK]
     allocate memory for voronoi analysis                 [OK]
     compute voronoi vertices                             [OK]
     compute area per lipid                               [OK]
     deallocate memory                                    [OK]

 [RESULTS]
                             ALL     BOUND   N-BOUND     ERROR
   num_lipids     :           64         0        64         0
   area per lipid :       70.604     0.000    70.604

 
 INFO> Perform Voronoi analysis for Layer 2
 
     randomize coordinates of lipid center of mass        [OK]
     wrap all lipids into the unit cell                   [OK]
     set periodic boundary condition for lipids           [OK]
     wrap all protein atoms into the unit cell            [OK]
     set periodic boundary condition for protein          [OK]
     use fast algorithm                                   [OK]
     allocate memory for voronoi analysis                 [OK]
     compute voronoi vertices                             [OK]
     MC for    2  was not done (no protein atom exists in the polygon)
     MC for    8  Avor =     80.314  Ntot =       8031  Nhit =          0
     MC for   29  Avor =     85.368  Ntot =       8536  Nhit =        917
     MC for   30  Avor =     67.184  Ntot =       6718  Nhit =        658
     MC for   31  Avor =     73.340  Ntot =       7334  Nhit =       5865
     MC for   35  Avor =     62.590  Ntot =       6259  Nhit =       1477
     MC for   36  was not done (no protein atom exists in the polygon)
     MC for   37  Avor =     78.631  Ntot =       7863  Nhit =          0
     MC for   42  Avor =     83.824  Ntot =       8382  Nhit =         13
     MC for   43  Avor =     79.711  Ntot =       7971  Nhit =       5957
     MC for   45  Avor =     80.567  Ntot =       8056  Nhit =       1949
     MC for   46  Avor =     75.163  Ntot =       7516  Nhit =        140
     MC for   47  Avor =     76.080  Ntot =       7607  Nhit =       1795
     MC for   52  Avor =     85.798  Ntot =       8579  Nhit =       3873
     MC for   60  Avor =     86.480  Ntot =       8648  Nhit =          0
     MC for   64  was not done (no protein atom exists in the polygon)
     compute area per lipid                               [OK]
     deallocate memory                                    [OK]

 [RESULTS]
                             ALL     BOUND   N-BOUND     ERROR
   num_lipids     :           64        16        48         0
   area per lipid :       67.066    61.988    68.758

 
 INFO> Summary of the results
 
   average area of all lipids          :     68.835   /    128
   average area of boundary lipids     :     61.988   /     16
   average area of non-boundary lipids :     69.813   /    112
 
 
 INFO> Deallocate all configulation data
 INFO> Deallocate all pdb data
 
 [CPU TIME]
  total    :     0.306(sec)
  analysis :     0.134(sec)
 
