_/_/_/_/_/_/_/_/_/_/_/_/_/_/_/_/_/_/_/_/_/_/_/_/_/_/_/_/_/_/_/_/_/_/_/_/_/_/_/_/

    VTMC: Analysis of lipid surface area in protein-membrane systems
      version: 1.0
      last modified: Jan 13 2012
      programed by Takaharu Mori

    Copyright(C) 2012-
    Theoretical Biochemistry Lab, RIKEN Adv Sci Inst
    2-1 Hirosawa, Wako-shi, Saitama, 351-0198, Japan
    http://www.riken.jp/TBC07/

    Ref) T.Mori, F.Ogushi, and Y.Sugita, J.Comput.Chem., 33, 286-293 (2012)

_/_/_/_/_/_/_/_/_/_/_/_/_/_/_/_/_/_/_/_/_/_/_/_/_/_/_/_/_/_/_/_/_/_/_/_/_/_/_/_/

 INFO> Read configulation file
  
 [INPUT]
   PDB file           =  L-VTMC-GIB26.pdb-A
 
 [OUTPUT]
   output level       =      0
   output name        =  L-VTMC-GIB26.pdb-A
 
 [PROTEIN]
   residue list       =     11
      THR       LYS       LYS       LYS       ASN       GLY       GLY       PHE 
      MET       THR       THR 
   select hydrogen    =    YES
 
 [LIPID]
   residue list       =      1
      DPO 
   select hydrogen    =    YES
   lipid head atom    =        P9  
 
 [ATOM_MASS]
   mass list          =      6
                H     =     1.008
                C     =    12.010
                O     =    16.000
                N     =    14.010
                P     =    30.970
                S     =    32.070
 
 [VDW_RADIUS]
   vdw_radius list    =      6
                H     =     1.200
                C     =     1.700
                O     =     1.520
                N     =     1.550
                P     =     1.800
                S     =     1.800
 
 [ANALYSIS]
   cell center        =     0.000   0.000
   cell size          =    66.708  66.602
   probe atom radius  =     0.100
   factor             =           100
   iseed              =       3141592
   randomize          =    YES
   decimal place      =            12
 
 
 INFO> Read PDB file
  
     open pdb file                                        [OK]
     count the number of lipid molecules                  [OK]
     calculate the bilayer center                         [OK]
     memory allocation for lipids                         [OK]
     compute the center of mass of each lipid             [OK]
     separate the bilayer                                 [OK]
     memory allocation for lipid coordinates              [OK]
     count the number of protein atoms                    [OK]
     select protein atoms                                 [OK]
     memory allocation for protein coordinates            [OK]
     copy protein coordinates                             [OK]
 
 [SYSTEM STATISTICS]
   total number of protein atoms =         116
   total number of lipids        =         128
   bilayer center                =      38.998
 
   layer1: number of lipids =          64
                       Zmax =      65.750
                       Zmin =      34.580
           selected protein atoms =           0
 
   layer2: number of lipids =          64
                       Zmax =      45.600
                       Zmin =      13.860
           selected protein atoms =         108
 
 
 INFO> Perform Voronoi analysis for Layer 1
 
     randomize coordinates of lipid center of mass        [OK]
     wrap all lipids into the unit cell                   [OK]
     set periodic boundary condition for lipids           [OK]
     use fast algorithm                                   [OK]
     allocate memory for voronoi analysis                 [OK]
     compute voronoi vertices                             [OK]
     compute area per lipid                               [OK]
     deallocate memory                                    [OK]

 [RESULTS]
                             ALL     BOUND   N-BOUND     ERROR
   num_lipids     :           64         0        64         0
   area per lipid :       69.420     0.000    69.420

 
 INFO> Perform Voronoi analysis for Layer 2
 
     randomize coordinates of lipid center of mass        [OK]
     wrap all lipids into the unit cell                   [OK]
     set periodic boundary condition for lipids           [OK]
     wrap all protein atoms into the unit cell            [OK]
     set periodic boundary condition for protein          [OK]
     use fast algorithm                                   [OK]
     allocate memory for voronoi analysis                 [OK]
     compute voronoi vertices                             [OK]
     MC for    1  Avor =     83.438  Ntot =       8343  Nhit =       2327
     MC for    5  was not done (no protein atom exists in the polygon)
     MC for    9  Avor =     60.303  Ntot =       6030  Nhit =        232
     MC for   10  Avor =     67.464  Ntot =       6746  Nhit =       3977
     MC for   17  Avor =     86.815  Ntot =       8681  Nhit =          0
     MC for   29  Avor =     58.220  Ntot =       5821  Nhit =        426
     MC for   34  was not done (no protein atom exists in the polygon)
     MC for   36  Avor =     58.046  Ntot =       5804  Nhit =        681
     MC for   37  Avor =     46.725  Ntot =       4672  Nhit =        430
     MC for   39  Avor =     61.484  Ntot =       6148  Nhit =       5805
     MC for   43  was not done (no protein atom exists in the polygon)
     MC for   45  Avor =     62.426  Ntot =       6242  Nhit =       5026
     MC for   48  Avor =     52.761  Ntot =       5276  Nhit =        225
     MC for   49  Avor =     75.637  Ntot =       7563  Nhit =       1736
     MC for   51  Avor =     73.399  Ntot =       7339  Nhit =          0
     MC for   64  Avor =     76.094  Ntot =       7609  Nhit =        301
     compute area per lipid                               [OK]
     deallocate memory                                    [OK]

 [RESULTS]
                             ALL     BOUND   N-BOUND     ERROR
   num_lipids     :           64        16        48         0
   area per lipid :       66.113    57.274    69.059

 
 INFO> Summary of the results
 
   average area of all lipids          :     67.766   /    128
   average area of boundary lipids     :     57.274   /     16
   average area of non-boundary lipids :     69.265   /    112
 
 
 INFO> Deallocate all configulation data
 INFO> Deallocate all pdb data
 
 [CPU TIME]
  total    :     0.286(sec)
  analysis :     0.059(sec)
 
