_/_/_/_/_/_/_/_/_/_/_/_/_/_/_/_/_/_/_/_/_/_/_/_/_/_/_/_/_/_/_/_/_/_/_/_/_/_/_/_/

    VTMC: Analysis of lipid surface area in protein-membrane systems
      version: 1.0
      last modified: Jan 13 2012
      programed by Takaharu Mori

    Copyright(C) 2012-
    Theoretical Biochemistry Lab, RIKEN Adv Sci Inst
    2-1 Hirosawa, Wako-shi, Saitama, 351-0198, Japan
    http://www.riken.jp/TBC07/

    Ref) T.Mori, F.Ogushi, and Y.Sugita, J.Comput.Chem., 33, 286-293 (2012)

_/_/_/_/_/_/_/_/_/_/_/_/_/_/_/_/_/_/_/_/_/_/_/_/_/_/_/_/_/_/_/_/_/_/_/_/_/_/_/_/

 INFO> Read configulation file
  
 [INPUT]
   PDB file           =  L-VTMC-GIB23.pdb-A
 
 [OUTPUT]
   output level       =      0
   output name        =  L-VTMC-GIB23.pdb-A
 
 [PROTEIN]
   residue list       =     12
      SER       ALA       LYS       LYS       PHE       MET       ASP       LYS 
      LYS       ALA       ALA       ASN 
   select hydrogen    =    YES
 
 [LIPID]
   residue list       =      1
      DPO 
   select hydrogen    =    YES
   lipid head atom    =        P9  
 
 [ATOM_MASS]
   mass list          =      6
                H     =     1.008
                C     =    12.010
                O     =    16.000
                N     =    14.010
                P     =    30.970
                S     =    32.070
 
 [VDW_RADIUS]
   vdw_radius list    =      6
                H     =     1.200
                C     =     1.700
                O     =     1.520
                N     =     1.550
                P     =     1.800
                S     =     1.800
 
 [ANALYSIS]
   cell center        =     0.000   0.000
   cell size          =    67.469  67.362
   probe atom radius  =     0.100
   factor             =           100
   iseed              =       3141592
   randomize          =    YES
   decimal place      =            12
 
 
 INFO> Read PDB file
  
     open pdb file                                        [OK]
     count the number of lipid molecules                  [OK]
     calculate the bilayer center                         [OK]
     memory allocation for lipids                         [OK]
     compute the center of mass of each lipid             [OK]
     separate the bilayer                                 [OK]
     memory allocation for lipid coordinates              [OK]
     count the number of protein atoms                    [OK]
     select protein atoms                                 [OK]
     memory allocation for protein coordinates            [OK]
     copy protein coordinates                             [OK]
 
 [SYSTEM STATISTICS]
   total number of protein atoms =         127
   total number of lipids        =         128
   bilayer center                =      38.012
 
   layer1: number of lipids =          64
                       Zmax =      62.020
                       Zmin =      32.570
           selected protein atoms =           0
 
   layer2: number of lipids =          64
                       Zmax =      43.700
                       Zmin =      13.790
           selected protein atoms =          88
 
 
 INFO> Perform Voronoi analysis for Layer 1
 
     randomize coordinates of lipid center of mass        [OK]
     wrap all lipids into the unit cell                   [OK]
     set periodic boundary condition for lipids           [OK]
     use fast algorithm                                   [OK]
     allocate memory for voronoi analysis                 [OK]
     compute voronoi vertices                             [OK]
     compute area per lipid                               [OK]
     deallocate memory                                    [OK]

 [RESULTS]
                             ALL     BOUND   N-BOUND     ERROR
   num_lipids     :           64         0        64         0
   area per lipid :       71.013     0.000    71.013

 
 INFO> Perform Voronoi analysis for Layer 2
 
     randomize coordinates of lipid center of mass        [OK]
     wrap all lipids into the unit cell                   [OK]
     set periodic boundary condition for lipids           [OK]
     wrap all protein atoms into the unit cell            [OK]
     set periodic boundary condition for protein          [OK]
     use fast algorithm                                   [OK]
     allocate memory for voronoi analysis                 [OK]
     compute voronoi vertices                             [OK]
     MC for    2  Avor =     58.625  Ntot =       5862  Nhit =       3251
     MC for    6  Avor =     80.420  Ntot =       8041  Nhit =          0
     MC for    7  Avor =     62.765  Ntot =       6276  Nhit =          0
     MC for   12  Avor =     83.373  Ntot =       8337  Nhit =       5041
     MC for   20  was not done (no protein atom exists in the polygon)
     MC for   25  was not done (no protein atom exists in the polygon)
     MC for   29  Avor =     67.884  Ntot =       6788  Nhit =       4992
     MC for   31  was not done (no protein atom exists in the polygon)
     MC for   37  Avor =     52.348  Ntot =       5234  Nhit =       1052
     MC for   42  Avor =     98.047  Ntot =       9804  Nhit =        758
     MC for   43  was not done (no protein atom exists in the polygon)
     MC for   45  Avor =     69.553  Ntot =       6955  Nhit =          0
     MC for   46  Avor =     73.071  Ntot =       7307  Nhit =       3367
     MC for   47  Avor =     72.608  Ntot =       7260  Nhit =       4628
     MC for   50  Avor =     59.529  Ntot =       5952  Nhit =         26
     MC for   51  was not done (no protein atom exists in the polygon)
     MC for   52  Avor =     53.886  Ntot =       5388  Nhit =         88
     MC for   64  Avor =     88.945  Ntot =       8894  Nhit =          0
     compute area per lipid                               [OK]
     deallocate memory                                    [OK]

 [RESULTS]
                             ALL     BOUND   N-BOUND     ERROR
   num_lipids     :           64        18        46         0
   area per lipid :       67.388    56.345    71.708

 
 INFO> Summary of the results
 
   average area of all lipids          :     69.200   /    128
   average area of boundary lipids     :     56.345   /     18
   average area of non-boundary lipids :     71.304   /    110
 
 
 INFO> Deallocate all configulation data
 INFO> Deallocate all pdb data
 
 [CPU TIME]
  total    :     0.143(sec)
  analysis :     0.052(sec)
 
