_/_/_/_/_/_/_/_/_/_/_/_/_/_/_/_/_/_/_/_/_/_/_/_/_/_/_/_/_/_/_/_/_/_/_/_/_/_/_/_/

    VTMC: Analysis of lipid surface area in protein-membrane systems
      version: 1.0
      last modified: Jan 13 2012
      programed by Takaharu Mori

    Copyright(C) 2012-
    Theoretical Biochemistry Lab, RIKEN Adv Sci Inst
    2-1 Hirosawa, Wako-shi, Saitama, 351-0198, Japan
    http://www.riken.jp/TBC07/

    Ref) T.Mori, F.Ogushi, and Y.Sugita, J.Comput.Chem., 33, 286-293 (2012)

_/_/_/_/_/_/_/_/_/_/_/_/_/_/_/_/_/_/_/_/_/_/_/_/_/_/_/_/_/_/_/_/_/_/_/_/_/_/_/_/

 INFO> Read configulation file
  
 [INPUT]
   PDB file           =  L-VTMC-GIB29.pdb-A
 
 [OUTPUT]
   output level       =      0
   output name        =  L-VTMC-GIB29.pdb-A
 
 [PROTEIN]
   residue list       =     11
      VAL       LYS       PHE       ILE       PRO       THR       SER       LYS 
      VAL       PHE       LEU 
   select hydrogen    =    YES
 
 [LIPID]
   residue list       =      1
      DPO 
   select hydrogen    =    YES
   lipid head atom    =        P9  
 
 [ATOM_MASS]
   mass list          =      6
                H     =     1.008
                C     =    12.010
                O     =    16.000
                N     =    14.010
                P     =    30.970
                S     =    32.070
 
 [VDW_RADIUS]
   vdw_radius list    =      6
                H     =     1.200
                C     =     1.700
                O     =     1.520
                N     =     1.550
                P     =     1.800
                S     =     1.800
 
 [ANALYSIS]
   cell center        =     0.000   0.000
   cell size          =    67.147  67.041
   probe atom radius  =     0.100
   factor             =           100
   iseed              =       3141592
   randomize          =    YES
   decimal place      =            12
 
 
 INFO> Read PDB file
  
     open pdb file                                        [OK]
     count the number of lipid molecules                  [OK]
     calculate the bilayer center                         [OK]
     memory allocation for lipids                         [OK]
     compute the center of mass of each lipid             [OK]
     separate the bilayer                                 [OK]
     memory allocation for lipid coordinates              [OK]
     count the number of protein atoms                    [OK]
     select protein atoms                                 [OK]
     memory allocation for protein coordinates            [OK]
     copy protein coordinates                             [OK]
 
 [SYSTEM STATISTICS]
   total number of protein atoms =         121
   total number of lipids        =         128
   bilayer center                =      38.528
 
   layer1: number of lipids =          64
                       Zmax =      64.810
                       Zmin =      30.080
           selected protein atoms =           0
 
   layer2: number of lipids =          64
                       Zmax =      47.060
                       Zmin =      12.130
           selected protein atoms =         119
 
 
 INFO> Perform Voronoi analysis for Layer 1
 
     randomize coordinates of lipid center of mass        [OK]
     wrap all lipids into the unit cell                   [OK]
     set periodic boundary condition for lipids           [OK]
     use fast algorithm                                   [OK]
     allocate memory for voronoi analysis                 [OK]
     compute voronoi vertices                             [OK]
     compute area per lipid                               [OK]
     deallocate memory                                    [OK]

 [RESULTS]
                             ALL     BOUND   N-BOUND     ERROR
   num_lipids     :           64         0        64         0
   area per lipid :       70.338     0.000    70.338

 
 INFO> Perform Voronoi analysis for Layer 2
 
     randomize coordinates of lipid center of mass        [OK]
     wrap all lipids into the unit cell                   [OK]
     set periodic boundary condition for lipids           [OK]
     wrap all protein atoms into the unit cell            [OK]
     set periodic boundary condition for protein          [OK]
     use fast algorithm                                   [OK]
     allocate memory for voronoi analysis                 [OK]
     compute voronoi vertices                             [OK]
     MC for    1  was not done (no protein atom exists in the polygon)
     MC for    2  Avor =     66.901  Ntot =       6690  Nhit =         58
     MC for    8  Avor =     60.939  Ntot =       6093  Nhit =          0
     MC for   11  was not done (no protein atom exists in the polygon)
     MC for   12  was not done (no protein atom exists in the polygon)
     MC for   29  Avor =     83.253  Ntot =       8325  Nhit =       3788
     MC for   30  Avor =     56.118  Ntot =       5611  Nhit =        227
     MC for   31  Avor =     69.312  Ntot =       6931  Nhit =       1322
     MC for   33  Avor =     76.117  Ntot =       7611  Nhit =          0
     MC for   35  Avor =     68.962  Ntot =       6896  Nhit =         19
     MC for   37  Avor =     65.636  Ntot =       6563  Nhit =       2226
     MC for   42  Avor =     88.654  Ntot =       8865  Nhit =       1312
     MC for   43  Avor =     68.866  Ntot =       6886  Nhit =       6513
     MC for   45  Avor =     66.927  Ntot =       6692  Nhit =        338
     MC for   46  Avor =     62.032  Ntot =       6203  Nhit =       4075
     MC for   47  Avor =     60.174  Ntot =       6017  Nhit =       2170
     MC for   50  Avor =     73.582  Ntot =       7358  Nhit =          0
     MC for   52  Avor =     76.761  Ntot =       7676  Nhit =       6966
     MC for   64  was not done (no protein atom exists in the polygon)
     compute area per lipid                               [OK]
     deallocate memory                                    [OK]

 [RESULTS]
                             ALL     BOUND   N-BOUND     ERROR
   num_lipids     :           64        19        45         0
   area per lipid :       65.804    54.776    70.460

 
 INFO> Summary of the results
 
   average area of all lipids          :     68.071   /    128
   average area of boundary lipids     :     54.776   /     19
   average area of non-boundary lipids :     70.388   /    109
 
 
 INFO> Deallocate all configulation data
 INFO> Deallocate all pdb data
 
 [CPU TIME]
  total    :     0.156(sec)
  analysis :     0.050(sec)
 
