_/_/_/_/_/_/_/_/_/_/_/_/_/_/_/_/_/_/_/_/_/_/_/_/_/_/_/_/_/_/_/_/_/_/_/_/_/_/_/_/

    VTMC: Analysis of lipid surface area in protein-membrane systems
      version: 1.0
      last modified: Jan 13 2012
      programed by Takaharu Mori

    Copyright(C) 2012-
    Theoretical Biochemistry Lab, RIKEN Adv Sci Inst
    2-1 Hirosawa, Wako-shi, Saitama, 351-0198, Japan
    http://www.riken.jp/TBC07/

    Ref) T.Mori, F.Ogushi, and Y.Sugita, J.Comput.Chem., 33, 286-293 (2012)

_/_/_/_/_/_/_/_/_/_/_/_/_/_/_/_/_/_/_/_/_/_/_/_/_/_/_/_/_/_/_/_/_/_/_/_/_/_/_/_/

 INFO> Read configulation file
  
 [INPUT]
   PDB file           =  L-VTMC-GIB16.pdb-A
 
 [OUTPUT]
   output level       =      0
   output name        =  L-VTMC-GIB16.pdb-A
 
 [PROTEIN]
   residue list       =     17
      LYS       ALA       THR       LYS       LYS       CYS       GLY       LEU 
      PHE       SER       ILE       LEU       LYS       GLY       VAL       GLY 
      LYS 
   select hydrogen    =    YES
 
 [LIPID]
   residue list       =      1
      DPO 
   select hydrogen    =    YES
   lipid head atom    =        P9  
 
 [ATOM_MASS]
   mass list          =      6
                H     =     1.008
                C     =    12.010
                O     =    16.000
                N     =    14.010
                P     =    30.970
                S     =    32.070
 
 [VDW_RADIUS]
   vdw_radius list    =      6
                H     =     1.200
                C     =     1.700
                O     =     1.520
                N     =     1.550
                P     =     1.800
                S     =     1.800
 
 [ANALYSIS]
   cell center        =     0.000   0.000
   cell size          =    67.402  67.296
   probe atom radius  =     0.100
   factor             =           100
   iseed              =       3141592
   randomize          =    YES
   decimal place      =            12
 
 
 INFO> Read PDB file
  
     open pdb file                                        [OK]
     count the number of lipid molecules                  [OK]
     calculate the bilayer center                         [OK]
     memory allocation for lipids                         [OK]
     compute the center of mass of each lipid             [OK]
     separate the bilayer                                 [OK]
     memory allocation for lipid coordinates              [OK]
     count the number of protein atoms                    [OK]
     select protein atoms                                 [OK]
     memory allocation for protein coordinates            [OK]
     copy protein coordinates                             [OK]
 
 [SYSTEM STATISTICS]
   total number of protein atoms =         166
   total number of lipids        =         128
   bilayer center                =      37.993
 
   layer1: number of lipids =          64
                       Zmax =      63.820
                       Zmin =      30.140
           selected protein atoms =           0
 
   layer2: number of lipids =          64
                       Zmax =      46.660
                       Zmin =      12.300
           selected protein atoms =         166
 
 
 INFO> Perform Voronoi analysis for Layer 1
 
     randomize coordinates of lipid center of mass        [OK]
     wrap all lipids into the unit cell                   [OK]
     set periodic boundary condition for lipids           [OK]
     use fast algorithm                                   [OK]
     allocate memory for voronoi analysis                 [OK]
     compute voronoi vertices                             [OK]
     compute area per lipid                               [OK]
     deallocate memory                                    [OK]

 [RESULTS]
                             ALL     BOUND   N-BOUND     ERROR
   num_lipids     :           64         0        64         0
   area per lipid :       70.873     0.000    70.873

 
 INFO> Perform Voronoi analysis for Layer 2
 
     randomize coordinates of lipid center of mass        [OK]
     wrap all lipids into the unit cell                   [OK]
     set periodic boundary condition for lipids           [OK]
     wrap all protein atoms into the unit cell            [OK]
     set periodic boundary condition for protein          [OK]
     use fast algorithm                                   [OK]
     allocate memory for voronoi analysis                 [OK]
     compute voronoi vertices                             [OK]
     MC for    1  Avor =     81.017  Ntot =       8101  Nhit =       6130
     MC for    3  Avor =     58.973  Ntot =       5897  Nhit =        232
     MC for    8  Avor =     63.157  Ntot =       6315  Nhit =       2304
     MC for   10  was not done (no protein atom exists in the polygon)
     MC for   12  Avor =     80.589  Ntot =       8058  Nhit =        984
     MC for   17  Avor =     64.117  Ntot =       6411  Nhit =        223
     MC for   19  was not done (no protein atom exists in the polygon)
     MC for   29  Avor =     80.876  Ntot =       8087  Nhit =          0
     MC for   32  Avor =     64.099  Ntot =       6409  Nhit =          0
     MC for   34  Avor =     70.930  Ntot =       7092  Nhit =       4512
     MC for   35  Avor =     73.041  Ntot =       7304  Nhit =          0
     MC for   36  Avor =     92.068  Ntot =       9206  Nhit =       1137
     MC for   37  Avor =     59.276  Ntot =       5927  Nhit =       4825
     MC for   45  Avor =     64.393  Ntot =       6439  Nhit =       3792
     MC for   46  Avor =     80.151  Ntot =       8015  Nhit =       2674
     MC for   47  Avor =     59.889  Ntot =       5988  Nhit =       3819
     MC for   50  Avor =     58.904  Ntot =       5890  Nhit =          0
     MC for   52  Avor =     74.544  Ntot =       7454  Nhit =       5352
     MC for   57  Avor =     64.215  Ntot =       6421  Nhit =         82
     MC for   59  Avor =     62.010  Ntot =       6201  Nhit =        381
     MC for   61  was not done (no protein atom exists in the polygon)
     MC for   63  was not done (no protein atom exists in the polygon)
     MC for   64  Avor =     77.536  Ntot =       7753  Nhit =       1878
     compute area per lipid                               [OK]
     deallocate memory                                    [OK]

 [RESULTS]
                             ALL     BOUND   N-BOUND     ERROR
   num_lipids     :           64        23        41         0
   area per lipid :       64.884    52.979    71.563

 
 INFO> Summary of the results
 
   average area of all lipids          :     67.879   /    128
   average area of boundary lipids     :     52.979   /     23
   average area of non-boundary lipids :     71.143   /    105
 
 
 INFO> Deallocate all configulation data
 INFO> Deallocate all pdb data
 
 [CPU TIME]
  total    :     0.163(sec)
  analysis :     0.061(sec)
 
