_/_/_/_/_/_/_/_/_/_/_/_/_/_/_/_/_/_/_/_/_/_/_/_/_/_/_/_/_/_/_/_/_/_/_/_/_/_/_/_/

    VTMC: Analysis of lipid surface area in protein-membrane systems
      version: 1.0
      last modified: Jan 13 2012
      programed by Takaharu Mori

    Copyright(C) 2012-
    Theoretical Biochemistry Lab, RIKEN Adv Sci Inst
    2-1 Hirosawa, Wako-shi, Saitama, 351-0198, Japan
    http://www.riken.jp/TBC07/

    Ref) T.Mori, F.Ogushi, and Y.Sugita, J.Comput.Chem., 33, 286-293 (2012)

_/_/_/_/_/_/_/_/_/_/_/_/_/_/_/_/_/_/_/_/_/_/_/_/_/_/_/_/_/_/_/_/_/_/_/_/_/_/_/_/

 INFO> Read configulation file
  
 [INPUT]
   PDB file           =  L-VTMC-GIB22.pdb-A
 
 [OUTPUT]
   output level       =      0
   output name        =  L-VTMC-GIB22.pdb-A
 
 [PROTEIN]
   residue list       =     12
      PRO       LYS       ILE       PHE       LYS       ILE       THR       LYS 
      LYS       PHE       PHE       PRO 
   select hydrogen    =    YES
 
 [LIPID]
   residue list       =      1
      DPO 
   select hydrogen    =    YES
   lipid head atom    =        P9  
 
 [ATOM_MASS]
   mass list          =      6
                H     =     1.008
                C     =    12.010
                O     =    16.000
                N     =    14.010
                P     =    30.970
                S     =    32.070
 
 [VDW_RADIUS]
   vdw_radius list    =      6
                H     =     1.200
                C     =     1.700
                O     =     1.520
                N     =     1.550
                P     =     1.800
                S     =     1.800
 
 [ANALYSIS]
   cell center        =     0.000   0.000
   cell size          =    66.707  66.602
   probe atom radius  =     0.100
   factor             =           100
   iseed              =       3141592
   randomize          =    YES
   decimal place      =            12
 
 
 INFO> Read PDB file
  
     open pdb file                                        [OK]
     count the number of lipid molecules                  [OK]
     calculate the bilayer center                         [OK]
     memory allocation for lipids                         [OK]
     compute the center of mass of each lipid             [OK]
     separate the bilayer                                 [OK]
     memory allocation for lipid coordinates              [OK]
     count the number of protein atoms                    [OK]
     select protein atoms                                 [OK]
     memory allocation for protein coordinates            [OK]
     copy protein coordinates                             [OK]
 
 [SYSTEM STATISTICS]
   total number of protein atoms =         191
   total number of lipids        =         128
   bilayer center                =      38.745
 
   layer1: number of lipids =          64
                       Zmax =      63.380
                       Zmin =      32.750
           selected protein atoms =           0
 
   layer2: number of lipids =          64
                       Zmax =      44.640
                       Zmin =      11.730
           selected protein atoms =         190
 
 
 INFO> Perform Voronoi analysis for Layer 1
 
     randomize coordinates of lipid center of mass        [OK]
     wrap all lipids into the unit cell                   [OK]
     set periodic boundary condition for lipids           [OK]
     use fast algorithm                                   [OK]
     allocate memory for voronoi analysis                 [OK]
     compute voronoi vertices                             [OK]
     compute area per lipid                               [OK]
     deallocate memory                                    [OK]

 [RESULTS]
                             ALL     BOUND   N-BOUND     ERROR
   num_lipids     :           64         0        64         0
   area per lipid :       69.419     0.000    69.419

 
 INFO> Perform Voronoi analysis for Layer 2
 
     randomize coordinates of lipid center of mass        [OK]
     wrap all lipids into the unit cell                   [OK]
     set periodic boundary condition for lipids           [OK]
     wrap all protein atoms into the unit cell            [OK]
     set periodic boundary condition for protein          [OK]
     use fast algorithm                                   [OK]
     allocate memory for voronoi analysis                 [OK]
     compute voronoi vertices                             [OK]
     MC for    1  Avor =     92.029  Ntot =       9202  Nhit =       6576
     MC for    3  Avor =     62.634  Ntot =       6263  Nhit =       2082
     MC for    6  Avor =     77.345  Ntot =       7734  Nhit =        625
     MC for    8  Avor =     55.809  Ntot =       5580  Nhit =        165
     MC for    9  Avor =     69.514  Ntot =       6951  Nhit =        995
     MC for   17  Avor =     76.741  Ntot =       7674  Nhit =       1300
     MC for   29  Avor =     62.557  Ntot =       6255  Nhit =       4961
     MC for   34  Avor =     76.485  Ntot =       7648  Nhit =        567
     MC for   35  Avor =     78.351  Ntot =       7835  Nhit =        125
     MC for   36  Avor =     74.705  Ntot =       7470  Nhit =       6664
     MC for   37  Avor =     46.510  Ntot =       4650  Nhit =       3104
     MC for   39  Avor =     66.130  Ntot =       6612  Nhit =        156
     MC for   45  Avor =     80.213  Ntot =       8021  Nhit =       7008
     MC for   46  was not done (no protein atom exists in the polygon)
     MC for   47  Avor =     64.581  Ntot =       6458  Nhit =       3391
     MC for   49  Avor =     58.056  Ntot =       5805  Nhit =         79
     MC for   50  was not done (no protein atom exists in the polygon)
     MC for   52  Avor =     59.107  Ntot =       5910  Nhit =          0
     MC for   57  was not done (no protein atom exists in the polygon)
     MC for   64  Avor =     68.533  Ntot =       6853  Nhit =          0
     compute area per lipid                               [OK]
     deallocate memory                                    [OK]

 [RESULTS]
                             ALL     BOUND   N-BOUND     ERROR
   num_lipids     :           64        20        44         0
   area per lipid :       63.513    49.927    69.688

 
 INFO> Summary of the results
 
   average area of all lipids          :     66.466   /    128
   average area of boundary lipids     :     49.927   /     20
   average area of non-boundary lipids :     69.529   /    108
 
 
 INFO> Deallocate all configulation data
 INFO> Deallocate all pdb data
 
 [CPU TIME]
  total    :     0.148(sec)
  analysis :     0.053(sec)
 
