_/_/_/_/_/_/_/_/_/_/_/_/_/_/_/_/_/_/_/_/_/_/_/_/_/_/_/_/_/_/_/_/_/_/_/_/_/_/_/_/

    VTMC: Analysis of lipid surface area in protein-membrane systems
      version: 1.0
      last modified: Jan 13 2012
      programed by Takaharu Mori

    Copyright(C) 2012-
    Theoretical Biochemistry Lab, RIKEN Adv Sci Inst
    2-1 Hirosawa, Wako-shi, Saitama, 351-0198, Japan
    http://www.riken.jp/TBC07/

    Ref) T.Mori, F.Ogushi, and Y.Sugita, J.Comput.Chem., 33, 286-293 (2012)

_/_/_/_/_/_/_/_/_/_/_/_/_/_/_/_/_/_/_/_/_/_/_/_/_/_/_/_/_/_/_/_/_/_/_/_/_/_/_/_/

 INFO> Read configulation file
  
 [INPUT]
   PDB file           =  L-VTMC-2LL1.pdb-A
 
 [OUTPUT]
   output level       =      0
   output name        =  L-VTMC-2LL1.pdb-A
 
 [PROTEIN]
   residue list       =     33
      ASP       CYS       GLY       HIS       LEU       HIS       ASP       PRO 
      CYS       PRO       ASN       ASP       ARG       PRO       GLY       HIS 
      ARG       THR       CYS       CYS       ILE       GLY       LEU       GLN 
      CYS       ARG       TYR       GLY       LYS       CYS       LEU       VAL 
      ARG 
   select hydrogen    =    YES
 
 [LIPID]
   residue list       =      1
      POP 
   select hydrogen    =    YES
   lipid head atom    =        P   
 
 [ATOM_MASS]
   mass list          =      6
                H     =     1.008
                C     =    12.010
                O     =    16.000
                N     =    14.010
                P     =    30.970
                S     =    32.070
 
 [VDW_RADIUS]
   vdw_radius list    =      6
                H     =     1.200
                C     =     1.700
                O     =     1.520
                N     =     1.550
                P     =     1.800
                S     =     1.800
 
 [ANALYSIS]
   cell center        =     0.000   0.000
   cell size          =    61.678  61.678
   probe atom radius  =     0.100
   factor             =           100
   iseed              =       3141592
   randomize          =    YES
   decimal place      =            12
 
 
 INFO> Read PDB file
  
     open pdb file                                        [OK]
     count the number of lipid molecules                  [OK]
     calculate the bilayer center                         [OK]
     memory allocation for lipids                         [OK]
     compute the center of mass of each lipid             [OK]
     separate the bilayer                                 [OK]
     memory allocation for lipid coordinates              [OK]
     count the number of protein atoms                    [OK]
     select protein atoms                                 [OK]
     memory allocation for protein coordinates            [OK]
     copy protein coordinates                             [OK]
 
 [SYSTEM STATISTICS]
   total number of protein atoms =         334
   total number of lipids        =         128
   bilayer center                =      42.275
 
   layer1: number of lipids =          64
                       Zmax =      68.980
                       Zmin =      36.650
           selected protein atoms =           0
 
   layer2: number of lipids =          64
                       Zmax =      46.930
                       Zmin =      13.040
           selected protein atoms =         176
 
 
 INFO> Perform Voronoi analysis for Layer 1
 
     randomize coordinates of lipid center of mass        [OK]
     wrap all lipids into the unit cell                   [OK]
     set periodic boundary condition for lipids           [OK]
     use fast algorithm                                   [OK]
     allocate memory for voronoi analysis                 [OK]
     compute voronoi vertices                             [OK]
     compute area per lipid                               [OK]
     deallocate memory                                    [OK]

 [RESULTS]
                             ALL     BOUND   N-BOUND     ERROR
   num_lipids     :           64         0        64         0
   area per lipid :       59.440     0.000    59.440

 
 INFO> Perform Voronoi analysis for Layer 2
 
     randomize coordinates of lipid center of mass        [OK]
     wrap all lipids into the unit cell                   [OK]
     set periodic boundary condition for lipids           [OK]
     wrap all protein atoms into the unit cell            [OK]
     set periodic boundary condition for protein          [OK]
     use fast algorithm                                   [OK]
     allocate memory for voronoi analysis                 [OK]
     compute voronoi vertices                             [OK]
     MC for    1  Avor =     49.427  Ntot =       4942  Nhit =          0
     MC for    7  was not done (no protein atom exists in the polygon)
     MC for   16  Avor =     58.302  Ntot =       5830  Nhit =       1936
     MC for   21  was not done (no protein atom exists in the polygon)
     MC for   24  Avor =     46.923  Ntot =       4692  Nhit =          0
     MC for   29  Avor =     37.241  Ntot =       3724  Nhit =          0
     MC for   30  Avor =     62.470  Ntot =       6247  Nhit =       6118
     MC for   31  Avor =     70.240  Ntot =       7023  Nhit =       6228
     MC for   32  Avor =     67.620  Ntot =       6762  Nhit =        308
     MC for   33  was not done (no protein atom exists in the polygon)
     MC for   38  Avor =     75.032  Ntot =       7503  Nhit =       2331
     MC for   39  Avor =     54.476  Ntot =       5447  Nhit =       3622
     MC for   40  Avor =     62.439  Ntot =       6243  Nhit =       1775
     MC for   41  was not done (no protein atom exists in the polygon)
     MC for   45  Avor =     46.030  Ntot =       4603  Nhit =       1658
     MC for   46  Avor =     52.799  Ntot =       5279  Nhit =         13
     MC for   47  Avor =     82.463  Ntot =       8246  Nhit =       7781
     MC for   48  Avor =     65.715  Ntot =       6571  Nhit =        918
     MC for   53  Avor =     41.203  Ntot =       4120  Nhit =        308
     MC for   54  Avor =     63.053  Ntot =       6305  Nhit =          6
     MC for   55  was not done (no protein atom exists in the polygon)
     MC for   62  Avor =     60.584  Ntot =       6058  Nhit =       4061
     MC for   63  Avor =     62.735  Ntot =       6273  Nhit =        974
     compute area per lipid                               [OK]
     deallocate memory                                    [OK]

 [RESULTS]
                             ALL     BOUND   N-BOUND     ERROR
   num_lipids     :           64        23        41         0
   area per lipid :       53.497    43.781    58.947

 
 INFO> Summary of the results
 
   average area of all lipids          :     56.468   /    128
   average area of boundary lipids     :     43.781   /     23
   average area of non-boundary lipids :     59.248   /    105
 
 
 INFO> Deallocate all configulation data
 INFO> Deallocate all pdb data
 
 [CPU TIME]
  total    :     0.126(sec)
  analysis :     0.053(sec)
 
