_/_/_/_/_/_/_/_/_/_/_/_/_/_/_/_/_/_/_/_/_/_/_/_/_/_/_/_/_/_/_/_/_/_/_/_/_/_/_/_/

    VTMC: Analysis of lipid surface area in protein-membrane systems
      version: 1.0
      last modified: Jan 13 2012
      programed by Takaharu Mori

    Copyright(C) 2012-
    Theoretical Biochemistry Lab, RIKEN Adv Sci Inst
    2-1 Hirosawa, Wako-shi, Saitama, 351-0198, Japan
    http://www.riken.jp/TBC07/

    Ref) T.Mori, F.Ogushi, and Y.Sugita, J.Comput.Chem., 33, 286-293 (2012)

_/_/_/_/_/_/_/_/_/_/_/_/_/_/_/_/_/_/_/_/_/_/_/_/_/_/_/_/_/_/_/_/_/_/_/_/_/_/_/_/

 INFO> Read configulation file
  
 [INPUT]
   PDB file           =  L-VTMC-2RLH.pdb-A
 
 [OUTPUT]
   output level       =      0
   output name        =  L-VTMC-2RLH.pdb-A
 
 [PROTEIN]
   residue list       =     18
      ALA       LEU       TYR       LYS       LYS       PHE       LYS       LYS 
      LYS       LEU       LEU       LYS       SER       LEU       LYS       ARG 
      LEU       GLY 
   select hydrogen    =    YES
 
 [LIPID]
   residue list       =      1
      POP 
   select hydrogen    =    YES
   lipid head atom    =        P   
 
 [ATOM_MASS]
   mass list          =      6
                H     =     1.008
                C     =    12.010
                O     =    16.000
                N     =    14.010
                P     =    30.970
                S     =    32.070
 
 [VDW_RADIUS]
   vdw_radius list    =      6
                H     =     1.200
                C     =     1.700
                O     =     1.520
                N     =     1.550
                P     =     1.800
                S     =     1.800
 
 [ANALYSIS]
   cell center        =     0.000   0.000
   cell size          =    60.748  60.748
   probe atom radius  =     0.100
   factor             =           100
   iseed              =       3141592
   randomize          =    YES
   decimal place      =            12
 
 
 INFO> Read PDB file
  
     open pdb file                                        [OK]
     count the number of lipid molecules                  [OK]
     calculate the bilayer center                         [OK]
     memory allocation for lipids                         [OK]
     compute the center of mass of each lipid             [OK]
     separate the bilayer                                 [OK]
     memory allocation for lipid coordinates              [OK]
     count the number of protein atoms                    [OK]
     select protein atoms                                 [OK]
     memory allocation for protein coordinates            [OK]
     copy protein coordinates                             [OK]
 
 [SYSTEM STATISTICS]
   total number of protein atoms =         210
   total number of lipids        =         128
   bilayer center                =      43.617
 
   layer1: number of lipids =          64
                       Zmax =      72.620
                       Zmin =      38.510
           selected protein atoms =          48
 
   layer2: number of lipids =          64
                       Zmax =      48.070
                       Zmin =      16.270
           selected protein atoms =           0
 
 
 INFO> Perform Voronoi analysis for Layer 1
 
     randomize coordinates of lipid center of mass        [OK]
     wrap all lipids into the unit cell                   [OK]
     set periodic boundary condition for lipids           [OK]
     wrap all protein atoms into the unit cell            [OK]
     set periodic boundary condition for protein          [OK]
     use fast algorithm                                   [OK]
     allocate memory for voronoi analysis                 [OK]
     compute voronoi vertices                             [OK]
     MC for    1  Avor =     56.953  Ntot =       5695  Nhit =        312
     MC for    2  Avor =     57.083  Ntot =       5708  Nhit =       5469
     MC for    3  Avor =     60.175  Ntot =       6017  Nhit =          0
     MC for    9  Avor =     70.980  Ntot =       7098  Nhit =       4571
     MC for   11  Avor =     61.833  Ntot =       6183  Nhit =       2749
     MC for   16  Avor =     63.293  Ntot =       6329  Nhit =         28
     MC for   17  was not done (no protein atom exists in the polygon)
     MC for   18  was not done (no protein atom exists in the polygon)
     MC for   24  Avor =     54.777  Ntot =       5477  Nhit =        414
     MC for   32  Avor =     51.691  Ntot =       5169  Nhit =        343
     MC for   41  Avor =     52.618  Ntot =       5261  Nhit =         18
     MC for   42  Avor =     44.487  Ntot =       4448  Nhit =       1769
     MC for   50  Avor =     66.443  Ntot =       6644  Nhit =          0
     MC for   57  Avor =     55.840  Ntot =       5584  Nhit =       1086
     MC for   58  Avor =     59.563  Ntot =       5956  Nhit =          0
     compute area per lipid                               [OK]
     deallocate memory                                    [OK]

 [RESULTS]
                             ALL     BOUND   N-BOUND     ERROR
   num_lipids     :           64        15        49         0
   area per lipid :       55.043    45.214    58.051

 
 INFO> Perform Voronoi analysis for Layer 2
 
     randomize coordinates of lipid center of mass        [OK]
     wrap all lipids into the unit cell                   [OK]
     set periodic boundary condition for lipids           [OK]
     use fast algorithm                                   [OK]
     allocate memory for voronoi analysis                 [OK]
     compute voronoi vertices                             [OK]
     compute area per lipid                               [OK]
     deallocate memory                                    [OK]

 [RESULTS]
                             ALL     BOUND   N-BOUND     ERROR
   num_lipids     :           64         0        64         0
   area per lipid :       57.661     0.000    57.661

 
 INFO> Summary of the results
 
   average area of all lipids          :     56.352   /    128
   average area of boundary lipids     :     45.214   /     15
   average area of non-boundary lipids :     57.830   /    113
 
 
 INFO> Deallocate all configulation data
 INFO> Deallocate all pdb data
 
 [CPU TIME]
  total    :     0.129(sec)
  analysis :     0.058(sec)
 
