_/_/_/_/_/_/_/_/_/_/_/_/_/_/_/_/_/_/_/_/_/_/_/_/_/_/_/_/_/_/_/_/_/_/_/_/_/_/_/_/

    VTMC: Analysis of lipid surface area in protein-membrane systems
      version: 1.0
      last modified: Jan 13 2012
      programed by Takaharu Mori

    Copyright(C) 2012-
    Theoretical Biochemistry Lab, RIKEN Adv Sci Inst
    2-1 Hirosawa, Wako-shi, Saitama, 351-0198, Japan
    http://www.riken.jp/TBC07/

    Ref) T.Mori, F.Ogushi, and Y.Sugita, J.Comput.Chem., 33, 286-293 (2012)

_/_/_/_/_/_/_/_/_/_/_/_/_/_/_/_/_/_/_/_/_/_/_/_/_/_/_/_/_/_/_/_/_/_/_/_/_/_/_/_/

 INFO> Read configulation file
  
 [INPUT]
   PDB file           =  L-VTMC-2KHF.pdb-A
 
 [OUTPUT]
   output level       =      0
   output name        =  L-VTMC-2KHF.pdb-A
 
 [PROTEIN]
   residue list       =     25
      GLY       ALA       TRP       LYS       ASN       PHE       TRP       SER 
      SER       LEU       ARG       LYS       GLY       PHE       TYR       ASP 
      GLY       GLU       ALA       GLY       ARG       ALA       ILE       ARG 
      ARG 
   select hydrogen    =    YES
 
 [LIPID]
   residue list       =      1
      POP 
   select hydrogen    =    YES
   lipid head atom    =        P   
 
 [ATOM_MASS]
   mass list          =      6
                H     =     1.008
                C     =    12.010
                O     =    16.000
                N     =    14.010
                P     =    30.970
                S     =    32.070
 
 [VDW_RADIUS]
   vdw_radius list    =      6
                H     =     1.200
                C     =     1.700
                O     =     1.520
                N     =     1.550
                P     =     1.800
                S     =     1.800
 
 [ANALYSIS]
   cell center        =     0.000   0.000
   cell size          =    60.626  60.626
   probe atom radius  =     0.100
   factor             =           100
   iseed              =       3141592
   randomize          =    YES
   decimal place      =            12
 
 
 INFO> Read PDB file
  
     open pdb file                                        [OK]
     count the number of lipid molecules                  [OK]
     calculate the bilayer center                         [OK]
     memory allocation for lipids                         [OK]
     compute the center of mass of each lipid             [OK]
     separate the bilayer                                 [OK]
     memory allocation for lipid coordinates              [OK]
     count the number of protein atoms                    [OK]
     select protein atoms                                 [OK]
     memory allocation for protein coordinates            [OK]
     copy protein coordinates                             [OK]
 
 [SYSTEM STATISTICS]
   total number of protein atoms =         293
   total number of lipids        =         128
   bilayer center                =      43.825
 
   layer1: number of lipids =          64
                       Zmax =      72.100
                       Zmin =      38.690
           selected protein atoms =           0
 
   layer2: number of lipids =          64
                       Zmax =      48.080
                       Zmin =      15.510
           selected protein atoms =         235
 
 
 INFO> Perform Voronoi analysis for Layer 1
 
     randomize coordinates of lipid center of mass        [OK]
     wrap all lipids into the unit cell                   [OK]
     set periodic boundary condition for lipids           [OK]
     use fast algorithm                                   [OK]
     allocate memory for voronoi analysis                 [OK]
     compute voronoi vertices                             [OK]
     compute area per lipid                               [OK]
     deallocate memory                                    [OK]

 [RESULTS]
                             ALL     BOUND   N-BOUND     ERROR
   num_lipids     :           64         0        64         0
   area per lipid :       57.430     0.000    57.430

 
 INFO> Perform Voronoi analysis for Layer 2
 
     randomize coordinates of lipid center of mass        [OK]
     wrap all lipids into the unit cell                   [OK]
     set periodic boundary condition for lipids           [OK]
     wrap all protein atoms into the unit cell            [OK]
     set periodic boundary condition for protein          [OK]
     use fast algorithm                                   [OK]
     allocate memory for voronoi analysis                 [OK]
     compute voronoi vertices                             [OK]
     MC for    1  was not done (no protein atom exists in the polygon)
     MC for    9  was not done (no protein atom exists in the polygon)
     MC for   16  Avor =     47.013  Ntot =       4701  Nhit =         27
     MC for   20  Avor =     60.208  Ntot =       6020  Nhit =        928
     MC for   24  was not done (no protein atom exists in the polygon)
     MC for   25  was not done (no protein atom exists in the polygon)
     MC for   28  Avor =     56.315  Ntot =       5631  Nhit =       3209
     MC for   30  Avor =     53.334  Ntot =       5333  Nhit =          0
     MC for   31  Avor =     46.957  Ntot =       4695  Nhit =       4399
     MC for   32  Avor =     74.016  Ntot =       7401  Nhit =       4348
     MC for   33  Avor =     56.067  Ntot =       5606  Nhit =       2073
     MC for   34  was not done (no protein atom exists in the polygon)
     MC for   37  Avor =     59.946  Ntot =       5994  Nhit =       4718
     MC for   39  Avor =     56.292  Ntot =       5629  Nhit =          0
     MC for   40  Avor =     67.407  Ntot =       6740  Nhit =       2501
     MC for   41  Avor =     63.969  Ntot =       6396  Nhit =       6388
     MC for   42  Avor =     56.215  Ntot =       5621  Nhit =       4983
     MC for   43  Avor =     46.535  Ntot =       4653  Nhit =       2549
     MC for   44  Avor =     60.146  Ntot =       6014  Nhit =       1548
     MC for   45  Avor =     54.269  Ntot =       5426  Nhit =          0
     MC for   46  Avor =     49.566  Ntot =       4956  Nhit =       1276
     MC for   47  Avor =     64.525  Ntot =       6452  Nhit =         45
     MC for   48  Avor =     63.811  Ntot =       6381  Nhit =        984
     MC for   49  Avor =     52.742  Ntot =       5274  Nhit =       1043
     MC for   50  Avor =     56.550  Ntot =       5654  Nhit =       4569
     MC for   51  Avor =     65.515  Ntot =       6551  Nhit =        471
     MC for   52  Avor =     61.487  Ntot =       6148  Nhit =          0
     MC for   53  Avor =     52.838  Ntot =       5283  Nhit =          1
     MC for   54  Avor =     49.453  Ntot =       4945  Nhit =          0
     MC for   62  was not done (no protein atom exists in the polygon)
     MC for   63  was not done (no protein atom exists in the polygon)
     compute area per lipid                               [OK]
     deallocate memory                                    [OK]

 [RESULTS]
                             ALL     BOUND   N-BOUND     ERROR
   num_lipids     :           64        31        33         0
   area per lipid :       50.232    44.270    55.833

 
 INFO> Summary of the results
 
   average area of all lipids          :     53.831   /    128
   average area of boundary lipids     :     44.270   /     31
   average area of non-boundary lipids :     56.887   /     97
 
 
 INFO> Deallocate all configulation data
 INFO> Deallocate all pdb data
 
 [CPU TIME]
  total    :     0.135(sec)
  analysis :     0.063(sec)
 
