_/_/_/_/_/_/_/_/_/_/_/_/_/_/_/_/_/_/_/_/_/_/_/_/_/_/_/_/_/_/_/_/_/_/_/_/_/_/_/_/

    VTMC: Analysis of lipid surface area in protein-membrane systems
      version: 1.0
      last modified: Jan 13 2012
      programed by Takaharu Mori

    Copyright(C) 2012-
    Theoretical Biochemistry Lab, RIKEN Adv Sci Inst
    2-1 Hirosawa, Wako-shi, Saitama, 351-0198, Japan
    http://www.riken.jp/TBC07/

    Ref) T.Mori, F.Ogushi, and Y.Sugita, J.Comput.Chem., 33, 286-293 (2012)

_/_/_/_/_/_/_/_/_/_/_/_/_/_/_/_/_/_/_/_/_/_/_/_/_/_/_/_/_/_/_/_/_/_/_/_/_/_/_/_/

 INFO> Read configulation file
  
 [INPUT]
   PDB file           =  L-VTMC-2JQ0.pdb-A
 
 [OUTPUT]
   output level       =      0
   output name        =  L-VTMC-2JQ0.pdb-A
 
 [PROTEIN]
   residue list       =     19
      PHE       LEU       SER       LEU       ILE       PRO       HIS       ALA 
      ILE       ASN       ALA       VAL       SER       ALA       ILE       ALA 
      LYS       HIS       ASN 
   select hydrogen    =    YES
 
 [LIPID]
   residue list       =      1
      POP 
   select hydrogen    =    YES
   lipid head atom    =        P   
 
 [ATOM_MASS]
   mass list          =      6
                H     =     1.008
                C     =    12.010
                O     =    16.000
                N     =    14.010
                P     =    30.970
                S     =    32.070
 
 [VDW_RADIUS]
   vdw_radius list    =      6
                H     =     1.200
                C     =     1.700
                O     =     1.520
                N     =     1.550
                P     =     1.800
                S     =     1.800
 
 [ANALYSIS]
   cell center        =     0.000   0.000
   cell size          =    60.574  60.574
   probe atom radius  =     0.100
   factor             =           100
   iseed              =       3141592
   randomize          =    YES
   decimal place      =            12
 
 
 INFO> Read PDB file
  
     open pdb file                                        [OK]
     count the number of lipid molecules                  [OK]
     calculate the bilayer center                         [OK]
     memory allocation for lipids                         [OK]
     compute the center of mass of each lipid             [OK]
     separate the bilayer                                 [OK]
     memory allocation for lipid coordinates              [OK]
     count the number of protein atoms                    [OK]
     select protein atoms                                 [OK]
     memory allocation for protein coordinates            [OK]
     copy protein coordinates                             [OK]
 
 [SYSTEM STATISTICS]
   total number of protein atoms =         183
   total number of lipids        =         128
   bilayer center                =      44.253
 
   layer1: number of lipids =          64
                       Zmax =      72.530
                       Zmin =      40.790
           selected protein atoms =           0
 
   layer2: number of lipids =          64
                       Zmax =      49.230
                       Zmin =      14.020
           selected protein atoms =         177
 
 
 INFO> Perform Voronoi analysis for Layer 1
 
     randomize coordinates of lipid center of mass        [OK]
     wrap all lipids into the unit cell                   [OK]
     set periodic boundary condition for lipids           [OK]
     use fast algorithm                                   [OK]
     allocate memory for voronoi analysis                 [OK]
     compute voronoi vertices                             [OK]
     compute area per lipid                               [OK]
     deallocate memory                                    [OK]

 [RESULTS]
                             ALL     BOUND   N-BOUND     ERROR
   num_lipids     :           64         0        64         0
   area per lipid :       57.331     0.000    57.331

 
 INFO> Perform Voronoi analysis for Layer 2
 
     randomize coordinates of lipid center of mass        [OK]
     wrap all lipids into the unit cell                   [OK]
     set periodic boundary condition for lipids           [OK]
     wrap all protein atoms into the unit cell            [OK]
     set periodic boundary condition for protein          [OK]
     use fast algorithm                                   [OK]
     allocate memory for voronoi analysis                 [OK]
     compute voronoi vertices                             [OK]
     MC for    1  Avor =     54.963  Ntot =       5496  Nhit =       3427
     MC for    2  was not done (no protein atom exists in the polygon)
     MC for    7  Avor =     86.546  Ntot =       8654  Nhit =        111
     MC for    8  Avor =     61.125  Ntot =       6112  Nhit =        195
     MC for   15  Avor =     73.144  Ntot =       7314  Nhit =       1543
     MC for   16  Avor =     53.497  Ntot =       5349  Nhit =       4487
     MC for   22  Avor =     54.375  Ntot =       5437  Nhit =       2099
     MC for   23  Avor =     65.502  Ntot =       6550  Nhit =       4946
     MC for   24  was not done (no protein atom exists in the polygon)
     MC for   29  Avor =     45.572  Ntot =       4557  Nhit =          0
     MC for   30  Avor =     71.852  Ntot =       7185  Nhit =       1965
     MC for   31  Avor =     61.931  Ntot =       6193  Nhit =       1521
     MC for   38  Avor =     66.245  Ntot =       6624  Nhit =        556
     MC for   39  Avor =     65.085  Ntot =       6508  Nhit =        633
     MC for   40  Avor =     49.678  Ntot =       4967  Nhit =         10
     MC for   45  was not done (no protein atom exists in the polygon)
     MC for   47  Avor =     78.648  Ntot =       7864  Nhit =       7271
     MC for   48  Avor =     49.754  Ntot =       4975  Nhit =       1663
     MC for   54  Avor =     52.820  Ntot =       5281  Nhit =          0
     MC for   55  Avor =     67.687  Ntot =       6768  Nhit =        668
     MC for   56  was not done (no protein atom exists in the polygon)
     MC for   58  Avor =     58.800  Ntot =       5879  Nhit =          0
     MC for   62  Avor =     48.958  Ntot =       4895  Nhit =       1907
     MC for   63  Avor =     58.656  Ntot =       5865  Nhit =       4178
     MC for   64  Avor =     71.722  Ntot =       7172  Nhit =       1567
     compute area per lipid                               [OK]
     deallocate memory                                    [OK]

 [RESULTS]
                             ALL     BOUND   N-BOUND     ERROR
   num_lipids     :           64        25        39         0
   area per lipid :       51.277    46.544    54.311

 
 INFO> Summary of the results
 
   average area of all lipids          :     54.304   /    128
   average area of boundary lipids     :     46.544   /     25
   average area of non-boundary lipids :     56.188   /    103
 
 
 INFO> Deallocate all configulation data
 INFO> Deallocate all pdb data
 
 [CPU TIME]
  total    :     0.120(sec)
  analysis :     0.052(sec)
 
