_/_/_/_/_/_/_/_/_/_/_/_/_/_/_/_/_/_/_/_/_/_/_/_/_/_/_/_/_/_/_/_/_/_/_/_/_/_/_/_/

    VTMC: Analysis of lipid surface area in protein-membrane systems
      version: 1.0
      last modified: Jan 13 2012
      programed by Takaharu Mori

    Copyright(C) 2012-
    Theoretical Biochemistry Lab, RIKEN Adv Sci Inst
    2-1 Hirosawa, Wako-shi, Saitama, 351-0198, Japan
    http://www.riken.jp/TBC07/

    Ref) T.Mori, F.Ogushi, and Y.Sugita, J.Comput.Chem., 33, 286-293 (2012)

_/_/_/_/_/_/_/_/_/_/_/_/_/_/_/_/_/_/_/_/_/_/_/_/_/_/_/_/_/_/_/_/_/_/_/_/_/_/_/_/

 INFO> Read configulation file
  
 [INPUT]
   PDB file           =  L-VTMC-2LNF.pdb-A
 
 [OUTPUT]
   output level       =      0
   output name        =  L-VTMC-2LNF.pdb-A
 
 [PROTEIN]
   residue list       =     13
      GLU       LEU       TYR       GLU       ASN       LYS       PRO       ARG 
      ARG       PRO       TYR       ILE       LEU 
   select hydrogen    =    YES
 
 [LIPID]
   residue list       =      1
      POP 
   select hydrogen    =    YES
   lipid head atom    =        P   
 
 [ATOM_MASS]
   mass list          =      6
                H     =     1.008
                C     =    12.010
                O     =    16.000
                N     =    14.010
                P     =    30.970
                S     =    32.070
 
 [VDW_RADIUS]
   vdw_radius list    =      6
                H     =     1.200
                C     =     1.700
                O     =     1.520
                N     =     1.550
                P     =     1.800
                S     =     1.800
 
 [ANALYSIS]
   cell center        =     0.000   0.000
   cell size          =    60.904  60.904
   probe atom radius  =     0.100
   factor             =           100
   iseed              =       3141592
   randomize          =    YES
   decimal place      =            12
 
 
 INFO> Read PDB file
  
     open pdb file                                        [OK]
     count the number of lipid molecules                  [OK]
     calculate the bilayer center                         [OK]
     memory allocation for lipids                         [OK]
     compute the center of mass of each lipid             [OK]
     separate the bilayer                                 [OK]
     memory allocation for lipid coordinates              [OK]
     count the number of protein atoms                    [OK]
     select protein atoms                                 [OK]
     memory allocation for protein coordinates            [OK]
     copy protein coordinates                             [OK]
 
 [SYSTEM STATISTICS]
   total number of protein atoms =         158
   total number of lipids        =         128
   bilayer center                =      43.792
 
   layer1: number of lipids =          64
                       Zmax =      71.880
                       Zmin =      40.490
           selected protein atoms =           0
 
   layer2: number of lipids =          64
                       Zmax =      48.400
                       Zmin =      16.530
           selected protein atoms =          95
 
 
 INFO> Perform Voronoi analysis for Layer 1
 
     randomize coordinates of lipid center of mass        [OK]
     wrap all lipids into the unit cell                   [OK]
     set periodic boundary condition for lipids           [OK]
     use fast algorithm                                   [OK]
     allocate memory for voronoi analysis                 [OK]
     compute voronoi vertices                             [OK]
     compute area per lipid                               [OK]
     deallocate memory                                    [OK]

 [RESULTS]
                             ALL     BOUND   N-BOUND     ERROR
   num_lipids     :           64         0        64         0
   area per lipid :       57.958     0.000    57.958

 
 INFO> Perform Voronoi analysis for Layer 2
 
     randomize coordinates of lipid center of mass        [OK]
     wrap all lipids into the unit cell                   [OK]
     set periodic boundary condition for lipids           [OK]
     wrap all protein atoms into the unit cell            [OK]
     set periodic boundary condition for protein          [OK]
     use fast algorithm                                   [OK]
     allocate memory for voronoi analysis                 [OK]
     compute voronoi vertices                             [OK]
     MC for    2  Avor =     68.447  Ntot =       6844  Nhit =         15
     MC for    3  Avor =     46.672  Ntot =       4667  Nhit =          0
     MC for    9  Avor =     54.803  Ntot =       5480  Nhit =         83
     MC for   10  Avor =     55.496  Ntot =       5549  Nhit =       3175
     MC for   12  Avor =     73.601  Ntot =       7360  Nhit =          0
     MC for   17  Avor =     56.671  Ntot =       5667  Nhit =       3927
     MC for   18  Avor =     59.105  Ntot =       5910  Nhit =        728
     MC for   19  Avor =     54.230  Ntot =       5422  Nhit =       3075
     MC for   20  Avor =     52.638  Ntot =       5263  Nhit =       3577
     MC for   24  was not done (no protein atom exists in the polygon)
     MC for   25  Avor =     61.701  Ntot =       6170  Nhit =       2679
     MC for   26  Avor =     43.323  Ntot =       4332  Nhit =       2137
     MC for   28  Avor =     52.559  Ntot =       5255  Nhit =        579
     MC for   32  was not done (no protein atom exists in the polygon)
     MC for   33  Avor =     80.899  Ntot =       8089  Nhit =       5193
     MC for   34  Avor =     63.825  Ntot =       6382  Nhit =          0
     MC for   37  Avor =     53.948  Ntot =       5394  Nhit =       1154
     MC for   41  Avor =     41.615  Ntot =       4161  Nhit =          0
     MC for   42  Avor =     54.272  Ntot =       5427  Nhit =       1069
     MC for   43  Avor =     57.468  Ntot =       5746  Nhit =       1989
     MC for   44  Avor =     44.324  Ntot =       4432  Nhit =        260
     MC for   45  was not done (no protein atom exists in the polygon)
     MC for   50  was not done (no protein atom exists in the polygon)
     MC for   57  Avor =     47.810  Ntot =       4780  Nhit =          0
     MC for   60  Avor =     52.364  Ntot =       5236  Nhit =          4
     compute area per lipid                               [OK]
     deallocate memory                                    [OK]

 [RESULTS]
                             ALL     BOUND   N-BOUND     ERROR
   num_lipids     :           64        25        39         0
   area per lipid :       53.325    44.716    58.844

 
 INFO> Summary of the results
 
   average area of all lipids          :     55.642   /    128
   average area of boundary lipids     :     44.716   /     25
   average area of non-boundary lipids :     58.293   /    103
 
 
 INFO> Deallocate all configulation data
 INFO> Deallocate all pdb data
 
 [CPU TIME]
  total    :     0.121(sec)
  analysis :     0.053(sec)
 
