_/_/_/_/_/_/_/_/_/_/_/_/_/_/_/_/_/_/_/_/_/_/_/_/_/_/_/_/_/_/_/_/_/_/_/_/_/_/_/_/

    VTMC: Analysis of lipid surface area in protein-membrane systems
      version: 1.0
      last modified: Jan 13 2012
      programed by Takaharu Mori

    Copyright(C) 2012-
    Theoretical Biochemistry Lab, RIKEN Adv Sci Inst
    2-1 Hirosawa, Wako-shi, Saitama, 351-0198, Japan
    http://www.riken.jp/TBC07/

    Ref) T.Mori, F.Ogushi, and Y.Sugita, J.Comput.Chem., 33, 286-293 (2012)

_/_/_/_/_/_/_/_/_/_/_/_/_/_/_/_/_/_/_/_/_/_/_/_/_/_/_/_/_/_/_/_/_/_/_/_/_/_/_/_/

 INFO> Read configulation file
  
 [INPUT]
   PDB file           =  L-VTMC-2LQ0.pdb-A
 
 [OUTPUT]
   output level       =      0
   output name        =  L-VTMC-2LQ0.pdb-A
 
 [PROTEIN]
   residue list       =     25
      GLN       ARG       SER       ASN       PHE       HIS       PRO       LEU 
      ALA       ALA       SER       PHE       ILE       VAL       ARG       CYS 
      ALA       PHE       GLU       HIS       SER       ARG       ARG       PHE 
      THR 
   select hydrogen    =    YES
 
 [LIPID]
   residue list       =      1
      POP 
   select hydrogen    =    YES
   lipid head atom    =        P   
 
 [ATOM_MASS]
   mass list          =      6
                H     =     1.008
                C     =    12.010
                O     =    16.000
                N     =    14.010
                P     =    30.970
                S     =    32.070
 
 [VDW_RADIUS]
   vdw_radius list    =      6
                H     =     1.200
                C     =     1.700
                O     =     1.520
                N     =     1.550
                P     =     1.800
                S     =     1.800
 
 [ANALYSIS]
   cell center        =     0.000   0.000
   cell size          =    60.620  60.620
   probe atom radius  =     0.100
   factor             =           100
   iseed              =       3141592
   randomize          =    YES
   decimal place      =            12
 
 
 INFO> Read PDB file
  
     open pdb file                                        [OK]
     count the number of lipid molecules                  [OK]
     calculate the bilayer center                         [OK]
     memory allocation for lipids                         [OK]
     compute the center of mass of each lipid             [OK]
     separate the bilayer                                 [OK]
     memory allocation for lipid coordinates              [OK]
     count the number of protein atoms                    [OK]
     select protein atoms                                 [OK]
     memory allocation for protein coordinates            [OK]
     copy protein coordinates                             [OK]
 
 [SYSTEM STATISTICS]
   total number of protein atoms =         292
   total number of lipids        =         128
   bilayer center                =      43.784
 
   layer1: number of lipids =          64
                       Zmax =      72.630
                       Zmin =      38.630
           selected protein atoms =          66
 
   layer2: number of lipids =          64
                       Zmax =      48.690
                       Zmin =      13.510
           selected protein atoms =           0
 
 
 INFO> Perform Voronoi analysis for Layer 1
 
     randomize coordinates of lipid center of mass        [OK]
     wrap all lipids into the unit cell                   [OK]
     set periodic boundary condition for lipids           [OK]
     wrap all protein atoms into the unit cell            [OK]
     set periodic boundary condition for protein          [OK]
     use fast algorithm                                   [OK]
     allocate memory for voronoi analysis                 [OK]
     compute voronoi vertices                             [OK]
     MC for   11  Avor =     60.050  Ntot =       6004  Nhit =          0
     MC for   12  was not done (no protein atom exists in the polygon)
     MC for   17  was not done (no protein atom exists in the polygon)
     MC for   18  Avor =     79.033  Ntot =       7903  Nhit =       5715
     MC for   20  Avor =     62.489  Ntot =       6248  Nhit =        690
     MC for   26  Avor =     64.966  Ntot =       6496  Nhit =        504
     MC for   28  Avor =     55.199  Ntot =       5519  Nhit =       1035
     MC for   32  was not done (no protein atom exists in the polygon)
     MC for   35  Avor =     42.963  Ntot =       4296  Nhit =       2110
     MC for   44  was not done (no protein atom exists in the polygon)
     MC for   57  was not done (no protein atom exists in the polygon)
     MC for   58  Avor =     68.403  Ntot =       6840  Nhit =       2147
     compute area per lipid                               [OK]
     deallocate memory                                    [OK]

 [RESULTS]
                             ALL     BOUND   N-BOUND     ERROR
   num_lipids     :           64        12        52         0
   area per lipid :       55.512    47.596    57.339

 
 INFO> Perform Voronoi analysis for Layer 2
 
     randomize coordinates of lipid center of mass        [OK]
     wrap all lipids into the unit cell                   [OK]
     set periodic boundary condition for lipids           [OK]
     use fast algorithm                                   [OK]
     allocate memory for voronoi analysis                 [OK]
     compute voronoi vertices                             [OK]
     compute area per lipid                               [OK]
     deallocate memory                                    [OK]

 [RESULTS]
                             ALL     BOUND   N-BOUND     ERROR
   num_lipids     :           64         0        64         0
   area per lipid :       57.419     0.000    57.419

 
 INFO> Summary of the results
 
   average area of all lipids          :     56.465   /    128
   average area of boundary lipids     :     47.596   /     12
   average area of non-boundary lipids :     57.383   /    116
 
 
 INFO> Deallocate all configulation data
 INFO> Deallocate all pdb data
 
 [CPU TIME]
  total    :     0.106(sec)
  analysis :     0.038(sec)
 
