_/_/_/_/_/_/_/_/_/_/_/_/_/_/_/_/_/_/_/_/_/_/_/_/_/_/_/_/_/_/_/_/_/_/_/_/_/_/_/_/

    VTMC: Analysis of lipid surface area in protein-membrane systems
      version: 1.0
      last modified: Jan 13 2012
      programed by Takaharu Mori

    Copyright(C) 2012-
    Theoretical Biochemistry Lab, RIKEN Adv Sci Inst
    2-1 Hirosawa, Wako-shi, Saitama, 351-0198, Japan
    http://www.riken.jp/TBC07/

    Ref) T.Mori, F.Ogushi, and Y.Sugita, J.Comput.Chem., 33, 286-293 (2012)

_/_/_/_/_/_/_/_/_/_/_/_/_/_/_/_/_/_/_/_/_/_/_/_/_/_/_/_/_/_/_/_/_/_/_/_/_/_/_/_/

 INFO> Read configulation file
  
 [INPUT]
   PDB file           =  L-VTMC-2B68.pdb-A
 
 [OUTPUT]
   output level       =      0
   output name        =  L-VTMC-2B68.pdb-A
 
 [PROTEIN]
   residue list       =     43
      GLY       PHE       GLY       CYS       PRO       GLY       ASN       GLN 
      LEU       LYS       CYS       ASN       ASN       HIS       CYS       LYS 
      SER       ILE       SER       CYS       ARG       ALA       GLY       TYR 
      CYS       ASP       ALA       ALA       THR       LEU       TRP       LEU 
      ARG       CYS       THR       CYS       THR       ASP       CYS       ASN 
      GLY       LYS       LYS 
   select hydrogen    =    YES
 
 [LIPID]
   residue list       =      1
      POP 
   select hydrogen    =    YES
   lipid head atom    =        P8  
 
 [ATOM_MASS]
   mass list          =      6
                H     =     1.008
                C     =    12.010
                O     =    16.000
                N     =    14.010
                P     =    30.970
                S     =    32.070
 
 [VDW_RADIUS]
   vdw_radius list    =      6
                H     =     1.200
                C     =     1.700
                O     =     1.520
                N     =     1.550
                P     =     1.800
                S     =     1.800
 
 [ANALYSIS]
   cell center        =     0.000   0.000
   cell size          =    89.341  88.552
   probe atom radius  =     0.100
   factor             =           100
   iseed              =       3141592
   randomize          =    YES
   decimal place      =            12
 
 
 INFO> Read PDB file
  
     open pdb file                                        [OK]
     count the number of lipid molecules                  [OK]
     calculate the bilayer center                         [OK]
     memory allocation for lipids                         [OK]
     compute the center of mass of each lipid             [OK]
     separate the bilayer                                 [OK]
     memory allocation for lipid coordinates              [OK]
     count the number of protein atoms                    [OK]
     select protein atoms                                 [OK]
     memory allocation for protein coordinates            [OK]
     copy protein coordinates                             [OK]
 
 [SYSTEM STATISTICS]
   total number of protein atoms =         418
   total number of lipids        =         340
   bilayer center                =      43.895
 
   layer1: number of lipids =         170
                       Zmax =      73.530
                       Zmin =      40.190
           selected protein atoms =           0
 
   layer2: number of lipids =         170
                       Zmax =      47.090
                       Zmin =      12.220
           selected protein atoms =         167
 
 
 INFO> Perform Voronoi analysis for Layer 1
 
     randomize coordinates of lipid center of mass        [OK]
     wrap all lipids into the unit cell                   [OK]
     set periodic boundary condition for lipids           [OK]
     use fast algorithm                                   [OK]
     allocate memory for voronoi analysis                 [OK]
     compute voronoi vertices                             [OK]
     compute area per lipid                               [OK]
     deallocate memory                                    [OK]

 [RESULTS]
                             ALL     BOUND   N-BOUND     ERROR
   num_lipids     :          170         0       170         0
   area per lipid :       46.537     0.000    46.537

 
 INFO> Perform Voronoi analysis for Layer 2
 
     randomize coordinates of lipid center of mass        [OK]
     wrap all lipids into the unit cell                   [OK]
     set periodic boundary condition for lipids           [OK]
     wrap all protein atoms into the unit cell            [OK]
     set periodic boundary condition for protein          [OK]
     use fast algorithm                                   [OK]
     allocate memory for voronoi analysis                 [OK]
     compute voronoi vertices                             [OK]
     MC for   41  Avor =     45.469  Ntot =       4546  Nhit =        151
     MC for   44  Avor =     43.466  Ntot =       4346  Nhit =       2037
     MC for   79  Avor =     43.438  Ntot =       4343  Nhit =       2795
     MC for   80  Avor =     54.025  Ntot =       5402  Nhit =       5169
     MC for   81  Avor =     47.370  Ntot =       4736  Nhit =       1423
     MC for   82  Avor =     42.736  Ntot =       4273  Nhit =          0
     MC for   83  was not done (no protein atom exists in the polygon)
     MC for   84  Avor =     52.807  Ntot =       5280  Nhit =       3657
     MC for   85  Avor =     30.462  Ntot =       3046  Nhit =       1193
     MC for   86  Avor =     42.100  Ntot =       4210  Nhit =         80
     MC for   89  Avor =     50.298  Ntot =       5029  Nhit =       1137
     MC for   93  Avor =     47.389  Ntot =       4738  Nhit =       4576
     MC for   94  Avor =     56.210  Ntot =       5621  Nhit =        922
     MC for  121  Avor =     58.267  Ntot =       5826  Nhit =       3114
     MC for  122  Avor =     52.749  Ntot =       5274  Nhit =         95
     MC for  125  Avor =     46.047  Ntot =       4604  Nhit =          0
     MC for  126  Avor =     57.360  Ntot =       5735  Nhit =          0
     MC for  128  Avor =     54.661  Ntot =       5466  Nhit =       1325
     MC for  130  Avor =     46.488  Ntot =       4648  Nhit =        125
     MC for  131  Avor =     41.069  Ntot =       4106  Nhit =       3369
     MC for  134  Avor =     37.836  Ntot =       3783  Nhit =          4
     MC for  138  was not done (no protein atom exists in the polygon)
     MC for  140  Avor =     45.082  Ntot =       4508  Nhit =       4206
     MC for  142  was not done (no protein atom exists in the polygon)
     MC for  143  Avor =     62.576  Ntot =       6257  Nhit =       1738
     MC for  162  was not done (no protein atom exists in the polygon)
     MC for  163  was not done (no protein atom exists in the polygon)
     compute area per lipid                               [OK]
     deallocate memory                                    [OK]

 [RESULTS]
                             ALL     BOUND   N-BOUND     ERROR
   num_lipids     :          170        27       143         0
   area per lipid :       44.354    33.742    46.357

 
 INFO> Summary of the results
 
   average area of all lipids          :     45.445   /    340
   average area of boundary lipids     :     33.742   /     27
   average area of non-boundary lipids :     46.455   /    313
 
 
 INFO> Deallocate all configulation data
 INFO> Deallocate all pdb data
 
 [CPU TIME]
  total    :     0.761(sec)
  analysis :     0.546(sec)
 
