_/_/_/_/_/_/_/_/_/_/_/_/_/_/_/_/_/_/_/_/_/_/_/_/_/_/_/_/_/_/_/_/_/_/_/_/_/_/_/_/

    VTMC: Analysis of lipid surface area in protein-membrane systems
      version: 1.0
      last modified: Jan 13 2012
      programed by Takaharu Mori

    Copyright(C) 2012-
    Theoretical Biochemistry Lab, RIKEN Adv Sci Inst
    2-1 Hirosawa, Wako-shi, Saitama, 351-0198, Japan
    http://www.riken.jp/TBC07/

    Ref) T.Mori, F.Ogushi, and Y.Sugita, J.Comput.Chem., 33, 286-293 (2012)

_/_/_/_/_/_/_/_/_/_/_/_/_/_/_/_/_/_/_/_/_/_/_/_/_/_/_/_/_/_/_/_/_/_/_/_/_/_/_/_/

 INFO> Read configulation file
  
 [INPUT]
   PDB file           =  L-VTMC-GIB21.pdb-A
 
 [OUTPUT]
   output level       =      0
   output name        =  L-VTMC-GIB21.pdb-A
 
 [PROTEIN]
   residue list       =     11
      LEU       PRO       LYS       ILE       PHE       LYS       ILE       THR 
      ARG       LYS       PHE 
   select hydrogen    =    YES
 
 [LIPID]
   residue list       =      1
      POP 
   select hydrogen    =    YES
   lipid head atom    =        P8  
 
 [ATOM_MASS]
   mass list          =      6
                H     =     1.008
                C     =    12.010
                O     =    16.000
                N     =    14.010
                P     =    30.970
                S     =    32.070
 
 [VDW_RADIUS]
   vdw_radius list    =      6
                H     =     1.200
                C     =     1.700
                O     =     1.520
                N     =     1.550
                P     =     1.800
                S     =     1.800
 
 [ANALYSIS]
   cell center        =     0.000   0.000
   cell size          =    89.451  88.660
   probe atom radius  =     0.100
   factor             =           100
   iseed              =       3141592
   randomize          =    YES
   decimal place      =            12
 
 
 INFO> Read PDB file
  
     open pdb file                                        [OK]
     count the number of lipid molecules                  [OK]
     calculate the bilayer center                         [OK]
     memory allocation for lipids                         [OK]
     compute the center of mass of each lipid             [OK]
     separate the bilayer                                 [OK]
     memory allocation for lipid coordinates              [OK]
     count the number of protein atoms                    [OK]
     select protein atoms                                 [OK]
     memory allocation for protein coordinates            [OK]
     copy protein coordinates                             [OK]
 
 [SYSTEM STATISTICS]
   total number of protein atoms =         136
   total number of lipids        =         340
   bilayer center                =      43.465
 
   layer1: number of lipids =         170
                       Zmax =      73.320
                       Zmin =      39.800
           selected protein atoms =           0
 
   layer2: number of lipids =         170
                       Zmax =      47.600
                       Zmin =      12.770
           selected protein atoms =          62
 
 
 INFO> Perform Voronoi analysis for Layer 1
 
     randomize coordinates of lipid center of mass        [OK]
     wrap all lipids into the unit cell                   [OK]
     set periodic boundary condition for lipids           [OK]
     use fast algorithm                                   [OK]
     allocate memory for voronoi analysis                 [OK]
     compute voronoi vertices                             [OK]
     compute area per lipid                               [OK]
     deallocate memory                                    [OK]

 [RESULTS]
                             ALL     BOUND   N-BOUND     ERROR
   num_lipids     :          170         0       170         0
   area per lipid :       46.651     0.000    46.651

 
 INFO> Perform Voronoi analysis for Layer 2
 
     randomize coordinates of lipid center of mass        [OK]
     wrap all lipids into the unit cell                   [OK]
     set periodic boundary condition for lipids           [OK]
     wrap all protein atoms into the unit cell            [OK]
     set periodic boundary condition for protein          [OK]
     use fast algorithm                                   [OK]
     allocate memory for voronoi analysis                 [OK]
     compute voronoi vertices                             [OK]
     MC for   26  Avor =     55.250  Ntot =       5524  Nhit =          0
     MC for   27  Avor =     50.424  Ntot =       5042  Nhit =          0
     MC for   30  was not done (no protein atom exists in the polygon)
     MC for   44  Avor =     54.746  Ntot =       5474  Nhit =        330
     MC for   80  Avor =     43.684  Ntot =       4368  Nhit =          9
     MC for   81  Avor =     46.697  Ntot =       4669  Nhit =       3205
     MC for   82  Avor =     38.509  Ntot =       3850  Nhit =       2212
     MC for   83  Avor =     41.614  Ntot =       4161  Nhit =         16
     MC for   84  Avor =     49.842  Ntot =       4984  Nhit =          0
     MC for   85  Avor =     43.283  Ntot =       4328  Nhit =        185
     MC for   86  Avor =     43.639  Ntot =       4363  Nhit =        574
     MC for   89  Avor =     49.187  Ntot =       4918  Nhit =       2755
     MC for   90  Avor =     55.840  Ntot =       5583  Nhit =          5
     MC for   92  Avor =     39.192  Ntot =       3919  Nhit =          0
     MC for   93  Avor =     41.515  Ntot =       4151  Nhit =       1868
     MC for   94  Avor =     46.061  Ntot =       4606  Nhit =       4512
     MC for  140  was not done (no protein atom exists in the polygon)
     compute area per lipid                               [OK]
     deallocate memory                                    [OK]

 [RESULTS]
                             ALL     BOUND   N-BOUND     ERROR
   num_lipids     :          170        17       153         0
   area per lipid :       45.729    37.189    46.678

 
 INFO> Summary of the results
 
   average area of all lipids          :     46.190   /    340
   average area of boundary lipids     :     37.189   /     17
   average area of non-boundary lipids :     46.664   /    323
 
 
 INFO> Deallocate all configulation data
 INFO> Deallocate all pdb data
 
 [CPU TIME]
  total    :     0.781(sec)
  analysis :     0.589(sec)
 
