_/_/_/_/_/_/_/_/_/_/_/_/_/_/_/_/_/_/_/_/_/_/_/_/_/_/_/_/_/_/_/_/_/_/_/_/_/_/_/_/

    VTMC: Analysis of lipid surface area in protein-membrane systems
      version: 1.0
      last modified: Jan 13 2012
      programed by Takaharu Mori

    Copyright(C) 2012-
    Theoretical Biochemistry Lab, RIKEN Adv Sci Inst
    2-1 Hirosawa, Wako-shi, Saitama, 351-0198, Japan
    http://www.riken.jp/TBC07/

    Ref) T.Mori, F.Ogushi, and Y.Sugita, J.Comput.Chem., 33, 286-293 (2012)

_/_/_/_/_/_/_/_/_/_/_/_/_/_/_/_/_/_/_/_/_/_/_/_/_/_/_/_/_/_/_/_/_/_/_/_/_/_/_/_/

 INFO> Read configulation file
  
 [INPUT]
   PDB file           =  L-VTMC-GIB10.pdb-A
 
 [OUTPUT]
   output level       =      0
   output name        =  L-VTMC-GIB10.pdb-A
 
 [PROTEIN]
   residue list       =     17
      GLY       GLY       TYR       ILE       TYR       ILE       ALA       GLY 
      LYS       CYS       GLY       LEU       VAL       PRO       VAL       LEU 
      ALA 
   select hydrogen    =    YES
 
 [LIPID]
   residue list       =      1
      POP 
   select hydrogen    =    YES
   lipid head atom    =        P8  
 
 [ATOM_MASS]
   mass list          =      6
                H     =     1.008
                C     =    12.010
                O     =    16.000
                N     =    14.010
                P     =    30.970
                S     =    32.070
 
 [VDW_RADIUS]
   vdw_radius list    =      6
                H     =     1.200
                C     =     1.700
                O     =     1.520
                N     =     1.550
                P     =     1.800
                S     =     1.800
 
 [ANALYSIS]
   cell center        =     0.000   0.000
   cell size          =    89.131  88.343
   probe atom radius  =     0.100
   factor             =           100
   iseed              =       3141592
   randomize          =    YES
   decimal place      =            12
 
 
 INFO> Read PDB file
  
     open pdb file                                        [OK]
     count the number of lipid molecules                  [OK]
     calculate the bilayer center                         [OK]
     memory allocation for lipids                         [OK]
     compute the center of mass of each lipid             [OK]
     separate the bilayer                                 [OK]
     memory allocation for lipid coordinates              [OK]
     count the number of protein atoms                    [OK]
     select protein atoms                                 [OK]
     memory allocation for protein coordinates            [OK]
     copy protein coordinates                             [OK]
 
 [SYSTEM STATISTICS]
   total number of protein atoms =         151
   total number of lipids        =         340
   bilayer center                =      43.859
 
   layer1: number of lipids =         170
                       Zmax =      75.390
                       Zmin =      40.340
           selected protein atoms =           0
 
   layer2: number of lipids =         170
                       Zmax =      47.330
                       Zmin =      12.340
           selected protein atoms =         103
 
 
 INFO> Perform Voronoi analysis for Layer 1
 
     randomize coordinates of lipid center of mass        [OK]
     wrap all lipids into the unit cell                   [OK]
     set periodic boundary condition for lipids           [OK]
     use fast algorithm                                   [OK]
     allocate memory for voronoi analysis                 [OK]
     compute voronoi vertices                             [OK]
     compute area per lipid                               [OK]
     deallocate memory                                    [OK]

 [RESULTS]
                             ALL     BOUND   N-BOUND     ERROR
   num_lipids     :          170         0       170         0
   area per lipid :       46.318     0.000    46.318

 
 INFO> Perform Voronoi analysis for Layer 2
 
     randomize coordinates of lipid center of mass        [OK]
     wrap all lipids into the unit cell                   [OK]
     set periodic boundary condition for lipids           [OK]
     wrap all protein atoms into the unit cell            [OK]
     set periodic boundary condition for protein          [OK]
     use fast algorithm                                   [OK]
     allocate memory for voronoi analysis                 [OK]
     compute voronoi vertices                             [OK]
     MC for   10  Avor =     34.751  Ntot =       3475  Nhit =          0
     MC for   13  Avor =     36.625  Ntot =       3662  Nhit =        268
     MC for   18  was not done (no protein atom exists in the polygon)
     MC for   23  Avor =     47.457  Ntot =       4745  Nhit =       1840
     MC for   24  Avor =     45.628  Ntot =       4562  Nhit =        205
     MC for   25  was not done (no protein atom exists in the polygon)
     MC for   26  Avor =     57.260  Ntot =       5726  Nhit =       5131
     MC for   27  Avor =     56.757  Ntot =       5675  Nhit =       2179
     MC for   28  was not done (no protein atom exists in the polygon)
     MC for   29  Avor =     58.389  Ntot =       5838  Nhit =       3396
     MC for   30  Avor =     45.947  Ntot =       4594  Nhit =       1315
     MC for   41  Avor =     51.272  Ntot =       5127  Nhit =       3200
     MC for   44  Avor =     41.902  Ntot =       4190  Nhit =       3795
     MC for   47  was not done (no protein atom exists in the polygon)
     MC for   48  Avor =     44.106  Ntot =       4410  Nhit =          0
     MC for   56  Avor =     44.248  Ntot =       4424  Nhit =          0
     MC for   80  was not done (no protein atom exists in the polygon)
     MC for   89  Avor =     54.877  Ntot =       5487  Nhit =       1827
     MC for   90  was not done (no protein atom exists in the polygon)
     MC for   93  Avor =     43.030  Ntot =       4302  Nhit =        122
     MC for   94  was not done (no protein atom exists in the polygon)
     MC for  131  Avor =     47.399  Ntot =       4739  Nhit =          0
     MC for  138  Avor =     59.984  Ntot =       5998  Nhit =        241
     MC for  140  Avor =     36.530  Ntot =       3652  Nhit =       2324
     MC for  142  was not done (no protein atom exists in the polygon)
     MC for  143  Avor =     55.940  Ntot =       5594  Nhit =       2857
     compute area per lipid                               [OK]
     deallocate memory                                    [OK]

 [RESULTS]
                             ALL     BOUND   N-BOUND     ERROR
   num_lipids     :          170        26       144         0
   area per lipid :       44.630    36.119    46.167

 
 INFO> Summary of the results
 
   average area of all lipids          :     45.474   /    340
   average area of boundary lipids     :     36.119   /     26
   average area of non-boundary lipids :     46.249   /    314
 
 
 INFO> Deallocate all configulation data
 INFO> Deallocate all pdb data
 
 [CPU TIME]
  total    :     0.760(sec)
  analysis :     0.558(sec)
 
