_/_/_/_/_/_/_/_/_/_/_/_/_/_/_/_/_/_/_/_/_/_/_/_/_/_/_/_/_/_/_/_/_/_/_/_/_/_/_/_/

    VTMC: Analysis of lipid surface area in protein-membrane systems
      version: 1.0
      last modified: Jan 13 2012
      programed by Takaharu Mori

    Copyright(C) 2012-
    Theoretical Biochemistry Lab, RIKEN Adv Sci Inst
    2-1 Hirosawa, Wako-shi, Saitama, 351-0198, Japan
    http://www.riken.jp/TBC07/

    Ref) T.Mori, F.Ogushi, and Y.Sugita, J.Comput.Chem., 33, 286-293 (2012)

_/_/_/_/_/_/_/_/_/_/_/_/_/_/_/_/_/_/_/_/_/_/_/_/_/_/_/_/_/_/_/_/_/_/_/_/_/_/_/_/

 INFO> Read configulation file
  
 [INPUT]
   PDB file           =  L-VTMC-GIB5.pdb-A
 
 [OUTPUT]
   output level       =      0
   output name        =  L-VTMC-GIB5.pdb-A
 
 [PROTEIN]
   residue list       =     11
      PHE       PRO       LYS       ILE       PHE       LYS       ILE       THR 
      ARG       LYS       SER 
   select hydrogen    =    YES
 
 [LIPID]
   residue list       =      1
      POP 
   select hydrogen    =    YES
   lipid head atom    =        P8  
 
 [ATOM_MASS]
   mass list          =      6
                H     =     1.008
                C     =    12.010
                O     =    16.000
                N     =    14.010
                P     =    30.970
                S     =    32.070
 
 [VDW_RADIUS]
   vdw_radius list    =      6
                H     =     1.200
                C     =     1.700
                O     =     1.520
                N     =     1.550
                P     =     1.800
                S     =     1.800
 
 [ANALYSIS]
   cell center        =     0.000   0.000
   cell size          =    89.619  88.827
   probe atom radius  =     0.100
   factor             =           100
   iseed              =       3141592
   randomize          =    YES
   decimal place      =            12
 
 
 INFO> Read PDB file
  
     open pdb file                                        [OK]
     count the number of lipid molecules                  [OK]
     calculate the bilayer center                         [OK]
     memory allocation for lipids                         [OK]
     compute the center of mass of each lipid             [OK]
     separate the bilayer                                 [OK]
     memory allocation for lipid coordinates              [OK]
     count the number of protein atoms                    [OK]
     select protein atoms                                 [OK]
     memory allocation for protein coordinates            [OK]
     copy protein coordinates                             [OK]
 
 [SYSTEM STATISTICS]
   total number of protein atoms =         135
   total number of lipids        =         340
   bilayer center                =      43.455
 
   layer1: number of lipids =         170
                       Zmax =      74.270
                       Zmin =      40.350
           selected protein atoms =           0
 
   layer2: number of lipids =         170
                       Zmax =      46.680
                       Zmin =      13.000
           selected protein atoms =          42
 
 
 INFO> Perform Voronoi analysis for Layer 1
 
     randomize coordinates of lipid center of mass        [OK]
     wrap all lipids into the unit cell                   [OK]
     set periodic boundary condition for lipids           [OK]
     use fast algorithm                                   [OK]
     allocate memory for voronoi analysis                 [OK]
     compute voronoi vertices                             [OK]
     compute area per lipid                               [OK]
     deallocate memory                                    [OK]

 [RESULTS]
                             ALL     BOUND   N-BOUND     ERROR
   num_lipids     :          170         0       170         0
   area per lipid :       46.827     0.000    46.827

 
 INFO> Perform Voronoi analysis for Layer 2
 
     randomize coordinates of lipid center of mass        [OK]
     wrap all lipids into the unit cell                   [OK]
     set periodic boundary condition for lipids           [OK]
     wrap all protein atoms into the unit cell            [OK]
     set periodic boundary condition for protein          [OK]
     use fast algorithm                                   [OK]
     allocate memory for voronoi analysis                 [OK]
     compute voronoi vertices                             [OK]
     MC for   26  Avor =     55.150  Ntot =       5514  Nhit =        741
     MC for   27  Avor =     47.639  Ntot =       4763  Nhit =         33
     MC for   41  Avor =     43.304  Ntot =       4330  Nhit =          0
     MC for   44  Avor =     43.698  Ntot =       4369  Nhit =       1829
     MC for   79  was not done (no protein atom exists in the polygon)
     MC for   80  was not done (no protein atom exists in the polygon)
     MC for   89  Avor =     52.299  Ntot =       5229  Nhit =       3217
     MC for   90  was not done (no protein atom exists in the polygon)
     MC for   93  Avor =     45.568  Ntot =       4556  Nhit =        521
     MC for   94  Avor =     43.611  Ntot =       4361  Nhit =         14
     MC for  129  Avor =     40.679  Ntot =       4067  Nhit =        827
     MC for  130  Avor =     51.752  Ntot =       5175  Nhit =         46
     MC for  131  Avor =     43.072  Ntot =       4307  Nhit =       1745
     MC for  134  was not done (no protein atom exists in the polygon)
     MC for  136  Avor =     58.221  Ntot =       5822  Nhit =          0
     MC for  140  Avor =     36.661  Ntot =       3666  Nhit =       1803
     MC for  142  Avor =     42.212  Ntot =       4221  Nhit =        664
     MC for  143  Avor =     40.546  Ntot =       4054  Nhit =        166
     compute area per lipid                               [OK]
     deallocate memory                                    [OK]

 [RESULTS]
                             ALL     BOUND   N-BOUND     ERROR
   num_lipids     :          170        18       152         0
   area per lipid :       46.144    40.998    46.754

 
 INFO> Summary of the results
 
   average area of all lipids          :     46.486   /    340
   average area of boundary lipids     :     40.998   /     18
   average area of non-boundary lipids :     46.792   /    322
 
 
 INFO> Deallocate all configulation data
 INFO> Deallocate all pdb data
 
 [CPU TIME]
  total    :     0.782(sec)
  analysis :     0.561(sec)
 
