_/_/_/_/_/_/_/_/_/_/_/_/_/_/_/_/_/_/_/_/_/_/_/_/_/_/_/_/_/_/_/_/_/_/_/_/_/_/_/_/

    VTMC: Analysis of lipid surface area in protein-membrane systems
      version: 1.0
      last modified: Jan 13 2012
      programed by Takaharu Mori

    Copyright(C) 2012-
    Theoretical Biochemistry Lab, RIKEN Adv Sci Inst
    2-1 Hirosawa, Wako-shi, Saitama, 351-0198, Japan
    http://www.riken.jp/TBC07/

    Ref) T.Mori, F.Ogushi, and Y.Sugita, J.Comput.Chem., 33, 286-293 (2012)

_/_/_/_/_/_/_/_/_/_/_/_/_/_/_/_/_/_/_/_/_/_/_/_/_/_/_/_/_/_/_/_/_/_/_/_/_/_/_/_/

 INFO> Read configulation file
  
 [INPUT]
   PDB file           =  L-VTMC-2LNF.pdb-A
 
 [OUTPUT]
   output level       =      0
   output name        =  L-VTMC-2LNF.pdb-A
 
 [PROTEIN]
   residue list       =     13
      GLU       LEU       TYR       GLU       ASN       LYS       PRO       ARG 
      ARG       PRO       TYR       ILE       LEU 
   select hydrogen    =    YES
 
 [LIPID]
   residue list       =      1
      POP 
   select hydrogen    =    YES
   lipid head atom    =        P8  
 
 [ATOM_MASS]
   mass list          =      6
                H     =     1.008
                C     =    12.010
                O     =    16.000
                N     =    14.010
                P     =    30.970
                S     =    32.070
 
 [VDW_RADIUS]
   vdw_radius list    =      6
                H     =     1.200
                C     =     1.700
                O     =     1.520
                N     =     1.550
                P     =     1.800
                S     =     1.800
 
 [ANALYSIS]
   cell center        =     0.000   0.000
   cell size          =    89.995  89.200
   probe atom radius  =     0.100
   factor             =           100
   iseed              =       3141592
   randomize          =    YES
   decimal place      =            12
 
 
 INFO> Read PDB file
  
     open pdb file                                        [OK]
     count the number of lipid molecules                  [OK]
     calculate the bilayer center                         [OK]
     memory allocation for lipids                         [OK]
     compute the center of mass of each lipid             [OK]
     separate the bilayer                                 [OK]
     memory allocation for lipid coordinates              [OK]
     count the number of protein atoms                    [OK]
     select protein atoms                                 [OK]
     memory allocation for protein coordinates            [OK]
     copy protein coordinates                             [OK]
 
 [SYSTEM STATISTICS]
   total number of protein atoms =         158
   total number of lipids        =         340
   bilayer center                =      43.218
 
   layer1: number of lipids =         170
                       Zmax =      72.720
                       Zmin =      39.610
           selected protein atoms =           0
 
   layer2: number of lipids =         170
                       Zmax =      46.860
                       Zmin =      11.530
           selected protein atoms =         118
 
 
 INFO> Perform Voronoi analysis for Layer 1
 
     randomize coordinates of lipid center of mass        [OK]
     wrap all lipids into the unit cell                   [OK]
     set periodic boundary condition for lipids           [OK]
     use fast algorithm                                   [OK]
     allocate memory for voronoi analysis                 [OK]
     compute voronoi vertices                             [OK]
     compute area per lipid                               [OK]
     deallocate memory                                    [OK]

 [RESULTS]
                             ALL     BOUND   N-BOUND     ERROR
   num_lipids     :          170         0       170         0
   area per lipid :       47.221     0.000    47.221

 
 INFO> Perform Voronoi analysis for Layer 2
 
     randomize coordinates of lipid center of mass        [OK]
     wrap all lipids into the unit cell                   [OK]
     set periodic boundary condition for lipids           [OK]
     wrap all protein atoms into the unit cell            [OK]
     set periodic boundary condition for protein          [OK]
     use fast algorithm                                   [OK]
     allocate memory for voronoi analysis                 [OK]
     compute voronoi vertices                             [OK]
     MC for   79  Avor =     56.486  Ntot =       5648  Nhit =       3608
     MC for   80  Avor =     56.723  Ntot =       5672  Nhit =       4482
     MC for   81  Avor =     42.618  Ntot =       4261  Nhit =        515
     MC for   82  was not done (no protein atom exists in the polygon)
     MC for   84  Avor =     69.766  Ntot =       6976  Nhit =       5383
     MC for   85  Avor =     60.459  Ntot =       6045  Nhit =       1941
     MC for   93  was not done (no protein atom exists in the polygon)
     MC for  121  Avor =     47.905  Ntot =       4790  Nhit =          0
     MC for  122  Avor =     41.523  Ntot =       4152  Nhit =         21
     MC for  125  Avor =     53.790  Ntot =       5379  Nhit =          2
     MC for  126  Avor =     48.894  Ntot =       4889  Nhit =        891
     MC for  128  Avor =     34.815  Ntot =       3481  Nhit =        691
     MC for  129  Avor =     36.738  Ntot =       3673  Nhit =        250
     MC for  130  Avor =     50.168  Ntot =       5016  Nhit =       1398
     MC for  131  Avor =     44.738  Ntot =       4473  Nhit =        162
     MC for  133  Avor =     31.608  Ntot =       3160  Nhit =        566
     MC for  134  Avor =     57.307  Ntot =       5730  Nhit =       5407
     MC for  136  Avor =     48.112  Ntot =       4811  Nhit =       1571
     MC for  140  Avor =     36.947  Ntot =       3694  Nhit =          0
     MC for  159  Avor =     40.177  Ntot =       4017  Nhit =       1666
     MC for  161  Avor =     39.644  Ntot =       3964  Nhit =          0
     MC for  163  Avor =     42.023  Ntot =       4202  Nhit =       1984
     compute area per lipid                               [OK]
     deallocate memory                                    [OK]

 [RESULTS]
                             ALL     BOUND   N-BOUND     ERROR
   num_lipids     :          170        22       148         0
   area per lipid :       45.424    33.102    47.256

 
 INFO> Summary of the results
 
   average area of all lipids          :     46.323   /    340
   average area of boundary lipids     :     33.102   /     22
   average area of non-boundary lipids :     47.237   /    318
 
 
 INFO> Deallocate all configulation data
 INFO> Deallocate all pdb data
 
 [CPU TIME]
  total    :     0.705(sec)
  analysis :     0.533(sec)
 
