_/_/_/_/_/_/_/_/_/_/_/_/_/_/_/_/_/_/_/_/_/_/_/_/_/_/_/_/_/_/_/_/_/_/_/_/_/_/_/_/

    VTMC: Analysis of lipid surface area in protein-membrane systems
      version: 1.0
      last modified: Jan 13 2012
      programed by Takaharu Mori

    Copyright(C) 2012-
    Theoretical Biochemistry Lab, RIKEN Adv Sci Inst
    2-1 Hirosawa, Wako-shi, Saitama, 351-0198, Japan
    http://www.riken.jp/TBC07/

    Ref) T.Mori, F.Ogushi, and Y.Sugita, J.Comput.Chem., 33, 286-293 (2012)

_/_/_/_/_/_/_/_/_/_/_/_/_/_/_/_/_/_/_/_/_/_/_/_/_/_/_/_/_/_/_/_/_/_/_/_/_/_/_/_/

 INFO> Read configulation file
  
 [INPUT]
   PDB file           =  L-VTMC-2LO7.pdb-A
 
 [OUTPUT]
   output level       =      0
   output name        =  L-VTMC-2LO7.pdb-A
 
 [PROTEIN]
   residue list       =     31
      GLY       SER       GLY       CYS       MET       LYS       GLU       TYR 
      CYS       ALA       GLY       GLN       CYS       ARG       GLY       LYS 
      VAL       SER       GLN       ASP       TYR       CYS       LEU       LYS 
      HIS       CYS       LYS       CYS       ILE       PRO       ARG 
   select hydrogen    =    YES
 
 [LIPID]
   residue list       =      1
      POP 
   select hydrogen    =    YES
   lipid head atom    =        P8  
 
 [ATOM_MASS]
   mass list          =      6
                H     =     1.008
                C     =    12.010
                O     =    16.000
                N     =    14.010
                P     =    30.970
                S     =    32.070
 
 [VDW_RADIUS]
   vdw_radius list    =      6
                H     =     1.200
                C     =     1.700
                O     =     1.520
                N     =     1.550
                P     =     1.800
                S     =     1.800
 
 [ANALYSIS]
   cell center        =     0.000   0.000
   cell size          =    89.626  88.834
   probe atom radius  =     0.100
   factor             =           100
   iseed              =       3141592
   randomize          =    YES
   decimal place      =            12
 
 
 INFO> Read PDB file
  
     open pdb file                                        [OK]
     count the number of lipid molecules                  [OK]
     calculate the bilayer center                         [OK]
     memory allocation for lipids                         [OK]
     compute the center of mass of each lipid             [OK]
     separate the bilayer                                 [OK]
     memory allocation for lipid coordinates              [OK]
     count the number of protein atoms                    [OK]
     select protein atoms                                 [OK]
     memory allocation for protein coordinates            [OK]
     copy protein coordinates                             [OK]
 
 [SYSTEM STATISTICS]
   total number of protein atoms =         314
   total number of lipids        =         340
   bilayer center                =      43.656
 
   layer1: number of lipids =         170
                       Zmax =      74.280
                       Zmin =      39.920
           selected protein atoms =          92
 
   layer2: number of lipids =         170
                       Zmax =      46.400
                       Zmin =      12.430
           selected protein atoms =           0
 
 
 INFO> Perform Voronoi analysis for Layer 1
 
     randomize coordinates of lipid center of mass        [OK]
     wrap all lipids into the unit cell                   [OK]
     set periodic boundary condition for lipids           [OK]
     wrap all protein atoms into the unit cell            [OK]
     set periodic boundary condition for protein          [OK]
     use fast algorithm                                   [OK]
     allocate memory for voronoi analysis                 [OK]
     compute voronoi vertices                             [OK]
     MC for    4  Avor =     45.741  Ntot =       4574  Nhit =          0
     MC for   23  was not done (no protein atom exists in the polygon)
     MC for   62  was not done (no protein atom exists in the polygon)
     MC for   69  Avor =     45.547  Ntot =       4554  Nhit =       2373
     MC for   74  was not done (no protein atom exists in the polygon)
     MC for   78  Avor =     46.095  Ntot =       4609  Nhit =       2230
     MC for   79  Avor =     35.678  Ntot =       3567  Nhit =       1530
     MC for   80  Avor =     56.475  Ntot =       5647  Nhit =       4095
     MC for   81  Avor =     58.831  Ntot =       5883  Nhit =          0
     MC for   82  was not done (no protein atom exists in the polygon)
     MC for   83  was not done (no protein atom exists in the polygon)
     MC for   85  Avor =     51.172  Ntot =       5117  Nhit =       1959
     MC for   86  Avor =     47.036  Ntot =       4703  Nhit =       1565
     MC for   87  Avor =     43.232  Ntot =       4323  Nhit =       1036
     MC for   88  was not done (no protein atom exists in the polygon)
     MC for   89  Avor =     40.529  Ntot =       4052  Nhit =          0
     MC for   90  Avor =     49.466  Ntot =       4946  Nhit =       3966
     MC for   91  Avor =     41.520  Ntot =       4151  Nhit =       2109
     MC for   92  Avor =     37.807  Ntot =       3780  Nhit =       2258
     MC for  114  Avor =     49.340  Ntot =       4933  Nhit =          0
     MC for  136  Avor =     54.257  Ntot =       5425  Nhit =        443
     MC for  139  Avor =     43.414  Ntot =       4341  Nhit =        748
     compute area per lipid                               [OK]
     deallocate memory                                    [OK]

 [RESULTS]
                             ALL     BOUND   N-BOUND     ERROR
   num_lipids     :          170        22       148         0
   area per lipid :       45.404    35.137    46.930

 
 INFO> Perform Voronoi analysis for Layer 2
 
     randomize coordinates of lipid center of mass        [OK]
     wrap all lipids into the unit cell                   [OK]
     set periodic boundary condition for lipids           [OK]
     use fast algorithm                                   [OK]
     allocate memory for voronoi analysis                 [OK]
     compute voronoi vertices                             [OK]
     compute area per lipid                               [OK]
     deallocate memory                                    [OK]

 [RESULTS]
                             ALL     BOUND   N-BOUND     ERROR
   num_lipids     :          170         0       170         0
   area per lipid :       46.834     0.000    46.834

 
 INFO> Summary of the results
 
   average area of all lipids          :     46.119   /    340
   average area of boundary lipids     :     35.137   /     22
   average area of non-boundary lipids :     46.879   /    318
 
 
 INFO> Deallocate all configulation data
 INFO> Deallocate all pdb data
 
 [CPU TIME]
  total    :     0.762(sec)
  analysis :     0.558(sec)
 
