_/_/_/_/_/_/_/_/_/_/_/_/_/_/_/_/_/_/_/_/_/_/_/_/_/_/_/_/_/_/_/_/_/_/_/_/_/_/_/_/

    VTMC: Analysis of lipid surface area in protein-membrane systems
      version: 1.0
      last modified: Jan 13 2012
      programed by Takaharu Mori

    Copyright(C) 2012-
    Theoretical Biochemistry Lab, RIKEN Adv Sci Inst
    2-1 Hirosawa, Wako-shi, Saitama, 351-0198, Japan
    http://www.riken.jp/TBC07/

    Ref) T.Mori, F.Ogushi, and Y.Sugita, J.Comput.Chem., 33, 286-293 (2012)

_/_/_/_/_/_/_/_/_/_/_/_/_/_/_/_/_/_/_/_/_/_/_/_/_/_/_/_/_/_/_/_/_/_/_/_/_/_/_/_/

 INFO> Read configulation file
  
 [INPUT]
   PDB file           =  L-VTMC-GIB16.pdb-A
 
 [OUTPUT]
   output level       =      0
   output name        =  L-VTMC-GIB16.pdb-A
 
 [PROTEIN]
   residue list       =     17
      LYS       ALA       THR       LYS       LYS       CYS       GLY       LEU 
      PHE       SER       ILE       LEU       LYS       GLY       VAL       GLY 
      LYS 
   select hydrogen    =    YES
 
 [LIPID]
   residue list       =      1
      POP 
   select hydrogen    =    YES
   lipid head atom    =        P8  
 
 [ATOM_MASS]
   mass list          =      6
                H     =     1.008
                C     =    12.010
                O     =    16.000
                N     =    14.010
                P     =    30.970
                S     =    32.070
 
 [VDW_RADIUS]
   vdw_radius list    =      6
                H     =     1.200
                C     =     1.700
                O     =     1.520
                N     =     1.550
                P     =     1.800
                S     =     1.800
 
 [ANALYSIS]
   cell center        =     0.000   0.000
   cell size          =    89.345  88.555
   probe atom radius  =     0.100
   factor             =           100
   iseed              =       3141592
   randomize          =    YES
   decimal place      =            12
 
 
 INFO> Read PDB file
  
     open pdb file                                        [OK]
     count the number of lipid molecules                  [OK]
     calculate the bilayer center                         [OK]
     memory allocation for lipids                         [OK]
     compute the center of mass of each lipid             [OK]
     separate the bilayer                                 [OK]
     memory allocation for lipid coordinates              [OK]
     count the number of protein atoms                    [OK]
     select protein atoms                                 [OK]
     memory allocation for protein coordinates            [OK]
     copy protein coordinates                             [OK]
 
 [SYSTEM STATISTICS]
   total number of protein atoms =         166
   total number of lipids        =         340
   bilayer center                =      43.855
 
   layer1: number of lipids =         170
                       Zmax =      74.320
                       Zmin =      40.710
           selected protein atoms =           0
 
   layer2: number of lipids =         170
                       Zmax =      47.270
                       Zmin =      13.920
           selected protein atoms =          94
 
 
 INFO> Perform Voronoi analysis for Layer 1
 
     randomize coordinates of lipid center of mass        [OK]
     wrap all lipids into the unit cell                   [OK]
     set periodic boundary condition for lipids           [OK]
     use fast algorithm                                   [OK]
     allocate memory for voronoi analysis                 [OK]
     compute voronoi vertices                             [OK]
     compute area per lipid                               [OK]
     deallocate memory                                    [OK]

 [RESULTS]
                             ALL     BOUND   N-BOUND     ERROR
   num_lipids     :          170         0       170         0
   area per lipid :       46.541     0.000    46.541

 
 INFO> Perform Voronoi analysis for Layer 2
 
     randomize coordinates of lipid center of mass        [OK]
     wrap all lipids into the unit cell                   [OK]
     set periodic boundary condition for lipids           [OK]
     wrap all protein atoms into the unit cell            [OK]
     set periodic boundary condition for protein          [OK]
     use fast algorithm                                   [OK]
     allocate memory for voronoi analysis                 [OK]
     compute voronoi vertices                             [OK]
     MC for   26  Avor =     53.973  Ntot =       5397  Nhit =        399
     MC for   27  Avor =     48.395  Ntot =       4839  Nhit =          0
     MC for   41  was not done (no protein atom exists in the polygon)
     MC for   44  Avor =     39.681  Ntot =       3968  Nhit =       1253
     MC for   79  Avor =     38.662  Ntot =       3866  Nhit =       1381
     MC for   80  Avor =     51.581  Ntot =       5158  Nhit =       3975
     MC for   81  Avor =     42.283  Ntot =       4228  Nhit =          7
     MC for   82  was not done (no protein atom exists in the polygon)
     MC for   84  Avor =     47.342  Ntot =       4734  Nhit =       2021
     MC for   85  Avor =     53.908  Ntot =       5390  Nhit =          0
     MC for   89  Avor =     53.489  Ntot =       5348  Nhit =        951
     MC for   90  Avor =     56.522  Ntot =       5652  Nhit =          0
     MC for   93  Avor =     58.925  Ntot =       5892  Nhit =       3751
     MC for   94  Avor =     61.274  Ntot =       6127  Nhit =       1519
     MC for  128  was not done (no protein atom exists in the polygon)
     MC for  129  Avor =     39.136  Ntot =       3913  Nhit =         42
     MC for  130  Avor =     47.154  Ntot =       4715  Nhit =       2216
     MC for  131  Avor =     43.813  Ntot =       4381  Nhit =       2078
     MC for  133  was not done (no protein atom exists in the polygon)
     MC for  134  Avor =     41.046  Ntot =       4104  Nhit =        366
     MC for  137  was not done (no protein atom exists in the polygon)
     MC for  140  Avor =     36.950  Ntot =       3694  Nhit =        900
     MC for  142  Avor =     46.725  Ntot =       4672  Nhit =        201
     MC for  143  Avor =     38.789  Ntot =       3878  Nhit =       3347
     compute area per lipid                               [OK]
     deallocate memory                                    [OK]

 [RESULTS]
                             ALL     BOUND   N-BOUND     ERROR
   num_lipids     :          170        24       146         0
   area per lipid :       45.105    37.158    46.411

 
 INFO> Summary of the results
 
   average area of all lipids          :     45.823   /    340
   average area of boundary lipids     :     37.158   /     24
   average area of non-boundary lipids :     46.481   /    316
 
 
 INFO> Deallocate all configulation data
 INFO> Deallocate all pdb data
 
 [CPU TIME]
  total    :     0.767(sec)
  analysis :     0.577(sec)
 
