_/_/_/_/_/_/_/_/_/_/_/_/_/_/_/_/_/_/_/_/_/_/_/_/_/_/_/_/_/_/_/_/_/_/_/_/_/_/_/_/

    VTMC: Analysis of lipid surface area in protein-membrane systems
      version: 1.0
      last modified: Jan 13 2012
      programed by Takaharu Mori

    Copyright(C) 2012-
    Theoretical Biochemistry Lab, RIKEN Adv Sci Inst
    2-1 Hirosawa, Wako-shi, Saitama, 351-0198, Japan
    http://www.riken.jp/TBC07/

    Ref) T.Mori, F.Ogushi, and Y.Sugita, J.Comput.Chem., 33, 286-293 (2012)

_/_/_/_/_/_/_/_/_/_/_/_/_/_/_/_/_/_/_/_/_/_/_/_/_/_/_/_/_/_/_/_/_/_/_/_/_/_/_/_/

 INFO> Read configulation file
  
 [INPUT]
   PDB file           =  L-VTMC-2AP7.pdb-A
 
 [OUTPUT]
   output level       =      0
   output name        =  L-VTMC-2AP7.pdb-A
 
 [PROTEIN]
   residue list       =     20
      ILE       ILE       GLY       PRO       VAL       LEU       GLY       LEU 
      VAL       GLY       SER       ALA       LEU       GLY       GLY       LEU 
      LEU       LYS       LYS       ILE 
   select hydrogen    =    YES
 
 [LIPID]
   residue list       =      1
      POP 
   select hydrogen    =    YES
   lipid head atom    =        P8  
 
 [ATOM_MASS]
   mass list          =      6
                H     =     1.008
                C     =    12.010
                O     =    16.000
                N     =    14.010
                P     =    30.970
                S     =    32.070
 
 [VDW_RADIUS]
   vdw_radius list    =      6
                H     =     1.200
                C     =     1.700
                O     =     1.520
                N     =     1.550
                P     =     1.800
                S     =     1.800
 
 [ANALYSIS]
   cell center        =     0.000   0.000
   cell size          =    89.678  88.885
   probe atom radius  =     0.100
   factor             =           100
   iseed              =       3141592
   randomize          =    YES
   decimal place      =            12
 
 
 INFO> Read PDB file
  
     open pdb file                                        [OK]
     count the number of lipid molecules                  [OK]
     calculate the bilayer center                         [OK]
     memory allocation for lipids                         [OK]
     compute the center of mass of each lipid             [OK]
     separate the bilayer                                 [OK]
     memory allocation for lipid coordinates              [OK]
     count the number of protein atoms                    [OK]
     select protein atoms                                 [OK]
     memory allocation for protein coordinates            [OK]
     copy protein coordinates                             [OK]
 
 [SYSTEM STATISTICS]
   total number of protein atoms =         163
   total number of lipids        =         340
   bilayer center                =      43.325
 
   layer1: number of lipids =         170
                       Zmax =      73.580
                       Zmin =      40.430
           selected protein atoms =           0
 
   layer2: number of lipids =         170
                       Zmax =      46.630
                       Zmin =      14.150
           selected protein atoms =          98
 
 
 INFO> Perform Voronoi analysis for Layer 1
 
     randomize coordinates of lipid center of mass        [OK]
     wrap all lipids into the unit cell                   [OK]
     set periodic boundary condition for lipids           [OK]
     use fast algorithm                                   [OK]
     allocate memory for voronoi analysis                 [OK]
     compute voronoi vertices                             [OK]
     compute area per lipid                               [OK]
     deallocate memory                                    [OK]

 [RESULTS]
                             ALL     BOUND   N-BOUND     ERROR
   num_lipids     :          170         0       170         0
   area per lipid :       46.888     0.000    46.888

 
 INFO> Perform Voronoi analysis for Layer 2
 
     randomize coordinates of lipid center of mass        [OK]
     wrap all lipids into the unit cell                   [OK]
     set periodic boundary condition for lipids           [OK]
     wrap all protein atoms into the unit cell            [OK]
     set periodic boundary condition for protein          [OK]
     use fast algorithm                                   [OK]
     allocate memory for voronoi analysis                 [OK]
     compute voronoi vertices                             [OK]
     MC for   10  Avor =     42.822  Ntot =       4282  Nhit =          0
     MC for   13  Avor =     39.564  Ntot =       3956  Nhit =        375
     MC for   22  Avor =     47.949  Ntot =       4794  Nhit =       1214
     MC for   23  Avor =     42.724  Ntot =       4272  Nhit =         28
     MC for   24  Avor =     47.416  Ntot =       4741  Nhit =         23
     MC for   25  Avor =     50.328  Ntot =       5032  Nhit =          9
     MC for   26  Avor =     50.417  Ntot =       5041  Nhit =       1816
     MC for   27  Avor =     56.745  Ntot =       5674  Nhit =       4101
     MC for   28  Avor =     37.155  Ntot =       3715  Nhit =       2272
     MC for   30  Avor =     44.333  Ntot =       4433  Nhit =        575
     MC for   44  Avor =     51.223  Ntot =       5122  Nhit =          4
     MC for   73  was not done (no protein atom exists in the polygon)
     MC for   77  Avor =     42.319  Ntot =       4231  Nhit =          0
     MC for   83  Avor =     45.063  Ntot =       4506  Nhit =          0
     MC for   87  Avor =     44.895  Ntot =       4489  Nhit =        901
     MC for   89  Avor =     47.177  Ntot =       4717  Nhit =       4304
     MC for   90  Avor =     53.632  Ntot =       5363  Nhit =       3134
     MC for   91  Avor =     39.092  Ntot =       3909  Nhit =       3138
     MC for   93  Avor =     43.253  Ntot =       4325  Nhit =        536
     MC for   94  Avor =     61.605  Ntot =       6160  Nhit =       2467
     MC for  100  Avor =     54.955  Ntot =       5495  Nhit =        194
     MC for  140  was not done (no protein atom exists in the polygon)
     MC for  143  was not done (no protein atom exists in the polygon)
     compute area per lipid                               [OK]
     deallocate memory                                    [OK]

 [RESULTS]
                             ALL     BOUND   N-BOUND     ERROR
   num_lipids     :          170        23       147         0
   area per lipid :       45.412    35.948    46.893

 
 INFO> Summary of the results
 
   average area of all lipids          :     46.150   /    340
   average area of boundary lipids     :     35.948   /     23
   average area of non-boundary lipids :     46.891   /    317
 
 
 INFO> Deallocate all configulation data
 INFO> Deallocate all pdb data
 
 [CPU TIME]
  total    :     0.682(sec)
  analysis :     0.506(sec)
 
