_/_/_/_/_/_/_/_/_/_/_/_/_/_/_/_/_/_/_/_/_/_/_/_/_/_/_/_/_/_/_/_/_/_/_/_/_/_/_/_/

    VTMC: Analysis of lipid surface area in protein-membrane systems
      version: 1.0
      last modified: Jan 13 2012
      programed by Takaharu Mori

    Copyright(C) 2012-
    Theoretical Biochemistry Lab, RIKEN Adv Sci Inst
    2-1 Hirosawa, Wako-shi, Saitama, 351-0198, Japan
    http://www.riken.jp/TBC07/

    Ref) T.Mori, F.Ogushi, and Y.Sugita, J.Comput.Chem., 33, 286-293 (2012)

_/_/_/_/_/_/_/_/_/_/_/_/_/_/_/_/_/_/_/_/_/_/_/_/_/_/_/_/_/_/_/_/_/_/_/_/_/_/_/_/

 INFO> Read configulation file
  
 [INPUT]
   PDB file           =  L-VTMC-GIB12.pdb-A
 
 [OUTPUT]
   output level       =      0
   output name        =  L-VTMC-GIB12.pdb-A
 
 [PROTEIN]
   residue list       =     16
      GLY       GLY       TYR       ILE       TYR       ILE       ALA       GLY 
      LYS       CYS       GLY       LEU       VAL       VAL       LEU       LYS 
   select hydrogen    =    YES
 
 [LIPID]
   residue list       =      1
      POP 
   select hydrogen    =    YES
   lipid head atom    =        P8  
 
 [ATOM_MASS]
   mass list          =      6
                H     =     1.008
                C     =    12.010
                O     =    16.000
                N     =    14.010
                P     =    30.970
                S     =    32.070
 
 [VDW_RADIUS]
   vdw_radius list    =      6
                H     =     1.200
                C     =     1.700
                O     =     1.520
                N     =     1.550
                P     =     1.800
                S     =     1.800
 
 [ANALYSIS]
   cell center        =     0.000   0.000
   cell size          =    89.362  88.572
   probe atom radius  =     0.100
   factor             =           100
   iseed              =       3141592
   randomize          =    YES
   decimal place      =            12
 
 
 INFO> Read PDB file
  
     open pdb file                                        [OK]
     count the number of lipid molecules                  [OK]
     calculate the bilayer center                         [OK]
     memory allocation for lipids                         [OK]
     compute the center of mass of each lipid             [OK]
     separate the bilayer                                 [OK]
     memory allocation for lipid coordinates              [OK]
     count the number of protein atoms                    [OK]
     select protein atoms                                 [OK]
     memory allocation for protein coordinates            [OK]
     copy protein coordinates                             [OK]
 
 [SYSTEM STATISTICS]
   total number of protein atoms =         151
   total number of lipids        =         340
   bilayer center                =      43.795
 
   layer1: number of lipids =         170
                       Zmax =      74.360
                       Zmin =      41.020
           selected protein atoms =           0
 
   layer2: number of lipids =         170
                       Zmax =      46.510
                       Zmin =      12.480
           selected protein atoms =          87
 
 
 INFO> Perform Voronoi analysis for Layer 1
 
     randomize coordinates of lipid center of mass        [OK]
     wrap all lipids into the unit cell                   [OK]
     set periodic boundary condition for lipids           [OK]
     use fast algorithm                                   [OK]
     allocate memory for voronoi analysis                 [OK]
     compute voronoi vertices                             [OK]
     compute area per lipid                               [OK]
     deallocate memory                                    [OK]

 [RESULTS]
                             ALL     BOUND   N-BOUND     ERROR
   num_lipids     :          170         0       170         0
   area per lipid :       46.559     0.000    46.559

 
 INFO> Perform Voronoi analysis for Layer 2
 
     randomize coordinates of lipid center of mass        [OK]
     wrap all lipids into the unit cell                   [OK]
     set periodic boundary condition for lipids           [OK]
     wrap all protein atoms into the unit cell            [OK]
     set periodic boundary condition for protein          [OK]
     use fast algorithm                                   [OK]
     allocate memory for voronoi analysis                 [OK]
     compute voronoi vertices                             [OK]
     MC for   26  was not done (no protein atom exists in the polygon)
     MC for   29  was not done (no protein atom exists in the polygon)
     MC for   41  Avor =     45.432  Ntot =       4543  Nhit =        297
     MC for   44  Avor =     49.215  Ntot =       4921  Nhit =       2500
     MC for   47  Avor =     38.377  Ntot =       3837  Nhit =          0
     MC for   48  was not done (no protein atom exists in the polygon)
     MC for   79  was not done (no protein atom exists in the polygon)
     MC for   80  Avor =     45.565  Ntot =       4556  Nhit =       3094
     MC for   81  Avor =     40.996  Ntot =       4099  Nhit =       2312
     MC for   82  Avor =     47.772  Ntot =       4777  Nhit =        571
     MC for   84  Avor =     54.524  Ntot =       5452  Nhit =          6
     MC for   86  was not done (no protein atom exists in the polygon)
     MC for   87  was not done (no protein atom exists in the polygon)
     MC for   89  Avor =     40.933  Ntot =       4093  Nhit =          0
     MC for   93  Avor =     44.308  Ntot =       4430  Nhit =        147
     MC for   94  Avor =     47.017  Ntot =       4701  Nhit =        520
     MC for  129  Avor =     40.399  Ntot =       4039  Nhit =          0
     MC for  130  Avor =     57.380  Ntot =       5738  Nhit =       2670
     MC for  131  Avor =     48.802  Ntot =       4880  Nhit =       1725
     MC for  134  was not done (no protein atom exists in the polygon)
     MC for  137  Avor =     52.164  Ntot =       5216  Nhit =          0
     MC for  138  Avor =     45.845  Ntot =       4584  Nhit =       2559
     MC for  140  Avor =     47.183  Ntot =       4718  Nhit =       4405
     MC for  141  was not done (no protein atom exists in the polygon)
     MC for  142  Avor =     49.967  Ntot =       4996  Nhit =       1766
     MC for  143  Avor =     58.862  Ntot =       5886  Nhit =       4713
     compute area per lipid                               [OK]
     deallocate memory                                    [OK]

 [RESULTS]
                             ALL     BOUND   N-BOUND     ERROR
   num_lipids     :          170        26       144         0
   area per lipid :       44.954    37.957    46.217

 
 INFO> Summary of the results
 
   average area of all lipids          :     45.756   /    340
   average area of boundary lipids     :     37.957   /     26
   average area of non-boundary lipids :     46.402   /    314
 
 
 INFO> Deallocate all configulation data
 INFO> Deallocate all pdb data
 
 [CPU TIME]
  total    :     0.758(sec)
  analysis :     0.552(sec)
 
