_/_/_/_/_/_/_/_/_/_/_/_/_/_/_/_/_/_/_/_/_/_/_/_/_/_/_/_/_/_/_/_/_/_/_/_/_/_/_/_/

    VTMC: Analysis of lipid surface area in protein-membrane systems
      version: 1.0
      last modified: Jan 13 2012
      programed by Takaharu Mori

    Copyright(C) 2012-
    Theoretical Biochemistry Lab, RIKEN Adv Sci Inst
    2-1 Hirosawa, Wako-shi, Saitama, 351-0198, Japan
    http://www.riken.jp/TBC07/

    Ref) T.Mori, F.Ogushi, and Y.Sugita, J.Comput.Chem., 33, 286-293 (2012)

_/_/_/_/_/_/_/_/_/_/_/_/_/_/_/_/_/_/_/_/_/_/_/_/_/_/_/_/_/_/_/_/_/_/_/_/_/_/_/_/

 INFO> Read configulation file
  
 [INPUT]
   PDB file           =  L-VTMC-2JQ0.pdb-A
 
 [OUTPUT]
   output level       =      0
   output name        =  L-VTMC-2JQ0.pdb-A
 
 [PROTEIN]
   residue list       =     19
      PHE       LEU       SER       LEU       ILE       PRO       HIS       ALA 
      ILE       ASN       ALA       VAL       SER       ALA       ILE       ALA 
      LYS       HIS       ASN 
   select hydrogen    =    YES
 
 [LIPID]
   residue list       =      1
      POP 
   select hydrogen    =    YES
   lipid head atom    =        P8  
 
 [ATOM_MASS]
   mass list          =      6
                H     =     1.008
                C     =    12.010
                O     =    16.000
                N     =    14.010
                P     =    30.970
                S     =    32.070
 
 [VDW_RADIUS]
   vdw_radius list    =      6
                H     =     1.200
                C     =     1.700
                O     =     1.520
                N     =     1.550
                P     =     1.800
                S     =     1.800
 
 [ANALYSIS]
   cell center        =     0.000   0.000
   cell size          =    89.433  88.642
   probe atom radius  =     0.100
   factor             =           100
   iseed              =       3141592
   randomize          =    YES
   decimal place      =            12
 
 
 INFO> Read PDB file
  
     open pdb file                                        [OK]
     count the number of lipid molecules                  [OK]
     calculate the bilayer center                         [OK]
     memory allocation for lipids                         [OK]
     compute the center of mass of each lipid             [OK]
     separate the bilayer                                 [OK]
     memory allocation for lipid coordinates              [OK]
     count the number of protein atoms                    [OK]
     select protein atoms                                 [OK]
     memory allocation for protein coordinates            [OK]
     copy protein coordinates                             [OK]
 
 [SYSTEM STATISTICS]
   total number of protein atoms =         183
   total number of lipids        =         340
   bilayer center                =      43.494
 
   layer1: number of lipids =         170
                       Zmax =      73.470
                       Zmin =      39.230
           selected protein atoms =           0
 
   layer2: number of lipids =         170
                       Zmax =      46.550
                       Zmin =      12.580
           selected protein atoms =          80
 
 
 INFO> Perform Voronoi analysis for Layer 1
 
     randomize coordinates of lipid center of mass        [OK]
     wrap all lipids into the unit cell                   [OK]
     set periodic boundary condition for lipids           [OK]
     use fast algorithm                                   [OK]
     allocate memory for voronoi analysis                 [OK]
     compute voronoi vertices                             [OK]
     compute area per lipid                               [OK]
     deallocate memory                                    [OK]

 [RESULTS]
                             ALL     BOUND   N-BOUND     ERROR
   num_lipids     :          170         0       170         0
   area per lipid :       46.632     0.000    46.632

 
 INFO> Perform Voronoi analysis for Layer 2
 
     randomize coordinates of lipid center of mass        [OK]
     wrap all lipids into the unit cell                   [OK]
     set periodic boundary condition for lipids           [OK]
     wrap all protein atoms into the unit cell            [OK]
     set periodic boundary condition for protein          [OK]
     use fast algorithm                                   [OK]
     allocate memory for voronoi analysis                 [OK]
     compute voronoi vertices                             [OK]
     MC for   26  was not done (no protein atom exists in the polygon)
     MC for   44  was not done (no protein atom exists in the polygon)
     MC for   79  Avor =     45.495  Ntot =       4549  Nhit =       2449
     MC for   80  Avor =     44.856  Ntot =       4485  Nhit =       2415
     MC for   81  Avor =     43.888  Ntot =       4388  Nhit =       3972
     MC for   82  Avor =     50.251  Ntot =       5025  Nhit =       3199
     MC for   83  Avor =     48.113  Ntot =       4811  Nhit =       2858
     MC for   84  Avor =     40.781  Ntot =       4078  Nhit =        640
     MC for   85  Avor =     53.846  Ntot =       5384  Nhit =          0
     MC for   86  Avor =     51.922  Ntot =       5192  Nhit =          0
     MC for   87  Avor =     54.186  Ntot =       5418  Nhit =        397
     MC for   90  Avor =     63.019  Ntot =       6301  Nhit =       1781
     MC for   91  was not done (no protein atom exists in the polygon)
     MC for   92  Avor =     42.600  Ntot =       4260  Nhit =          0
     MC for   93  Avor =     39.113  Ntot =       3911  Nhit =        345
     MC for   94  Avor =     56.948  Ntot =       5694  Nhit =       2658
     MC for   95  Avor =     57.477  Ntot =       5747  Nhit =          0
     MC for  128  was not done (no protein atom exists in the polygon)
     MC for  130  Avor =     46.724  Ntot =       4672  Nhit =          0
     MC for  131  Avor =     40.334  Ntot =       4033  Nhit =       1153
     MC for  133  was not done (no protein atom exists in the polygon)
     MC for  134  Avor =     40.816  Ntot =       4081  Nhit =        204
     MC for  140  Avor =     45.219  Ntot =       4521  Nhit =        915
     MC for  163  was not done (no protein atom exists in the polygon)
     compute area per lipid                               [OK]
     deallocate memory                                    [OK]

 [RESULTS]
                             ALL     BOUND   N-BOUND     ERROR
   num_lipids     :          170        24       146         0
   area per lipid :       45.280    38.420    46.408

 
 INFO> Summary of the results
 
   average area of all lipids          :     45.956   /    340
   average area of boundary lipids     :     38.420   /     24
   average area of non-boundary lipids :     46.529   /    316
 
 
 INFO> Deallocate all configulation data
 INFO> Deallocate all pdb data
 
 [CPU TIME]
  total    :     0.896(sec)
  analysis :     0.519(sec)
 
