_/_/_/_/_/_/_/_/_/_/_/_/_/_/_/_/_/_/_/_/_/_/_/_/_/_/_/_/_/_/_/_/_/_/_/_/_/_/_/_/

    VTMC: Analysis of lipid surface area in protein-membrane systems
      version: 1.0
      last modified: Jan 13 2012
      programed by Takaharu Mori

    Copyright(C) 2012-
    Theoretical Biochemistry Lab, RIKEN Adv Sci Inst
    2-1 Hirosawa, Wako-shi, Saitama, 351-0198, Japan
    http://www.riken.jp/TBC07/

    Ref) T.Mori, F.Ogushi, and Y.Sugita, J.Comput.Chem., 33, 286-293 (2012)

_/_/_/_/_/_/_/_/_/_/_/_/_/_/_/_/_/_/_/_/_/_/_/_/_/_/_/_/_/_/_/_/_/_/_/_/_/_/_/_/

 INFO> Read configulation file
  
 [INPUT]
   PDB file           =  L-VTMC-GIB6.pdb-A
 
 [OUTPUT]
   output level       =      0
   output name        =  L-VTMC-GIB6.pdb-A
 
 [PROTEIN]
   residue list       =     11
      GLY       ALA       LYS       LYS       ILE       MET       ARG       THR 
      LEU       ARG       LEU 
   select hydrogen    =    YES
 
 [LIPID]
   residue list       =      1
      POP 
   select hydrogen    =    YES
   lipid head atom    =        P8  
 
 [ATOM_MASS]
   mass list          =      6
                H     =     1.008
                C     =    12.010
                O     =    16.000
                N     =    14.010
                P     =    30.970
                S     =    32.070
 
 [VDW_RADIUS]
   vdw_radius list    =      6
                H     =     1.200
                C     =     1.700
                O     =     1.520
                N     =     1.550
                P     =     1.800
                S     =     1.800
 
 [ANALYSIS]
   cell center        =     0.000   0.000
   cell size          =    89.609  88.817
   probe atom radius  =     0.100
   factor             =           100
   iseed              =       3141592
   randomize          =    YES
   decimal place      =            12
 
 
 INFO> Read PDB file
  
     open pdb file                                        [OK]
     count the number of lipid molecules                  [OK]
     calculate the bilayer center                         [OK]
     memory allocation for lipids                         [OK]
     compute the center of mass of each lipid             [OK]
     separate the bilayer                                 [OK]
     memory allocation for lipid coordinates              [OK]
     count the number of protein atoms                    [OK]
     select protein atoms                                 [OK]
     memory allocation for protein coordinates            [OK]
     copy protein coordinates                             [OK]
 
 [SYSTEM STATISTICS]
   total number of protein atoms =         119
   total number of lipids        =         340
   bilayer center                =      43.512
 
   layer1: number of lipids =         170
                       Zmax =      73.840
                       Zmin =      40.360
           selected protein atoms =           0
 
   layer2: number of lipids =         170
                       Zmax =      47.220
                       Zmin =      12.950
           selected protein atoms =          57
 
 
 INFO> Perform Voronoi analysis for Layer 1
 
     randomize coordinates of lipid center of mass        [OK]
     wrap all lipids into the unit cell                   [OK]
     set periodic boundary condition for lipids           [OK]
     use fast algorithm                                   [OK]
     allocate memory for voronoi analysis                 [OK]
     compute voronoi vertices                             [OK]
     compute area per lipid                               [OK]
     deallocate memory                                    [OK]

 [RESULTS]
                             ALL     BOUND   N-BOUND     ERROR
   num_lipids     :          170         0       170         0
   area per lipid :       46.816     0.000    46.816

 
 INFO> Perform Voronoi analysis for Layer 2
 
     randomize coordinates of lipid center of mass        [OK]
     wrap all lipids into the unit cell                   [OK]
     set periodic boundary condition for lipids           [OK]
     wrap all protein atoms into the unit cell            [OK]
     set periodic boundary condition for protein          [OK]
     use fast algorithm                                   [OK]
     allocate memory for voronoi analysis                 [OK]
     compute voronoi vertices                             [OK]
     MC for   27  was not done (no protein atom exists in the polygon)
     MC for   41  was not done (no protein atom exists in the polygon)
     MC for   44  was not done (no protein atom exists in the polygon)
     MC for   79  was not done (no protein atom exists in the polygon)
     MC for   80  Avor =     49.614  Ntot =       4961  Nhit =          0
     MC for   81  Avor =     38.620  Ntot =       3862  Nhit =       2751
     MC for   82  Avor =     46.077  Ntot =       4607  Nhit =       1385
     MC for   83  was not done (no protein atom exists in the polygon)
     MC for   85  Avor =     41.173  Ntot =       4117  Nhit =        393
     MC for   89  Avor =     50.403  Ntot =       5040  Nhit =        469
     MC for   90  Avor =     37.551  Ntot =       3755  Nhit =          0
     MC for   93  Avor =     45.828  Ntot =       4582  Nhit =       2258
     MC for   94  Avor =     59.605  Ntot =       5960  Nhit =       2206
     MC for  130  was not done (no protein atom exists in the polygon)
     MC for  131  Avor =     39.168  Ntot =       3916  Nhit =        446
     MC for  138  Avor =     39.342  Ntot =       3934  Nhit =          0
     MC for  140  Avor =     38.369  Ntot =       3836  Nhit =       3559
     MC for  142  Avor =     47.205  Ntot =       4720  Nhit =        812
     MC for  143  Avor =     43.344  Ntot =       4334  Nhit =       2857
     compute area per lipid                               [OK]
     deallocate memory                                    [OK]

 [RESULTS]
                             ALL     BOUND   N-BOUND     ERROR
   num_lipids     :          170        19       151         0
   area per lipid :       45.808    35.453    47.111

 
 INFO> Summary of the results
 
   average area of all lipids          :     46.312   /    340
   average area of boundary lipids     :     35.453   /     19
   average area of non-boundary lipids :     46.955   /    321
 
 
 INFO> Deallocate all configulation data
 INFO> Deallocate all pdb data
 
 [CPU TIME]
  total    :     0.738(sec)
  analysis :     0.550(sec)
 
