_/_/_/_/_/_/_/_/_/_/_/_/_/_/_/_/_/_/_/_/_/_/_/_/_/_/_/_/_/_/_/_/_/_/_/_/_/_/_/_/

    VTMC: Analysis of lipid surface area in protein-membrane systems
      version: 1.0
      last modified: Jan 13 2012
      programed by Takaharu Mori

    Copyright(C) 2012-
    Theoretical Biochemistry Lab, RIKEN Adv Sci Inst
    2-1 Hirosawa, Wako-shi, Saitama, 351-0198, Japan
    http://www.riken.jp/TBC07/

    Ref) T.Mori, F.Ogushi, and Y.Sugita, J.Comput.Chem., 33, 286-293 (2012)

_/_/_/_/_/_/_/_/_/_/_/_/_/_/_/_/_/_/_/_/_/_/_/_/_/_/_/_/_/_/_/_/_/_/_/_/_/_/_/_/

 INFO> Read configulation file
  
 [INPUT]
   PDB file           =  L-VTMC-GIB4.pdb-A
 
 [OUTPUT]
   output level       =      0
   output name        =  L-VTMC-GIB4.pdb-A
 
 [PROTEIN]
   residue list       =     12
      PHE       ALA       LYS       LYS       LEU       LEU       ILE       LYS 
      TRP       LYS       ALA       ILE 
   select hydrogen    =    YES
 
 [LIPID]
   residue list       =      1
      POP 
   select hydrogen    =    YES
   lipid head atom    =        P8  
 
 [ATOM_MASS]
   mass list          =      6
                H     =     1.008
                C     =    12.010
                O     =    16.000
                N     =    14.010
                P     =    30.970
                S     =    32.070
 
 [VDW_RADIUS]
   vdw_radius list    =      6
                H     =     1.200
                C     =     1.700
                O     =     1.520
                N     =     1.550
                P     =     1.800
                S     =     1.800
 
 [ANALYSIS]
   cell center        =     0.000   0.000
   cell size          =    90.093  89.296
   probe atom radius  =     0.100
   factor             =           100
   iseed              =       3141592
   randomize          =    YES
   decimal place      =            12
 
 
 INFO> Read PDB file
  
     open pdb file                                        [OK]
     count the number of lipid molecules                  [OK]
     calculate the bilayer center                         [OK]
     memory allocation for lipids                         [OK]
     compute the center of mass of each lipid             [OK]
     separate the bilayer                                 [OK]
     memory allocation for lipid coordinates              [OK]
     count the number of protein atoms                    [OK]
     select protein atoms                                 [OK]
     memory allocation for protein coordinates            [OK]
     copy protein coordinates                             [OK]
 
 [SYSTEM STATISTICS]
   total number of protein atoms =         104
   total number of lipids        =         340
   bilayer center                =      42.980
 
   layer1: number of lipids =         170
                       Zmax =      72.950
                       Zmin =      40.040
           selected protein atoms =           0
 
   layer2: number of lipids =         170
                       Zmax =      45.720
                       Zmin =      11.730
           selected protein atoms =          89
 
 
 INFO> Perform Voronoi analysis for Layer 1
 
     randomize coordinates of lipid center of mass        [OK]
     wrap all lipids into the unit cell                   [OK]
     set periodic boundary condition for lipids           [OK]
     use fast algorithm                                   [OK]
     allocate memory for voronoi analysis                 [OK]
     compute voronoi vertices                             [OK]
     compute area per lipid                               [OK]
     deallocate memory                                    [OK]

 [RESULTS]
                             ALL     BOUND   N-BOUND     ERROR
   num_lipids     :          170         0       170         0
   area per lipid :       47.323     0.000    47.323

 
 INFO> Perform Voronoi analysis for Layer 2
 
     randomize coordinates of lipid center of mass        [OK]
     wrap all lipids into the unit cell                   [OK]
     set periodic boundary condition for lipids           [OK]
     wrap all protein atoms into the unit cell            [OK]
     set periodic boundary condition for protein          [OK]
     use fast algorithm                                   [OK]
     allocate memory for voronoi analysis                 [OK]
     compute voronoi vertices                             [OK]
     MC for   26  was not done (no protein atom exists in the polygon)
     MC for   29  was not done (no protein atom exists in the polygon)
     MC for   41  Avor =     46.751  Ntot =       4675  Nhit =       1917
     MC for   44  Avor =     41.566  Ntot =       4156  Nhit =        261
     MC for   47  Avor =     40.311  Ntot =       4031  Nhit =          0
     MC for   48  was not done (no protein atom exists in the polygon)
     MC for   79  was not done (no protein atom exists in the polygon)
     MC for   80  Avor =     50.125  Ntot =       5012  Nhit =          0
     MC for   81  was not done (no protein atom exists in the polygon)
     MC for   89  Avor =     46.229  Ntot =       4622  Nhit =          0
     MC for   93  Avor =     46.342  Ntot =       4634  Nhit =         23
     MC for  129  Avor =     42.501  Ntot =       4250  Nhit =       1076
     MC for  130  Avor =     48.931  Ntot =       4893  Nhit =       4330
     MC for  131  Avor =     49.184  Ntot =       4918  Nhit =       3129
     MC for  133  Avor =     45.518  Ntot =       4551  Nhit =          0
     MC for  134  was not done (no protein atom exists in the polygon)
     MC for  138  Avor =     41.401  Ntot =       4140  Nhit =       1414
     MC for  140  Avor =     48.727  Ntot =       4872  Nhit =       3485
     MC for  141  Avor =     55.134  Ntot =       5513  Nhit =         25
     MC for  142  Avor =     59.306  Ntot =       5930  Nhit =       2075
     MC for  143  Avor =     54.316  Ntot =       5431  Nhit =       4823
     MC for  149  was not done (no protein atom exists in the polygon)
     compute area per lipid                               [OK]
     deallocate memory                                    [OK]

 [RESULTS]
                             ALL     BOUND   N-BOUND     ERROR
   num_lipids     :          170        22       148         0
   area per lipid :       45.996    38.469    47.115

 
 INFO> Summary of the results
 
   average area of all lipids          :     46.660   /    340
   average area of boundary lipids     :     38.469   /     22
   average area of non-boundary lipids :     47.226   /    318
 
 
 INFO> Deallocate all configulation data
 INFO> Deallocate all pdb data
 
 [CPU TIME]
  total    :     0.754(sec)
  analysis :     0.562(sec)
 
