_/_/_/_/_/_/_/_/_/_/_/_/_/_/_/_/_/_/_/_/_/_/_/_/_/_/_/_/_/_/_/_/_/_/_/_/_/_/_/_/

    VTMC: Analysis of lipid surface area in protein-membrane systems
      version: 1.0
      last modified: Jan 13 2012
      programed by Takaharu Mori

    Copyright(C) 2012-
    Theoretical Biochemistry Lab, RIKEN Adv Sci Inst
    2-1 Hirosawa, Wako-shi, Saitama, 351-0198, Japan
    http://www.riken.jp/TBC07/

    Ref) T.Mori, F.Ogushi, and Y.Sugita, J.Comput.Chem., 33, 286-293 (2012)

_/_/_/_/_/_/_/_/_/_/_/_/_/_/_/_/_/_/_/_/_/_/_/_/_/_/_/_/_/_/_/_/_/_/_/_/_/_/_/_/

 INFO> Read configulation file
  
 [INPUT]
   PDB file           =  L-VTMC-GIB23.pdb-A
 
 [OUTPUT]
   output level       =      0
   output name        =  L-VTMC-GIB23.pdb-A
 
 [PROTEIN]
   residue list       =     12
      SER       ALA       LYS       LYS       PHE       MET       ASP       LYS 
      LYS       ALA       ALA       ASN 
   select hydrogen    =    YES
 
 [LIPID]
   residue list       =      1
      POP 
   select hydrogen    =    YES
   lipid head atom    =        P8  
 
 [ATOM_MASS]
   mass list          =      6
                H     =     1.008
                C     =    12.010
                O     =    16.000
                N     =    14.010
                P     =    30.970
                S     =    32.070
 
 [VDW_RADIUS]
   vdw_radius list    =      6
                H     =     1.200
                C     =     1.700
                O     =     1.520
                N     =     1.550
                P     =     1.800
                S     =     1.800
 
 [ANALYSIS]
   cell center        =     0.000   0.000
   cell size          =    89.131  88.344
   probe atom radius  =     0.100
   factor             =           100
   iseed              =       3141592
   randomize          =    YES
   decimal place      =            12
 
 
 INFO> Read PDB file
  
     open pdb file                                        [OK]
     count the number of lipid molecules                  [OK]
     calculate the bilayer center                         [OK]
     memory allocation for lipids                         [OK]
     compute the center of mass of each lipid             [OK]
     separate the bilayer                                 [OK]
     memory allocation for lipid coordinates              [OK]
     count the number of protein atoms                    [OK]
     select protein atoms                                 [OK]
     memory allocation for protein coordinates            [OK]
     copy protein coordinates                             [OK]
 
 [SYSTEM STATISTICS]
   total number of protein atoms =         127
   total number of lipids        =         340
   bilayer center                =      44.432
 
   layer1: number of lipids =         170
                       Zmax =      74.420
                       Zmin =      41.940
           selected protein atoms =           0
 
   layer2: number of lipids =         170
                       Zmax =      46.460
                       Zmin =      14.340
           selected protein atoms =          94
 
 
 INFO> Perform Voronoi analysis for Layer 1
 
     randomize coordinates of lipid center of mass        [OK]
     wrap all lipids into the unit cell                   [OK]
     set periodic boundary condition for lipids           [OK]
     use fast algorithm                                   [OK]
     allocate memory for voronoi analysis                 [OK]
     compute voronoi vertices                             [OK]
     compute area per lipid                               [OK]
     deallocate memory                                    [OK]

 [RESULTS]
                             ALL     BOUND   N-BOUND     ERROR
   num_lipids     :          170         0       170         0
   area per lipid :       46.319     0.000    46.319

 
 INFO> Perform Voronoi analysis for Layer 2
 
     randomize coordinates of lipid center of mass        [OK]
     wrap all lipids into the unit cell                   [OK]
     set periodic boundary condition for lipids           [OK]
     wrap all protein atoms into the unit cell            [OK]
     set periodic boundary condition for protein          [OK]
     use fast algorithm                                   [OK]
     allocate memory for voronoi analysis                 [OK]
     compute voronoi vertices                             [OK]
     MC for   10  Avor =     45.715  Ntot =       4571  Nhit =        894
     MC for   13  was not done (no protein atom exists in the polygon)
     MC for   22  was not done (no protein atom exists in the polygon)
     MC for   23  Avor =     41.467  Ntot =       4146  Nhit =       1049
     MC for   24  Avor =     41.041  Ntot =       4104  Nhit =        139
     MC for   25  Avor =     44.877  Ntot =       4487  Nhit =        141
     MC for   26  Avor =     57.697  Ntot =       5769  Nhit =       4483
     MC for   27  Avor =     42.911  Ntot =       4291  Nhit =       2789
     MC for   28  Avor =     47.151  Ntot =       4715  Nhit =        244
     MC for   29  Avor =     48.532  Ntot =       4853  Nhit =       4053
     MC for   30  Avor =     42.268  Ntot =       4226  Nhit =        618
     MC for   41  Avor =     50.756  Ntot =       5075  Nhit =         43
     MC for   44  Avor =     42.593  Ntot =       4259  Nhit =          0
     MC for   46  Avor =     51.447  Ntot =       5144  Nhit =          0
     MC for   47  was not done (no protein atom exists in the polygon)
     MC for   48  Avor =     44.213  Ntot =       4421  Nhit =        707
     MC for   56  was not done (no protein atom exists in the polygon)
     MC for   80  was not done (no protein atom exists in the polygon)
     MC for   81  Avor =     52.944  Ntot =       5294  Nhit =        763
     MC for   89  Avor =     47.837  Ntot =       4783  Nhit =       2762
     MC for   90  Avor =     53.549  Ntot =       5354  Nhit =       4234
     MC for   91  Avor =     44.025  Ntot =       4402  Nhit =        544
     MC for   93  Avor =     52.997  Ntot =       5299  Nhit =        801
     MC for   94  Avor =     63.789  Ntot =       6378  Nhit =        443
     MC for  138  was not done (no protein atom exists in the polygon)
     compute area per lipid                               [OK]
     deallocate memory                                    [OK]

 [RESULTS]
                             ALL     BOUND   N-BOUND     ERROR
   num_lipids     :          170        25       145         0
   area per lipid :       44.865    36.780    46.259

 
 INFO> Summary of the results
 
   average area of all lipids          :     45.592   /    340
   average area of boundary lipids     :     36.780   /     25
   average area of non-boundary lipids :     46.291   /    315
 
 
 INFO> Deallocate all configulation data
 INFO> Deallocate all pdb data
 
 [CPU TIME]
  total    :     0.772(sec)
  analysis :     0.568(sec)
 
