_/_/_/_/_/_/_/_/_/_/_/_/_/_/_/_/_/_/_/_/_/_/_/_/_/_/_/_/_/_/_/_/_/_/_/_/_/_/_/_/

    VTMC: Analysis of lipid surface area in protein-membrane systems
      version: 1.0
      last modified: Jan 13 2012
      programed by Takaharu Mori

    Copyright(C) 2012-
    Theoretical Biochemistry Lab, RIKEN Adv Sci Inst
    2-1 Hirosawa, Wako-shi, Saitama, 351-0198, Japan
    http://www.riken.jp/TBC07/

    Ref) T.Mori, F.Ogushi, and Y.Sugita, J.Comput.Chem., 33, 286-293 (2012)

_/_/_/_/_/_/_/_/_/_/_/_/_/_/_/_/_/_/_/_/_/_/_/_/_/_/_/_/_/_/_/_/_/_/_/_/_/_/_/_/

 INFO> Read configulation file
  
 [INPUT]
   PDB file           =  L-VTMC-GIB22.pdb-A
 
 [OUTPUT]
   output level       =      0
   output name        =  L-VTMC-GIB22.pdb-A
 
 [PROTEIN]
   residue list       =     12
      PRO       LYS       ILE       PHE       LYS       ILE       THR       LYS 
      LYS       PHE       PHE       PRO 
   select hydrogen    =    YES
 
 [LIPID]
   residue list       =      1
      POP 
   select hydrogen    =    YES
   lipid head atom    =        P8  
 
 [ATOM_MASS]
   mass list          =      6
                H     =     1.008
                C     =    12.010
                O     =    16.000
                N     =    14.010
                P     =    30.970
                S     =    32.070
 
 [VDW_RADIUS]
   vdw_radius list    =      6
                H     =     1.200
                C     =     1.700
                O     =     1.520
                N     =     1.550
                P     =     1.800
                S     =     1.800
 
 [ANALYSIS]
   cell center        =     0.000   0.000
   cell size          =    90.097  89.300
   probe atom radius  =     0.100
   factor             =           100
   iseed              =       3141592
   randomize          =    YES
   decimal place      =            12
 
 
 INFO> Read PDB file
  
     open pdb file                                        [OK]
     count the number of lipid molecules                  [OK]
     calculate the bilayer center                         [OK]
     memory allocation for lipids                         [OK]
     compute the center of mass of each lipid             [OK]
     separate the bilayer                                 [OK]
     memory allocation for lipid coordinates              [OK]
     count the number of protein atoms                    [OK]
     select protein atoms                                 [OK]
     memory allocation for protein coordinates            [OK]
     copy protein coordinates                             [OK]
 
 [SYSTEM STATISTICS]
   total number of protein atoms =         191
   total number of lipids        =         340
   bilayer center                =      43.199
 
   layer1: number of lipids =         170
                       Zmax =      73.400
                       Zmin =      39.380
           selected protein atoms =           0
 
   layer2: number of lipids =         170
                       Zmax =      45.720
                       Zmin =      13.090
           selected protein atoms =          82
 
 
 INFO> Perform Voronoi analysis for Layer 1
 
     randomize coordinates of lipid center of mass        [OK]
     wrap all lipids into the unit cell                   [OK]
     set periodic boundary condition for lipids           [OK]
     use fast algorithm                                   [OK]
     allocate memory for voronoi analysis                 [OK]
     compute voronoi vertices                             [OK]
     compute area per lipid                               [OK]
     deallocate memory                                    [OK]

 [RESULTS]
                             ALL     BOUND   N-BOUND     ERROR
   num_lipids     :          170         0       170         0
   area per lipid :       47.327     0.000    47.327

 
 INFO> Perform Voronoi analysis for Layer 2
 
     randomize coordinates of lipid center of mass        [OK]
     wrap all lipids into the unit cell                   [OK]
     set periodic boundary condition for lipids           [OK]
     wrap all protein atoms into the unit cell            [OK]
     set periodic boundary condition for protein          [OK]
     use fast algorithm                                   [OK]
     allocate memory for voronoi analysis                 [OK]
     compute voronoi vertices                             [OK]
     MC for   13  Avor =     46.946  Ntot =       4694  Nhit =          0
     MC for   26  was not done (no protein atom exists in the polygon)
     MC for   27  was not done (no protein atom exists in the polygon)
     MC for   28  Avor =     42.502  Ntot =       4250  Nhit =       1039
     MC for   29  was not done (no protein atom exists in the polygon)
     MC for   44  Avor =     44.871  Ntot =       4487  Nhit =       1174
     MC for   79  Avor =     57.514  Ntot =       5751  Nhit =        958
     MC for   80  Avor =     41.585  Ntot =       4158  Nhit =        784
     MC for   81  Avor =     33.019  Ntot =       3301  Nhit =       1648
     MC for   82  Avor =     37.199  Ntot =       3719  Nhit =        327
     MC for   83  Avor =     57.582  Ntot =       5758  Nhit =       2015
     MC for   84  was not done (no protein atom exists in the polygon)
     MC for   87  was not done (no protein atom exists in the polygon)
     MC for   89  Avor =     58.609  Ntot =       5860  Nhit =       1488
     MC for   90  Avor =     51.460  Ntot =       5145  Nhit =        874
     MC for   91  Avor =     54.638  Ntot =       5463  Nhit =       1351
     MC for   93  Avor =     42.624  Ntot =       4262  Nhit =       3032
     MC for   94  Avor =     59.567  Ntot =       5956  Nhit =       4540
     MC for  131  Avor =     50.405  Ntot =       5040  Nhit =        490
     MC for  140  Avor =     37.028  Ntot =       3702  Nhit =       3475
     MC for  142  was not done (no protein atom exists in the polygon)
     MC for  143  Avor =     44.385  Ntot =       4438  Nhit =       1090
     compute area per lipid                               [OK]
     deallocate memory                                    [OK]

 [RESULTS]
                             ALL     BOUND   N-BOUND     ERROR
   num_lipids     :          170        22       148         0
   area per lipid :       45.899    37.665    47.123

 
 INFO> Summary of the results
 
   average area of all lipids          :     46.613   /    340
   average area of boundary lipids     :     37.665   /     22
   average area of non-boundary lipids :     47.232   /    318
 
 
 INFO> Deallocate all configulation data
 INFO> Deallocate all pdb data
 
 [CPU TIME]
  total    :     0.877(sec)
  analysis :     0.534(sec)
 
