_/_/_/_/_/_/_/_/_/_/_/_/_/_/_/_/_/_/_/_/_/_/_/_/_/_/_/_/_/_/_/_/_/_/_/_/_/_/_/_/

    VTMC: Analysis of lipid surface area in protein-membrane systems
      version: 1.0
      last modified: Jan 13 2012
      programed by Takaharu Mori

    Copyright(C) 2012-
    Theoretical Biochemistry Lab, RIKEN Adv Sci Inst
    2-1 Hirosawa, Wako-shi, Saitama, 351-0198, Japan
    http://www.riken.jp/TBC07/

    Ref) T.Mori, F.Ogushi, and Y.Sugita, J.Comput.Chem., 33, 286-293 (2012)

_/_/_/_/_/_/_/_/_/_/_/_/_/_/_/_/_/_/_/_/_/_/_/_/_/_/_/_/_/_/_/_/_/_/_/_/_/_/_/_/

 INFO> Read configulation file
  
 [INPUT]
   PDB file           =  L-VTMC-GIB14.pdb-A
 
 [OUTPUT]
   output level       =      0
   output name        =  L-VTMC-GIB14.pdb-A
 
 [PROTEIN]
   residue list       =     17
      GLY       THR       TRP       ARG       GLY       TRP       LEU       LYS 
      LYS       ILE       GLY       LYS       LYS       ILE       GLU       ARG 
      VAL 
   select hydrogen    =    YES
 
 [LIPID]
   residue list       =      1
      POP 
   select hydrogen    =    YES
   lipid head atom    =        P8  
 
 [ATOM_MASS]
   mass list          =      6
                H     =     1.008
                C     =    12.010
                O     =    16.000
                N     =    14.010
                P     =    30.970
                S     =    32.070
 
 [VDW_RADIUS]
   vdw_radius list    =      6
                H     =     1.200
                C     =     1.700
                O     =     1.520
                N     =     1.550
                P     =     1.800
                S     =     1.800
 
 [ANALYSIS]
   cell center        =     0.000   0.000
   cell size          =    89.310  88.521
   probe atom radius  =     0.100
   factor             =           100
   iseed              =       3141592
   randomize          =    YES
   decimal place      =            12
 
 
 INFO> Read PDB file
  
     open pdb file                                        [OK]
     count the number of lipid molecules                  [OK]
     calculate the bilayer center                         [OK]
     memory allocation for lipids                         [OK]
     compute the center of mass of each lipid             [OK]
     separate the bilayer                                 [OK]
     memory allocation for lipid coordinates              [OK]
     count the number of protein atoms                    [OK]
     select protein atoms                                 [OK]
     memory allocation for protein coordinates            [OK]
     copy protein coordinates                             [OK]
 
 [SYSTEM STATISTICS]
   total number of protein atoms =         200
   total number of lipids        =         340
   bilayer center                =      43.798
 
   layer1: number of lipids =         170
                       Zmax =      76.350
                       Zmin =      38.680
           selected protein atoms =           0
 
   layer2: number of lipids =         170
                       Zmax =      47.960
                       Zmin =      13.250
           selected protein atoms =         174
 
 
 INFO> Perform Voronoi analysis for Layer 1
 
     randomize coordinates of lipid center of mass        [OK]
     wrap all lipids into the unit cell                   [OK]
     set periodic boundary condition for lipids           [OK]
     use fast algorithm                                   [OK]
     allocate memory for voronoi analysis                 [OK]
     compute voronoi vertices                             [OK]
     compute area per lipid                               [OK]
     deallocate memory                                    [OK]

 [RESULTS]
                             ALL     BOUND   N-BOUND     ERROR
   num_lipids     :          170         0       170         0
   area per lipid :       46.505     0.000    46.505

 
 INFO> Perform Voronoi analysis for Layer 2
 
     randomize coordinates of lipid center of mass        [OK]
     wrap all lipids into the unit cell                   [OK]
     set periodic boundary condition for lipids           [OK]
     wrap all protein atoms into the unit cell            [OK]
     set periodic boundary condition for protein          [OK]
     use fast algorithm                                   [OK]
     allocate memory for voronoi analysis                 [OK]
     compute voronoi vertices                             [OK]
     MC for   79  Avor =     42.017  Ntot =       4201  Nhit =        922
     MC for   80  Avor =     55.431  Ntot =       5543  Nhit =       5323
     MC for   81  Avor =     54.416  Ntot =       5441  Nhit =       5296
     MC for   82  Avor =     46.692  Ntot =       4669  Nhit =       2416
     MC for   83  Avor =     40.644  Ntot =       4064  Nhit =         18
     MC for   84  Avor =     46.427  Ntot =       4642  Nhit =       4051
     MC for   85  Avor =     35.008  Ntot =       3500  Nhit =       2550
     MC for   86  Avor =     51.270  Ntot =       5127  Nhit =         31
     MC for   87  Avor =     44.331  Ntot =       4433  Nhit =          0
     MC for   89  Avor =     38.881  Ntot =       3888  Nhit =          4
     MC for   90  was not done (no protein atom exists in the polygon)
     MC for   93  Avor =     44.152  Ntot =       4415  Nhit =       2289
     MC for   94  Avor =     45.409  Ntot =       4540  Nhit =       1400
     MC for  108  Avor =     51.272  Ntot =       5127  Nhit =         74
     MC for  121  Avor =     61.233  Ntot =       6123  Nhit =       3148
     MC for  122  Avor =     45.911  Ntot =       4591  Nhit =        687
     MC for  123  was not done (no protein atom exists in the polygon)
     MC for  125  Avor =     57.223  Ntot =       5722  Nhit =          0
     MC for  126  Avor =     42.201  Ntot =       4220  Nhit =        117
     MC for  128  Avor =     50.729  Ntot =       5072  Nhit =       4478
     MC for  131  Avor =     36.697  Ntot =       3669  Nhit =        602
     MC for  134  Avor =     42.930  Ntot =       4292  Nhit =          0
     MC for  140  Avor =     47.122  Ntot =       4712  Nhit =        894
     MC for  163  Avor =     45.474  Ntot =       4547  Nhit =        145
     compute area per lipid                               [OK]
     deallocate memory                                    [OK]

 [RESULTS]
                             ALL     BOUND   N-BOUND     ERROR
   num_lipids     :          170        24       146         0
   area per lipid :       44.478    32.332    46.475

 
 INFO> Summary of the results
 
   average area of all lipids          :     45.492   /    340
   average area of boundary lipids     :     32.332   /     24
   average area of non-boundary lipids :     46.491   /    316
 
 
 INFO> Deallocate all configulation data
 INFO> Deallocate all pdb data
 
 [CPU TIME]
  total    :     0.705(sec)
  analysis :     0.532(sec)
 
