_/_/_/_/_/_/_/_/_/_/_/_/_/_/_/_/_/_/_/_/_/_/_/_/_/_/_/_/_/_/_/_/_/_/_/_/_/_/_/_/

    VTMC: Analysis of lipid surface area in protein-membrane systems
      version: 1.0
      last modified: Jan 13 2012
      programed by Takaharu Mori

    Copyright(C) 2012-
    Theoretical Biochemistry Lab, RIKEN Adv Sci Inst
    2-1 Hirosawa, Wako-shi, Saitama, 351-0198, Japan
    http://www.riken.jp/TBC07/

    Ref) T.Mori, F.Ogushi, and Y.Sugita, J.Comput.Chem., 33, 286-293 (2012)

_/_/_/_/_/_/_/_/_/_/_/_/_/_/_/_/_/_/_/_/_/_/_/_/_/_/_/_/_/_/_/_/_/_/_/_/_/_/_/_/

 INFO> Read configulation file
  
 [INPUT]
   PDB file           =  L-VTMC-GIB20.pdb-A
 
 [OUTPUT]
   output level       =      0
   output name        =  L-VTMC-GIB20.pdb-A
 
 [PROTEIN]
   residue list       =     11
      GLY       GLY       PHE       LEU       LYS       LYS       THR       ILE 
      VAL       MET       THR 
   select hydrogen    =    YES
 
 [LIPID]
   residue list       =      1
      POP 
   select hydrogen    =    YES
   lipid head atom    =        P8  
 
 [ATOM_MASS]
   mass list          =      6
                H     =     1.008
                C     =    12.010
                O     =    16.000
                N     =    14.010
                P     =    30.970
                S     =    32.070
 
 [VDW_RADIUS]
   vdw_radius list    =      6
                H     =     1.200
                C     =     1.700
                O     =     1.520
                N     =     1.550
                P     =     1.800
                S     =     1.800
 
 [ANALYSIS]
   cell center        =     0.000   0.000
   cell size          =    89.980  89.184
   probe atom radius  =     0.100
   factor             =           100
   iseed              =       3141592
   randomize          =    YES
   decimal place      =            12
 
 
 INFO> Read PDB file
  
     open pdb file                                        [OK]
     count the number of lipid molecules                  [OK]
     calculate the bilayer center                         [OK]
     memory allocation for lipids                         [OK]
     compute the center of mass of each lipid             [OK]
     separate the bilayer                                 [OK]
     memory allocation for lipid coordinates              [OK]
     count the number of protein atoms                    [OK]
     select protein atoms                                 [OK]
     memory allocation for protein coordinates            [OK]
     copy protein coordinates                             [OK]
 
 [SYSTEM STATISTICS]
   total number of protein atoms =         109
   total number of lipids        =         340
   bilayer center                =      43.077
 
   layer1: number of lipids =         170
                       Zmax =      74.180
                       Zmin =      39.730
           selected protein atoms =           0
 
   layer2: number of lipids =         170
                       Zmax =      46.080
                       Zmin =      11.650
           selected protein atoms =          67
 
 
 INFO> Perform Voronoi analysis for Layer 1
 
     randomize coordinates of lipid center of mass        [OK]
     wrap all lipids into the unit cell                   [OK]
     set periodic boundary condition for lipids           [OK]
     use fast algorithm                                   [OK]
     allocate memory for voronoi analysis                 [OK]
     compute voronoi vertices                             [OK]
     compute area per lipid                               [OK]
     deallocate memory                                    [OK]

 [RESULTS]
                             ALL     BOUND   N-BOUND     ERROR
   num_lipids     :          170         0       170         0
   area per lipid :       47.205     0.000    47.205

 
 INFO> Perform Voronoi analysis for Layer 2
 
     randomize coordinates of lipid center of mass        [OK]
     wrap all lipids into the unit cell                   [OK]
     set periodic boundary condition for lipids           [OK]
     wrap all protein atoms into the unit cell            [OK]
     set periodic boundary condition for protein          [OK]
     use fast algorithm                                   [OK]
     allocate memory for voronoi analysis                 [OK]
     compute voronoi vertices                             [OK]
     MC for   26  Avor =     73.280  Ntot =       7328  Nhit =          0
     MC for   27  was not done (no protein atom exists in the polygon)
     MC for   80  Avor =     35.784  Ntot =       3578  Nhit =         75
     MC for   81  Avor =     53.428  Ntot =       5342  Nhit =       3584
     MC for   82  Avor =     46.842  Ntot =       4684  Nhit =       2327
     MC for   83  Avor =     47.162  Ntot =       4716  Nhit =       1516
     MC for   85  Avor =     58.741  Ntot =       5874  Nhit =       1027
     MC for   86  Avor =     54.449  Ntot =       5444  Nhit =        317
     MC for   87  Avor =     51.591  Ntot =       5159  Nhit =          0
     MC for   89  Avor =     35.583  Ntot =       3558  Nhit =        162
     MC for   90  Avor =     46.932  Ntot =       4693  Nhit =         81
     MC for   93  Avor =     50.067  Ntot =       5006  Nhit =       3005
     MC for   94  Avor =     66.394  Ntot =       6639  Nhit =       5076
     MC for  122  was not done (no protein atom exists in the polygon)
     MC for  140  Avor =     41.774  Ntot =       4177  Nhit =       1362
     MC for  143  Avor =     46.383  Ntot =       4638  Nhit =        233
     compute area per lipid                               [OK]
     deallocate memory                                    [OK]

 [RESULTS]
                             ALL     BOUND   N-BOUND     ERROR
   num_lipids     :          170        16       154         0
   area per lipid :       46.101    39.241    46.813

 
 INFO> Summary of the results
 
   average area of all lipids          :     46.653   /    340
   average area of boundary lipids     :     39.241   /     16
   average area of non-boundary lipids :     47.019   /    324
 
 
 INFO> Deallocate all configulation data
 INFO> Deallocate all pdb data
 
 [CPU TIME]
  total    :     0.730(sec)
  analysis :     0.548(sec)
 
