_/_/_/_/_/_/_/_/_/_/_/_/_/_/_/_/_/_/_/_/_/_/_/_/_/_/_/_/_/_/_/_/_/_/_/_/_/_/_/_/

    VTMC: Analysis of lipid surface area in protein-membrane systems
      version: 1.0
      last modified: Jan 13 2012
      programed by Takaharu Mori

    Copyright(C) 2012-
    Theoretical Biochemistry Lab, RIKEN Adv Sci Inst
    2-1 Hirosawa, Wako-shi, Saitama, 351-0198, Japan
    http://www.riken.jp/TBC07/

    Ref) T.Mori, F.Ogushi, and Y.Sugita, J.Comput.Chem., 33, 286-293 (2012)

_/_/_/_/_/_/_/_/_/_/_/_/_/_/_/_/_/_/_/_/_/_/_/_/_/_/_/_/_/_/_/_/_/_/_/_/_/_/_/_/

 INFO> Read configulation file
  
 [INPUT]
   PDB file           =  L-VTMC-1OT0.pdb-A
 
 [OUTPUT]
   output level       =      0
   output name        =  L-VTMC-1OT0.pdb-A
 
 [PROTEIN]
   residue list       =     19
      ALA       LYS       LYS       VAL       PHE       LYS       ARG       LEU 
      GLU       LYS       LEU       PHE       SER       LYS       ILE       GLN 
      ASN       TRP       LYS 
   select hydrogen    =    YES
 
 [LIPID]
   residue list       =      1
      POP 
   select hydrogen    =    YES
   lipid head atom    =        P8  
 
 [ATOM_MASS]
   mass list          =      6
                H     =     1.008
                C     =    12.010
                O     =    16.000
                N     =    14.010
                P     =    30.970
                S     =    32.070
 
 [VDW_RADIUS]
   vdw_radius list    =      6
                H     =     1.200
                C     =     1.700
                O     =     1.520
                N     =     1.550
                P     =     1.800
                S     =     1.800
 
 [ANALYSIS]
   cell center        =     0.000   0.000
   cell size          =    89.118  88.330
   probe atom radius  =     0.100
   factor             =           100
   iseed              =       3141592
   randomize          =    YES
   decimal place      =            12
 
 
 INFO> Read PDB file
  
     open pdb file                                        [OK]
     count the number of lipid molecules                  [OK]
     calculate the bilayer center                         [OK]
     memory allocation for lipids                         [OK]
     compute the center of mass of each lipid             [OK]
     separate the bilayer                                 [OK]
     memory allocation for lipid coordinates              [OK]
     count the number of protein atoms                    [OK]
     select protein atoms                                 [OK]
     memory allocation for protein coordinates            [OK]
     copy protein coordinates                             [OK]
 
 [SYSTEM STATISTICS]
   total number of protein atoms =         235
   total number of lipids        =         340
   bilayer center                =      43.814
 
   layer1: number of lipids =         170
                       Zmax =      75.220
                       Zmin =      39.200
           selected protein atoms =           0
 
   layer2: number of lipids =         170
                       Zmax =      47.180
                       Zmin =      12.390
           selected protein atoms =         204
 
 
 INFO> Perform Voronoi analysis for Layer 1
 
     randomize coordinates of lipid center of mass        [OK]
     wrap all lipids into the unit cell                   [OK]
     set periodic boundary condition for lipids           [OK]
     use fast algorithm                                   [OK]
     allocate memory for voronoi analysis                 [OK]
     compute voronoi vertices                             [OK]
     compute area per lipid                               [OK]
     deallocate memory                                    [OK]

 [RESULTS]
                             ALL     BOUND   N-BOUND     ERROR
   num_lipids     :          170         0       170         0
   area per lipid :       46.305     0.000    46.305

 
 INFO> Perform Voronoi analysis for Layer 2
 
     randomize coordinates of lipid center of mass        [OK]
     wrap all lipids into the unit cell                   [OK]
     set periodic boundary condition for lipids           [OK]
     wrap all protein atoms into the unit cell            [OK]
     set periodic boundary condition for protein          [OK]
     use fast algorithm                                   [OK]
     allocate memory for voronoi analysis                 [OK]
     compute voronoi vertices                             [OK]
     MC for   23  was not done (no protein atom exists in the polygon)
     MC for   25  was not done (no protein atom exists in the polygon)
     MC for   26  Avor =     56.228  Ntot =       5622  Nhit =        714
     MC for   27  Avor =     48.780  Ntot =       4878  Nhit =       3152
     MC for   28  Avor =     44.993  Ntot =       4499  Nhit =        223
     MC for   29  was not done (no protein atom exists in the polygon)
     MC for   41  Avor =     44.747  Ntot =       4474  Nhit =         97
     MC for   44  Avor =     40.380  Ntot =       4038  Nhit =       2946
     MC for   48  was not done (no protein atom exists in the polygon)
     MC for   79  Avor =     44.239  Ntot =       4423  Nhit =          0
     MC for   80  Avor =     46.227  Ntot =       4622  Nhit =       1615
     MC for   81  Avor =     35.780  Ntot =       3578  Nhit =       3546
     MC for   82  Avor =     58.277  Ntot =       5827  Nhit =       5082
     MC for   83  Avor =     64.539  Ntot =       6453  Nhit =        978
     MC for   84  Avor =     41.929  Ntot =       4192  Nhit =        567
     MC for   85  Avor =     40.413  Ntot =       4041  Nhit =        155
     MC for   86  Avor =     43.312  Ntot =       4331  Nhit =       1042
     MC for   89  Avor =     48.534  Ntot =       4853  Nhit =       4782
     MC for   90  Avor =     47.826  Ntot =       4782  Nhit =       3227
     MC for   91  Avor =     58.667  Ntot =       5866  Nhit =         40
     MC for   92  Avor =     34.215  Ntot =       3421  Nhit =          0
     MC for   93  Avor =     42.033  Ntot =       4203  Nhit =       2004
     MC for   94  Avor =     59.692  Ntot =       5969  Nhit =       5632
     MC for   95  Avor =     45.717  Ntot =       4571  Nhit =       1795
     MC for  123  was not done (no protein atom exists in the polygon)
     MC for  129  Avor =     34.086  Ntot =       3408  Nhit =       1166
     MC for  130  Avor =     46.031  Ntot =       4603  Nhit =        633
     MC for  131  Avor =     43.122  Ntot =       4312  Nhit =        188
     MC for  136  Avor =     40.600  Ntot =       4059  Nhit =          0
     MC for  138  Avor =     46.485  Ntot =       4648  Nhit =          0
     MC for  140  Avor =     31.736  Ntot =       3173  Nhit =       1847
     MC for  141  Avor =     47.754  Ntot =       4775  Nhit =          0
     MC for  142  Avor =     48.480  Ntot =       4847  Nhit =       2458
     MC for  143  Avor =     48.474  Ntot =       4847  Nhit =       3993
     MC for  149  was not done (no protein atom exists in the polygon)
     compute area per lipid                               [OK]
     deallocate memory                                    [OK]

 [RESULTS]
                             ALL     BOUND   N-BOUND     ERROR
   num_lipids     :          170        35       135         0
   area per lipid :       43.488    32.526    46.330

 
 INFO> Summary of the results
 
   average area of all lipids          :     44.896   /    340
   average area of boundary lipids     :     32.526   /     35
   average area of non-boundary lipids :     46.316   /    305
 
 
 INFO> Deallocate all configulation data
 INFO> Deallocate all pdb data
 
 [CPU TIME]
  total    :     0.712(sec)
  analysis :     0.526(sec)
 
