_/_/_/_/_/_/_/_/_/_/_/_/_/_/_/_/_/_/_/_/_/_/_/_/_/_/_/_/_/_/_/_/_/_/_/_/_/_/_/_/

    VTMC: Analysis of lipid surface area in protein-membrane systems
      version: 1.0
      last modified: Jan 13 2012
      programed by Takaharu Mori

    Copyright(C) 2012-
    Theoretical Biochemistry Lab, RIKEN Adv Sci Inst
    2-1 Hirosawa, Wako-shi, Saitama, 351-0198, Japan
    http://www.riken.jp/TBC07/

    Ref) T.Mori, F.Ogushi, and Y.Sugita, J.Comput.Chem., 33, 286-293 (2012)

_/_/_/_/_/_/_/_/_/_/_/_/_/_/_/_/_/_/_/_/_/_/_/_/_/_/_/_/_/_/_/_/_/_/_/_/_/_/_/_/

 INFO> Read configulation file
  
 [INPUT]
   PDB file           =  L-VTMC-GIB2.pdb-A
 
 [OUTPUT]
   output level       =      0
   output name        =  L-VTMC-GIB2.pdb-A
 
 [PROTEIN]
   residue list       =     11
      GLN       LYS       ASN       LEU       LYS       VAL       THR       VAL 
      GLN       PRO       GLY 
   select hydrogen    =    YES
 
 [LIPID]
   residue list       =      1
      POP 
   select hydrogen    =    YES
   lipid head atom    =        P8  
 
 [ATOM_MASS]
   mass list          =      6
                H     =     1.008
                C     =    12.010
                O     =    16.000
                N     =    14.010
                P     =    30.970
                S     =    32.070
 
 [VDW_RADIUS]
   vdw_radius list    =      6
                H     =     1.200
                C     =     1.700
                O     =     1.520
                N     =     1.550
                P     =     1.800
                S     =     1.800
 
 [ANALYSIS]
   cell center        =     0.000   0.000
   cell size          =    89.617  88.825
   probe atom radius  =     0.100
   factor             =           100
   iseed              =       3141592
   randomize          =    YES
   decimal place      =            12
 
 
 INFO> Read PDB file
  
     open pdb file                                        [OK]
     count the number of lipid molecules                  [OK]
     calculate the bilayer center                         [OK]
     memory allocation for lipids                         [OK]
     compute the center of mass of each lipid             [OK]
     separate the bilayer                                 [OK]
     memory allocation for lipid coordinates              [OK]
     count the number of protein atoms                    [OK]
     select protein atoms                                 [OK]
     memory allocation for protein coordinates            [OK]
     copy protein coordinates                             [OK]
 
 [SYSTEM STATISTICS]
   total number of protein atoms =         110
   total number of lipids        =         340
   bilayer center                =      43.703
 
   layer1: number of lipids =         170
                       Zmax =      74.580
                       Zmin =      41.230
           selected protein atoms =           0
 
   layer2: number of lipids =         170
                       Zmax =      46.150
                       Zmin =      12.340
           selected protein atoms =         105
 
 
 INFO> Perform Voronoi analysis for Layer 1
 
     randomize coordinates of lipid center of mass        [OK]
     wrap all lipids into the unit cell                   [OK]
     set periodic boundary condition for lipids           [OK]
     use fast algorithm                                   [OK]
     allocate memory for voronoi analysis                 [OK]
     compute voronoi vertices                             [OK]
     compute area per lipid                               [OK]
     deallocate memory                                    [OK]

 [RESULTS]
                             ALL     BOUND   N-BOUND     ERROR
   num_lipids     :          170         0       170         0
   area per lipid :       46.825     0.000    46.825

 
 INFO> Perform Voronoi analysis for Layer 2
 
     randomize coordinates of lipid center of mass        [OK]
     wrap all lipids into the unit cell                   [OK]
     set periodic boundary condition for lipids           [OK]
     wrap all protein atoms into the unit cell            [OK]
     set periodic boundary condition for protein          [OK]
     use fast algorithm                                   [OK]
     allocate memory for voronoi analysis                 [OK]
     compute voronoi vertices                             [OK]
     MC for   26  Avor =     60.510  Ntot =       6051  Nhit =          0
     MC for   27  was not done (no protein atom exists in the polygon)
     MC for   41  Avor =     42.475  Ntot =       4247  Nhit =        141
     MC for   44  Avor =     49.396  Ntot =       4939  Nhit =       1176
     MC for   68  was not done (no protein atom exists in the polygon)
     MC for   80  Avor =     56.218  Ntot =       5621  Nhit =       1140
     MC for   81  Avor =     40.154  Ntot =       4015  Nhit =       3804
     MC for   82  Avor =     54.590  Ntot =       5459  Nhit =       3953
     MC for   83  Avor =     46.508  Ntot =       4650  Nhit =       2682
     MC for   85  Avor =     47.606  Ntot =       4760  Nhit =        266
     MC for   86  Avor =     33.433  Ntot =       3343  Nhit =         80
     MC for   89  Avor =     45.410  Ntot =       4541  Nhit =       2503
     MC for   90  was not done (no protein atom exists in the polygon)
     MC for   92  Avor =     61.655  Ntot =       6165  Nhit =        173
     MC for   93  Avor =     49.568  Ntot =       4956  Nhit =       4293
     MC for   94  Avor =     54.543  Ntot =       5454  Nhit =        785
     MC for   95  Avor =     44.742  Ntot =       4474  Nhit =          0
     MC for  130  was not done (no protein atom exists in the polygon)
     MC for  138  Avor =     30.463  Ntot =       3046  Nhit =        132
     MC for  140  Avor =     42.328  Ntot =       4232  Nhit =          0
     MC for  142  Avor =     45.403  Ntot =       4540  Nhit =       1131
     MC for  143  Avor =     47.953  Ntot =       4795  Nhit =       2076
     compute area per lipid                               [OK]
     deallocate memory                                    [OK]

 [RESULTS]
                             ALL     BOUND   N-BOUND     ERROR
   num_lipids     :          170        22       148         0
   area per lipid :       45.393    37.024    46.637

 
 INFO> Summary of the results
 
   average area of all lipids          :     46.109   /    340
   average area of boundary lipids     :     37.024   /     22
   average area of non-boundary lipids :     46.738   /    318
 
 
 INFO> Deallocate all configulation data
 INFO> Deallocate all pdb data
 
 [CPU TIME]
  total    :     0.762(sec)
  analysis :     0.576(sec)
 
