_/_/_/_/_/_/_/_/_/_/_/_/_/_/_/_/_/_/_/_/_/_/_/_/_/_/_/_/_/_/_/_/_/_/_/_/_/_/_/_/

    VTMC: Analysis of lipid surface area in protein-membrane systems
      version: 1.0
      last modified: Jan 13 2012
      programed by Takaharu Mori

    Copyright(C) 2012-
    Theoretical Biochemistry Lab, RIKEN Adv Sci Inst
    2-1 Hirosawa, Wako-shi, Saitama, 351-0198, Japan
    http://www.riken.jp/TBC07/

    Ref) T.Mori, F.Ogushi, and Y.Sugita, J.Comput.Chem., 33, 286-293 (2012)

_/_/_/_/_/_/_/_/_/_/_/_/_/_/_/_/_/_/_/_/_/_/_/_/_/_/_/_/_/_/_/_/_/_/_/_/_/_/_/_/

 INFO> Read configulation file
  
 [INPUT]
   PDB file           =  L-VTMC-2LL1.pdb-A
 
 [OUTPUT]
   output level       =      0
   output name        =  L-VTMC-2LL1.pdb-A
 
 [PROTEIN]
   residue list       =     33
      ASP       CYS       GLY       HIS       LEU       HIS       ASP       PRO 
      CYS       PRO       ASN       ASP       ARG       PRO       GLY       HIS 
      ARG       THR       CYS       CYS       ILE       GLY       LEU       GLN 
      CYS       ARG       TYR       GLY       LYS       CYS       LEU       VAL 
      ARG 
   select hydrogen    =    YES
 
 [LIPID]
   residue list       =      1
      POP 
   select hydrogen    =    YES
   lipid head atom    =        P8  
 
 [ATOM_MASS]
   mass list          =      6
                H     =     1.008
                C     =    12.010
                O     =    16.000
                N     =    14.010
                P     =    30.970
                S     =    32.070
 
 [VDW_RADIUS]
   vdw_radius list    =      6
                H     =     1.200
                C     =     1.700
                O     =     1.520
                N     =     1.550
                P     =     1.800
                S     =     1.800
 
 [ANALYSIS]
   cell center        =     0.000   0.000
   cell size          =    89.203  88.414
   probe atom radius  =     0.100
   factor             =           100
   iseed              =       3141592
   randomize          =    YES
   decimal place      =            12
 
 
 INFO> Read PDB file
  
     open pdb file                                        [OK]
     count the number of lipid molecules                  [OK]
     calculate the bilayer center                         [OK]
     memory allocation for lipids                         [OK]
     compute the center of mass of each lipid             [OK]
     separate the bilayer                                 [OK]
     memory allocation for lipid coordinates              [OK]
     count the number of protein atoms                    [OK]
     select protein atoms                                 [OK]
     memory allocation for protein coordinates            [OK]
     copy protein coordinates                             [OK]
 
 [SYSTEM STATISTICS]
   total number of protein atoms =         334
   total number of lipids        =         340
   bilayer center                =      44.037
 
   layer1: number of lipids =         170
                       Zmax =      73.900
                       Zmin =      40.210
           selected protein atoms =           0
 
   layer2: number of lipids =         170
                       Zmax =      47.750
                       Zmin =      13.380
           selected protein atoms =         195
 
 
 INFO> Perform Voronoi analysis for Layer 1
 
     randomize coordinates of lipid center of mass        [OK]
     wrap all lipids into the unit cell                   [OK]
     set periodic boundary condition for lipids           [OK]
     use fast algorithm                                   [OK]
     allocate memory for voronoi analysis                 [OK]
     compute voronoi vertices                             [OK]
     compute area per lipid                               [OK]
     deallocate memory                                    [OK]

 [RESULTS]
                             ALL     BOUND   N-BOUND     ERROR
   num_lipids     :          170         0       170         0
   area per lipid :       46.393     0.000    46.393

 
 INFO> Perform Voronoi analysis for Layer 2
 
     randomize coordinates of lipid center of mass        [OK]
     wrap all lipids into the unit cell                   [OK]
     set periodic boundary condition for lipids           [OK]
     wrap all protein atoms into the unit cell            [OK]
     set periodic boundary condition for protein          [OK]
     use fast algorithm                                   [OK]
     allocate memory for voronoi analysis                 [OK]
     compute voronoi vertices                             [OK]
     MC for   10  Avor =     37.245  Ntot =       3724  Nhit =          0
     MC for   23  Avor =     44.856  Ntot =       4485  Nhit =        451
     MC for   26  Avor =     53.282  Ntot =       5328  Nhit =       2769
     MC for   27  Avor =     63.958  Ntot =       6395  Nhit =       1962
     MC for   29  was not done (no protein atom exists in the polygon)
     MC for   30  Avor =     47.541  Ntot =       4754  Nhit =       1018
     MC for   41  was not done (no protein atom exists in the polygon)
     MC for   44  Avor =     41.939  Ntot =       4193  Nhit =       1002
     MC for   64  Avor =     47.113  Ntot =       4711  Nhit =          0
     MC for   68  was not done (no protein atom exists in the polygon)
     MC for   80  Avor =     51.144  Ntot =       5114  Nhit =       2555
     MC for   81  Avor =     46.057  Ntot =       4605  Nhit =       4605
     MC for   82  Avor =     44.156  Ntot =       4415  Nhit =       3924
     MC for   83  Avor =     50.557  Ntot =       5055  Nhit =       4643
     MC for   84  Avor =     53.007  Ntot =       5300  Nhit =        305
     MC for   85  Avor =     34.820  Ntot =       3481  Nhit =       1418
     MC for   86  Avor =     38.123  Ntot =       3812  Nhit =       1100
     MC for   87  Avor =     42.858  Ntot =       4285  Nhit =        430
     MC for   89  Avor =     39.274  Ntot =       3927  Nhit =       3925
     MC for   90  Avor =     45.468  Ntot =       4546  Nhit =       3114
     MC for   91  was not done (no protein atom exists in the polygon)
     MC for   92  Avor =     40.751  Ntot =       4075  Nhit =       1973
     MC for   93  Avor =     47.046  Ntot =       4704  Nhit =       2469
     MC for   94  Avor =     60.404  Ntot =       6040  Nhit =       6031
     MC for   95  Avor =     53.348  Ntot =       5334  Nhit =        131
     MC for  140  Avor =     35.439  Ntot =       3543  Nhit =         91
     MC for  143  Avor =     49.461  Ntot =       4946  Nhit =          0
     compute area per lipid                               [OK]
     deallocate memory                                    [OK]

 [RESULTS]
                             ALL     BOUND   N-BOUND     ERROR
   num_lipids     :          170        27       143         0
   area per lipid :       43.809    30.142    46.390

 
 INFO> Summary of the results
 
   average area of all lipids          :     45.101   /    340
   average area of boundary lipids     :     30.142   /     27
   average area of non-boundary lipids :     46.391   /    313
 
 
 INFO> Deallocate all configulation data
 INFO> Deallocate all pdb data
 
 [CPU TIME]
  total    :     0.749(sec)
  analysis :     0.553(sec)
 
