_/_/_/_/_/_/_/_/_/_/_/_/_/_/_/_/_/_/_/_/_/_/_/_/_/_/_/_/_/_/_/_/_/_/_/_/_/_/_/_/

    VTMC: Analysis of lipid surface area in protein-membrane systems
      version: 1.0
      last modified: Jan 13 2012
      programed by Takaharu Mori

    Copyright(C) 2012-
    Theoretical Biochemistry Lab, RIKEN Adv Sci Inst
    2-1 Hirosawa, Wako-shi, Saitama, 351-0198, Japan
    http://www.riken.jp/TBC07/

    Ref) T.Mori, F.Ogushi, and Y.Sugita, J.Comput.Chem., 33, 286-293 (2012)

_/_/_/_/_/_/_/_/_/_/_/_/_/_/_/_/_/_/_/_/_/_/_/_/_/_/_/_/_/_/_/_/_/_/_/_/_/_/_/_/

 INFO> Read configulation file
  
 [INPUT]
   PDB file           =  L-VTMC-1S6W.pdb-A
 
 [OUTPUT]
   output level       =      0
   output name        =  L-VTMC-1S6W.pdb-A
 
 [PROTEIN]
   residue list       =     21
      GLY       CYS       ARG       PHE       CYS       CYS       ASN       CYS 
      CYS       PRO       ASN       MET       SER       GLY       CYS       GLY 
      VAL       CYS       CYS       ARG       PHE 
   select hydrogen    =    YES
 
 [LIPID]
   residue list       =      1
      POP 
   select hydrogen    =    YES
   lipid head atom    =        P8  
 
 [ATOM_MASS]
   mass list          =      6
                H     =     1.008
                C     =    12.010
                O     =    16.000
                N     =    14.010
                P     =    30.970
                S     =    32.070
 
 [VDW_RADIUS]
   vdw_radius list    =      6
                H     =     1.200
                C     =     1.700
                O     =     1.520
                N     =     1.550
                P     =     1.800
                S     =     1.800
 
 [ANALYSIS]
   cell center        =     0.000   0.000
   cell size          =    88.869  88.084
   probe atom radius  =     0.100
   factor             =           100
   iseed              =       3141592
   randomize          =    YES
   decimal place      =            12
 
 
 INFO> Read PDB file
  
     open pdb file                                        [OK]
     count the number of lipid molecules                  [OK]
     calculate the bilayer center                         [OK]
     memory allocation for lipids                         [OK]
     compute the center of mass of each lipid             [OK]
     separate the bilayer                                 [OK]
     memory allocation for lipid coordinates              [OK]
     count the number of protein atoms                    [OK]
     select protein atoms                                 [OK]
     memory allocation for protein coordinates            [OK]
     copy protein coordinates                             [OK]
 
 [SYSTEM STATISTICS]
   total number of protein atoms =         198
   total number of lipids        =         340
   bilayer center                =      44.010
 
   layer1: number of lipids =         170
                       Zmax =      75.030
                       Zmin =      40.860
           selected protein atoms =           0
 
   layer2: number of lipids =         170
                       Zmax =      46.930
                       Zmin =      14.770
           selected protein atoms =          39
 
 
 INFO> Perform Voronoi analysis for Layer 1
 
     randomize coordinates of lipid center of mass        [OK]
     wrap all lipids into the unit cell                   [OK]
     set periodic boundary condition for lipids           [OK]
     use fast algorithm                                   [OK]
     allocate memory for voronoi analysis                 [OK]
     compute voronoi vertices                             [OK]
     compute area per lipid                               [OK]
     deallocate memory                                    [OK]

 [RESULTS]
                             ALL     BOUND   N-BOUND     ERROR
   num_lipids     :          170         0       170         0
   area per lipid :       46.047     0.000    46.047

 
 INFO> Perform Voronoi analysis for Layer 2
 
     randomize coordinates of lipid center of mass        [OK]
     wrap all lipids into the unit cell                   [OK]
     set periodic boundary condition for lipids           [OK]
     wrap all protein atoms into the unit cell            [OK]
     set periodic boundary condition for protein          [OK]
     use fast algorithm                                   [OK]
     allocate memory for voronoi analysis                 [OK]
     compute voronoi vertices                             [OK]
     MC for   23  Avor =     53.725  Ntot =       5372  Nhit =          0
     MC for   26  Avor =     52.136  Ntot =       5213  Nhit =        841
     MC for   27  Avor =     39.236  Ntot =       3923  Nhit =        335
     MC for   41  Avor =     50.785  Ntot =       5078  Nhit =          0
     MC for   44  Avor =     55.746  Ntot =       5574  Nhit =       3443
     MC for   81  Avor =     45.518  Ntot =       4551  Nhit =          0
     MC for   89  Avor =     42.236  Ntot =       4223  Nhit =       1704
     MC for   90  was not done (no protein atom exists in the polygon)
     MC for   93  Avor =     48.134  Ntot =       4813  Nhit =       1327
     MC for   94  Avor =     50.401  Ntot =       5040  Nhit =        785
     MC for  130  was not done (no protein atom exists in the polygon)
     MC for  131  Avor =     43.670  Ntot =       4367  Nhit =         73
     MC for  137  was not done (no protein atom exists in the polygon)
     MC for  138  Avor =     41.158  Ntot =       4115  Nhit =          0
     MC for  140  Avor =     34.282  Ntot =       3428  Nhit =        985
     MC for  142  Avor =     45.940  Ntot =       4594  Nhit =       1360
     MC for  143  Avor =     38.429  Ntot =       3842  Nhit =       2072
     compute area per lipid                               [OK]
     deallocate memory                                    [OK]

 [RESULTS]
                             ALL     BOUND   N-BOUND     ERROR
   num_lipids     :          170        17       153         0
   area per lipid :       45.286    38.770    46.010

 
 INFO> Summary of the results
 
   average area of all lipids          :     45.666   /    340
   average area of boundary lipids     :     38.770   /     17
   average area of non-boundary lipids :     46.029   /    323
 
 
 INFO> Deallocate all configulation data
 INFO> Deallocate all pdb data
 
 [CPU TIME]
  total    :     0.739(sec)
  analysis :     0.550(sec)
 
