_/_/_/_/_/_/_/_/_/_/_/_/_/_/_/_/_/_/_/_/_/_/_/_/_/_/_/_/_/_/_/_/_/_/_/_/_/_/_/_/

    VTMC: Analysis of lipid surface area in protein-membrane systems
      version: 1.0
      last modified: Jan 13 2012
      programed by Takaharu Mori

    Copyright(C) 2012-
    Theoretical Biochemistry Lab, RIKEN Adv Sci Inst
    2-1 Hirosawa, Wako-shi, Saitama, 351-0198, Japan
    http://www.riken.jp/TBC07/

    Ref) T.Mori, F.Ogushi, and Y.Sugita, J.Comput.Chem., 33, 286-293 (2012)

_/_/_/_/_/_/_/_/_/_/_/_/_/_/_/_/_/_/_/_/_/_/_/_/_/_/_/_/_/_/_/_/_/_/_/_/_/_/_/_/

 INFO> Read configulation file
  
 [INPUT]
   PDB file           =  L-VTMC-GIB18.pdb-A
 
 [OUTPUT]
   output level       =      0
   output name        =  L-VTMC-GIB18.pdb-A
 
 [PROTEIN]
   residue list       =     11
      LYS       ILE       PHE       LYS       ILE       THR       LYS       LYS 
      PHE       PHE       PRO 
   select hydrogen    =    YES
 
 [LIPID]
   residue list       =      1
      POP 
   select hydrogen    =    YES
   lipid head atom    =        P8  
 
 [ATOM_MASS]
   mass list          =      6
                H     =     1.008
                C     =    12.010
                O     =    16.000
                N     =    14.010
                P     =    30.970
                S     =    32.070
 
 [VDW_RADIUS]
   vdw_radius list    =      6
                H     =     1.200
                C     =     1.700
                O     =     1.520
                N     =     1.550
                P     =     1.800
                S     =     1.800
 
 [ANALYSIS]
   cell center        =     0.000   0.000
   cell size          =    89.696  88.903
   probe atom radius  =     0.100
   factor             =           100
   iseed              =       3141592
   randomize          =    YES
   decimal place      =            12
 
 
 INFO> Read PDB file
  
     open pdb file                                        [OK]
     count the number of lipid molecules                  [OK]
     calculate the bilayer center                         [OK]
     memory allocation for lipids                         [OK]
     compute the center of mass of each lipid             [OK]
     separate the bilayer                                 [OK]
     memory allocation for lipid coordinates              [OK]
     count the number of protein atoms                    [OK]
     select protein atoms                                 [OK]
     memory allocation for protein coordinates            [OK]
     copy protein coordinates                             [OK]
 
 [SYSTEM STATISTICS]
   total number of protein atoms =         140
   total number of lipids        =         340
   bilayer center                =      43.554
 
   layer1: number of lipids =         170
                       Zmax =      72.960
                       Zmin =      39.620
           selected protein atoms =           0
 
   layer2: number of lipids =         170
                       Zmax =      46.980
                       Zmin =      12.890
           selected protein atoms =          95
 
 
 INFO> Perform Voronoi analysis for Layer 1
 
     randomize coordinates of lipid center of mass        [OK]
     wrap all lipids into the unit cell                   [OK]
     set periodic boundary condition for lipids           [OK]
     use fast algorithm                                   [OK]
     allocate memory for voronoi analysis                 [OK]
     compute voronoi vertices                             [OK]
     compute area per lipid                               [OK]
     deallocate memory                                    [OK]

 [RESULTS]
                             ALL     BOUND   N-BOUND     ERROR
   num_lipids     :          170         0       170         0
   area per lipid :       46.907     0.000    46.907

 
 INFO> Perform Voronoi analysis for Layer 2
 
     randomize coordinates of lipid center of mass        [OK]
     wrap all lipids into the unit cell                   [OK]
     set periodic boundary condition for lipids           [OK]
     wrap all protein atoms into the unit cell            [OK]
     set periodic boundary condition for protein          [OK]
     use fast algorithm                                   [OK]
     allocate memory for voronoi analysis                 [OK]
     compute voronoi vertices                             [OK]
     MC for   10  was not done (no protein atom exists in the polygon)
     MC for   13  was not done (no protein atom exists in the polygon)
     MC for   23  was not done (no protein atom exists in the polygon)
     MC for   24  was not done (no protein atom exists in the polygon)
     MC for   25  was not done (no protein atom exists in the polygon)
     MC for   26  Avor =     47.351  Ntot =       4735  Nhit =       2242
     MC for   27  Avor =     69.618  Ntot =       6961  Nhit =       5065
     MC for   28  Avor =     50.477  Ntot =       5047  Nhit =       1688
     MC for   29  Avor =     52.622  Ntot =       5262  Nhit =          0
     MC for   30  was not done (no protein atom exists in the polygon)
     MC for   44  Avor =     38.275  Ntot =       3827  Nhit =        221
     MC for   80  Avor =     47.664  Ntot =       4766  Nhit =         96
     MC for   82  Avor =     56.786  Ntot =       5678  Nhit =        344
     MC for   89  Avor =     46.738  Ntot =       4673  Nhit =       3926
     MC for   90  Avor =     47.086  Ntot =       4708  Nhit =       1064
     MC for   93  Avor =     72.494  Ntot =       7249  Nhit =       5655
     MC for   94  Avor =     59.044  Ntot =       5904  Nhit =        884
     MC for  131  was not done (no protein atom exists in the polygon)
     MC for  140  Avor =     38.973  Ntot =       3897  Nhit =        686
     MC for  143  Avor =     42.401  Ntot =       4240  Nhit =        847
     compute area per lipid                               [OK]
     deallocate memory                                    [OK]

 [RESULTS]
                             ALL     BOUND   N-BOUND     ERROR
   num_lipids     :          170        20       150         0
   area per lipid :       45.571    37.522    46.644

 
 INFO> Summary of the results
 
   average area of all lipids          :     46.239   /    340
   average area of boundary lipids     :     37.522   /     20
   average area of non-boundary lipids :     46.784   /    320
 
 
 INFO> Deallocate all configulation data
 INFO> Deallocate all pdb data
 
 [CPU TIME]
  total    :     0.763(sec)
  analysis :     0.566(sec)
 
