_/_/_/_/_/_/_/_/_/_/_/_/_/_/_/_/_/_/_/_/_/_/_/_/_/_/_/_/_/_/_/_/_/_/_/_/_/_/_/_/

    VTMC: Analysis of lipid surface area in protein-membrane systems
      version: 1.0
      last modified: Jan 13 2012
      programed by Takaharu Mori

    Copyright(C) 2012-
    Theoretical Biochemistry Lab, RIKEN Adv Sci Inst
    2-1 Hirosawa, Wako-shi, Saitama, 351-0198, Japan
    http://www.riken.jp/TBC07/

    Ref) T.Mori, F.Ogushi, and Y.Sugita, J.Comput.Chem., 33, 286-293 (2012)

_/_/_/_/_/_/_/_/_/_/_/_/_/_/_/_/_/_/_/_/_/_/_/_/_/_/_/_/_/_/_/_/_/_/_/_/_/_/_/_/

 INFO> Read configulation file
  
 [INPUT]
   PDB file           =  L-VTMC-2M0D.pdb-A
 
 [OUTPUT]
   output level       =      0
   output name        =  L-VTMC-2M0D.pdb-A
 
 [PROTEIN]
   residue list       =     30
      MET       LYS       PRO       TYR       GLN       CYS       ASP       TYR 
      CYS       GLY       ARG       SER       PHE       SER       ASP       PRO 
      THR       SER       LYS       MET       ARG       HIS       LEU       GLU 
      THR       HIS       ASP       THR       ASP       LYS 
   select hydrogen    =    YES
 
 [LIPID]
   residue list       =      1
      POP 
   select hydrogen    =    YES
   lipid head atom    =        P8  
 
 [ATOM_MASS]
   mass list          =      6
                H     =     1.008
                C     =    12.010
                O     =    16.000
                N     =    14.010
                P     =    30.970
                S     =    32.070
 
 [VDW_RADIUS]
   vdw_radius list    =      6
                H     =     1.200
                C     =     1.700
                O     =     1.520
                N     =     1.550
                P     =     1.800
                S     =     1.800
 
 [ANALYSIS]
   cell center        =     0.000   0.000
   cell size          =    90.371  89.573
   probe atom radius  =     0.100
   factor             =           100
   iseed              =       3141592
   randomize          =    YES
   decimal place      =            12
 
 
 INFO> Read PDB file
  
     open pdb file                                        [OK]
     count the number of lipid molecules                  [OK]
     calculate the bilayer center                         [OK]
     memory allocation for lipids                         [OK]
     compute the center of mass of each lipid             [OK]
     separate the bilayer                                 [OK]
     memory allocation for lipid coordinates              [OK]
     count the number of protein atoms                    [OK]
     select protein atoms                                 [OK]
     memory allocation for protein coordinates            [OK]
     copy protein coordinates                             [OK]
 
 [SYSTEM STATISTICS]
   total number of protein atoms =         328
   total number of lipids        =         340
   bilayer center                =      42.726
 
   layer1: number of lipids =         170
                       Zmax =      73.800
                       Zmin =      40.190
           selected protein atoms =           0
 
   layer2: number of lipids =         170
                       Zmax =      46.200
                       Zmin =      11.570
           selected protein atoms =         235
 
 
 INFO> Perform Voronoi analysis for Layer 1
 
     randomize coordinates of lipid center of mass        [OK]
     wrap all lipids into the unit cell                   [OK]
     set periodic boundary condition for lipids           [OK]
     use fast algorithm                                   [OK]
     allocate memory for voronoi analysis                 [OK]
     compute voronoi vertices                             [OK]
     compute area per lipid                               [OK]
     deallocate memory                                    [OK]

 [RESULTS]
                             ALL     BOUND   N-BOUND     ERROR
   num_lipids     :          170         0       170         0
   area per lipid :       47.616     0.000    47.616

 
 INFO> Perform Voronoi analysis for Layer 2
 
     randomize coordinates of lipid center of mass        [OK]
     wrap all lipids into the unit cell                   [OK]
     set periodic boundary condition for lipids           [OK]
     wrap all protein atoms into the unit cell            [OK]
     set periodic boundary condition for protein          [OK]
     use fast algorithm                                   [OK]
     allocate memory for voronoi analysis                 [OK]
     compute voronoi vertices                             [OK]
     MC for   10  was not done (no protein atom exists in the polygon)
     MC for   26  Avor =     60.510  Ntot =       6051  Nhit =       1310
     MC for   29  Avor =     39.455  Ntot =       3945  Nhit =        448
     MC for   41  Avor =     59.570  Ntot =       5957  Nhit =       5592
     MC for   44  Avor =     52.181  Ntot =       5218  Nhit =       3881
     MC for   45  Avor =     39.322  Ntot =       3932  Nhit =          0
     MC for   46  Avor =     47.835  Ntot =       4783  Nhit =       1032
     MC for   47  Avor =     43.930  Ntot =       4392  Nhit =       1939
     MC for   48  Avor =     39.143  Ntot =       3914  Nhit =       2889
     MC for   50  was not done (no protein atom exists in the polygon)
     MC for   56  Avor =     42.656  Ntot =       4265  Nhit =        202
     MC for   79  Avor =     43.084  Ntot =       4308  Nhit =       2655
     MC for   80  Avor =     43.632  Ntot =       4363  Nhit =       2701
     MC for   81  was not done (no protein atom exists in the polygon)
     MC for   84  Avor =     52.864  Ntot =       5286  Nhit =       2690
     MC for   85  Avor =     49.453  Ntot =       4945  Nhit =          0
     MC for   89  Avor =     43.169  Ntot =       4316  Nhit =          0
     MC for   93  Avor =     44.936  Ntot =       4493  Nhit =       3763
     MC for   94  Avor =     65.502  Ntot =       6550  Nhit =          0
     MC for  121  was not done (no protein atom exists in the polygon)
     MC for  128  Avor =     46.510  Ntot =       4651  Nhit =        874
     MC for  129  was not done (no protein atom exists in the polygon)
     MC for  130  Avor =     46.722  Ntot =       4672  Nhit =       1317
     MC for  131  Avor =     43.460  Ntot =       4345  Nhit =       3830
     MC for  134  Avor =     51.497  Ntot =       5149  Nhit =        222
     MC for  138  Avor =     43.416  Ntot =       4341  Nhit =       1572
     MC for  140  Avor =     48.710  Ntot =       4870  Nhit =       4870
     MC for  142  was not done (no protein atom exists in the polygon)
     MC for  143  Avor =     51.122  Ntot =       5112  Nhit =       3698
     MC for  163  was not done (no protein atom exists in the polygon)
     compute area per lipid                               [OK]
     deallocate memory                                    [OK]

 [RESULTS]
                             ALL     BOUND   N-BOUND     ERROR
   num_lipids     :          170        30       140         0
   area per lipid :       44.941    32.581    47.589

 
 INFO> Summary of the results
 
   average area of all lipids          :     46.279   /    340
   average area of boundary lipids     :     32.581   /     30
   average area of non-boundary lipids :     47.604   /    310
 
 
 INFO> Deallocate all configulation data
 INFO> Deallocate all pdb data
 
 [CPU TIME]
  total    :     0.750(sec)
  analysis :     0.548(sec)
 
