_/_/_/_/_/_/_/_/_/_/_/_/_/_/_/_/_/_/_/_/_/_/_/_/_/_/_/_/_/_/_/_/_/_/_/_/_/_/_/_/

    VTMC: Analysis of lipid surface area in protein-membrane systems
      version: 1.0
      last modified: Jan 13 2012
      programed by Takaharu Mori

    Copyright(C) 2012-
    Theoretical Biochemistry Lab, RIKEN Adv Sci Inst
    2-1 Hirosawa, Wako-shi, Saitama, 351-0198, Japan
    http://www.riken.jp/TBC07/

    Ref) T.Mori, F.Ogushi, and Y.Sugita, J.Comput.Chem., 33, 286-293 (2012)

_/_/_/_/_/_/_/_/_/_/_/_/_/_/_/_/_/_/_/_/_/_/_/_/_/_/_/_/_/_/_/_/_/_/_/_/_/_/_/_/

 INFO> Read configulation file
  
 [INPUT]
   PDB file           =  L-VTMC-GIB4.pdb-A
 
 [OUTPUT]
   output level       =      0
   output name        =  L-VTMC-GIB4.pdb-A
 
 [PROTEIN]
   residue list       =     12
      PHE       ALA       LYS       LYS       LEU       LEU       ILE       LYS 
      TRP       LYS       ALA       ILE 
   select hydrogen    =    YES
 
 [LIPID]
   residue list       =      1
      DPO 
   select hydrogen    =    YES
   lipid head atom    =        P9  
 
 [ATOM_MASS]
   mass list          =      6
                H     =     1.008
                C     =    12.010
                O     =    16.000
                N     =    14.010
                P     =    30.970
                S     =    32.070
 
 [VDW_RADIUS]
   vdw_radius list    =      6
                H     =     1.200
                C     =     1.700
                O     =     1.520
                N     =     1.550
                P     =     1.800
                S     =     1.800
 
 [ANALYSIS]
   cell center        =     0.000   0.000
   cell size          =    67.533  67.427
   probe atom radius  =     0.100
   factor             =           100
   iseed              =       3141592
   randomize          =    YES
   decimal place      =            12
 
 
 INFO> Read PDB file
  
     open pdb file                                        [OK]
     count the number of lipid molecules                  [OK]
     calculate the bilayer center                         [OK]
     memory allocation for lipids                         [OK]
     compute the center of mass of each lipid             [OK]
     separate the bilayer                                 [OK]
     memory allocation for lipid coordinates              [OK]
     count the number of protein atoms                    [OK]
     select protein atoms                                 [OK]
     memory allocation for protein coordinates            [OK]
     copy protein coordinates                             [OK]
 
 [SYSTEM STATISTICS]
   total number of protein atoms =         104
   total number of lipids        =         128
   bilayer center                =      37.818
 
   layer1: number of lipids =          64
                       Zmax =      64.520
                       Zmin =      31.680
           selected protein atoms =           0
 
   layer2: number of lipids =          64
                       Zmax =      44.130
                       Zmin =      14.250
           selected protein atoms =          99
 
 
 INFO> Perform Voronoi analysis for Layer 1
 
     randomize coordinates of lipid center of mass        [OK]
     wrap all lipids into the unit cell                   [OK]
     set periodic boundary condition for lipids           [OK]
     use fast algorithm                                   [OK]
     allocate memory for voronoi analysis                 [OK]
     compute voronoi vertices                             [OK]
     compute area per lipid                               [OK]
     deallocate memory                                    [OK]

 [RESULTS]
                             ALL     BOUND   N-BOUND     ERROR
   num_lipids     :           64         0        64         0
   area per lipid :       71.149     0.000    71.149

 
 INFO> Perform Voronoi analysis for Layer 2
 
     randomize coordinates of lipid center of mass        [OK]
     wrap all lipids into the unit cell                   [OK]
     set periodic boundary condition for lipids           [OK]
     wrap all protein atoms into the unit cell            [OK]
     set periodic boundary condition for protein          [OK]
     use fast algorithm                                   [OK]
     allocate memory for voronoi analysis                 [OK]
     compute voronoi vertices                             [OK]
     MC for    7  Avor =     55.405  Ntot =       5540  Nhit =        167
     MC for    8  Avor =     78.918  Ntot =       7891  Nhit =        388
     MC for   22  was not done (no protein atom exists in the polygon)
     MC for   23  Avor =     78.115  Ntot =       7811  Nhit =        417
     MC for   24  was not done (no protein atom exists in the polygon)
     MC for   29  was not done (no protein atom exists in the polygon)
     MC for   30  Avor =     54.360  Ntot =       5436  Nhit =          0
     MC for   31  Avor =     65.409  Ntot =       6540  Nhit =        358
     MC for   33  Avor =     79.313  Ntot =       7931  Nhit =       2402
     MC for   35  Avor =    100.210  Ntot =      10020  Nhit =       8371
     MC for   37  Avor =     75.661  Ntot =       7566  Nhit =          0
     MC for   43  Avor =     57.205  Ntot =       5720  Nhit =       4905
     MC for   45  Avor =     68.161  Ntot =       6816  Nhit =       1800
     MC for   46  was not done (no protein atom exists in the polygon)
     MC for   52  Avor =     73.239  Ntot =       7323  Nhit =       2918
     MC for   59  Avor =     96.833  Ntot =       9683  Nhit =       2034
     compute area per lipid                               [OK]
     deallocate memory                                    [OK]

 [RESULTS]
                             ALL     BOUND   N-BOUND     ERROR
   num_lipids     :           64        16        48         0
   area per lipid :       67.436    58.760    70.328

 
 INFO> Summary of the results
 
   average area of all lipids          :     69.293   /    128
   average area of boundary lipids     :     58.760   /     16
   average area of non-boundary lipids :     70.797   /    112
 
 
 INFO> Deallocate all configulation data
 INFO> Deallocate all pdb data
 
 [CPU TIME]
  total    :     0.145(sec)
  analysis :     0.051(sec)
 
