_/_/_/_/_/_/_/_/_/_/_/_/_/_/_/_/_/_/_/_/_/_/_/_/_/_/_/_/_/_/_/_/_/_/_/_/_/_/_/_/

    VTMC: Analysis of lipid surface area in protein-membrane systems
      version: 1.0
      last modified: Jan 13 2012
      programed by Takaharu Mori

    Copyright(C) 2012-
    Theoretical Biochemistry Lab, RIKEN Adv Sci Inst
    2-1 Hirosawa, Wako-shi, Saitama, 351-0198, Japan
    http://www.riken.jp/TBC07/

    Ref) T.Mori, F.Ogushi, and Y.Sugita, J.Comput.Chem., 33, 286-293 (2012)

_/_/_/_/_/_/_/_/_/_/_/_/_/_/_/_/_/_/_/_/_/_/_/_/_/_/_/_/_/_/_/_/_/_/_/_/_/_/_/_/

 INFO> Read configulation file
  
 [INPUT]
   PDB file           =  L-VTMC-2LL1.pdb-A
 
 [OUTPUT]
   output level       =      0
   output name        =  L-VTMC-2LL1.pdb-A
 
 [PROTEIN]
   residue list       =     33
      ASP       CYS       GLY       HIS       LEU       HIS       ASP       PRO 
      CYS       PRO       ASN       ASP       ARG       PRO       GLY       HIS 
      ARG       THR       CYS       CYS       ILE       GLY       LEU       GLN 
      CYS       ARG       TYR       GLY       LYS       CYS       LEU       VAL 
      ARG 
   select hydrogen    =    YES
 
 [LIPID]
   residue list       =      1
      DPO 
   select hydrogen    =    YES
   lipid head atom    =        P9  
 
 [ATOM_MASS]
   mass list          =      6
                H     =     1.008
                C     =    12.010
                O     =    16.000
                N     =    14.010
                P     =    30.970
                S     =    32.070
 
 [VDW_RADIUS]
   vdw_radius list    =      6
                H     =     1.200
                C     =     1.700
                O     =     1.520
                N     =     1.550
                P     =     1.800
                S     =     1.800
 
 [ANALYSIS]
   cell center        =     0.000   0.000
   cell size          =    66.053  65.949
   probe atom radius  =     0.100
   factor             =           100
   iseed              =       3141592
   randomize          =    YES
   decimal place      =            12
 
 
 INFO> Read PDB file
  
     open pdb file                                        [OK]
     count the number of lipid molecules                  [OK]
     calculate the bilayer center                         [OK]
     memory allocation for lipids                         [OK]
     compute the center of mass of each lipid             [OK]
     separate the bilayer                                 [OK]
     memory allocation for lipid coordinates              [OK]
     count the number of protein atoms                    [OK]
     select protein atoms                                 [OK]
     memory allocation for protein coordinates            [OK]
     copy protein coordinates                             [OK]
 
 [SYSTEM STATISTICS]
   total number of protein atoms =         334
   total number of lipids        =         128
   bilayer center                =      39.407
 
   layer1: number of lipids =          64
                       Zmax =      64.320
                       Zmin =      33.840
           selected protein atoms =           0
 
   layer2: number of lipids =          64
                       Zmax =      45.360
                       Zmin =      14.070
           selected protein atoms =         224
 
 
 INFO> Perform Voronoi analysis for Layer 1
 
     randomize coordinates of lipid center of mass        [OK]
     wrap all lipids into the unit cell                   [OK]
     set periodic boundary condition for lipids           [OK]
     use fast algorithm                                   [OK]
     allocate memory for voronoi analysis                 [OK]
     compute voronoi vertices                             [OK]
     compute area per lipid                               [OK]
     deallocate memory                                    [OK]

 [RESULTS]
                             ALL     BOUND   N-BOUND     ERROR
   num_lipids     :           64         0        64         0
   area per lipid :       68.065     0.000    68.065

 
 INFO> Perform Voronoi analysis for Layer 2
 
     randomize coordinates of lipid center of mass        [OK]
     wrap all lipids into the unit cell                   [OK]
     set periodic boundary condition for lipids           [OK]
     wrap all protein atoms into the unit cell            [OK]
     set periodic boundary condition for protein          [OK]
     use fast algorithm                                   [OK]
     allocate memory for voronoi analysis                 [OK]
     compute voronoi vertices                             [OK]
     MC for    1  was not done (no protein atom exists in the polygon)
     MC for    3  Avor =     53.641  Ntot =       5364  Nhit =       2703
     MC for    5  was not done (no protein atom exists in the polygon)
     MC for    6  Avor =     58.218  Ntot =       5821  Nhit =       2880
     MC for    9  Avor =     70.379  Ntot =       7037  Nhit =         67
     MC for   10  was not done (no protein atom exists in the polygon)
     MC for   11  Avor =     73.333  Ntot =       7333  Nhit =       1713
     MC for   14  Avor =     58.458  Ntot =       5845  Nhit =       2633
     MC for   29  Avor =     77.226  Ntot =       7722  Nhit =       2391
     MC for   34  Avor =     63.455  Ntot =       6345  Nhit =          4
     MC for   36  Avor =     92.387  Ntot =       9238  Nhit =       6332
     MC for   37  Avor =     74.849  Ntot =       7484  Nhit =       2098
     MC for   39  was not done (no protein atom exists in the polygon)
     MC for   43  was not done (no protein atom exists in the polygon)
     MC for   44  was not done (no protein atom exists in the polygon)
     MC for   45  Avor =     93.991  Ntot =       9399  Nhit =       6628
     MC for   47  Avor =     53.596  Ntot =       5359  Nhit =        648
     MC for   49  Avor =     80.452  Ntot =       8045  Nhit =       4726
     MC for   52  Avor =     50.208  Ntot =       5020  Nhit =        767
     MC for   54  Avor =     59.529  Ntot =       5952  Nhit =          0
     MC for   55  Avor =     63.520  Ntot =       6351  Nhit =          0
     MC for   64  Avor =    100.547  Ntot =      10054  Nhit =       9684
     compute area per lipid                               [OK]
     deallocate memory                                    [OK]

 [RESULTS]
                             ALL     BOUND   N-BOUND     ERROR
   num_lipids     :           64        22        42         0
   area per lipid :       61.303    50.284    67.074

 
 INFO> Summary of the results
 
   average area of all lipids          :     64.684   /    128
   average area of boundary lipids     :     50.284   /     22
   average area of non-boundary lipids :     67.672   /    106
 
 
 INFO> Deallocate all configulation data
 INFO> Deallocate all pdb data
 
 [CPU TIME]
  total    :     0.148(sec)
  analysis :     0.055(sec)
 
