_/_/_/_/_/_/_/_/_/_/_/_/_/_/_/_/_/_/_/_/_/_/_/_/_/_/_/_/_/_/_/_/_/_/_/_/_/_/_/_/

    VTMC: Analysis of lipid surface area in protein-membrane systems
      version: 1.0
      last modified: Jan 13 2012
      programed by Takaharu Mori

    Copyright(C) 2012-
    Theoretical Biochemistry Lab, RIKEN Adv Sci Inst
    2-1 Hirosawa, Wako-shi, Saitama, 351-0198, Japan
    http://www.riken.jp/TBC07/

    Ref) T.Mori, F.Ogushi, and Y.Sugita, J.Comput.Chem., 33, 286-293 (2012)

_/_/_/_/_/_/_/_/_/_/_/_/_/_/_/_/_/_/_/_/_/_/_/_/_/_/_/_/_/_/_/_/_/_/_/_/_/_/_/_/

 INFO> Read configulation file
  
 [INPUT]
   PDB file           =  L-VTMC-1X22.pdb-A
 
 [OUTPUT]
   output level       =      0
   output name        =  L-VTMC-1X22.pdb-A
 
 [PROTEIN]
   residue list       =     42
      GLY       LYS       ILE       PRO       VAL       LYS       ALA       ILE 
      LYS       LYS       ALA       GLY       ALA       ALA       ILE       GLY 
      LYS       GLY       LEU       ARG       ALA       ILE       ASN       ILE 
      ALA       SER       THR       ALA       HIS       ASP       VAL       TYR 
      SER       PHE       PHE       LYS       PRO       LYS       HIS       LYS 
      LYS       LYS 
   select hydrogen    =    YES
 
 [LIPID]
   residue list       =      1
      DPO 
   select hydrogen    =    YES
   lipid head atom    =        P9  
 
 [ATOM_MASS]
   mass list          =      6
                H     =     1.008
                C     =    12.010
                O     =    16.000
                N     =    14.010
                P     =    30.970
                S     =    32.070
 
 [VDW_RADIUS]
   vdw_radius list    =      6
                H     =     1.200
                C     =     1.700
                O     =     1.520
                N     =     1.550
                P     =     1.800
                S     =     1.800
 
 [ANALYSIS]
   cell center        =     0.000   0.000
   cell size          =    66.427  66.322
   probe atom radius  =     0.100
   factor             =           100
   iseed              =       3141592
   randomize          =    YES
   decimal place      =            12
 
 
 INFO> Read PDB file
  
     open pdb file                                        [OK]
     count the number of lipid molecules                  [OK]
     calculate the bilayer center                         [OK]
     memory allocation for lipids                         [OK]
     compute the center of mass of each lipid             [OK]
     separate the bilayer                                 [OK]
     memory allocation for lipid coordinates              [OK]
     count the number of protein atoms                    [OK]
     select protein atoms                                 [OK]
     memory allocation for protein coordinates            [OK]
     copy protein coordinates                             [OK]
 
 [SYSTEM STATISTICS]
   total number of protein atoms =         421
   total number of lipids        =         128
   bilayer center                =      38.544
 
   layer1: number of lipids =          64
                       Zmax =      63.710
                       Zmin =      32.920
           selected protein atoms =           0
 
   layer2: number of lipids =          64
                       Zmax =      42.390
                       Zmin =      14.860
           selected protein atoms =         260
 
 
 INFO> Perform Voronoi analysis for Layer 1
 
     randomize coordinates of lipid center of mass        [OK]
     wrap all lipids into the unit cell                   [OK]
     set periodic boundary condition for lipids           [OK]
     use fast algorithm                                   [OK]
     allocate memory for voronoi analysis                 [OK]
     compute voronoi vertices                             [OK]
     compute area per lipid                               [OK]
     deallocate memory                                    [OK]

 [RESULTS]
                             ALL     BOUND   N-BOUND     ERROR
   num_lipids     :           64         0        64         0
   area per lipid :       68.837     0.000    68.837

 
 INFO> Perform Voronoi analysis for Layer 2
 
     randomize coordinates of lipid center of mass        [OK]
     wrap all lipids into the unit cell                   [OK]
     set periodic boundary condition for lipids           [OK]
     wrap all protein atoms into the unit cell            [OK]
     set periodic boundary condition for protein          [OK]
     use fast algorithm                                   [OK]
     allocate memory for voronoi analysis                 [OK]
     compute voronoi vertices                             [OK]
     MC for    1  Avor =     76.736  Ntot =       7673  Nhit =       4651
     MC for    2  Avor =     59.827  Ntot =       5982  Nhit =       1592
     MC for    3  Avor =     67.342  Ntot =       6734  Nhit =       1207
     MC for    5  Avor =     82.138  Ntot =       8213  Nhit =          0
     MC for    6  Avor =     68.035  Ntot =       6803  Nhit =       2369
     MC for    8  Avor =     75.011  Ntot =       7501  Nhit =          0
     MC for    9  Avor =     68.432  Ntot =       6843  Nhit =          0
     MC for   12  Avor =     73.844  Ntot =       7384  Nhit =       5495
     MC for   14  was not done (no protein atom exists in the polygon)
     MC for   15  Avor =     59.998  Ntot =       5999  Nhit =        666
     MC for   17  Avor =     67.001  Ntot =       6700  Nhit =       3628
     MC for   18  Avor =     85.325  Ntot =       8532  Nhit =          0
     MC for   19  Avor =     83.193  Ntot =       8319  Nhit =          0
     MC for   20  Avor =     68.355  Ntot =       6835  Nhit =       4713
     MC for   21  was not done (no protein atom exists in the polygon)
     MC for   25  Avor =     61.447  Ntot =       6144  Nhit =       2819
     MC for   29  Avor =     69.343  Ntot =       6934  Nhit =       4282
     MC for   32  Avor =     64.597  Ntot =       6459  Nhit =       5124
     MC for   34  Avor =     62.986  Ntot =       6298  Nhit =       5009
     MC for   36  Avor =     73.579  Ntot =       7357  Nhit =        912
     MC for   37  Avor =     60.970  Ntot =       6096  Nhit =       3554
     MC for   38  was not done (no protein atom exists in the polygon)
     MC for   39  was not done (no protein atom exists in the polygon)
     MC for   40  Avor =     77.112  Ntot =       7711  Nhit =          0
     MC for   43  was not done (no protein atom exists in the polygon)
     MC for   44  was not done (no protein atom exists in the polygon)
     MC for   45  Avor =     57.638  Ntot =       5763  Nhit =       5086
     MC for   46  Avor =     57.132  Ntot =       5713  Nhit =        389
     MC for   47  Avor =     97.116  Ntot =       9711  Nhit =       4382
     MC for   49  Avor =     68.529  Ntot =       6852  Nhit =       1192
     MC for   50  Avor =     68.467  Ntot =       6846  Nhit =       2696
     MC for   52  Avor =     67.729  Ntot =       6772  Nhit =       2600
     MC for   53  Avor =     54.140  Ntot =       5413  Nhit =       1283
     MC for   56  Avor =     58.209  Ntot =       5820  Nhit =        296
     MC for   57  Avor =     60.243  Ntot =       6024  Nhit =       2463
     MC for   58  was not done (no protein atom exists in the polygon)
     MC for   61  was not done (no protein atom exists in the polygon)
     MC for   62  was not done (no protein atom exists in the polygon)
     MC for   64  Avor =    103.580  Ntot =      10357  Nhit =       2566
     compute area per lipid                               [OK]
     deallocate memory                                    [OK]

 [RESULTS]
                             ALL     BOUND   N-BOUND     ERROR
   num_lipids     :           64        39        25         0
   area per lipid :       58.059    53.051    65.872

 
 INFO> Summary of the results
 
   average area of all lipids          :     63.448   /    128
   average area of boundary lipids     :     53.051   /     39
   average area of non-boundary lipids :     68.004   /     89
 
 
 INFO> Deallocate all configulation data
 INFO> Deallocate all pdb data
 
 [CPU TIME]
  total    :     0.153(sec)
  analysis :     0.066(sec)
 
