_/_/_/_/_/_/_/_/_/_/_/_/_/_/_/_/_/_/_/_/_/_/_/_/_/_/_/_/_/_/_/_/_/_/_/_/_/_/_/_/

    VTMC: Analysis of lipid surface area in protein-membrane systems
      version: 1.0
      last modified: Jan 13 2012
      programed by Takaharu Mori

    Copyright(C) 2012-
    Theoretical Biochemistry Lab, RIKEN Adv Sci Inst
    2-1 Hirosawa, Wako-shi, Saitama, 351-0198, Japan
    http://www.riken.jp/TBC07/

    Ref) T.Mori, F.Ogushi, and Y.Sugita, J.Comput.Chem., 33, 286-293 (2012)

_/_/_/_/_/_/_/_/_/_/_/_/_/_/_/_/_/_/_/_/_/_/_/_/_/_/_/_/_/_/_/_/_/_/_/_/_/_/_/_/

 INFO> Read configulation file
  
 [INPUT]
   PDB file           =  L-VTMC-2M0D.pdb-A
 
 [OUTPUT]
   output level       =      0
   output name        =  L-VTMC-2M0D.pdb-A
 
 [PROTEIN]
   residue list       =     30
      MET       LYS       PRO       TYR       GLN       CYS       ASP       TYR 
      CYS       GLY       ARG       SER       PHE       SER       ASP       PRO 
      THR       SER       LYS       MET       ARG       HIS       LEU       GLU 
      THR       HIS       ASP       THR       ASP       LYS 
   select hydrogen    =    YES
 
 [LIPID]
   residue list       =      1
      DPO 
   select hydrogen    =    YES
   lipid head atom    =        P9  
 
 [ATOM_MASS]
   mass list          =      6
                H     =     1.008
                C     =    12.010
                O     =    16.000
                N     =    14.010
                P     =    30.970
                S     =    32.070
 
 [VDW_RADIUS]
   vdw_radius list    =      6
                H     =     1.200
                C     =     1.700
                O     =     1.520
                N     =     1.550
                P     =     1.800
                S     =     1.800
 
 [ANALYSIS]
   cell center        =     0.000   0.000
   cell size          =    67.062  66.956
   probe atom radius  =     0.100
   factor             =           100
   iseed              =       3141592
   randomize          =    YES
   decimal place      =            12
 
 
 INFO> Read PDB file
  
     open pdb file                                        [OK]
     count the number of lipid molecules                  [OK]
     calculate the bilayer center                         [OK]
     memory allocation for lipids                         [OK]
     compute the center of mass of each lipid             [OK]
     separate the bilayer                                 [OK]
     memory allocation for lipid coordinates              [OK]
     count the number of protein atoms                    [OK]
     select protein atoms                                 [OK]
     memory allocation for protein coordinates            [OK]
     copy protein coordinates                             [OK]
 
 [SYSTEM STATISTICS]
   total number of protein atoms =         328
   total number of lipids        =         128
   bilayer center                =      38.145
 
   layer1: number of lipids =          64
                       Zmax =      63.680
                       Zmin =      32.950
           selected protein atoms =           0
 
   layer2: number of lipids =          64
                       Zmax =      44.210
                       Zmin =      13.200
           selected protein atoms =          79
 
 
 INFO> Perform Voronoi analysis for Layer 1
 
     randomize coordinates of lipid center of mass        [OK]
     wrap all lipids into the unit cell                   [OK]
     set periodic boundary condition for lipids           [OK]
     use fast algorithm                                   [OK]
     allocate memory for voronoi analysis                 [OK]
     compute voronoi vertices                             [OK]
     compute area per lipid                               [OK]
     deallocate memory                                    [OK]

 [RESULTS]
                             ALL     BOUND   N-BOUND     ERROR
   num_lipids     :           64         0        64         0
   area per lipid :       70.159     0.000    70.159

 
 INFO> Perform Voronoi analysis for Layer 2
 
     randomize coordinates of lipid center of mass        [OK]
     wrap all lipids into the unit cell                   [OK]
     set periodic boundary condition for lipids           [OK]
     wrap all protein atoms into the unit cell            [OK]
     set periodic boundary condition for protein          [OK]
     use fast algorithm                                   [OK]
     allocate memory for voronoi analysis                 [OK]
     compute voronoi vertices                             [OK]
     MC for    6  Avor =     56.226  Ntot =       5622  Nhit =        126
     MC for    9  was not done (no protein atom exists in the polygon)
     MC for   11  Avor =     73.903  Ntot =       7390  Nhit =       5734
     MC for   12  Avor =     83.513  Ntot =       8351  Nhit =          0
     MC for   14  Avor =     80.648  Ntot =       8064  Nhit =         17
     MC for   19  Avor =     56.431  Ntot =       5643  Nhit =          0
     MC for   20  Avor =     64.261  Ntot =       6426  Nhit =       1139
     MC for   22  was not done (no protein atom exists in the polygon)
     MC for   24  Avor =     54.279  Ntot =       5427  Nhit =       2177
     MC for   36  Avor =     56.574  Ntot =       5657  Nhit =         67
     MC for   47  Avor =     75.894  Ntot =       7589  Nhit =         57
     MC for   50  Avor =     83.693  Ntot =       8369  Nhit =       5830
     MC for   54  Avor =     81.198  Ntot =       8119  Nhit =        350
     MC for   55  Avor =     76.068  Ntot =       7606  Nhit =       1349
     MC for   63  Avor =     76.099  Ntot =       7609  Nhit =       2034
     MC for   64  Avor =     77.630  Ntot =       7763  Nhit =       2186
     compute area per lipid                               [OK]
     deallocate memory                                    [OK]

 [RESULTS]
                             ALL     BOUND   N-BOUND     ERROR
   num_lipids     :           64        16        48         0
   area per lipid :       66.868    58.958    69.504

 
 INFO> Summary of the results
 
   average area of all lipids          :     68.514   /    128
   average area of boundary lipids     :     58.958   /     16
   average area of non-boundary lipids :     69.879   /    112
 
 
 INFO> Deallocate all configulation data
 INFO> Deallocate all pdb data
 
 [CPU TIME]
  total    :     0.164(sec)
  analysis :     0.052(sec)
 
