_/_/_/_/_/_/_/_/_/_/_/_/_/_/_/_/_/_/_/_/_/_/_/_/_/_/_/_/_/_/_/_/_/_/_/_/_/_/_/_/

    VTMC: Analysis of lipid surface area in protein-membrane systems
      version: 1.0
      last modified: Jan 13 2012
      programed by Takaharu Mori

    Copyright(C) 2012-
    Theoretical Biochemistry Lab, RIKEN Adv Sci Inst
    2-1 Hirosawa, Wako-shi, Saitama, 351-0198, Japan
    http://www.riken.jp/TBC07/

    Ref) T.Mori, F.Ogushi, and Y.Sugita, J.Comput.Chem., 33, 286-293 (2012)

_/_/_/_/_/_/_/_/_/_/_/_/_/_/_/_/_/_/_/_/_/_/_/_/_/_/_/_/_/_/_/_/_/_/_/_/_/_/_/_/

 INFO> Read configulation file
  
 [INPUT]
   PDB file           =  L-VTMC-2JQ0.pdb-A
 
 [OUTPUT]
   output level       =      0
   output name        =  L-VTMC-2JQ0.pdb-A
 
 [PROTEIN]
   residue list       =     19
      PHE       LEU       SER       LEU       ILE       PRO       HIS       ALA 
      ILE       ASN       ALA       VAL       SER       ALA       ILE       ALA 
      LYS       HIS       ASN 
   select hydrogen    =    YES
 
 [LIPID]
   residue list       =      1
      DPO 
   select hydrogen    =    YES
   lipid head atom    =        P9  
 
 [ATOM_MASS]
   mass list          =      6
                H     =     1.008
                C     =    12.010
                O     =    16.000
                N     =    14.010
                P     =    30.970
                S     =    32.070
 
 [VDW_RADIUS]
   vdw_radius list    =      6
                H     =     1.200
                C     =     1.700
                O     =     1.520
                N     =     1.550
                P     =     1.800
                S     =     1.800
 
 [ANALYSIS]
   cell center        =     0.000   0.000
   cell size          =    66.819  66.713
   probe atom radius  =     0.100
   factor             =           100
   iseed              =       3141592
   randomize          =    YES
   decimal place      =            12
 
 
 INFO> Read PDB file
  
     open pdb file                                        [OK]
     count the number of lipid molecules                  [OK]
     calculate the bilayer center                         [OK]
     memory allocation for lipids                         [OK]
     compute the center of mass of each lipid             [OK]
     separate the bilayer                                 [OK]
     memory allocation for lipid coordinates              [OK]
     count the number of protein atoms                    [OK]
     select protein atoms                                 [OK]
     memory allocation for protein coordinates            [OK]
     copy protein coordinates                             [OK]
 
 [SYSTEM STATISTICS]
   total number of protein atoms =         183
   total number of lipids        =         128
   bilayer center                =      38.495
 
   layer1: number of lipids =          64
                       Zmax =      66.540
                       Zmin =      33.490
           selected protein atoms =         164
 
   layer2: number of lipids =          64
                       Zmax =      43.190
                       Zmin =      10.860
           selected protein atoms =           0
 
 
 INFO> Perform Voronoi analysis for Layer 1
 
     randomize coordinates of lipid center of mass        [OK]
     wrap all lipids into the unit cell                   [OK]
     set periodic boundary condition for lipids           [OK]
     wrap all protein atoms into the unit cell            [OK]
     set periodic boundary condition for protein          [OK]
     use fast algorithm                                   [OK]
     allocate memory for voronoi analysis                 [OK]
     compute voronoi vertices                             [OK]
     MC for   10  Avor =     66.950  Ntot =       6694  Nhit =        411
     MC for   13  Avor =     71.877  Ntot =       7187  Nhit =       4446
     MC for   16  was not done (no protein atom exists in the polygon)
     MC for   17  Avor =     48.840  Ntot =       4883  Nhit =         12
     MC for   18  Avor =     83.976  Ntot =       8397  Nhit =        537
     MC for   19  Avor =     57.403  Ntot =       5740  Nhit =       1655
     MC for   24  Avor =     70.943  Ntot =       7094  Nhit =          0
     MC for   26  Avor =     79.929  Ntot =       7992  Nhit =       2089
     MC for   31  was not done (no protein atom exists in the polygon)
     MC for   33  Avor =     69.817  Ntot =       6981  Nhit =       2414
     MC for   40  was not done (no protein atom exists in the polygon)
     MC for   41  Avor =     84.620  Ntot =       8462  Nhit =       5916
     MC for   43  Avor =     83.100  Ntot =       8310  Nhit =       2085
     MC for   44  Avor =     75.090  Ntot =       7509  Nhit =       7444
     MC for   45  was not done (no protein atom exists in the polygon)
     MC for   46  Avor =     62.159  Ntot =       6215  Nhit =          0
     MC for   49  Avor =     69.027  Ntot =       6902  Nhit =          0
     MC for   50  Avor =     84.619  Ntot =       8461  Nhit =       6102
     MC for   51  Avor =     71.091  Ntot =       7109  Nhit =       2893
     MC for   52  was not done (no protein atom exists in the polygon)
     MC for   61  Avor =     71.812  Ntot =       7181  Nhit =          0
     compute area per lipid                               [OK]
     deallocate memory                                    [OK]

 [RESULTS]
                             ALL     BOUND   N-BOUND     ERROR
   num_lipids     :           64        21        43         0
   area per lipid :       64.026    53.721    69.058

 
 INFO> Perform Voronoi analysis for Layer 2
 
     randomize coordinates of lipid center of mass        [OK]
     wrap all lipids into the unit cell                   [OK]
     set periodic boundary condition for lipids           [OK]
     use fast algorithm                                   [OK]
     allocate memory for voronoi analysis                 [OK]
     compute voronoi vertices                             [OK]
     compute area per lipid                               [OK]
     deallocate memory                                    [OK]

 [RESULTS]
                             ALL     BOUND   N-BOUND     ERROR
   num_lipids     :           64         0        64         0
   area per lipid :       69.651     0.000    69.651

 
 INFO> Summary of the results
 
   average area of all lipids          :     66.839   /    128
   average area of boundary lipids     :     53.721   /     21
   average area of non-boundary lipids :     69.413   /    107
 
 
 INFO> Deallocate all configulation data
 INFO> Deallocate all pdb data
 
 [CPU TIME]
  total    :     0.140(sec)
  analysis :     0.051(sec)
 
