_/_/_/_/_/_/_/_/_/_/_/_/_/_/_/_/_/_/_/_/_/_/_/_/_/_/_/_/_/_/_/_/_/_/_/_/_/_/_/_/

    VTMC: Analysis of lipid surface area in protein-membrane systems
      version: 1.0
      last modified: Jan 13 2012
      programed by Takaharu Mori

    Copyright(C) 2012-
    Theoretical Biochemistry Lab, RIKEN Adv Sci Inst
    2-1 Hirosawa, Wako-shi, Saitama, 351-0198, Japan
    http://www.riken.jp/TBC07/

    Ref) T.Mori, F.Ogushi, and Y.Sugita, J.Comput.Chem., 33, 286-293 (2012)

_/_/_/_/_/_/_/_/_/_/_/_/_/_/_/_/_/_/_/_/_/_/_/_/_/_/_/_/_/_/_/_/_/_/_/_/_/_/_/_/

 INFO> Read configulation file
  
 [INPUT]
   PDB file           =  L-VTMC-2AP7.pdb-A
 
 [OUTPUT]
   output level       =      0
   output name        =  L-VTMC-2AP7.pdb-A
 
 [PROTEIN]
   residue list       =     20
      ILE       ILE       GLY       PRO       VAL       LEU       GLY       LEU 
      VAL       GLY       SER       ALA       LEU       GLY       GLY       LEU 
      LEU       LYS       LYS       ILE 
   select hydrogen    =    YES
 
 [LIPID]
   residue list       =      1
      DPO 
   select hydrogen    =    YES
   lipid head atom    =        P9  
 
 [ATOM_MASS]
   mass list          =      6
                H     =     1.008
                C     =    12.010
                O     =    16.000
                N     =    14.010
                P     =    30.970
                S     =    32.070
 
 [VDW_RADIUS]
   vdw_radius list    =      6
                H     =     1.200
                C     =     1.700
                O     =     1.520
                N     =     1.550
                P     =     1.800
                S     =     1.800
 
 [ANALYSIS]
   cell center        =     0.000   0.000
   cell size          =    66.018  65.914
   probe atom radius  =     0.100
   factor             =           100
   iseed              =       3141592
   randomize          =    YES
   decimal place      =            12
 
 
 INFO> Read PDB file
  
     open pdb file                                        [OK]
     count the number of lipid molecules                  [OK]
     calculate the bilayer center                         [OK]
     memory allocation for lipids                         [OK]
     compute the center of mass of each lipid             [OK]
     separate the bilayer                                 [OK]
     memory allocation for lipid coordinates              [OK]
     count the number of protein atoms                    [OK]
     select protein atoms                                 [OK]
     memory allocation for protein coordinates            [OK]
     copy protein coordinates                             [OK]
 
 [SYSTEM STATISTICS]
   total number of protein atoms =         163
   total number of lipids        =         128
   bilayer center                =      39.543
 
   layer1: number of lipids =          64
                       Zmax =      65.430
                       Zmin =      35.300
           selected protein atoms =           0
 
   layer2: number of lipids =          64
                       Zmax =      45.750
                       Zmin =      14.240
           selected protein atoms =         119
 
 
 INFO> Perform Voronoi analysis for Layer 1
 
     randomize coordinates of lipid center of mass        [OK]
     wrap all lipids into the unit cell                   [OK]
     set periodic boundary condition for lipids           [OK]
     use fast algorithm                                   [OK]
     allocate memory for voronoi analysis                 [OK]
     compute voronoi vertices                             [OK]
     compute area per lipid                               [OK]
     deallocate memory                                    [OK]

 [RESULTS]
                             ALL     BOUND   N-BOUND     ERROR
   num_lipids     :           64         0        64         0
   area per lipid :       67.992     0.000    67.992

 
 INFO> Perform Voronoi analysis for Layer 2
 
     randomize coordinates of lipid center of mass        [OK]
     wrap all lipids into the unit cell                   [OK]
     set periodic boundary condition for lipids           [OK]
     wrap all protein atoms into the unit cell            [OK]
     set periodic boundary condition for protein          [OK]
     use fast algorithm                                   [OK]
     allocate memory for voronoi analysis                 [OK]
     compute voronoi vertices                             [OK]
     MC for    1  Avor =     60.539  Ntot =       6053  Nhit =       2848
     MC for    3  Avor =     79.818  Ntot =       7981  Nhit =       6414
     MC for    5  Avor =     77.483  Ntot =       7748  Nhit =          0
     MC for    8  was not done (no protein atom exists in the polygon)
     MC for   15  was not done (no protein atom exists in the polygon)
     MC for   17  Avor =     90.759  Ntot =       9075  Nhit =       5022
     MC for   18  Avor =     88.156  Ntot =       8815  Nhit =       4308
     MC for   32  Avor =     67.187  Ntot =       6718  Nhit =       4877
     MC for   34  Avor =     75.258  Ntot =       7525  Nhit =         30
     MC for   36  Avor =     70.259  Ntot =       7025  Nhit =       1052
     MC for   37  Avor =     73.451  Ntot =       7345  Nhit =         13
     MC for   41  was not done (no protein atom exists in the polygon)
     MC for   44  Avor =     62.435  Ntot =       6243  Nhit =          0
     MC for   45  was not done (no protein atom exists in the polygon)
     MC for   49  Avor =     91.030  Ntot =       9102  Nhit =       1283
     MC for   56  Avor =     77.761  Ntot =       7776  Nhit =       1168
     MC for   57  Avor =     63.907  Ntot =       6390  Nhit =          0
     MC for   61  Avor =     57.248  Ntot =       5724  Nhit =       2218
     compute area per lipid                               [OK]
     deallocate memory                                    [OK]

 [RESULTS]
                             ALL     BOUND   N-BOUND     ERROR
   num_lipids     :           64        18        46         0
   area per lipid :       63.424    57.775    65.635

 
 INFO> Summary of the results
 
   average area of all lipids          :     65.708   /    128
   average area of boundary lipids     :     57.775   /     18
   average area of non-boundary lipids :     67.006   /    110
 
 
 INFO> Deallocate all configulation data
 INFO> Deallocate all pdb data
 
 [CPU TIME]
  total    :     0.142(sec)
  analysis :     0.048(sec)
 
