_/_/_/_/_/_/_/_/_/_/_/_/_/_/_/_/_/_/_/_/_/_/_/_/_/_/_/_/_/_/_/_/_/_/_/_/_/_/_/_/

    VTMC: Analysis of lipid surface area in protein-membrane systems
      version: 1.0
      last modified: Jan 13 2012
      programed by Takaharu Mori

    Copyright(C) 2012-
    Theoretical Biochemistry Lab, RIKEN Adv Sci Inst
    2-1 Hirosawa, Wako-shi, Saitama, 351-0198, Japan
    http://www.riken.jp/TBC07/

    Ref) T.Mori, F.Ogushi, and Y.Sugita, J.Comput.Chem., 33, 286-293 (2012)

_/_/_/_/_/_/_/_/_/_/_/_/_/_/_/_/_/_/_/_/_/_/_/_/_/_/_/_/_/_/_/_/_/_/_/_/_/_/_/_/

 INFO> Read configulation file
  
 [INPUT]
   PDB file           =  L-VTMC-GIB6.pdb-A
 
 [OUTPUT]
   output level       =      0
   output name        =  L-VTMC-GIB6.pdb-A
 
 [PROTEIN]
   residue list       =     11
      GLY       ALA       LYS       LYS       ILE       MET       ARG       THR 
      LEU       ARG       LEU 
   select hydrogen    =    YES
 
 [LIPID]
   residue list       =      1
      DPO 
   select hydrogen    =    YES
   lipid head atom    =        P9  
 
 [ATOM_MASS]
   mass list          =      6
                H     =     1.008
                C     =    12.010
                O     =    16.000
                N     =    14.010
                P     =    30.970
                S     =    32.070
 
 [VDW_RADIUS]
   vdw_radius list    =      6
                H     =     1.200
                C     =     1.700
                O     =     1.520
                N     =     1.550
                P     =     1.800
                S     =     1.800
 
 [ANALYSIS]
   cell center        =     0.000   0.000
   cell size          =    65.923  65.819
   probe atom radius  =     0.100
   factor             =           100
   iseed              =       3141592
   randomize          =    YES
   decimal place      =            12
 
 
 INFO> Read PDB file
  
     open pdb file                                        [OK]
     count the number of lipid molecules                  [OK]
     calculate the bilayer center                         [OK]
     memory allocation for lipids                         [OK]
     compute the center of mass of each lipid             [OK]
     separate the bilayer                                 [OK]
     memory allocation for lipid coordinates              [OK]
     count the number of protein atoms                    [OK]
     select protein atoms                                 [OK]
     memory allocation for protein coordinates            [OK]
     copy protein coordinates                             [OK]
 
 [SYSTEM STATISTICS]
   total number of protein atoms =         119
   total number of lipids        =         128
   bilayer center                =      39.947
 
   layer1: number of lipids =          64
                       Zmax =      65.530
                       Zmin =      34.160
           selected protein atoms =          92
 
   layer2: number of lipids =          64
                       Zmax =      45.220
                       Zmin =      15.790
           selected protein atoms =           0
 
 
 INFO> Perform Voronoi analysis for Layer 1
 
     randomize coordinates of lipid center of mass        [OK]
     wrap all lipids into the unit cell                   [OK]
     set periodic boundary condition for lipids           [OK]
     wrap all protein atoms into the unit cell            [OK]
     set periodic boundary condition for protein          [OK]
     use fast algorithm                                   [OK]
     allocate memory for voronoi analysis                 [OK]
     compute voronoi vertices                             [OK]
     MC for    2  Avor =     80.254  Ntot =       8025  Nhit =       2181
     MC for    5  Avor =     75.658  Ntot =       7565  Nhit =       2076
     MC for   13  was not done (no protein atom exists in the polygon)
     MC for   17  was not done (no protein atom exists in the polygon)
     MC for   18  Avor =     69.910  Ntot =       6990  Nhit =       6984
     MC for   19  Avor =     55.331  Ntot =       5533  Nhit =       1270
     MC for   26  was not done (no protein atom exists in the polygon)
     MC for   33  was not done (no protein atom exists in the polygon)
     MC for   35  Avor =     63.687  Ntot =       6368  Nhit =         13
     MC for   39  Avor =     68.455  Ntot =       6845  Nhit =       1974
     MC for   41  Avor =     67.335  Ntot =       6733  Nhit =       3228
     MC for   43  was not done (no protein atom exists in the polygon)
     MC for   44  Avor =     59.805  Ntot =       5980  Nhit =       1716
     MC for   46  Avor =     59.173  Ntot =       5917  Nhit =       2029
     MC for   53  Avor =     50.734  Ntot =       5073  Nhit =         78
     MC for   54  Avor =     67.103  Ntot =       6710  Nhit =          2
     compute area per lipid                               [OK]
     deallocate memory                                    [OK]

 [RESULTS]
                             ALL     BOUND   N-BOUND     ERROR
   num_lipids     :           64        16        48         0
   area per lipid :       64.429    51.624    68.697

 
 INFO> Perform Voronoi analysis for Layer 2
 
     randomize coordinates of lipid center of mass        [OK]
     wrap all lipids into the unit cell                   [OK]
     set periodic boundary condition for lipids           [OK]
     use fast algorithm                                   [OK]
     allocate memory for voronoi analysis                 [OK]
     compute voronoi vertices                             [OK]
     compute area per lipid                               [OK]
     deallocate memory                                    [OK]

 [RESULTS]
                             ALL     BOUND   N-BOUND     ERROR
   num_lipids     :           64         0        64         0
   area per lipid :       67.797     0.000    67.797

 
 INFO> Summary of the results
 
   average area of all lipids          :     66.113   /    128
   average area of boundary lipids     :     51.624   /     16
   average area of non-boundary lipids :     68.183   /    112
 
 
 INFO> Deallocate all configulation data
 INFO> Deallocate all pdb data
 
 [CPU TIME]
  total    :     0.164(sec)
  analysis :     0.047(sec)
 
