_/_/_/_/_/_/_/_/_/_/_/_/_/_/_/_/_/_/_/_/_/_/_/_/_/_/_/_/_/_/_/_/_/_/_/_/_/_/_/_/

    VTMC: Analysis of lipid surface area in protein-membrane systems
      version: 1.0
      last modified: Jan 13 2012
      programed by Takaharu Mori

    Copyright(C) 2012-
    Theoretical Biochemistry Lab, RIKEN Adv Sci Inst
    2-1 Hirosawa, Wako-shi, Saitama, 351-0198, Japan
    http://www.riken.jp/TBC07/

    Ref) T.Mori, F.Ogushi, and Y.Sugita, J.Comput.Chem., 33, 286-293 (2012)

_/_/_/_/_/_/_/_/_/_/_/_/_/_/_/_/_/_/_/_/_/_/_/_/_/_/_/_/_/_/_/_/_/_/_/_/_/_/_/_/

 INFO> Read configulation file
  
 [INPUT]
   PDB file           =  L-VTMC-2LQ1.pdb-A
 
 [OUTPUT]
   output level       =      0
   output name        =  L-VTMC-2LQ1.pdb-A
 
 [PROTEIN]
   residue list       =     25
      THR       GLY       ASN       VAL       GLY       LEU       SER       PRO 
      GLY       LEU       SER       THR       ALA       LEU       THR       GLY 
      PHE       THR       LEU       VAL       PRO       VAL       GLU       ASP 
      HIS 
   select hydrogen    =    YES
 
 [LIPID]
   residue list       =      1
      DPO 
   select hydrogen    =    YES
   lipid head atom    =        P9  
 
 [ATOM_MASS]
   mass list          =      6
                H     =     1.008
                C     =    12.010
                O     =    16.000
                N     =    14.010
                P     =    30.970
                S     =    32.070
 
 [VDW_RADIUS]
   vdw_radius list    =      6
                H     =     1.200
                C     =     1.700
                O     =     1.520
                N     =     1.550
                P     =     1.800
                S     =     1.800
 
 [ANALYSIS]
   cell center        =     0.000   0.000
   cell size          =    66.839  66.733
   probe atom radius  =     0.100
   factor             =           100
   iseed              =       3141592
   randomize          =    YES
   decimal place      =            12
 
 
 INFO> Read PDB file
  
     open pdb file                                        [OK]
     count the number of lipid molecules                  [OK]
     calculate the bilayer center                         [OK]
     memory allocation for lipids                         [OK]
     compute the center of mass of each lipid             [OK]
     separate the bilayer                                 [OK]
     memory allocation for lipid coordinates              [OK]
     count the number of protein atoms                    [OK]
     select protein atoms                                 [OK]
     memory allocation for protein coordinates            [OK]
     copy protein coordinates                             [OK]
 
 [SYSTEM STATISTICS]
   total number of protein atoms =         216
   total number of lipids        =         128
   bilayer center                =      38.168
 
   layer1: number of lipids =          64
                       Zmax =      65.250
                       Zmin =      33.100
           selected protein atoms =           0
 
   layer2: number of lipids =          64
                       Zmax =      46.250
                       Zmin =      10.090
           selected protein atoms =         216
 
 
 INFO> Perform Voronoi analysis for Layer 1
 
     randomize coordinates of lipid center of mass        [OK]
     wrap all lipids into the unit cell                   [OK]
     set periodic boundary condition for lipids           [OK]
     use fast algorithm                                   [OK]
     allocate memory for voronoi analysis                 [OK]
     compute voronoi vertices                             [OK]
     compute area per lipid                               [OK]
     deallocate memory                                    [OK]

 [RESULTS]
                             ALL     BOUND   N-BOUND     ERROR
   num_lipids     :           64         0        64         0
   area per lipid :       69.693     0.000    69.693

 
 INFO> Perform Voronoi analysis for Layer 2
 
     randomize coordinates of lipid center of mass        [OK]
     wrap all lipids into the unit cell                   [OK]
     set periodic boundary condition for lipids           [OK]
     wrap all protein atoms into the unit cell            [OK]
     set periodic boundary condition for protein          [OK]
     use fast algorithm                                   [OK]
     allocate memory for voronoi analysis                 [OK]
     compute voronoi vertices                             [OK]
     MC for    2  Avor =     73.772  Ntot =       7377  Nhit =       1089
     MC for    8  Avor =     78.896  Ntot =       7889  Nhit =        422
     MC for   12  Avor =     63.671  Ntot =       6367  Nhit =          0
     MC for   16  was not done (no protein atom exists in the polygon)
     MC for   23  Avor =     64.466  Ntot =       6446  Nhit =        435
     MC for   29  Avor =     55.613  Ntot =       5561  Nhit =        934
     MC for   30  Avor =     69.469  Ntot =       6946  Nhit =       2791
     MC for   31  Avor =     72.364  Ntot =       7236  Nhit =       7069
     MC for   33  Avor =     46.641  Ntot =       4664  Nhit =          0
     MC for   35  Avor =     77.638  Ntot =       7763  Nhit =       1829
     MC for   36  Avor =     53.806  Ntot =       5380  Nhit =          0
     MC for   37  Avor =     79.064  Ntot =       7906  Nhit =       6668
     MC for   42  Avor =     88.659  Ntot =       8865  Nhit =        799
     MC for   43  Avor =     84.069  Ntot =       8406  Nhit =       2659
     MC for   45  Avor =     88.395  Ntot =       8839  Nhit =          0
     MC for   46  Avor =     65.345  Ntot =       6534  Nhit =       5654
     MC for   47  Avor =     64.406  Ntot =       6440  Nhit =       4455
     MC for   50  was not done (no protein atom exists in the polygon)
     MC for   51  was not done (no protein atom exists in the polygon)
     MC for   52  Avor =     84.730  Ntot =       8473  Nhit =       7188
     MC for   60  Avor =     78.287  Ntot =       7828  Nhit =          0
     MC for   64  Avor =     58.568  Ntot =       5856  Nhit =       1775
     compute area per lipid                               [OK]
     deallocate memory                                    [OK]

 [RESULTS]
                             ALL     BOUND   N-BOUND     ERROR
   num_lipids     :           64        22        42         0
   area per lipid :       62.854    50.813    69.161

 
 INFO> Summary of the results
 
   average area of all lipids          :     66.274   /    128
   average area of boundary lipids     :     50.813   /     22
   average area of non-boundary lipids :     69.482   /    106
 
 
 INFO> Deallocate all configulation data
 INFO> Deallocate all pdb data
 
 [CPU TIME]
  total    :     0.151(sec)
  analysis :     0.055(sec)
 
