_/_/_/_/_/_/_/_/_/_/_/_/_/_/_/_/_/_/_/_/_/_/_/_/_/_/_/_/_/_/_/_/_/_/_/_/_/_/_/_/

    VTMC: Analysis of lipid surface area in protein-membrane systems
      version: 1.0
      last modified: Jan 13 2012
      programed by Takaharu Mori

    Copyright(C) 2012-
    Theoretical Biochemistry Lab, RIKEN Adv Sci Inst
    2-1 Hirosawa, Wako-shi, Saitama, 351-0198, Japan
    http://www.riken.jp/TBC07/

    Ref) T.Mori, F.Ogushi, and Y.Sugita, J.Comput.Chem., 33, 286-293 (2012)

_/_/_/_/_/_/_/_/_/_/_/_/_/_/_/_/_/_/_/_/_/_/_/_/_/_/_/_/_/_/_/_/_/_/_/_/_/_/_/_/

 INFO> Read configulation file
  
 [INPUT]
   PDB file           =  L-VTMC-GIB28.pdb-A
 
 [OUTPUT]
   output level       =      0
   output name        =  L-VTMC-GIB28.pdb-A
 
 [PROTEIN]
   residue list       =     11
      THR       ARG       HIS       GLY       MET       LYS       GLU       LYS 
      VAL       THR       MET 
   select hydrogen    =    YES
 
 [LIPID]
   residue list       =      1
      DPO 
   select hydrogen    =    YES
   lipid head atom    =        P9  
 
 [ATOM_MASS]
   mass list          =      6
                H     =     1.008
                C     =    12.010
                O     =    16.000
                N     =    14.010
                P     =    30.970
                S     =    32.070
 
 [VDW_RADIUS]
   vdw_radius list    =      6
                H     =     1.200
                C     =     1.700
                O     =     1.520
                N     =     1.550
                P     =     1.800
                S     =     1.800
 
 [ANALYSIS]
   cell center        =     0.000   0.000
   cell size          =    65.929  65.825
   probe atom radius  =     0.100
   factor             =           100
   iseed              =       3141592
   randomize          =    YES
   decimal place      =            12
 
 
 INFO> Read PDB file
  
     open pdb file                                        [OK]
     count the number of lipid molecules                  [OK]
     calculate the bilayer center                         [OK]
     memory allocation for lipids                         [OK]
     compute the center of mass of each lipid             [OK]
     separate the bilayer                                 [OK]
     memory allocation for lipid coordinates              [OK]
     count the number of protein atoms                    [OK]
     select protein atoms                                 [OK]
     memory allocation for protein coordinates            [OK]
     copy protein coordinates                             [OK]
 
 [SYSTEM STATISTICS]
   total number of protein atoms =         119
   total number of lipids        =         128
   bilayer center                =      40.004
 
   layer1: number of lipids =          64
                       Zmax =      65.070
                       Zmin =      33.310
           selected protein atoms =           0
 
   layer2: number of lipids =          64
                       Zmax =      46.420
                       Zmin =      15.460
           selected protein atoms =          95
 
 
 INFO> Perform Voronoi analysis for Layer 1
 
     randomize coordinates of lipid center of mass        [OK]
     wrap all lipids into the unit cell                   [OK]
     set periodic boundary condition for lipids           [OK]
     use fast algorithm                                   [OK]
     allocate memory for voronoi analysis                 [OK]
     compute voronoi vertices                             [OK]
     compute area per lipid                               [OK]
     deallocate memory                                    [OK]

 [RESULTS]
                             ALL     BOUND   N-BOUND     ERROR
   num_lipids     :           64         0        64         0
   area per lipid :       67.809     0.000    67.809

 
 INFO> Perform Voronoi analysis for Layer 2
 
     randomize coordinates of lipid center of mass        [OK]
     wrap all lipids into the unit cell                   [OK]
     set periodic boundary condition for lipids           [OK]
     wrap all protein atoms into the unit cell            [OK]
     set periodic boundary condition for protein          [OK]
     use fast algorithm                                   [OK]
     allocate memory for voronoi analysis                 [OK]
     compute voronoi vertices                             [OK]
     MC for    2  Avor =     61.613  Ntot =       6161  Nhit =       1955
     MC for    6  Avor =     60.801  Ntot =       6080  Nhit =       1971
     MC for    9  Avor =     37.954  Ntot =       3795  Nhit =          0
     MC for   11  Avor =     59.251  Ntot =       5925  Nhit =        897
     MC for   12  Avor =     38.011  Ntot =       3801  Nhit =        291
     MC for   14  Avor =     65.773  Ntot =       6577  Nhit =       1897
     MC for   29  Avor =     69.554  Ntot =       6955  Nhit =       2822
     MC for   35  was not done (no protein atom exists in the polygon)
     MC for   36  Avor =     79.206  Ntot =       7920  Nhit =        623
     MC for   45  Avor =     65.562  Ntot =       6556  Nhit =          0
     MC for   46  Avor =     61.828  Ntot =       6182  Nhit =          0
     MC for   47  Avor =     60.020  Ntot =       6001  Nhit =       3623
     MC for   49  was not done (no protein atom exists in the polygon)
     MC for   50  Avor =     70.728  Ntot =       7072  Nhit =          0
     MC for   52  Avor =     82.759  Ntot =       8275  Nhit =       2175
     MC for   55  was not done (no protein atom exists in the polygon)
     MC for   63  Avor =     59.638  Ntot =       5963  Nhit =          6
     MC for   64  Avor =     74.768  Ntot =       7476  Nhit =       4198
     compute area per lipid                               [OK]
     deallocate memory                                    [OK]

 [RESULTS]
                             ALL     BOUND   N-BOUND     ERROR
   num_lipids     :           64        18        46         0
   area per lipid :       64.612    54.404    68.607

 
 INFO> Summary of the results
 
   average area of all lipids          :     66.211   /    128
   average area of boundary lipids     :     54.404   /     18
   average area of non-boundary lipids :     68.143   /    110
 
 
 INFO> Deallocate all configulation data
 INFO> Deallocate all pdb data
 
 [CPU TIME]
  total    :     0.143(sec)
  analysis :     0.048(sec)
 
