_/_/_/_/_/_/_/_/_/_/_/_/_/_/_/_/_/_/_/_/_/_/_/_/_/_/_/_/_/_/_/_/_/_/_/_/_/_/_/_/

    VTMC: Analysis of lipid surface area in protein-membrane systems
      version: 1.0
      last modified: Jan 13 2012
      programed by Takaharu Mori

    Copyright(C) 2012-
    Theoretical Biochemistry Lab, RIKEN Adv Sci Inst
    2-1 Hirosawa, Wako-shi, Saitama, 351-0198, Japan
    http://www.riken.jp/TBC07/

    Ref) T.Mori, F.Ogushi, and Y.Sugita, J.Comput.Chem., 33, 286-293 (2012)

_/_/_/_/_/_/_/_/_/_/_/_/_/_/_/_/_/_/_/_/_/_/_/_/_/_/_/_/_/_/_/_/_/_/_/_/_/_/_/_/

 INFO> Read configulation file
  
 [INPUT]
   PDB file           =  L-VTMC-2RSH.pdb-A
 
 [OUTPUT]
   output level       =      0
   output name        =  L-VTMC-2RSH.pdb-A
 
 [PROTEIN]
   residue list       =     37
      GLY       SER       SER       GLY       SER       SER       GLY       GLU 
      LYS       PHE       ALA       CYS       ASP       TYR       CYS       SER 
      PHE       THR       CYS       LEU       SER       LYS       GLY       HIS 
      LEU       LYS       VAL       HIS       ILE       GLU       ARG       VAL 
      HIS       LYS       LYS       ILE       LYS 
   select hydrogen    =    YES
 
 [LIPID]
   residue list       =      1
      DPO 
   select hydrogen    =    YES
   lipid head atom    =        P9  
 
 [ATOM_MASS]
   mass list          =      6
                H     =     1.008
                C     =    12.010
                O     =    16.000
                N     =    14.010
                P     =    30.970
                S     =    32.070
 
 [VDW_RADIUS]
   vdw_radius list    =      6
                H     =     1.200
                C     =     1.700
                O     =     1.520
                N     =     1.550
                P     =     1.800
                S     =     1.800
 
 [ANALYSIS]
   cell center        =     0.000   0.000
   cell size          =    66.708  66.602
   probe atom radius  =     0.100
   factor             =           100
   iseed              =       3141592
   randomize          =    YES
   decimal place      =            12
 
 
 INFO> Read PDB file
  
     open pdb file                                        [OK]
     count the number of lipid molecules                  [OK]
     calculate the bilayer center                         [OK]
     memory allocation for lipids                         [OK]
     compute the center of mass of each lipid             [OK]
     separate the bilayer                                 [OK]
     memory allocation for lipid coordinates              [OK]
     count the number of protein atoms                    [OK]
     select protein atoms                                 [OK]
     memory allocation for protein coordinates            [OK]
     copy protein coordinates                             [OK]
 
 [SYSTEM STATISTICS]
   total number of protein atoms =         380
   total number of lipids        =         128
   bilayer center                =      38.146
 
   layer1: number of lipids =          64
                       Zmax =      64.010
                       Zmin =      32.100
           selected protein atoms =         246
 
   layer2: number of lipids =          64
                       Zmax =      43.600
                       Zmin =      13.010
           selected protein atoms =           0
 
 
 INFO> Perform Voronoi analysis for Layer 1
 
     randomize coordinates of lipid center of mass        [OK]
     wrap all lipids into the unit cell                   [OK]
     set periodic boundary condition for lipids           [OK]
     wrap all protein atoms into the unit cell            [OK]
     set periodic boundary condition for protein          [OK]
     use fast algorithm                                   [OK]
     allocate memory for voronoi analysis                 [OK]
     compute voronoi vertices                             [OK]
     MC for    3  Avor =     74.438  Ntot =       7443  Nhit =          0
     MC for    4  Avor =     70.002  Ntot =       7000  Nhit =       2881
     MC for    6  Avor =     63.004  Ntot =       6300  Nhit =          0
     MC for    7  Avor =     84.420  Ntot =       8442  Nhit =       3243
     MC for    8  Avor =     71.229  Ntot =       7122  Nhit =        871
     MC for   10  Avor =     76.459  Ntot =       7645  Nhit =       6254
     MC for   11  was not done (no protein atom exists in the polygon)
     MC for   12  was not done (no protein atom exists in the polygon)
     MC for   13  Avor =     63.426  Ntot =       6342  Nhit =        328
     MC for   15  was not done (no protein atom exists in the polygon)
     MC for   24  Avor =     66.323  Ntot =       6632  Nhit =       6235
     MC for   26  Avor =     57.526  Ntot =       5752  Nhit =       1847
     MC for   27  was not done (no protein atom exists in the polygon)
     MC for   28  Avor =     86.078  Ntot =       8607  Nhit =          0
     MC for   29  Avor =     63.725  Ntot =       6372  Nhit =       4609
     MC for   30  Avor =     91.100  Ntot =       9110  Nhit =       1234
     MC for   31  Avor =     70.558  Ntot =       7055  Nhit =       4855
     MC for   33  Avor =     61.941  Ntot =       6194  Nhit =       1693
     MC for   40  was not done (no protein atom exists in the polygon)
     MC for   43  Avor =     55.891  Ntot =       5589  Nhit =       3133
     MC for   44  was not done (no protein atom exists in the polygon)
     MC for   45  was not done (no protein atom exists in the polygon)
     MC for   48  Avor =     77.774  Ntot =       7777  Nhit =        114
     MC for   49  Avor =     77.233  Ntot =       7723  Nhit =       1230
     MC for   50  Avor =     88.894  Ntot =       8889  Nhit =       8560
     MC for   51  Avor =     60.001  Ntot =       6000  Nhit =       3432
     MC for   52  Avor =     57.742  Ntot =       5774  Nhit =       5520
     MC for   56  Avor =     67.080  Ntot =       6707  Nhit =        339
     MC for   61  Avor =     52.455  Ntot =       5245  Nhit =         94
     compute area per lipid                               [OK]
     deallocate memory                                    [OK]

 [RESULTS]
                             ALL     BOUND   N-BOUND     ERROR
   num_lipids     :           64        29        35         0
   area per lipid :       60.596    51.384    68.229

 
 INFO> Perform Voronoi analysis for Layer 2
 
     randomize coordinates of lipid center of mass        [OK]
     wrap all lipids into the unit cell                   [OK]
     set periodic boundary condition for lipids           [OK]
     use fast algorithm                                   [OK]
     allocate memory for voronoi analysis                 [OK]
     compute voronoi vertices                             [OK]
     compute area per lipid                               [OK]
     deallocate memory                                    [OK]

 [RESULTS]
                             ALL     BOUND   N-BOUND     ERROR
   num_lipids     :           64         0        64         0
   area per lipid :       69.420     0.000    69.420

 
 INFO> Summary of the results
 
   average area of all lipids          :     65.008   /    128
   average area of boundary lipids     :     51.384   /     29
   average area of non-boundary lipids :     68.999   /     99
 
 
 INFO> Deallocate all configulation data
 INFO> Deallocate all pdb data
 
 [CPU TIME]
  total    :     0.152(sec)
  analysis :     0.058(sec)
 
