_/_/_/_/_/_/_/_/_/_/_/_/_/_/_/_/_/_/_/_/_/_/_/_/_/_/_/_/_/_/_/_/_/_/_/_/_/_/_/_/

    VTMC: Analysis of lipid surface area in protein-membrane systems
      version: 1.0
      last modified: Jan 13 2012
      programed by Takaharu Mori

    Copyright(C) 2012-
    Theoretical Biochemistry Lab, RIKEN Adv Sci Inst
    2-1 Hirosawa, Wako-shi, Saitama, 351-0198, Japan
    http://www.riken.jp/TBC07/

    Ref) T.Mori, F.Ogushi, and Y.Sugita, J.Comput.Chem., 33, 286-293 (2012)

_/_/_/_/_/_/_/_/_/_/_/_/_/_/_/_/_/_/_/_/_/_/_/_/_/_/_/_/_/_/_/_/_/_/_/_/_/_/_/_/

 INFO> Read configulation file
  
 [INPUT]
   PDB file           =  L-VTMC-2LQA.pdb-A
 
 [OUTPUT]
   output level       =      0
   output name        =  L-VTMC-2LQA.pdb-A
 
 [PROTEIN]
   residue list       =     37
      GLU       GLY       CYS       ALA       PHE       GLU       GLY       GLU 
      SER       CYS       ASN       VAL       GLN       PHE       TYR       PRO 
      CYS       CYS       PRO       GLY       LEU       GLY       LEU       THR 
      CYS       ILE       PRO       GLY       ASN       PRO       ASP       GLY 
      THR       CYS       TYR       TYR       LEU 
   select hydrogen    =    YES
 
 [LIPID]
   residue list       =      1
      DPO 
   select hydrogen    =    YES
   lipid head atom    =        P9  
 
 [ATOM_MASS]
   mass list          =      6
                H     =     1.008
                C     =    12.010
                O     =    16.000
                N     =    14.010
                P     =    30.970
                S     =    32.070
 
 [VDW_RADIUS]
   vdw_radius list    =      6
                H     =     1.200
                C     =     1.700
                O     =     1.520
                N     =     1.550
                P     =     1.800
                S     =     1.800
 
 [ANALYSIS]
   cell center        =     0.000   0.000
   cell size          =    67.153  67.047
   probe atom radius  =     0.100
   factor             =           100
   iseed              =       3141592
   randomize          =    YES
   decimal place      =            12
 
 
 INFO> Read PDB file
  
     open pdb file                                        [OK]
     count the number of lipid molecules                  [OK]
     calculate the bilayer center                         [OK]
     memory allocation for lipids                         [OK]
     compute the center of mass of each lipid             [OK]
     separate the bilayer                                 [OK]
     memory allocation for lipid coordinates              [OK]
     count the number of protein atoms                    [OK]
     select protein atoms                                 [OK]
     memory allocation for protein coordinates            [OK]
     copy protein coordinates                             [OK]
 
 [SYSTEM STATISTICS]
   total number of protein atoms =         340
   total number of lipids        =         128
   bilayer center                =      38.067
 
   layer1: number of lipids =          64
                       Zmax =      62.180
                       Zmin =      31.870
           selected protein atoms =           0
 
   layer2: number of lipids =          64
                       Zmax =      43.360
                       Zmin =      13.260
           selected protein atoms =         170
 
 
 INFO> Perform Voronoi analysis for Layer 1
 
     randomize coordinates of lipid center of mass        [OK]
     wrap all lipids into the unit cell                   [OK]
     set periodic boundary condition for lipids           [OK]
     use fast algorithm                                   [OK]
     allocate memory for voronoi analysis                 [OK]
     compute voronoi vertices                             [OK]
     compute area per lipid                               [OK]
     deallocate memory                                    [OK]

 [RESULTS]
                             ALL     BOUND   N-BOUND     ERROR
   num_lipids     :           64         0        64         0
   area per lipid :       70.350     0.000    70.350

 
 INFO> Perform Voronoi analysis for Layer 2
 
     randomize coordinates of lipid center of mass        [OK]
     wrap all lipids into the unit cell                   [OK]
     set periodic boundary condition for lipids           [OK]
     wrap all protein atoms into the unit cell            [OK]
     set periodic boundary condition for protein          [OK]
     use fast algorithm                                   [OK]
     allocate memory for voronoi analysis                 [OK]
     compute voronoi vertices                             [OK]
     MC for    1  Avor =     73.061  Ntot =       7306  Nhit =          0
     MC for    2  was not done (no protein atom exists in the polygon)
     MC for    3  Avor =     80.698  Ntot =       8069  Nhit =        776
     MC for    6  Avor =     81.150  Ntot =       8114  Nhit =       4641
     MC for    8  Avor =     58.189  Ntot =       5818  Nhit =        613
     MC for    9  Avor =     62.182  Ntot =       6218  Nhit =          0
     MC for   11  Avor =     61.175  Ntot =       6117  Nhit =          0
     MC for   12  was not done (no protein atom exists in the polygon)
     MC for   13  was not done (no protein atom exists in the polygon)
     MC for   25  was not done (no protein atom exists in the polygon)
     MC for   29  Avor =     57.509  Ntot =       5750  Nhit =         49
     MC for   35  Avor =     61.555  Ntot =       6155  Nhit =         81
     MC for   36  Avor =     77.568  Ntot =       7756  Nhit =       2880
     MC for   37  Avor =     83.344  Ntot =       8334  Nhit =       6456
     MC for   39  Avor =     68.789  Ntot =       6878  Nhit =        274
     MC for   43  Avor =     57.694  Ntot =       5769  Nhit =       3976
     MC for   45  Avor =     79.906  Ntot =       7990  Nhit =       7813
     MC for   46  Avor =     61.645  Ntot =       6164  Nhit =       1829
     MC for   47  Avor =    103.151  Ntot =      10315  Nhit =       5974
     MC for   49  Avor =     81.406  Ntot =       8140  Nhit =        187
     MC for   52  Avor =     71.154  Ntot =       7115  Nhit =       5159
     MC for   59  was not done (no protein atom exists in the polygon)
     compute area per lipid                               [OK]
     deallocate memory                                    [OK]

 [RESULTS]
                             ALL     BOUND   N-BOUND     ERROR
   num_lipids     :           64        22        42         0
   area per lipid :       63.989    52.420    70.049

 
 INFO> Summary of the results
 
   average area of all lipids          :     67.170   /    128
   average area of boundary lipids     :     52.420   /     22
   average area of non-boundary lipids :     70.231   /    106
 
 
 INFO> Deallocate all configulation data
 INFO> Deallocate all pdb data
 
 [CPU TIME]
  total    :     0.155(sec)
  analysis :     0.054(sec)
 
