_/_/_/_/_/_/_/_/_/_/_/_/_/_/_/_/_/_/_/_/_/_/_/_/_/_/_/_/_/_/_/_/_/_/_/_/_/_/_/_/

    VTMC: Analysis of lipid surface area in protein-membrane systems
      version: 1.0
      last modified: Jan 13 2012
      programed by Takaharu Mori

    Copyright(C) 2012-
    Theoretical Biochemistry Lab, RIKEN Adv Sci Inst
    2-1 Hirosawa, Wako-shi, Saitama, 351-0198, Japan
    http://www.riken.jp/TBC07/

    Ref) T.Mori, F.Ogushi, and Y.Sugita, J.Comput.Chem., 33, 286-293 (2012)

_/_/_/_/_/_/_/_/_/_/_/_/_/_/_/_/_/_/_/_/_/_/_/_/_/_/_/_/_/_/_/_/_/_/_/_/_/_/_/_/

 INFO> Read configulation file
  
 [INPUT]
   PDB file           =  L-VTMC-1S6W.pdb-A
 
 [OUTPUT]
   output level       =      0
   output name        =  L-VTMC-1S6W.pdb-A
 
 [PROTEIN]
   residue list       =     21
      GLY       CYS       ARG       PHE       CYS       CYS       ASN       CYS 
      CYS       PRO       ASN       MET       SER       GLY       CYS       GLY 
      VAL       CYS       CYS       ARG       PHE 
   select hydrogen    =    YES
 
 [LIPID]
   residue list       =      1
      DPO 
   select hydrogen    =    YES
   lipid head atom    =        P9  
 
 [ATOM_MASS]
   mass list          =      6
                H     =     1.008
                C     =    12.010
                O     =    16.000
                N     =    14.010
                P     =    30.970
                S     =    32.070
 
 [VDW_RADIUS]
   vdw_radius list    =      6
                H     =     1.200
                C     =     1.700
                O     =     1.520
                N     =     1.550
                P     =     1.800
                S     =     1.800
 
 [ANALYSIS]
   cell center        =     0.000   0.000
   cell size          =    67.024  66.918
   probe atom radius  =     0.100
   factor             =           100
   iseed              =       3141592
   randomize          =    YES
   decimal place      =            12
 
 
 INFO> Read PDB file
  
     open pdb file                                        [OK]
     count the number of lipid molecules                  [OK]
     calculate the bilayer center                         [OK]
     memory allocation for lipids                         [OK]
     compute the center of mass of each lipid             [OK]
     separate the bilayer                                 [OK]
     memory allocation for lipid coordinates              [OK]
     count the number of protein atoms                    [OK]
     select protein atoms                                 [OK]
     memory allocation for protein coordinates            [OK]
     copy protein coordinates                             [OK]
 
 [SYSTEM STATISTICS]
   total number of protein atoms =         198
   total number of lipids        =         128
   bilayer center                =      38.427
 
   layer1: number of lipids =          64
                       Zmax =      62.550
                       Zmin =      32.210
           selected protein atoms =           0
 
   layer2: number of lipids =          64
                       Zmax =      44.960
                       Zmin =      15.670
           selected protein atoms =         130
 
 
 INFO> Perform Voronoi analysis for Layer 1
 
     randomize coordinates of lipid center of mass        [OK]
     wrap all lipids into the unit cell                   [OK]
     set periodic boundary condition for lipids           [OK]
     use fast algorithm                                   [OK]
     allocate memory for voronoi analysis                 [OK]
     compute voronoi vertices                             [OK]
     compute area per lipid                               [OK]
     deallocate memory                                    [OK]

 [RESULTS]
                             ALL     BOUND   N-BOUND     ERROR
   num_lipids     :           64         0        64         0
   area per lipid :       70.080     0.000    70.080

 
 INFO> Perform Voronoi analysis for Layer 2
 
     randomize coordinates of lipid center of mass        [OK]
     wrap all lipids into the unit cell                   [OK]
     set periodic boundary condition for lipids           [OK]
     wrap all protein atoms into the unit cell            [OK]
     set periodic boundary condition for protein          [OK]
     use fast algorithm                                   [OK]
     allocate memory for voronoi analysis                 [OK]
     compute voronoi vertices                             [OK]
     MC for    2  Avor =     56.573  Ntot =       5657  Nhit =        331
     MC for    6  Avor =     80.724  Ntot =       8072  Nhit =        880
     MC for   11  Avor =     67.700  Ntot =       6770  Nhit =        478
     MC for   12  Avor =     65.622  Ntot =       6562  Nhit =         49
     MC for   14  Avor =     55.285  Ntot =       5528  Nhit =       3809
     MC for   15  was not done (no protein atom exists in the polygon)
     MC for   29  Avor =    109.405  Ntot =      10940  Nhit =       7910
     MC for   31  was not done (no protein atom exists in the polygon)
     MC for   36  Avor =     66.188  Ntot =       6618  Nhit =        976
     MC for   37  Avor =     66.756  Ntot =       6675  Nhit =          0
     MC for   39  Avor =     65.296  Ntot =       6529  Nhit =          0
     MC for   43  Avor =    103.172  Ntot =      10317  Nhit =       2532
     MC for   45  was not done (no protein atom exists in the polygon)
     MC for   46  Avor =     72.843  Ntot =       7284  Nhit =       1022
     MC for   47  Avor =     85.410  Ntot =       8541  Nhit =       7759
     MC for   50  was not done (no protein atom exists in the polygon)
     MC for   52  Avor =     69.690  Ntot =       6968  Nhit =        501
     MC for   54  Avor =     61.671  Ntot =       6167  Nhit =          0
     MC for   64  Avor =     67.549  Ntot =       6754  Nhit =       3163
     compute area per lipid                               [OK]
     deallocate memory                                    [OK]

 [RESULTS]
                             ALL     BOUND   N-BOUND     ERROR
   num_lipids     :           64        19        45         0
   area per lipid :       65.484    57.049    69.046

 
 INFO> Summary of the results
 
   average area of all lipids          :     67.782   /    128
   average area of boundary lipids     :     57.049   /     19
   average area of non-boundary lipids :     69.653   /    109
 
 
 INFO> Deallocate all configulation data
 INFO> Deallocate all pdb data
 
 [CPU TIME]
  total    :     0.136(sec)
  analysis :     0.047(sec)
 
