_/_/_/_/_/_/_/_/_/_/_/_/_/_/_/_/_/_/_/_/_/_/_/_/_/_/_/_/_/_/_/_/_/_/_/_/_/_/_/_/

    VTMC: Analysis of lipid surface area in protein-membrane systems
      version: 1.0
      last modified: Jan 13 2012
      programed by Takaharu Mori

    Copyright(C) 2012-
    Theoretical Biochemistry Lab, RIKEN Adv Sci Inst
    2-1 Hirosawa, Wako-shi, Saitama, 351-0198, Japan
    http://www.riken.jp/TBC07/

    Ref) T.Mori, F.Ogushi, and Y.Sugita, J.Comput.Chem., 33, 286-293 (2012)

_/_/_/_/_/_/_/_/_/_/_/_/_/_/_/_/_/_/_/_/_/_/_/_/_/_/_/_/_/_/_/_/_/_/_/_/_/_/_/_/

 INFO> Read configulation file
  
 [INPUT]
   PDB file           =  L-VTMC-3Q8J.pdb-A
 
 [OUTPUT]
   output level       =      0
   output name        =  L-VTMC-3Q8J.pdb-A
 
 [PROTEIN]
   residue list       =     37
      GLU       GLY       CYS       ALA       PHE       GLU       GLY       GLU 
      SER       CYS       ASN       VAL       GLN       PHE       TYR       PRO 
      CYS       CYS       PRO       GLY       LEU       GLY       LEU       THR 
      CYS       ILE       PRO       GLY       ASN       PRO       ASP       GLY 
      THR       CYS       TYR       TYR       LEU 
   select hydrogen    =    YES
 
 [LIPID]
   residue list       =      1
      DPO 
   select hydrogen    =    YES
   lipid head atom    =        P9  
 
 [ATOM_MASS]
   mass list          =      6
                H     =     1.008
                C     =    12.010
                O     =    16.000
                N     =    14.010
                P     =    30.970
                S     =    32.070
 
 [VDW_RADIUS]
   vdw_radius list    =      6
                H     =     1.200
                C     =     1.700
                O     =     1.520
                N     =     1.550
                P     =     1.800
                S     =     1.800
 
 [ANALYSIS]
   cell center        =     0.000   0.000
   cell size          =    67.236  67.130
   probe atom radius  =     0.100
   factor             =           100
   iseed              =       3141592
   randomize          =    YES
   decimal place      =            12
 
 
 INFO> Read PDB file
  
     open pdb file                                        [OK]
     count the number of lipid molecules                  [OK]
     calculate the bilayer center                         [OK]
     memory allocation for lipids                         [OK]
     compute the center of mass of each lipid             [OK]
     separate the bilayer                                 [OK]
     memory allocation for lipid coordinates              [OK]
     count the number of protein atoms                    [OK]
     select protein atoms                                 [OK]
     memory allocation for protein coordinates            [OK]
     copy protein coordinates                             [OK]
 
 [SYSTEM STATISTICS]
   total number of protein atoms =         340
   total number of lipids        =         128
   bilayer center                =      37.704
 
   layer1: number of lipids =          64
                       Zmax =      65.210
                       Zmin =      31.460
           selected protein atoms =           0
 
   layer2: number of lipids =          64
                       Zmax =      43.990
                       Zmin =      11.600
           selected protein atoms =         208
 
 
 INFO> Perform Voronoi analysis for Layer 1
 
     randomize coordinates of lipid center of mass        [OK]
     wrap all lipids into the unit cell                   [OK]
     set periodic boundary condition for lipids           [OK]
     use fast algorithm                                   [OK]
     allocate memory for voronoi analysis                 [OK]
     compute voronoi vertices                             [OK]
     compute area per lipid                               [OK]
     deallocate memory                                    [OK]

 [RESULTS]
                             ALL     BOUND   N-BOUND     ERROR
   num_lipids     :           64         0        64         0
   area per lipid :       70.524     0.000    70.524

 
 INFO> Perform Voronoi analysis for Layer 2
 
     randomize coordinates of lipid center of mass        [OK]
     wrap all lipids into the unit cell                   [OK]
     set periodic boundary condition for lipids           [OK]
     wrap all protein atoms into the unit cell            [OK]
     set periodic boundary condition for protein          [OK]
     use fast algorithm                                   [OK]
     allocate memory for voronoi analysis                 [OK]
     compute voronoi vertices                             [OK]
     MC for    1  Avor =     66.114  Ntot =       6611  Nhit =          0
     MC for    3  was not done (no protein atom exists in the polygon)
     MC for    6  Avor =    100.182  Ntot =      10018  Nhit =       9292
     MC for    9  Avor =     74.492  Ntot =       7449  Nhit =       1552
     MC for   10  was not done (no protein atom exists in the polygon)
     MC for   11  Avor =     60.557  Ntot =       6055  Nhit =          0
     MC for   12  was not done (no protein atom exists in the polygon)
     MC for   13  Avor =     61.737  Ntot =       6173  Nhit =          0
     MC for   29  Avor =     83.237  Ntot =       8323  Nhit =       8266
     MC for   35  was not done (no protein atom exists in the polygon)
     MC for   36  Avor =     98.984  Ntot =       9898  Nhit =       6391
     MC for   37  was not done (no protein atom exists in the polygon)
     MC for   39  Avor =     62.717  Ntot =       6271  Nhit =        831
     MC for   43  Avor =     92.281  Ntot =       9228  Nhit =       1770
     MC for   45  Avor =     69.255  Ntot =       6925  Nhit =       3650
     MC for   46  Avor =     71.942  Ntot =       7194  Nhit =        364
     MC for   47  Avor =     82.198  Ntot =       8219  Nhit =       4883
     MC for   48  was not done (no protein atom exists in the polygon)
     MC for   49  Avor =     56.227  Ntot =       5622  Nhit =          0
     MC for   50  Avor =     61.708  Ntot =       6170  Nhit =          0
     MC for   52  Avor =     66.518  Ntot =       6651  Nhit =        966
     MC for   63  was not done (no protein atom exists in the polygon)
     MC for   64  Avor =     77.548  Ntot =       7754  Nhit =       5171
     compute area per lipid                               [OK]
     deallocate memory                                    [OK]

 [RESULTS]
                             ALL     BOUND   N-BOUND     ERROR
   num_lipids     :           64        23        41         0
   area per lipid :       63.784    52.644    70.033

 
 INFO> Summary of the results
 
   average area of all lipids          :     67.154   /    128
   average area of boundary lipids     :     52.644   /     23
   average area of non-boundary lipids :     70.332   /    105
 
 
 INFO> Deallocate all configulation data
 INFO> Deallocate all pdb data
 
 [CPU TIME]
  total    :     0.148(sec)
  analysis :     0.053(sec)
 
