_/_/_/_/_/_/_/_/_/_/_/_/_/_/_/_/_/_/_/_/_/_/_/_/_/_/_/_/_/_/_/_/_/_/_/_/_/_/_/_/

    VTMC: Analysis of lipid surface area in protein-membrane systems
      version: 1.0
      last modified: Jan 13 2012
      programed by Takaharu Mori

    Copyright(C) 2012-
    Theoretical Biochemistry Lab, RIKEN Adv Sci Inst
    2-1 Hirosawa, Wako-shi, Saitama, 351-0198, Japan
    http://www.riken.jp/TBC07/

    Ref) T.Mori, F.Ogushi, and Y.Sugita, J.Comput.Chem., 33, 286-293 (2012)

_/_/_/_/_/_/_/_/_/_/_/_/_/_/_/_/_/_/_/_/_/_/_/_/_/_/_/_/_/_/_/_/_/_/_/_/_/_/_/_/

 INFO> Read configulation file
  
 [INPUT]
   PDB file           =  L-VTMC-2K10.pdb-A
 
 [OUTPUT]
   output level       =      0
   output name        =  L-VTMC-2K10.pdb-A
 
 [PROTEIN]
   residue list       =     32
      GLY       ILE       LEU       SER       SER       PHE       LYS       GLY 
      VAL       ALA       LYS       GLY       VAL       ALA       LYS       ASP 
      LEU       ALA       GLY       LYS       LEU       LEU       GLU       THR 
      LEU       LYS       CYS       LYS       ILE       THR       GLY       CYS 
   select hydrogen    =    YES
 
 [LIPID]
   residue list       =      1
      DPO 
   select hydrogen    =    YES
   lipid head atom    =        P9  
 
 [ATOM_MASS]
   mass list          =      6
                H     =     1.008
                C     =    12.010
                O     =    16.000
                N     =    14.010
                P     =    30.970
                S     =    32.070
 
 [VDW_RADIUS]
   vdw_radius list    =      6
                H     =     1.200
                C     =     1.700
                O     =     1.520
                N     =     1.550
                P     =     1.800
                S     =     1.800
 
 [ANALYSIS]
   cell center        =     0.000   0.000
   cell size          =    66.784  66.678
   probe atom radius  =     0.100
   factor             =           100
   iseed              =       3141592
   randomize          =    YES
   decimal place      =            12
 
 
 INFO> Read PDB file
  
     open pdb file                                        [OK]
     count the number of lipid molecules                  [OK]
     calculate the bilayer center                         [OK]
     memory allocation for lipids                         [OK]
     compute the center of mass of each lipid             [OK]
     separate the bilayer                                 [OK]
     memory allocation for lipid coordinates              [OK]
     count the number of protein atoms                    [OK]
     select protein atoms                                 [OK]
     memory allocation for protein coordinates            [OK]
     copy protein coordinates                             [OK]
 
 [SYSTEM STATISTICS]
   total number of protein atoms =         287
   total number of lipids        =         128
   bilayer center                =      38.666
 
   layer1: number of lipids =          64
                       Zmax =      64.400
                       Zmin =      31.210
           selected protein atoms =           0
 
   layer2: number of lipids =          64
                       Zmax =      48.380
                       Zmin =      11.060
           selected protein atoms =         256
 
 
 INFO> Perform Voronoi analysis for Layer 1
 
     randomize coordinates of lipid center of mass        [OK]
     wrap all lipids into the unit cell                   [OK]
     set periodic boundary condition for lipids           [OK]
     use fast algorithm                                   [OK]
     allocate memory for voronoi analysis                 [OK]
     compute voronoi vertices                             [OK]
     compute area per lipid                               [OK]
     deallocate memory                                    [OK]

 [RESULTS]
                             ALL     BOUND   N-BOUND     ERROR
   num_lipids     :           64         0        64         0
   area per lipid :       69.578     0.000    69.578

 
 INFO> Perform Voronoi analysis for Layer 2
 
     randomize coordinates of lipid center of mass        [OK]
     wrap all lipids into the unit cell                   [OK]
     set periodic boundary condition for lipids           [OK]
     wrap all protein atoms into the unit cell            [OK]
     set periodic boundary condition for protein          [OK]
     use fast algorithm                                   [OK]
     allocate memory for voronoi analysis                 [OK]
     compute voronoi vertices                             [OK]
     MC for    1  Avor =     59.816  Ntot =       5981  Nhit =          0
     MC for    2  was not done (no protein atom exists in the polygon)
     MC for    6  Avor =     84.008  Ntot =       8400  Nhit =        565
     MC for    8  Avor =     73.295  Ntot =       7329  Nhit =       6221
     MC for   22  was not done (no protein atom exists in the polygon)
     MC for   29  Avor =     83.570  Ntot =       8356  Nhit =       3004
     MC for   30  was not done (no protein atom exists in the polygon)
     MC for   31  Avor =     64.852  Ntot =       6485  Nhit =       2434
     MC for   33  Avor =     78.084  Ntot =       7808  Nhit =       1847
     MC for   35  Avor =     78.551  Ntot =       7855  Nhit =       7435
     MC for   36  Avor =     56.076  Ntot =       5607  Nhit =       3009
     MC for   37  Avor =     65.023  Ntot =       6502  Nhit =       1839
     MC for   39  was not done (no protein atom exists in the polygon)
     MC for   43  Avor =     63.153  Ntot =       6315  Nhit =       3875
     MC for   45  Avor =     77.906  Ntot =       7790  Nhit =       7001
     MC for   46  Avor =     55.060  Ntot =       5506  Nhit =        286
     MC for   47  was not done (no protein atom exists in the polygon)
     MC for   49  was not done (no protein atom exists in the polygon)
     MC for   52  Avor =     84.254  Ntot =       8425  Nhit =       8384
     MC for   57  Avor =     61.694  Ntot =       6169  Nhit =        642
     MC for   59  Avor =     65.802  Ntot =       6580  Nhit =       1337
     MC for   60  Avor =     81.806  Ntot =       8180  Nhit =        350
     MC for   61  Avor =     75.197  Ntot =       7519  Nhit =          0
     MC for   64  Avor =     87.681  Ntot =       8768  Nhit =          0
     compute area per lipid                               [OK]
     deallocate memory                                    [OK]

 [RESULTS]
                             ALL     BOUND   N-BOUND     ERROR
   num_lipids     :           64        24        40         0
   area per lipid :       62.042    52.431    67.809

 
 INFO> Summary of the results
 
   average area of all lipids          :     65.810   /    128
   average area of boundary lipids     :     52.431   /     24
   average area of non-boundary lipids :     68.898   /    104
 
 
 INFO> Deallocate all configulation data
 INFO> Deallocate all pdb data
 
 [CPU TIME]
  total    :     0.144(sec)
  analysis :     0.054(sec)
 
