_/_/_/_/_/_/_/_/_/_/_/_/_/_/_/_/_/_/_/_/_/_/_/_/_/_/_/_/_/_/_/_/_/_/_/_/_/_/_/_/

    VTMC: Analysis of lipid surface area in protein-membrane systems
      version: 1.0
      last modified: Jan 13 2012
      programed by Takaharu Mori

    Copyright(C) 2012-
    Theoretical Biochemistry Lab, RIKEN Adv Sci Inst
    2-1 Hirosawa, Wako-shi, Saitama, 351-0198, Japan
    http://www.riken.jp/TBC07/

    Ref) T.Mori, F.Ogushi, and Y.Sugita, J.Comput.Chem., 33, 286-293 (2012)

_/_/_/_/_/_/_/_/_/_/_/_/_/_/_/_/_/_/_/_/_/_/_/_/_/_/_/_/_/_/_/_/_/_/_/_/_/_/_/_/

 INFO> Read configulation file
  
 [INPUT]
   PDB file           =  L-VTMC-4BMF.pdb-A
 
 [OUTPUT]
   output level       =      0
   output name        =  L-VTMC-4BMF.pdb-A
 
 [PROTEIN]
   residue list       =     38
      SER       CYS       THR       GLN       THR       HIS       TRP       GLY 
      GLN       CYS       GLY       GLY       ILE       GLY       TYR       SER 
      GLY       CYS       LYS       THR       CYS       THR       SER       GLY 
      THR       THR       CYS       GLN       TYR       SER       ASN       ASP 
      TYR       TYR       SER       GLN       CYS       LEU 
   select hydrogen    =    YES
 
 [LIPID]
   residue list       =      1
      DPO 
   select hydrogen    =    YES
   lipid head atom    =        P9  
 
 [ATOM_MASS]
   mass list          =      6
                H     =     1.008
                C     =    12.010
                O     =    16.000
                N     =    14.010
                P     =    30.970
                S     =    32.070
 
 [VDW_RADIUS]
   vdw_radius list    =      6
                H     =     1.200
                C     =     1.700
                O     =     1.520
                N     =     1.550
                P     =     1.800
                S     =     1.800
 
 [ANALYSIS]
   cell center        =     0.000   0.000
   cell size          =    66.664  66.559
   probe atom radius  =     0.100
   factor             =           100
   iseed              =       3141592
   randomize          =    YES
   decimal place      =            12
 
 
 INFO> Read PDB file
  
     open pdb file                                        [OK]
     count the number of lipid molecules                  [OK]
     calculate the bilayer center                         [OK]
     memory allocation for lipids                         [OK]
     compute the center of mass of each lipid             [OK]
     separate the bilayer                                 [OK]
     memory allocation for lipid coordinates              [OK]
     count the number of protein atoms                    [OK]
     select protein atoms                                 [OK]
     memory allocation for protein coordinates            [OK]
     copy protein coordinates                             [OK]
 
 [SYSTEM STATISTICS]
   total number of protein atoms =         381
   total number of lipids        =         128
   bilayer center                =      38.396
 
   layer1: number of lipids =          64
                       Zmax =      65.780
                       Zmin =      33.420
           selected protein atoms =           0
 
   layer2: number of lipids =          64
                       Zmax =      44.200
                       Zmin =      12.400
           selected protein atoms =         227
 
 
 INFO> Perform Voronoi analysis for Layer 1
 
     randomize coordinates of lipid center of mass        [OK]
     wrap all lipids into the unit cell                   [OK]
     set periodic boundary condition for lipids           [OK]
     use fast algorithm                                   [OK]
     allocate memory for voronoi analysis                 [OK]
     compute voronoi vertices                             [OK]
     compute area per lipid                               [OK]
     deallocate memory                                    [OK]

 [RESULTS]
                             ALL     BOUND   N-BOUND     ERROR
   num_lipids     :           64         0        64         0
   area per lipid :       69.330     0.000    69.330

 
 INFO> Perform Voronoi analysis for Layer 2
 
     randomize coordinates of lipid center of mass        [OK]
     wrap all lipids into the unit cell                   [OK]
     set periodic boundary condition for lipids           [OK]
     wrap all protein atoms into the unit cell            [OK]
     set periodic boundary condition for protein          [OK]
     use fast algorithm                                   [OK]
     allocate memory for voronoi analysis                 [OK]
     compute voronoi vertices                             [OK]
     MC for    1  Avor =     44.982  Ntot =       4498  Nhit =         51
     MC for    2  Avor =     82.988  Ntot =       8298  Nhit =        155
     MC for    3  was not done (no protein atom exists in the polygon)
     MC for    6  Avor =     76.432  Ntot =       7643  Nhit =       1424
     MC for    8  Avor =     63.670  Ntot =       6367  Nhit =       1748
     MC for   11  was not done (no protein atom exists in the polygon)
     MC for   17  was not done (no protein atom exists in the polygon)
     MC for   29  Avor =     75.612  Ntot =       7561  Nhit =       6850
     MC for   30  was not done (no protein atom exists in the polygon)
     MC for   31  Avor =     71.230  Ntot =       7123  Nhit =          0
     MC for   32  was not done (no protein atom exists in the polygon)
     MC for   33  Avor =     64.288  Ntot =       6428  Nhit =          0
     MC for   34  was not done (no protein atom exists in the polygon)
     MC for   35  Avor =     92.966  Ntot =       9296  Nhit =       3534
     MC for   36  Avor =     60.416  Ntot =       6041  Nhit =        574
     MC for   37  Avor =     79.075  Ntot =       7907  Nhit =       5990
     MC for   43  Avor =     86.540  Ntot =       8654  Nhit =       5669
     MC for   45  Avor =     59.225  Ntot =       5922  Nhit =       3473
     MC for   46  Avor =     65.446  Ntot =       6544  Nhit =       2303
     MC for   47  Avor =     61.063  Ntot =       6106  Nhit =       1353
     MC for   52  Avor =     83.267  Ntot =       8326  Nhit =       8324
     MC for   57  Avor =     65.120  Ntot =       6511  Nhit =          0
     MC for   59  was not done (no protein atom exists in the polygon)
     MC for   64  Avor =     65.713  Ntot =       6571  Nhit =        316
     compute area per lipid                               [OK]
     deallocate memory                                    [OK]

 [RESULTS]
                             ALL     BOUND   N-BOUND     ERROR
   num_lipids     :           64        24        40         0
   area per lipid :       62.804    53.310    68.499

 
 INFO> Summary of the results
 
   average area of all lipids          :     66.067   /    128
   average area of boundary lipids     :     53.310   /     24
   average area of non-boundary lipids :     69.010   /    104
 
 
 INFO> Deallocate all configulation data
 INFO> Deallocate all pdb data
 
 [CPU TIME]
  total    :     0.134(sec)
  analysis :     0.049(sec)
 
