_/_/_/_/_/_/_/_/_/_/_/_/_/_/_/_/_/_/_/_/_/_/_/_/_/_/_/_/_/_/_/_/_/_/_/_/_/_/_/_/

    VTMC: Analysis of lipid surface area in protein-membrane systems
      version: 1.0
      last modified: Jan 13 2012
      programed by Takaharu Mori

    Copyright(C) 2012-
    Theoretical Biochemistry Lab, RIKEN Adv Sci Inst
    2-1 Hirosawa, Wako-shi, Saitama, 351-0198, Japan
    http://www.riken.jp/TBC07/

    Ref) T.Mori, F.Ogushi, and Y.Sugita, J.Comput.Chem., 33, 286-293 (2012)

_/_/_/_/_/_/_/_/_/_/_/_/_/_/_/_/_/_/_/_/_/_/_/_/_/_/_/_/_/_/_/_/_/_/_/_/_/_/_/_/

 INFO> Read configulation file
  
 [INPUT]
   PDB file           =  L-VTMC-2RLH.pdb-A
 
 [OUTPUT]
   output level       =      0
   output name        =  L-VTMC-2RLH.pdb-A
 
 [PROTEIN]
   residue list       =     18
      ALA       LEU       TYR       LYS       LYS       PHE       LYS       LYS 
      LYS       LEU       LEU       LYS       SER       LEU       LYS       ARG 
      LEU       GLY 
   select hydrogen    =    YES
 
 [LIPID]
   residue list       =      1
      DPO 
   select hydrogen    =    YES
   lipid head atom    =        P9  
 
 [ATOM_MASS]
   mass list          =      6
                H     =     1.008
                C     =    12.010
                O     =    16.000
                N     =    14.010
                P     =    30.970
                S     =    32.070
 
 [VDW_RADIUS]
   vdw_radius list    =      6
                H     =     1.200
                C     =     1.700
                O     =     1.520
                N     =     1.550
                P     =     1.800
                S     =     1.800
 
 [ANALYSIS]
   cell center        =     0.000   0.000
   cell size          =    67.720  67.613
   probe atom radius  =     0.100
   factor             =           100
   iseed              =       3141592
   randomize          =    YES
   decimal place      =            12
 
 
 INFO> Read PDB file
  
     open pdb file                                        [OK]
     count the number of lipid molecules                  [OK]
     calculate the bilayer center                         [OK]
     memory allocation for lipids                         [OK]
     compute the center of mass of each lipid             [OK]
     separate the bilayer                                 [OK]
     memory allocation for lipid coordinates              [OK]
     count the number of protein atoms                    [OK]
     select protein atoms                                 [OK]
     memory allocation for protein coordinates            [OK]
     copy protein coordinates                             [OK]
 
 [SYSTEM STATISTICS]
   total number of protein atoms =         210
   total number of lipids        =         128
   bilayer center                =      37.550
 
   layer1: number of lipids =          64
                       Zmax =      60.960
                       Zmin =      32.630
           selected protein atoms =           0
 
   layer2: number of lipids =          64
                       Zmax =      43.840
                       Zmin =      11.210
           selected protein atoms =         208
 
 
 INFO> Perform Voronoi analysis for Layer 1
 
     randomize coordinates of lipid center of mass        [OK]
     wrap all lipids into the unit cell                   [OK]
     set periodic boundary condition for lipids           [OK]
     use fast algorithm                                   [OK]
     allocate memory for voronoi analysis                 [OK]
     compute voronoi vertices                             [OK]
     compute area per lipid                               [OK]
     deallocate memory                                    [OK]

 [RESULTS]
                             ALL     BOUND   N-BOUND     ERROR
   num_lipids     :           64         0        64         0
   area per lipid :       71.543     0.000    71.543

 
 INFO> Perform Voronoi analysis for Layer 2
 
     randomize coordinates of lipid center of mass        [OK]
     wrap all lipids into the unit cell                   [OK]
     set periodic boundary condition for lipids           [OK]
     wrap all protein atoms into the unit cell            [OK]
     set periodic boundary condition for protein          [OK]
     use fast algorithm                                   [OK]
     allocate memory for voronoi analysis                 [OK]
     compute voronoi vertices                             [OK]
     MC for    1  was not done (no protein atom exists in the polygon)
     MC for    4  was not done (no protein atom exists in the polygon)
     MC for    6  Avor =     84.597  Ntot =       8459  Nhit =       1713
     MC for    9  Avor =     66.200  Ntot =       6619  Nhit =       2889
     MC for   11  Avor =     61.841  Ntot =       6184  Nhit =          0
     MC for   12  Avor =     62.106  Ntot =       6210  Nhit =       1249
     MC for   14  was not done (no protein atom exists in the polygon)
     MC for   19  Avor =     63.098  Ntot =       6309  Nhit =       1600
     MC for   20  Avor =     53.522  Ntot =       5352  Nhit =        508
     MC for   28  was not done (no protein atom exists in the polygon)
     MC for   29  Avor =     81.871  Ntot =       8187  Nhit =       7418
     MC for   36  Avor =     78.815  Ntot =       7881  Nhit =       1191
     MC for   37  Avor =     48.003  Ntot =       4800  Nhit =         84
     MC for   39  Avor =     85.028  Ntot =       8502  Nhit =        770
     MC for   43  was not done (no protein atom exists in the polygon)
     MC for   45  Avor =     74.180  Ntot =       7417  Nhit =       4766
     MC for   46  Avor =     65.768  Ntot =       6576  Nhit =       1171
     MC for   47  Avor =     72.430  Ntot =       7243  Nhit =       4378
     MC for   49  was not done (no protein atom exists in the polygon)
     MC for   50  Avor =     78.965  Ntot =       7896  Nhit =       6495
     MC for   52  Avor =     61.497  Ntot =       6149  Nhit =          0
     MC for   54  Avor =     69.241  Ntot =       6924  Nhit =          0
     MC for   63  Avor =     56.254  Ntot =       5625  Nhit =        830
     MC for   64  Avor =     73.484  Ntot =       7348  Nhit =       5650
     compute area per lipid                               [OK]
     deallocate memory                                    [OK]

 [RESULTS]
                             ALL     BOUND   N-BOUND     ERROR
   num_lipids     :           64        24        40         0
   area per lipid :       65.181    53.162    72.393

 
 INFO> Summary of the results
 
   average area of all lipids          :     68.362   /    128
   average area of boundary lipids     :     53.162   /     24
   average area of non-boundary lipids :     71.870   /    104
 
 
 INFO> Deallocate all configulation data
 INFO> Deallocate all pdb data
 
 [CPU TIME]
  total    :     0.148(sec)
  analysis :     0.053(sec)
 
