_/_/_/_/_/_/_/_/_/_/_/_/_/_/_/_/_/_/_/_/_/_/_/_/_/_/_/_/_/_/_/_/_/_/_/_/_/_/_/_/

    VTMC: Analysis of lipid surface area in protein-membrane systems
      version: 1.0
      last modified: Jan 13 2012
      programed by Takaharu Mori

    Copyright(C) 2012-
    Theoretical Biochemistry Lab, RIKEN Adv Sci Inst
    2-1 Hirosawa, Wako-shi, Saitama, 351-0198, Japan
    http://www.riken.jp/TBC07/

    Ref) T.Mori, F.Ogushi, and Y.Sugita, J.Comput.Chem., 33, 286-293 (2012)

_/_/_/_/_/_/_/_/_/_/_/_/_/_/_/_/_/_/_/_/_/_/_/_/_/_/_/_/_/_/_/_/_/_/_/_/_/_/_/_/

 INFO> Read configulation file
  
 [INPUT]
   PDB file           =  L-VTMC-4B2U.pdb-A
 
 [OUTPUT]
   output level       =      0
   output name        =  L-VTMC-4B2U.pdb-A
 
 [PROTEIN]
   residue list       =     36
      GLY       THR       TYR       CYS       ILE       GLU       LEU       GLY 
      GLU       ARG       CYS       PRO       ASN       PRO       ARG       GLU 
      GLY       ASP       TRP       CYS       CYS       HIS       LYS       CYS 
      VAL       PRO       GLU       GLY       LYS       ARG       PHE       TYR 
      CYS       ARG       ASP       GLN 
   select hydrogen    =    YES
 
 [LIPID]
   residue list       =      1
      DPO 
   select hydrogen    =    YES
   lipid head atom    =        P9  
 
 [ATOM_MASS]
   mass list          =      6
                H     =     1.008
                C     =    12.010
                O     =    16.000
                N     =    14.010
                P     =    30.970
                S     =    32.070
 
 [VDW_RADIUS]
   vdw_radius list    =      6
                H     =     1.200
                C     =     1.700
                O     =     1.520
                N     =     1.550
                P     =     1.800
                S     =     1.800
 
 [ANALYSIS]
   cell center        =     0.000   0.000
   cell size          =    67.444  67.337
   probe atom radius  =     0.100
   factor             =           100
   iseed              =       3141592
   randomize          =    YES
   decimal place      =            12
 
 
 INFO> Read PDB file
  
     open pdb file                                        [OK]
     count the number of lipid molecules                  [OK]
     calculate the bilayer center                         [OK]
     memory allocation for lipids                         [OK]
     compute the center of mass of each lipid             [OK]
     separate the bilayer                                 [OK]
     memory allocation for lipid coordinates              [OK]
     count the number of protein atoms                    [OK]
     select protein atoms                                 [OK]
     memory allocation for protein coordinates            [OK]
     copy protein coordinates                             [OK]
 
 [SYSTEM STATISTICS]
   total number of protein atoms =         402
   total number of lipids        =         128
   bilayer center                =      37.722
 
   layer1: number of lipids =          64
                       Zmax =      61.780
                       Zmin =      32.140
           selected protein atoms =         158
 
   layer2: number of lipids =          64
                       Zmax =      42.480
                       Zmin =      12.800
           selected protein atoms =           0
 
 
 INFO> Perform Voronoi analysis for Layer 1
 
     randomize coordinates of lipid center of mass        [OK]
     wrap all lipids into the unit cell                   [OK]
     set periodic boundary condition for lipids           [OK]
     wrap all protein atoms into the unit cell            [OK]
     set periodic boundary condition for protein          [OK]
     use fast algorithm                                   [OK]
     allocate memory for voronoi analysis                 [OK]
     compute voronoi vertices                             [OK]
     MC for    3  Avor =     91.782  Ntot =       9178  Nhit =       1041
     MC for    4  Avor =     77.886  Ntot =       7788  Nhit =       3957
     MC for   13  Avor =     69.037  Ntot =       6903  Nhit =       3230
     MC for   15  Avor =     53.066  Ntot =       5306  Nhit =       2156
     MC for   17  Avor =     71.658  Ntot =       7165  Nhit =          0
     MC for   19  Avor =     58.663  Ntot =       5866  Nhit =        142
     MC for   20  Avor =     59.786  Ntot =       5978  Nhit =       5882
     MC for   22  Avor =     76.330  Ntot =       7632  Nhit =       3925
     MC for   23  Avor =     78.162  Ntot =       7816  Nhit =        151
     MC for   24  Avor =     71.350  Ntot =       7134  Nhit =          0
     MC for   25  was not done (no protein atom exists in the polygon)
     MC for   26  Avor =     71.719  Ntot =       7171  Nhit =       5864
     MC for   27  Avor =     66.899  Ntot =       6689  Nhit =          0
     MC for   28  Avor =     60.732  Ntot =       6073  Nhit =         29
     MC for   29  Avor =     69.471  Ntot =       6947  Nhit =        281
     MC for   35  was not done (no protein atom exists in the polygon)
     MC for   37  Avor =     68.039  Ntot =       6803  Nhit =        110
     MC for   38  Avor =     84.131  Ntot =       8413  Nhit =       1264
     MC for   43  was not done (no protein atom exists in the polygon)
     MC for   44  was not done (no protein atom exists in the polygon)
     MC for   48  Avor =     75.764  Ntot =       7576  Nhit =          0
     MC for   50  was not done (no protein atom exists in the polygon)
     MC for   52  Avor =     98.534  Ntot =       9853  Nhit =       4666
     MC for   57  Avor =     74.005  Ntot =       7400  Nhit =       1194
     MC for   58  Avor =     65.128  Ntot =       6512  Nhit =       4357
     compute area per lipid                               [OK]
     deallocate memory                                    [OK]

 [RESULTS]
                             ALL     BOUND   N-BOUND     ERROR
   num_lipids     :           64        25        39         0
   area per lipid :       64.984    55.182    71.267

 
 INFO> Perform Voronoi analysis for Layer 2
 
     randomize coordinates of lipid center of mass        [OK]
     wrap all lipids into the unit cell                   [OK]
     set periodic boundary condition for lipids           [OK]
     use fast algorithm                                   [OK]
     allocate memory for voronoi analysis                 [OK]
     compute voronoi vertices                             [OK]
     compute area per lipid                               [OK]
     deallocate memory                                    [OK]

 [RESULTS]
                             ALL     BOUND   N-BOUND     ERROR
   num_lipids     :           64         0        64         0
   area per lipid :       70.961     0.000    70.961

 
 INFO> Summary of the results
 
   average area of all lipids          :     67.972   /    128
   average area of boundary lipids     :     55.182   /     25
   average area of non-boundary lipids :     71.077   /    103
 
 
 INFO> Deallocate all configulation data
 INFO> Deallocate all pdb data
 
 [CPU TIME]
  total    :     0.155(sec)
  analysis :     0.058(sec)
 
