_/_/_/_/_/_/_/_/_/_/_/_/_/_/_/_/_/_/_/_/_/_/_/_/_/_/_/_/_/_/_/_/_/_/_/_/_/_/_/_/

    VTMC: Analysis of lipid surface area in protein-membrane systems
      version: 1.0
      last modified: Jan 13 2012
      programed by Takaharu Mori

    Copyright(C) 2012-
    Theoretical Biochemistry Lab, RIKEN Adv Sci Inst
    2-1 Hirosawa, Wako-shi, Saitama, 351-0198, Japan
    http://www.riken.jp/TBC07/

    Ref) T.Mori, F.Ogushi, and Y.Sugita, J.Comput.Chem., 33, 286-293 (2012)

_/_/_/_/_/_/_/_/_/_/_/_/_/_/_/_/_/_/_/_/_/_/_/_/_/_/_/_/_/_/_/_/_/_/_/_/_/_/_/_/

 INFO> Read configulation file
  
 [INPUT]
   PDB file           =  L-VTMC-2B68.pdb-A
 
 [OUTPUT]
   output level       =      0
   output name        =  L-VTMC-2B68.pdb-A
 
 [PROTEIN]
   residue list       =     43
      GLY       PHE       GLY       CYS       PRO       GLY       ASN       GLN 
      LEU       LYS       CYS       ASN       ASN       HIS       CYS       LYS 
      SER       ILE       SER       CYS       ARG       ALA       GLY       TYR 
      CYS       ASP       ALA       ALA       THR       LEU       TRP       LEU 
      ARG       CYS       THR       CYS       THR       ASP       CYS       ASN 
      GLY       LYS       LYS 
   select hydrogen    =    YES
 
 [LIPID]
   residue list       =      1
      DPO 
   select hydrogen    =    YES
   lipid head atom    =        P9  
 
 [ATOM_MASS]
   mass list          =      6
                H     =     1.008
                C     =    12.010
                O     =    16.000
                N     =    14.010
                P     =    30.970
                S     =    32.070
 
 [VDW_RADIUS]
   vdw_radius list    =      6
                H     =     1.200
                C     =     1.700
                O     =     1.520
                N     =     1.550
                P     =     1.800
                S     =     1.800
 
 [ANALYSIS]
   cell center        =     0.000   0.000
   cell size          =    65.936  65.832
   probe atom radius  =     0.100
   factor             =           100
   iseed              =       3141592
   randomize          =    YES
   decimal place      =            12
 
 
 INFO> Read PDB file
  
     open pdb file                                        [OK]
     count the number of lipid molecules                  [OK]
     calculate the bilayer center                         [OK]
     memory allocation for lipids                         [OK]
     compute the center of mass of each lipid             [OK]
     separate the bilayer                                 [OK]
     memory allocation for lipid coordinates              [OK]
     count the number of protein atoms                    [OK]
     select protein atoms                                 [OK]
     memory allocation for protein coordinates            [OK]
     copy protein coordinates                             [OK]
 
 [SYSTEM STATISTICS]
   total number of protein atoms =         418
   total number of lipids        =         128
   bilayer center                =      39.572
 
   layer1: number of lipids =          64
                       Zmax =      64.810
                       Zmin =      32.390
           selected protein atoms =           0
 
   layer2: number of lipids =          64
                       Zmax =      48.470
                       Zmin =      13.210
           selected protein atoms =         308
 
 
 INFO> Perform Voronoi analysis for Layer 1
 
     randomize coordinates of lipid center of mass        [OK]
     wrap all lipids into the unit cell                   [OK]
     set periodic boundary condition for lipids           [OK]
     use fast algorithm                                   [OK]
     allocate memory for voronoi analysis                 [OK]
     compute voronoi vertices                             [OK]
     compute area per lipid                               [OK]
     deallocate memory                                    [OK]

 [RESULTS]
                             ALL     BOUND   N-BOUND     ERROR
   num_lipids     :           64         0        64         0
   area per lipid :       67.823     0.000    67.823

 
 INFO> Perform Voronoi analysis for Layer 2
 
     randomize coordinates of lipid center of mass        [OK]
     wrap all lipids into the unit cell                   [OK]
     set periodic boundary condition for lipids           [OK]
     wrap all protein atoms into the unit cell            [OK]
     set periodic boundary condition for protein          [OK]
     use fast algorithm                                   [OK]
     allocate memory for voronoi analysis                 [OK]
     compute voronoi vertices                             [OK]
     MC for    2  was not done (no protein atom exists in the polygon)
     MC for    6  Avor =     62.518  Ntot =       6251  Nhit =       3537
     MC for    9  Avor =     68.078  Ntot =       6807  Nhit =       1050
     MC for   11  Avor =     85.128  Ntot =       8512  Nhit =       8430
     MC for   12  Avor =     66.663  Ntot =       6666  Nhit =       1112
     MC for   13  Avor =     54.823  Ntot =       5482  Nhit =        939
     MC for   14  Avor =     71.312  Ntot =       7131  Nhit =       2055
     MC for   15  was not done (no protein atom exists in the polygon)
     MC for   18  was not done (no protein atom exists in the polygon)
     MC for   19  Avor =     50.406  Ntot =       5040  Nhit =        448
     MC for   20  Avor =     60.931  Ntot =       6093  Nhit =        578
     MC for   22  was not done (no protein atom exists in the polygon)
     MC for   23  Avor =     69.326  Ntot =       6932  Nhit =        440
     MC for   24  Avor =     56.268  Ntot =       5626  Nhit =          0
     MC for   25  was not done (no protein atom exists in the polygon)
     MC for   28  Avor =     51.579  Ntot =       5157  Nhit =         43
     MC for   29  Avor =     59.132  Ntot =       5913  Nhit =       4335
     MC for   32  was not done (no protein atom exists in the polygon)
     MC for   36  Avor =     67.365  Ntot =       6736  Nhit =        709
     MC for   43  Avor =     68.046  Ntot =       6804  Nhit =        633
     MC for   45  Avor =     64.908  Ntot =       6490  Nhit =       1163
     MC for   46  Avor =     93.873  Ntot =       9387  Nhit =       3991
     MC for   47  Avor =     60.061  Ntot =       6006  Nhit =       5810
     MC for   49  was not done (no protein atom exists in the polygon)
     MC for   50  Avor =     63.694  Ntot =       6369  Nhit =       5937
     MC for   52  was not done (no protein atom exists in the polygon)
     MC for   55  Avor =     71.182  Ntot =       7118  Nhit =       3662
     MC for   59  was not done (no protein atom exists in the polygon)
     MC for   63  Avor =     76.456  Ntot =       7645  Nhit =       6408
     MC for   64  Avor =     74.646  Ntot =       7464  Nhit =       7110
     compute area per lipid                               [OK]
     deallocate memory                                    [OK]

 [RESULTS]
                             ALL     BOUND   N-BOUND     ERROR
   num_lipids     :           64        30        34         0
   area per lipid :       58.699    48.884    67.360

 
 INFO> Summary of the results
 
   average area of all lipids          :     63.261   /    128
   average area of boundary lipids     :     48.884   /     30
   average area of non-boundary lipids :     67.663   /     98
 
 
 INFO> Deallocate all configulation data
 INFO> Deallocate all pdb data
 
 [CPU TIME]
  total    :     0.145(sec)
  analysis :     0.051(sec)
 
