_/_/_/_/_/_/_/_/_/_/_/_/_/_/_/_/_/_/_/_/_/_/_/_/_/_/_/_/_/_/_/_/_/_/_/_/_/_/_/_/

    VTMC: Analysis of lipid surface area in protein-membrane systems
      version: 1.0
      last modified: Jan 13 2012
      programed by Takaharu Mori

    Copyright(C) 2012-
    Theoretical Biochemistry Lab, RIKEN Adv Sci Inst
    2-1 Hirosawa, Wako-shi, Saitama, 351-0198, Japan
    http://www.riken.jp/TBC07/

    Ref) T.Mori, F.Ogushi, and Y.Sugita, J.Comput.Chem., 33, 286-293 (2012)

_/_/_/_/_/_/_/_/_/_/_/_/_/_/_/_/_/_/_/_/_/_/_/_/_/_/_/_/_/_/_/_/_/_/_/_/_/_/_/_/

 INFO> Read configulation file
  
 [INPUT]
   PDB file           =  L-VTMC-2M9I.pdb-A
 
 [OUTPUT]
   output level       =      0
   output name        =  L-VTMC-2M9I.pdb-A
 
 [PROTEIN]
   residue list       =     34
      LYS       LEU       PRO       PRO       GLY       TRP       GLU       LYS 
      ARG       MET       PHE       ARG       SER       ASN       GLY       THR 
      VAL       TYR       TYR       PHE       ASN       HIS       ILE       THR 
      ASN       ALA       SER       GLN       PHE       GLU       ARG       PRO 
      SER       GLY 
   select hydrogen    =    YES
 
 [LIPID]
   residue list       =      1
      DPO 
   select hydrogen    =    YES
   lipid head atom    =        P9  
 
 [ATOM_MASS]
   mass list          =      6
                H     =     1.008
                C     =    12.010
                O     =    16.000
                N     =    14.010
                P     =    30.970
                S     =    32.070
 
 [VDW_RADIUS]
   vdw_radius list    =      6
                H     =     1.200
                C     =     1.700
                O     =     1.520
                N     =     1.550
                P     =     1.800
                S     =     1.800
 
 [ANALYSIS]
   cell center        =     0.000   0.000
   cell size          =    67.103  66.997
   probe atom radius  =     0.100
   factor             =           100
   iseed              =       3141592
   randomize          =    YES
   decimal place      =            12
 
 
 INFO> Read PDB file
  
     open pdb file                                        [OK]
     count the number of lipid molecules                  [OK]
     calculate the bilayer center                         [OK]
     memory allocation for lipids                         [OK]
     compute the center of mass of each lipid             [OK]
     separate the bilayer                                 [OK]
     memory allocation for lipid coordinates              [OK]
     count the number of protein atoms                    [OK]
     select protein atoms                                 [OK]
     memory allocation for protein coordinates            [OK]
     copy protein coordinates                             [OK]
 
 [SYSTEM STATISTICS]
   total number of protein atoms =         386
   total number of lipids        =         128
   bilayer center                =      38.040
 
   layer1: number of lipids =          64
                       Zmax =      61.970
                       Zmin =      31.530
           selected protein atoms =           0
 
   layer2: number of lipids =          64
                       Zmax =      46.480
                       Zmin =      13.160
           selected protein atoms =         135
 
 
 INFO> Perform Voronoi analysis for Layer 1
 
     randomize coordinates of lipid center of mass        [OK]
     wrap all lipids into the unit cell                   [OK]
     set periodic boundary condition for lipids           [OK]
     use fast algorithm                                   [OK]
     allocate memory for voronoi analysis                 [OK]
     compute voronoi vertices                             [OK]
     compute area per lipid                               [OK]
     deallocate memory                                    [OK]

 [RESULTS]
                             ALL     BOUND   N-BOUND     ERROR
   num_lipids     :           64         0        64         0
   area per lipid :       70.245     0.000    70.245

 
 INFO> Perform Voronoi analysis for Layer 2
 
     randomize coordinates of lipid center of mass        [OK]
     wrap all lipids into the unit cell                   [OK]
     set periodic boundary condition for lipids           [OK]
     wrap all protein atoms into the unit cell            [OK]
     set periodic boundary condition for protein          [OK]
     use fast algorithm                                   [OK]
     allocate memory for voronoi analysis                 [OK]
     compute voronoi vertices                             [OK]
     MC for    6  Avor =     88.368  Ntot =       8836  Nhit =       7445
     MC for    9  Avor =     72.028  Ntot =       7202  Nhit =        522
     MC for   11  Avor =     84.047  Ntot =       8404  Nhit =       3882
     MC for   12  was not done (no protein atom exists in the polygon)
     MC for   19  was not done (no protein atom exists in the polygon)
     MC for   24  was not done (no protein atom exists in the polygon)
     MC for   29  Avor =     74.604  Ntot =       7460  Nhit =       2409
     MC for   36  Avor =     80.899  Ntot =       8089  Nhit =          0
     MC for   37  was not done (no protein atom exists in the polygon)
     MC for   39  Avor =     70.924  Ntot =       7092  Nhit =          0
     MC for   45  Avor =     64.388  Ntot =       6438  Nhit =       3488
     MC for   46  was not done (no protein atom exists in the polygon)
     MC for   47  Avor =     68.193  Ntot =       6819  Nhit =        967
     MC for   50  Avor =     64.864  Ntot =       6486  Nhit =        809
     MC for   52  Avor =     68.923  Ntot =       6892  Nhit =          0
     MC for   54  Avor =     72.295  Ntot =       7229  Nhit =          0
     MC for   63  Avor =     74.700  Ntot =       7469  Nhit =       4424
     MC for   64  Avor =     89.687  Ntot =       8968  Nhit =       5800
     compute area per lipid                               [OK]
     deallocate memory                                    [OK]

 [RESULTS]
                             ALL     BOUND   N-BOUND     ERROR
   num_lipids     :           64        18        46         0
   area per lipid :       65.597    56.540    69.141

 
 INFO> Summary of the results
 
   average area of all lipids          :     67.921   /    128
   average area of boundary lipids     :     56.540   /     18
   average area of non-boundary lipids :     69.784   /    110
 
 
 INFO> Deallocate all configulation data
 INFO> Deallocate all pdb data
 
 [CPU TIME]
  total    :     0.150(sec)
  analysis :     0.050(sec)
 
