_/_/_/_/_/_/_/_/_/_/_/_/_/_/_/_/_/_/_/_/_/_/_/_/_/_/_/_/_/_/_/_/_/_/_/_/_/_/_/_/

    VTMC: Analysis of lipid surface area in protein-membrane systems
      version: 1.0
      last modified: Jan 13 2012
      programed by Takaharu Mori

    Copyright(C) 2012-
    Theoretical Biochemistry Lab, RIKEN Adv Sci Inst
    2-1 Hirosawa, Wako-shi, Saitama, 351-0198, Japan
    http://www.riken.jp/TBC07/

    Ref) T.Mori, F.Ogushi, and Y.Sugita, J.Comput.Chem., 33, 286-293 (2012)

_/_/_/_/_/_/_/_/_/_/_/_/_/_/_/_/_/_/_/_/_/_/_/_/_/_/_/_/_/_/_/_/_/_/_/_/_/_/_/_/

 INFO> Read configulation file
  
 [INPUT]
   PDB file           =  L-VTMC-GIB17.pdb-A
 
 [OUTPUT]
   output level       =      0
   output name        =  L-VTMC-GIB17.pdb-A
 
 [PROTEIN]
   residue list       =     11
      LYS       GLY       TYR       HIS       GLY       THR       LYS       LYS 
      GLY       VAL       PRO 
   select hydrogen    =    YES
 
 [LIPID]
   residue list       =      1
      DPO 
   select hydrogen    =    YES
   lipid head atom    =        P9  
 
 [ATOM_MASS]
   mass list          =      6
                H     =     1.008
                C     =    12.010
                O     =    16.000
                N     =    14.010
                P     =    30.970
                S     =    32.070
 
 [VDW_RADIUS]
   vdw_radius list    =      6
                H     =     1.200
                C     =     1.700
                O     =     1.520
                N     =     1.550
                P     =     1.800
                S     =     1.800
 
 [ANALYSIS]
   cell center        =     0.000   0.000
   cell size          =    66.551  66.446
   probe atom radius  =     0.100
   factor             =           100
   iseed              =       3141592
   randomize          =    YES
   decimal place      =            12
 
 
 INFO> Read PDB file
  
     open pdb file                                        [OK]
     count the number of lipid molecules                  [OK]
     calculate the bilayer center                         [OK]
     memory allocation for lipids                         [OK]
     compute the center of mass of each lipid             [OK]
     separate the bilayer                                 [OK]
     memory allocation for lipid coordinates              [OK]
     count the number of protein atoms                    [OK]
     select protein atoms                                 [OK]
     memory allocation for protein coordinates            [OK]
     copy protein coordinates                             [OK]
 
 [SYSTEM STATISTICS]
   total number of protein atoms =         113
   total number of lipids        =         128
   bilayer center                =      39.181
 
   layer1: number of lipids =          64
                       Zmax =      63.300
                       Zmin =      32.180
           selected protein atoms =         104
 
   layer2: number of lipids =          64
                       Zmax =      43.960
                       Zmin =      13.320
           selected protein atoms =           0
 
 
 INFO> Perform Voronoi analysis for Layer 1
 
     randomize coordinates of lipid center of mass        [OK]
     wrap all lipids into the unit cell                   [OK]
     set periodic boundary condition for lipids           [OK]
     wrap all protein atoms into the unit cell            [OK]
     set periodic boundary condition for protein          [OK]
     use fast algorithm                                   [OK]
     allocate memory for voronoi analysis                 [OK]
     compute voronoi vertices                             [OK]
     MC for    3  Avor =     96.320  Ntot =       9632  Nhit =        230
     MC for    8  Avor =     71.836  Ntot =       7183  Nhit =          0
     MC for   10  Avor =     72.344  Ntot =       7234  Nhit =       1676
     MC for   13  was not done (no protein atom exists in the polygon)
     MC for   24  Avor =     75.970  Ntot =       7596  Nhit =       3700
     MC for   28  was not done (no protein atom exists in the polygon)
     MC for   29  Avor =     82.966  Ntot =       8296  Nhit =        120
     MC for   31  was not done (no protein atom exists in the polygon)
     MC for   33  Avor =     68.925  Ntot =       6892  Nhit =        183
     MC for   40  Avor =     68.237  Ntot =       6823  Nhit =       1196
     MC for   43  Avor =     61.135  Ntot =       6113  Nhit =       3969
     MC for   45  was not done (no protein atom exists in the polygon)
     MC for   48  Avor =     86.858  Ntot =       8685  Nhit =       6937
     MC for   49  Avor =     66.625  Ntot =       6662  Nhit =        128
     MC for   50  Avor =     58.358  Ntot =       5835  Nhit =       4791
     MC for   51  Avor =     85.146  Ntot =       8514  Nhit =       2138
     MC for   52  was not done (no protein atom exists in the polygon)
     MC for   61  Avor =     52.498  Ntot =       5249  Nhit =        382
     MC for   62  was not done (no protein atom exists in the polygon)
     compute area per lipid                               [OK]
     deallocate memory                                    [OK]

 [RESULTS]
                             ALL     BOUND   N-BOUND     ERROR
   num_lipids     :           64        19        45         0
   area per lipid :       65.118    57.606    68.289

 
 INFO> Perform Voronoi analysis for Layer 2
 
     randomize coordinates of lipid center of mass        [OK]
     wrap all lipids into the unit cell                   [OK]
     set periodic boundary condition for lipids           [OK]
     use fast algorithm                                   [OK]
     allocate memory for voronoi analysis                 [OK]
     compute voronoi vertices                             [OK]
     compute area per lipid                               [OK]
     deallocate memory                                    [OK]

 [RESULTS]
                             ALL     BOUND   N-BOUND     ERROR
   num_lipids     :           64         0        64         0
   area per lipid :       69.094     0.000    69.094

 
 INFO> Summary of the results
 
   average area of all lipids          :     67.106   /    128
   average area of boundary lipids     :     57.606   /     19
   average area of non-boundary lipids :     68.762   /    109
 
 
 INFO> Deallocate all configulation data
 INFO> Deallocate all pdb data
 
 [CPU TIME]
  total    :     0.156(sec)
  analysis :     0.051(sec)
 
