_/_/_/_/_/_/_/_/_/_/_/_/_/_/_/_/_/_/_/_/_/_/_/_/_/_/_/_/_/_/_/_/_/_/_/_/_/_/_/_/

    VTMC: Analysis of lipid surface area in protein-membrane systems
      version: 1.0
      last modified: Jan 13 2012
      programed by Takaharu Mori

    Copyright(C) 2012-
    Theoretical Biochemistry Lab, RIKEN Adv Sci Inst
    2-1 Hirosawa, Wako-shi, Saitama, 351-0198, Japan
    http://www.riken.jp/TBC07/

    Ref) T.Mori, F.Ogushi, and Y.Sugita, J.Comput.Chem., 33, 286-293 (2012)

_/_/_/_/_/_/_/_/_/_/_/_/_/_/_/_/_/_/_/_/_/_/_/_/_/_/_/_/_/_/_/_/_/_/_/_/_/_/_/_/

 INFO> Read configulation file
  
 [INPUT]
   PDB file           =  L-VTMC-1Z64.pdb-A
 
 [OUTPUT]
   output level       =      0
   output name        =  L-VTMC-1Z64.pdb-A
 
 [PROTEIN]
   residue list       =     25
      GLY       TRP       GLY       SER       PHE       PHE       LYS       LYS 
      ALA       ALA       HIS       VAL       GLY       LYS       HIS       VAL 
      GLY       LYS       ALA       ALA       LEU       THR       HIS       TYR 
      LEU 
   select hydrogen    =    YES
 
 [LIPID]
   residue list       =      1
      DPO 
   select hydrogen    =    YES
   lipid head atom    =        P9  
 
 [ATOM_MASS]
   mass list          =      6
                H     =     1.008
                C     =    12.010
                O     =    16.000
                N     =    14.010
                P     =    30.970
                S     =    32.070
 
 [VDW_RADIUS]
   vdw_radius list    =      6
                H     =     1.200
                C     =     1.700
                O     =     1.520
                N     =     1.550
                P     =     1.800
                S     =     1.800
 
 [ANALYSIS]
   cell center        =     0.000   0.000
   cell size          =    67.682  67.575
   probe atom radius  =     0.100
   factor             =           100
   iseed              =       3141592
   randomize          =    YES
   decimal place      =            12
 
 
 INFO> Read PDB file
  
     open pdb file                                        [OK]
     count the number of lipid molecules                  [OK]
     calculate the bilayer center                         [OK]
     memory allocation for lipids                         [OK]
     compute the center of mass of each lipid             [OK]
     separate the bilayer                                 [OK]
     memory allocation for lipid coordinates              [OK]
     count the number of protein atoms                    [OK]
     select protein atoms                                 [OK]
     memory allocation for protein coordinates            [OK]
     copy protein coordinates                             [OK]
 
 [SYSTEM STATISTICS]
   total number of protein atoms =         265
   total number of lipids        =         128
   bilayer center                =      37.222
 
   layer1: number of lipids =          64
                       Zmax =      63.670
                       Zmin =      30.660
           selected protein atoms =           0
 
   layer2: number of lipids =          64
                       Zmax =      43.580
                       Zmin =      13.340
           selected protein atoms =         258
 
 
 INFO> Perform Voronoi analysis for Layer 1
 
     randomize coordinates of lipid center of mass        [OK]
     wrap all lipids into the unit cell                   [OK]
     set periodic boundary condition for lipids           [OK]
     use fast algorithm                                   [OK]
     allocate memory for voronoi analysis                 [OK]
     compute voronoi vertices                             [OK]
     compute area per lipid                               [OK]
     deallocate memory                                    [OK]

 [RESULTS]
                             ALL     BOUND   N-BOUND     ERROR
   num_lipids     :           64         0        64         0
   area per lipid :       71.463     0.000    71.463

 
 INFO> Perform Voronoi analysis for Layer 2
 
     randomize coordinates of lipid center of mass        [OK]
     wrap all lipids into the unit cell                   [OK]
     set periodic boundary condition for lipids           [OK]
     wrap all protein atoms into the unit cell            [OK]
     set periodic boundary condition for protein          [OK]
     use fast algorithm                                   [OK]
     allocate memory for voronoi analysis                 [OK]
     compute voronoi vertices                             [OK]
     MC for    2  Avor =     79.303  Ntot =       7930  Nhit =          8
     MC for    6  Avor =     83.325  Ntot =       8332  Nhit =       3401
     MC for    8  was not done (no protein atom exists in the polygon)
     MC for    9  was not done (no protein atom exists in the polygon)
     MC for   11  Avor =     63.751  Ntot =       6375  Nhit =       4352
     MC for   12  was not done (no protein atom exists in the polygon)
     MC for   14  Avor =     57.153  Ntot =       5715  Nhit =       1724
     MC for   19  was not done (no protein atom exists in the polygon)
     MC for   23  Avor =     76.849  Ntot =       7684  Nhit =         47
     MC for   24  Avor =     71.512  Ntot =       7151  Nhit =          0
     MC for   26  was not done (no protein atom exists in the polygon)
     MC for   29  Avor =    121.190  Ntot =      12119  Nhit =       3927
     MC for   31  Avor =     68.122  Ntot =       6812  Nhit =        739
     MC for   33  was not done (no protein atom exists in the polygon)
     MC for   35  Avor =     74.814  Ntot =       7481  Nhit =       3544
     MC for   43  Avor =     78.370  Ntot =       7836  Nhit =       7578
     MC for   45  Avor =    125.101  Ntot =      12510  Nhit =       4878
     MC for   46  Avor =     71.480  Ntot =       7147  Nhit =       3743
     MC for   47  Avor =     95.135  Ntot =       9513  Nhit =       3466
     MC for   52  Avor =     61.303  Ntot =       6130  Nhit =        396
     MC for   54  was not done (no protein atom exists in the polygon)
     MC for   55  Avor =     64.676  Ntot =       6467  Nhit =          0
     MC for   59  was not done (no protein atom exists in the polygon)
     MC for   63  Avor =     75.916  Ntot =       7591  Nhit =       5114
     MC for   64  Avor =     90.815  Ntot =       9081  Nhit =       5001
     compute area per lipid                               [OK]
     deallocate memory                                    [OK]

 [RESULTS]
                             ALL     BOUND   N-BOUND     ERROR
   num_lipids     :           64        25        39         0
   area per lipid :       63.975    56.392    68.836

 
 INFO> Summary of the results
 
   average area of all lipids          :     67.719   /    128
   average area of boundary lipids     :     56.392   /     25
   average area of non-boundary lipids :     70.468   /    103
 
 
 INFO> Deallocate all configulation data
 INFO> Deallocate all pdb data
 
 [CPU TIME]
  total    :     0.144(sec)
  analysis :     0.054(sec)
 
