_/_/_/_/_/_/_/_/_/_/_/_/_/_/_/_/_/_/_/_/_/_/_/_/_/_/_/_/_/_/_/_/_/_/_/_/_/_/_/_/

    VTMC: Analysis of lipid surface area in protein-membrane systems
      version: 1.0
      last modified: Jan 13 2012
      programed by Takaharu Mori

    Copyright(C) 2012-
    Theoretical Biochemistry Lab, RIKEN Adv Sci Inst
    2-1 Hirosawa, Wako-shi, Saitama, 351-0198, Japan
    http://www.riken.jp/TBC07/

    Ref) T.Mori, F.Ogushi, and Y.Sugita, J.Comput.Chem., 33, 286-293 (2012)

_/_/_/_/_/_/_/_/_/_/_/_/_/_/_/_/_/_/_/_/_/_/_/_/_/_/_/_/_/_/_/_/_/_/_/_/_/_/_/_/

 INFO> Read configulation file
  
 [INPUT]
   PDB file           =  L-VTMC-GIB14.pdb-A
 
 [OUTPUT]
   output level       =      0
   output name        =  L-VTMC-GIB14.pdb-A
 
 [PROTEIN]
   residue list       =     17
      GLY       THR       TRP       ARG       GLY       TRP       LEU       LYS 
      LYS       ILE       GLY       LYS       LYS       ILE       GLU       ARG 
      VAL 
   select hydrogen    =    YES
 
 [LIPID]
   residue list       =      1
      DPO 
   select hydrogen    =    YES
   lipid head atom    =        P9  
 
 [ATOM_MASS]
   mass list          =      6
                H     =     1.008
                C     =    12.010
                O     =    16.000
                N     =    14.010
                P     =    30.970
                S     =    32.070
 
 [VDW_RADIUS]
   vdw_radius list    =      6
                H     =     1.200
                C     =     1.700
                O     =     1.520
                N     =     1.550
                P     =     1.800
                S     =     1.800
 
 [ANALYSIS]
   cell center        =     0.000   0.000
   cell size          =    68.229  68.121
   probe atom radius  =     0.100
   factor             =           100
   iseed              =       3141592
   randomize          =    YES
   decimal place      =            12
 
 
 INFO> Read PDB file
  
     open pdb file                                        [OK]
     count the number of lipid molecules                  [OK]
     calculate the bilayer center                         [OK]
     memory allocation for lipids                         [OK]
     compute the center of mass of each lipid             [OK]
     separate the bilayer                                 [OK]
     memory allocation for lipid coordinates              [OK]
     count the number of protein atoms                    [OK]
     select protein atoms                                 [OK]
     memory allocation for protein coordinates            [OK]
     copy protein coordinates                             [OK]
 
 [SYSTEM STATISTICS]
   total number of protein atoms =         200
   total number of lipids        =         128
   bilayer center                =      36.911
 
   layer1: number of lipids =          64
                       Zmax =      61.910
                       Zmin =      30.500
           selected protein atoms =           0
 
   layer2: number of lipids =          64
                       Zmax =      44.500
                       Zmin =      11.080
           selected protein atoms =         189
 
 
 INFO> Perform Voronoi analysis for Layer 1
 
     randomize coordinates of lipid center of mass        [OK]
     wrap all lipids into the unit cell                   [OK]
     set periodic boundary condition for lipids           [OK]
     use fast algorithm                                   [OK]
     allocate memory for voronoi analysis                 [OK]
     compute voronoi vertices                             [OK]
     compute area per lipid                               [OK]
     deallocate memory                                    [OK]

 [RESULTS]
                             ALL     BOUND   N-BOUND     ERROR
   num_lipids     :           64         0        64         0
   area per lipid :       72.622     0.000    72.622

 
 INFO> Perform Voronoi analysis for Layer 2
 
     randomize coordinates of lipid center of mass        [OK]
     wrap all lipids into the unit cell                   [OK]
     set periodic boundary condition for lipids           [OK]
     wrap all protein atoms into the unit cell            [OK]
     set periodic boundary condition for protein          [OK]
     use fast algorithm                                   [OK]
     allocate memory for voronoi analysis                 [OK]
     compute voronoi vertices                             [OK]
     MC for    2  was not done (no protein atom exists in the polygon)
     MC for    6  Avor =     66.728  Ntot =       6672  Nhit =       1682
     MC for    9  Avor =     74.002  Ntot =       7400  Nhit =          0
     MC for   11  Avor =     74.415  Ntot =       7441  Nhit =       4478
     MC for   14  Avor =     65.103  Ntot =       6510  Nhit =        358
     MC for   19  Avor =     77.944  Ntot =       7794  Nhit =          0
     MC for   20  Avor =     52.257  Ntot =       5225  Nhit =          0
     MC for   22  was not done (no protein atom exists in the polygon)
     MC for   29  Avor =     49.979  Ntot =       4997  Nhit =          0
     MC for   31  Avor =     82.905  Ntot =       8290  Nhit =        707
     MC for   35  was not done (no protein atom exists in the polygon)
     MC for   36  Avor =     92.511  Ntot =       9251  Nhit =       1718
     MC for   37  Avor =     53.212  Ntot =       5321  Nhit =          0
     MC for   39  was not done (no protein atom exists in the polygon)
     MC for   43  Avor =     85.232  Ntot =       8523  Nhit =       1840
     MC for   45  Avor =    109.302  Ntot =      10930  Nhit =       6959
     MC for   49  was not done (no protein atom exists in the polygon)
     MC for   50  Avor =    111.763  Ntot =      11176  Nhit =       6292
     MC for   63  Avor =     60.987  Ntot =       6098  Nhit =       3472
     MC for   64  Avor =    123.823  Ntot =      12382  Nhit =       7632
     compute area per lipid                               [OK]
     deallocate memory                                    [OK]

 [RESULTS]
                             ALL     BOUND   N-BOUND     ERROR
   num_lipids     :           64        20        44         0
   area per lipid :       67.132    59.574    70.567

 
 INFO> Summary of the results
 
   average area of all lipids          :     69.877   /    128
   average area of boundary lipids     :     59.574   /     20
   average area of non-boundary lipids :     71.785   /    108
 
 
 INFO> Deallocate all configulation data
 INFO> Deallocate all pdb data
 
 [CPU TIME]
  total    :     0.163(sec)
  analysis :     0.061(sec)
 
