_/_/_/_/_/_/_/_/_/_/_/_/_/_/_/_/_/_/_/_/_/_/_/_/_/_/_/_/_/_/_/_/_/_/_/_/_/_/_/_/

    VTMC: Analysis of lipid surface area in protein-membrane systems
      version: 1.0
      last modified: Jan 13 2012
      programed by Takaharu Mori

    Copyright(C) 2012-
    Theoretical Biochemistry Lab, RIKEN Adv Sci Inst
    2-1 Hirosawa, Wako-shi, Saitama, 351-0198, Japan
    http://www.riken.jp/TBC07/

    Ref) T.Mori, F.Ogushi, and Y.Sugita, J.Comput.Chem., 33, 286-293 (2012)

_/_/_/_/_/_/_/_/_/_/_/_/_/_/_/_/_/_/_/_/_/_/_/_/_/_/_/_/_/_/_/_/_/_/_/_/_/_/_/_/

 INFO> Read configulation file
  
 [INPUT]
   PDB file           =  L-VTMC-GIB11.pdb-A
 
 [OUTPUT]
   output level       =      0
   output name        =  L-VTMC-GIB11.pdb-A
 
 [PROTEIN]
   residue list       =     16
      GLY       GLY       TYR       ILE       TYR       ILE       ALA       GLY 
      LYS       CYS       GLY       LEU       VAL       VAL       GLY       LYS 
   select hydrogen    =    YES
 
 [LIPID]
   residue list       =      1
      DPO 
   select hydrogen    =    YES
   lipid head atom    =        P9  
 
 [ATOM_MASS]
   mass list          =      6
                H     =     1.008
                C     =    12.010
                O     =    16.000
                N     =    14.010
                P     =    30.970
                S     =    32.070
 
 [VDW_RADIUS]
   vdw_radius list    =      6
                H     =     1.200
                C     =     1.700
                O     =     1.520
                N     =     1.550
                P     =     1.800
                S     =     1.800
 
 [ANALYSIS]
   cell center        =     0.000   0.000
   cell size          =    67.302  67.196
   probe atom radius  =     0.100
   factor             =           100
   iseed              =       3141592
   randomize          =    YES
   decimal place      =            12
 
 
 INFO> Read PDB file
  
     open pdb file                                        [OK]
     count the number of lipid molecules                  [OK]
     calculate the bilayer center                         [OK]
     memory allocation for lipids                         [OK]
     compute the center of mass of each lipid             [OK]
     separate the bilayer                                 [OK]
     memory allocation for lipid coordinates              [OK]
     count the number of protein atoms                    [OK]
     select protein atoms                                 [OK]
     memory allocation for protein coordinates            [OK]
     copy protein coordinates                             [OK]
 
 [SYSTEM STATISTICS]
   total number of protein atoms =         147
   total number of lipids        =         128
   bilayer center                =      38.078
 
   layer1: number of lipids =          64
                       Zmax =      62.580
                       Zmin =      30.810
           selected protein atoms =           0
 
   layer2: number of lipids =          64
                       Zmax =      44.680
                       Zmin =      11.400
           selected protein atoms =         146
 
 
 INFO> Perform Voronoi analysis for Layer 1
 
     randomize coordinates of lipid center of mass        [OK]
     wrap all lipids into the unit cell                   [OK]
     set periodic boundary condition for lipids           [OK]
     use fast algorithm                                   [OK]
     allocate memory for voronoi analysis                 [OK]
     compute voronoi vertices                             [OK]
     compute area per lipid                               [OK]
     deallocate memory                                    [OK]

 [RESULTS]
                             ALL     BOUND   N-BOUND     ERROR
   num_lipids     :           64         0        64         0
   area per lipid :       70.663     0.000    70.663

 
 INFO> Perform Voronoi analysis for Layer 2
 
     randomize coordinates of lipid center of mass        [OK]
     wrap all lipids into the unit cell                   [OK]
     set periodic boundary condition for lipids           [OK]
     wrap all protein atoms into the unit cell            [OK]
     set periodic boundary condition for protein          [OK]
     use fast algorithm                                   [OK]
     allocate memory for voronoi analysis                 [OK]
     compute voronoi vertices                             [OK]
     MC for    4  was not done (no protein atom exists in the polygon)
     MC for    6  Avor =     96.379  Ntot =       9637  Nhit =       1391
     MC for    7  was not done (no protein atom exists in the polygon)
     MC for    9  Avor =     67.724  Ntot =       6772  Nhit =       3533
     MC for   10  Avor =     50.772  Ntot =       5077  Nhit =          0
     MC for   11  Avor =     67.260  Ntot =       6725  Nhit =        136
     MC for   12  Avor =     80.545  Ntot =       8054  Nhit =        208
     MC for   13  Avor =     55.282  Ntot =       5528  Nhit =        132
     MC for   19  Avor =     73.518  Ntot =       7351  Nhit =       2037
     MC for   20  Avor =     62.098  Ntot =       6209  Nhit =       3853
     MC for   25  Avor =     74.112  Ntot =       7411  Nhit =       2013
     MC for   28  was not done (no protein atom exists in the polygon)
     MC for   29  Avor =     67.225  Ntot =       6722  Nhit =       1522
     MC for   36  Avor =     72.397  Ntot =       7239  Nhit =       4359
     MC for   39  Avor =     66.878  Ntot =       6687  Nhit =        874
     MC for   40  was not done (no protein atom exists in the polygon)
     MC for   45  Avor =     78.280  Ntot =       7827  Nhit =          0
     MC for   46  was not done (no protein atom exists in the polygon)
     MC for   47  Avor =     66.408  Ntot =       6640  Nhit =        476
     MC for   48  was not done (no protein atom exists in the polygon)
     MC for   50  Avor =     70.398  Ntot =       7039  Nhit =       5877
     MC for   51  was not done (no protein atom exists in the polygon)
     MC for   53  Avor =     68.930  Ntot =       6892  Nhit =       1282
     MC for   63  Avor =     81.065  Ntot =       8106  Nhit =       1189
     MC for   64  Avor =     93.334  Ntot =       9333  Nhit =       5836
     compute area per lipid                               [OK]
     deallocate memory                                    [OK]

 [RESULTS]
                             ALL     BOUND   N-BOUND     ERROR
   num_lipids     :           64        25        39         0
   area per lipid :       65.238    57.886    69.951

 
 INFO> Summary of the results
 
   average area of all lipids          :     67.950   /    128
   average area of boundary lipids     :     57.886   /     25
   average area of non-boundary lipids :     70.393   /    103
 
 
 INFO> Deallocate all configulation data
 INFO> Deallocate all pdb data
 
 [CPU TIME]
  total    :     0.155(sec)
  analysis :     0.061(sec)
 
