_/_/_/_/_/_/_/_/_/_/_/_/_/_/_/_/_/_/_/_/_/_/_/_/_/_/_/_/_/_/_/_/_/_/_/_/_/_/_/_/

    VTMC: Analysis of lipid surface area in protein-membrane systems
      version: 1.0
      last modified: Jan 13 2012
      programed by Takaharu Mori

    Copyright(C) 2012-
    Theoretical Biochemistry Lab, RIKEN Adv Sci Inst
    2-1 Hirosawa, Wako-shi, Saitama, 351-0198, Japan
    http://www.riken.jp/TBC07/

    Ref) T.Mori, F.Ogushi, and Y.Sugita, J.Comput.Chem., 33, 286-293 (2012)

_/_/_/_/_/_/_/_/_/_/_/_/_/_/_/_/_/_/_/_/_/_/_/_/_/_/_/_/_/_/_/_/_/_/_/_/_/_/_/_/

 INFO> Read configulation file
  
 [INPUT]
   PDB file           =  L-VTMC-1WO0.pdb-A
 
 [OUTPUT]
   output level       =      0
   output name        =  L-VTMC-1WO0.pdb-A
 
 [PROTEIN]
   residue list       =     17
      LYS       TRP       CYS       PHE       ARG       VAL       CYS       TYR 
      ARG       GLY       ILE       CYS       TYR       ARG       ARG       CYS 
      ARG 
   select hydrogen    =    YES
 
 [LIPID]
   residue list       =      1
      DPO 
   select hydrogen    =    YES
   lipid head atom    =        P9  
 
 [ATOM_MASS]
   mass list          =      6
                H     =     1.008
                C     =    12.010
                O     =    16.000
                N     =    14.010
                P     =    30.970
                S     =    32.070
 
 [VDW_RADIUS]
   vdw_radius list    =      6
                H     =     1.200
                C     =     1.700
                O     =     1.520
                N     =     1.550
                P     =     1.800
                S     =     1.800
 
 [ANALYSIS]
   cell center        =     0.000   0.000
   cell size          =    66.985  66.879
   probe atom radius  =     0.100
   factor             =           100
   iseed              =       3141592
   randomize          =    YES
   decimal place      =            12
 
 
 INFO> Read PDB file
  
     open pdb file                                        [OK]
     count the number of lipid molecules                  [OK]
     calculate the bilayer center                         [OK]
     memory allocation for lipids                         [OK]
     compute the center of mass of each lipid             [OK]
     separate the bilayer                                 [OK]
     memory allocation for lipid coordinates              [OK]
     count the number of protein atoms                    [OK]
     select protein atoms                                 [OK]
     memory allocation for protein coordinates            [OK]
     copy protein coordinates                             [OK]
 
 [SYSTEM STATISTICS]
   total number of protein atoms =         229
   total number of lipids        =         128
   bilayer center                =      38.289
 
   layer1: number of lipids =          64
                       Zmax =      63.080
                       Zmin =      33.140
           selected protein atoms =           0
 
   layer2: number of lipids =          64
                       Zmax =      45.130
                       Zmin =      12.060
           selected protein atoms =         229
 
 
 INFO> Perform Voronoi analysis for Layer 1
 
     randomize coordinates of lipid center of mass        [OK]
     wrap all lipids into the unit cell                   [OK]
     set periodic boundary condition for lipids           [OK]
     use fast algorithm                                   [OK]
     allocate memory for voronoi analysis                 [OK]
     compute voronoi vertices                             [OK]
     compute area per lipid                               [OK]
     deallocate memory                                    [OK]

 [RESULTS]
                             ALL     BOUND   N-BOUND     ERROR
   num_lipids     :           64         0        64         0
   area per lipid :       69.998     0.000    69.998

 
 INFO> Perform Voronoi analysis for Layer 2
 
     randomize coordinates of lipid center of mass        [OK]
     wrap all lipids into the unit cell                   [OK]
     set periodic boundary condition for lipids           [OK]
     wrap all protein atoms into the unit cell            [OK]
     set periodic boundary condition for protein          [OK]
     use fast algorithm                                   [OK]
     allocate memory for voronoi analysis                 [OK]
     compute voronoi vertices                             [OK]
     MC for    2  Avor =     88.939  Ntot =       8893  Nhit =       4268
     MC for    7  was not done (no protein atom exists in the polygon)
     MC for    8  was not done (no protein atom exists in the polygon)
     MC for   11  Avor =     62.861  Ntot =       6286  Nhit =          0
     MC for   12  Avor =     72.599  Ntot =       7259  Nhit =       1664
     MC for   14  Avor =     71.314  Ntot =       7131  Nhit =       1367
     MC for   19  was not done (no protein atom exists in the polygon)
     MC for   27  was not done (no protein atom exists in the polygon)
     MC for   29  Avor =     78.599  Ntot =       7859  Nhit =        434
     MC for   30  Avor =     54.135  Ntot =       5413  Nhit =         14
     MC for   31  Avor =     61.184  Ntot =       6118  Nhit =       1476
     MC for   33  Avor =     88.302  Ntot =       8830  Nhit =       2323
     MC for   35  Avor =     76.724  Ntot =       7672  Nhit =        364
     MC for   43  Avor =     95.907  Ntot =       9590  Nhit =       9576
     MC for   45  Avor =     69.147  Ntot =       6914  Nhit =         63
     MC for   46  Avor =     91.357  Ntot =       9135  Nhit =       8459
     MC for   47  Avor =     65.605  Ntot =       6560  Nhit =         46
     MC for   50  Avor =     79.074  Ntot =       7907  Nhit =       3684
     MC for   52  Avor =     65.810  Ntot =       6580  Nhit =       1471
     MC for   55  Avor =     51.617  Ntot =       5161  Nhit =         37
     MC for   60  was not done (no protein atom exists in the polygon)
     compute area per lipid                               [OK]
     deallocate memory                                    [OK]

 [RESULTS]
                             ALL     BOUND   N-BOUND     ERROR
   num_lipids     :           64        21        43         0
   area per lipid :       64.491    53.982    69.623

 
 INFO> Summary of the results
 
   average area of all lipids          :     67.244   /    128
   average area of boundary lipids     :     53.982   /     21
   average area of non-boundary lipids :     69.847   /    107
 
 
 INFO> Deallocate all configulation data
 INFO> Deallocate all pdb data
 
 [CPU TIME]
  total    :     0.131(sec)
  analysis :     0.047(sec)
 
