_/_/_/_/_/_/_/_/_/_/_/_/_/_/_/_/_/_/_/_/_/_/_/_/_/_/_/_/_/_/_/_/_/_/_/_/_/_/_/_/

    VTMC: Analysis of lipid surface area in protein-membrane systems
      version: 1.0
      last modified: Jan 13 2012
      programed by Takaharu Mori

    Copyright(C) 2012-
    Theoretical Biochemistry Lab, RIKEN Adv Sci Inst
    2-1 Hirosawa, Wako-shi, Saitama, 351-0198, Japan
    http://www.riken.jp/TBC07/

    Ref) T.Mori, F.Ogushi, and Y.Sugita, J.Comput.Chem., 33, 286-293 (2012)

_/_/_/_/_/_/_/_/_/_/_/_/_/_/_/_/_/_/_/_/_/_/_/_/_/_/_/_/_/_/_/_/_/_/_/_/_/_/_/_/

 INFO> Read configulation file
  
 [INPUT]
   PDB file           =  L-VTMC-2LO7.pdb-A
 
 [OUTPUT]
   output level       =      0
   output name        =  L-VTMC-2LO7.pdb-A
 
 [PROTEIN]
   residue list       =     31
      GLY       SER       GLY       CYS       MET       LYS       GLU       TYR 
      CYS       ALA       GLY       GLN       CYS       ARG       GLY       LYS 
      VAL       SER       GLN       ASP       TYR       CYS       LEU       LYS 
      HIS       CYS       LYS       CYS       ILE       PRO       ARG 
   select hydrogen    =    YES
 
 [LIPID]
   residue list       =      1
      DPO 
   select hydrogen    =    YES
   lipid head atom    =        P9  
 
 [ATOM_MASS]
   mass list          =      6
                H     =     1.008
                C     =    12.010
                O     =    16.000
                N     =    14.010
                P     =    30.970
                S     =    32.070
 
 [VDW_RADIUS]
   vdw_radius list    =      6
                H     =     1.200
                C     =     1.700
                O     =     1.520
                N     =     1.550
                P     =     1.800
                S     =     1.800
 
 [ANALYSIS]
   cell center        =     0.000   0.000
   cell size          =    65.427  65.323
   probe atom radius  =     0.100
   factor             =           100
   iseed              =       3141592
   randomize          =    YES
   decimal place      =            12
 
 
 INFO> Read PDB file
  
     open pdb file                                        [OK]
     count the number of lipid molecules                  [OK]
     calculate the bilayer center                         [OK]
     memory allocation for lipids                         [OK]
     compute the center of mass of each lipid             [OK]
     separate the bilayer                                 [OK]
     memory allocation for lipid coordinates              [OK]
     count the number of protein atoms                    [OK]
     select protein atoms                                 [OK]
     memory allocation for protein coordinates            [OK]
     copy protein coordinates                             [OK]
 
 [SYSTEM STATISTICS]
   total number of protein atoms =         314
   total number of lipids        =         128
   bilayer center                =      39.963
 
   layer1: number of lipids =          64
                       Zmax =      64.700
                       Zmin =      36.400
           selected protein atoms =           0
 
   layer2: number of lipids =          64
                       Zmax =      47.910
                       Zmin =      14.260
           selected protein atoms =         212
 
 
 INFO> Perform Voronoi analysis for Layer 1
 
     randomize coordinates of lipid center of mass        [OK]
     wrap all lipids into the unit cell                   [OK]
     set periodic boundary condition for lipids           [OK]
     use fast algorithm                                   [OK]
     allocate memory for voronoi analysis                 [OK]
     compute voronoi vertices                             [OK]
     compute area per lipid                               [OK]
     deallocate memory                                    [OK]

 [RESULTS]
                             ALL     BOUND   N-BOUND     ERROR
   num_lipids     :           64         0        64         0
   area per lipid :       66.779     0.000    66.779

 
 INFO> Perform Voronoi analysis for Layer 2
 
     randomize coordinates of lipid center of mass        [OK]
     wrap all lipids into the unit cell                   [OK]
     set periodic boundary condition for lipids           [OK]
     wrap all protein atoms into the unit cell            [OK]
     set periodic boundary condition for protein          [OK]
     use fast algorithm                                   [OK]
     allocate memory for voronoi analysis                 [OK]
     compute voronoi vertices                             [OK]
     MC for    1  Avor =     72.194  Ntot =       7219  Nhit =        246
     MC for    3  was not done (no protein atom exists in the polygon)
     MC for    4  Avor =     62.994  Ntot =       6299  Nhit =       6263
     MC for    5  Avor =     72.619  Ntot =       7261  Nhit =          0
     MC for    6  Avor =     70.479  Ntot =       7047  Nhit =       1293
     MC for    9  Avor =     57.680  Ntot =       5768  Nhit =       4407
     MC for   10  Avor =     73.054  Ntot =       7305  Nhit =          0
     MC for   13  Avor =     73.278  Ntot =       7327  Nhit =        384
     MC for   18  was not done (no protein atom exists in the polygon)
     MC for   21  was not done (no protein atom exists in the polygon)
     MC for   28  was not done (no protein atom exists in the polygon)
     MC for   29  Avor =     67.123  Ntot =       6712  Nhit =          0
     MC for   36  Avor =     76.819  Ntot =       7681  Nhit =       5218
     MC for   37  was not done (no protein atom exists in the polygon)
     MC for   38  Avor =     64.602  Ntot =       6460  Nhit =       1049
     MC for   39  Avor =     75.917  Ntot =       7591  Nhit =       6591
     MC for   40  Avor =     73.717  Ntot =       7371  Nhit =        420
     MC for   41  Avor =     88.011  Ntot =       8801  Nhit =        597
     MC for   45  Avor =     61.549  Ntot =       6154  Nhit =          8
     MC for   48  Avor =     65.060  Ntot =       6506  Nhit =       5148
     MC for   49  Avor =     80.404  Ntot =       8040  Nhit =       4455
     MC for   56  was not done (no protein atom exists in the polygon)
     MC for   62  Avor =     77.694  Ntot =       7769  Nhit =       3290
     compute area per lipid                               [OK]
     deallocate memory                                    [OK]

 [RESULTS]
                             ALL     BOUND   N-BOUND     ERROR
   num_lipids     :           64        23        41         0
   area per lipid :       60.628    54.713    63.946

 
 INFO> Summary of the results
 
   average area of all lipids          :     63.704   /    128
   average area of boundary lipids     :     54.713   /     23
   average area of non-boundary lipids :     65.673   /    105
 
 
 INFO> Deallocate all configulation data
 INFO> Deallocate all pdb data
 
 [CPU TIME]
  total    :     0.150(sec)
  analysis :     0.054(sec)
 
