_/_/_/_/_/_/_/_/_/_/_/_/_/_/_/_/_/_/_/_/_/_/_/_/_/_/_/_/_/_/_/_/_/_/_/_/_/_/_/_/

    VTMC: Analysis of lipid surface area in protein-membrane systems
      version: 1.0
      last modified: Jan 13 2012
      programed by Takaharu Mori

    Copyright(C) 2012-
    Theoretical Biochemistry Lab, RIKEN Adv Sci Inst
    2-1 Hirosawa, Wako-shi, Saitama, 351-0198, Japan
    http://www.riken.jp/TBC07/

    Ref) T.Mori, F.Ogushi, and Y.Sugita, J.Comput.Chem., 33, 286-293 (2012)

_/_/_/_/_/_/_/_/_/_/_/_/_/_/_/_/_/_/_/_/_/_/_/_/_/_/_/_/_/_/_/_/_/_/_/_/_/_/_/_/

 INFO> Read configulation file
  
 [INPUT]
   PDB file           =  L-VTMC-4B19.pdb-A
 
 [OUTPUT]
   output level       =      0
   output name        =  L-VTMC-4B19.pdb-A
 
 [PROTEIN]
   residue list       =     36
      ASP       ALA       ASP       SER       SER       ILE       GLU       LYS 
      GLN       VAL       ALA       LEU       LEU       LYS       ALA       LEU 
      TYR       GLY       HIS       GLY       GLN       ILE       SER       HIS 
      LYS       ARG       HIS       LYS       THR       ASP       SER       PHE 
      VAL       GLY       LEU       MET 
   select hydrogen    =    YES
 
 [LIPID]
   residue list       =      1
      DPO 
   select hydrogen    =    YES
   lipid head atom    =        P9  
 
 [ATOM_MASS]
   mass list          =      6
                H     =     1.008
                C     =    12.010
                O     =    16.000
                N     =    14.010
                P     =    30.970
                S     =    32.070
 
 [VDW_RADIUS]
   vdw_radius list    =      6
                H     =     1.200
                C     =     1.700
                O     =     1.520
                N     =     1.550
                P     =     1.800
                S     =     1.800
 
 [ANALYSIS]
   cell center        =     0.000   0.000
   cell size          =    66.772  66.667
   probe atom radius  =     0.100
   factor             =           100
   iseed              =       3141592
   randomize          =    YES
   decimal place      =            12
 
 
 INFO> Read PDB file
  
     open pdb file                                        [OK]
     count the number of lipid molecules                  [OK]
     calculate the bilayer center                         [OK]
     memory allocation for lipids                         [OK]
     compute the center of mass of each lipid             [OK]
     separate the bilayer                                 [OK]
     memory allocation for lipid coordinates              [OK]
     count the number of protein atoms                    [OK]
     select protein atoms                                 [OK]
     memory allocation for protein coordinates            [OK]
     copy protein coordinates                             [OK]
 
 [SYSTEM STATISTICS]
   total number of protein atoms =         363
   total number of lipids        =         128
   bilayer center                =      38.034
 
   layer1: number of lipids =          64
                       Zmax =      61.140
                       Zmin =      32.670
           selected protein atoms =           0
 
   layer2: number of lipids =          64
                       Zmax =      43.210
                       Zmin =      11.530
           selected protein atoms =         313
 
 
 INFO> Perform Voronoi analysis for Layer 1
 
     randomize coordinates of lipid center of mass        [OK]
     wrap all lipids into the unit cell                   [OK]
     set periodic boundary condition for lipids           [OK]
     use fast algorithm                                   [OK]
     allocate memory for voronoi analysis                 [OK]
     compute voronoi vertices                             [OK]
     compute area per lipid                               [OK]
     deallocate memory                                    [OK]

 [RESULTS]
                             ALL     BOUND   N-BOUND     ERROR
   num_lipids     :           64         0        64         0
   area per lipid :       69.555     0.000    69.555

 
 INFO> Perform Voronoi analysis for Layer 2
 
     randomize coordinates of lipid center of mass        [OK]
     wrap all lipids into the unit cell                   [OK]
     set periodic boundary condition for lipids           [OK]
     wrap all protein atoms into the unit cell            [OK]
     set periodic boundary condition for protein          [OK]
     use fast algorithm                                   [OK]
     allocate memory for voronoi analysis                 [OK]
     compute voronoi vertices                             [OK]
     MC for    1  Avor =     74.963  Ntot =       7496  Nhit =       1889
     MC for    3  Avor =     87.716  Ntot =       8771  Nhit =       4093
     MC for    5  was not done (no protein atom exists in the polygon)
     MC for    6  was not done (no protein atom exists in the polygon)
     MC for    8  Avor =     84.328  Ntot =       8432  Nhit =          4
     MC for   10  Avor =     77.024  Ntot =       7702  Nhit =          0
     MC for   11  was not done (no protein atom exists in the polygon)
     MC for   12  Avor =     74.652  Ntot =       7465  Nhit =       2801
     MC for   17  Avor =     68.088  Ntot =       6808  Nhit =         75
     MC for   19  Avor =     50.357  Ntot =       5035  Nhit =          0
     MC for   20  Avor =     55.753  Ntot =       5575  Nhit =       1046
     MC for   22  Avor =     63.059  Ntot =       6305  Nhit =          0
     MC for   29  Avor =     93.679  Ntot =       9367  Nhit =       7453
     MC for   32  was not done (no protein atom exists in the polygon)
     MC for   34  Avor =     81.974  Ntot =       8197  Nhit =       3732
     MC for   36  Avor =    107.907  Ntot =      10790  Nhit =       9485
     MC for   37  Avor =     47.408  Ntot =       4740  Nhit =       1309
     MC for   39  Avor =     81.893  Ntot =       8189  Nhit =       1048
     MC for   43  was not done (no protein atom exists in the polygon)
     MC for   45  Avor =     61.575  Ntot =       6157  Nhit =       2646
     MC for   46  Avor =     67.182  Ntot =       6718  Nhit =       2691
     MC for   47  Avor =     75.485  Ntot =       7548  Nhit =       5546
     MC for   49  Avor =     80.345  Ntot =       8034  Nhit =       3682
     MC for   50  Avor =     59.826  Ntot =       5982  Nhit =       5378
     MC for   51  was not done (no protein atom exists in the polygon)
     MC for   53  Avor =     57.862  Ntot =       5786  Nhit =          0
     MC for   57  Avor =     70.543  Ntot =       7054  Nhit =       5079
     MC for   59  was not done (no protein atom exists in the polygon)
     MC for   61  Avor =     58.140  Ntot =       5814  Nhit =          0
     MC for   62  Avor =     48.751  Ntot =       4875  Nhit =        952
     MC for   63  Avor =     44.495  Ntot =       4449  Nhit =        858
     MC for   64  Avor =     65.692  Ntot =       6569  Nhit =       1842
     compute area per lipid                               [OK]
     deallocate memory                                    [OK]

 [RESULTS]
                             ALL     BOUND   N-BOUND     ERROR
   num_lipids     :           64        32        32         0
   area per lipid :       59.927    49.767    70.087

 
 INFO> Summary of the results
 
   average area of all lipids          :     64.741   /    128
   average area of boundary lipids     :     49.767   /     32
   average area of non-boundary lipids :     69.732   /     96
 
 
 INFO> Deallocate all configulation data
 INFO> Deallocate all pdb data
 
 [CPU TIME]
  total    :     0.163(sec)
  analysis :     0.065(sec)
 
