_/_/_/_/_/_/_/_/_/_/_/_/_/_/_/_/_/_/_/_/_/_/_/_/_/_/_/_/_/_/_/_/_/_/_/_/_/_/_/_/

    VTMC: Analysis of lipid surface area in protein-membrane systems
      version: 1.0
      last modified: Jan 13 2012
      programed by Takaharu Mori

    Copyright(C) 2012-
    Theoretical Biochemistry Lab, RIKEN Adv Sci Inst
    2-1 Hirosawa, Wako-shi, Saitama, 351-0198, Japan
    http://www.riken.jp/TBC07/

    Ref) T.Mori, F.Ogushi, and Y.Sugita, J.Comput.Chem., 33, 286-293 (2012)

_/_/_/_/_/_/_/_/_/_/_/_/_/_/_/_/_/_/_/_/_/_/_/_/_/_/_/_/_/_/_/_/_/_/_/_/_/_/_/_/

 INFO> Read configulation file
  
 [INPUT]
   PDB file           =  L-VTMC-GIB5.pdb-A
 
 [OUTPUT]
   output level       =      0
   output name        =  L-VTMC-GIB5.pdb-A
 
 [PROTEIN]
   residue list       =     11
      PHE       PRO       LYS       ILE       PHE       LYS       ILE       THR 
      ARG       LYS       SER 
   select hydrogen    =    YES
 
 [LIPID]
   residue list       =      1
      DPO 
   select hydrogen    =    YES
   lipid head atom    =        P9  
 
 [ATOM_MASS]
   mass list          =      6
                H     =     1.008
                C     =    12.010
                O     =    16.000
                N     =    14.010
                P     =    30.970
                S     =    32.070
 
 [VDW_RADIUS]
   vdw_radius list    =      6
                H     =     1.200
                C     =     1.700
                O     =     1.520
                N     =     1.550
                P     =     1.800
                S     =     1.800
 
 [ANALYSIS]
   cell center        =     0.000   0.000
   cell size          =    67.678  67.571
   probe atom radius  =     0.100
   factor             =           100
   iseed              =       3141592
   randomize          =    YES
   decimal place      =            12
 
 
 INFO> Read PDB file
  
     open pdb file                                        [OK]
     count the number of lipid molecules                  [OK]
     calculate the bilayer center                         [OK]
     memory allocation for lipids                         [OK]
     compute the center of mass of each lipid             [OK]
     separate the bilayer                                 [OK]
     memory allocation for lipid coordinates              [OK]
     count the number of protein atoms                    [OK]
     select protein atoms                                 [OK]
     memory allocation for protein coordinates            [OK]
     copy protein coordinates                             [OK]
 
 [SYSTEM STATISTICS]
   total number of protein atoms =         135
   total number of lipids        =         128
   bilayer center                =      37.994
 
   layer1: number of lipids =          64
                       Zmax =      63.090
                       Zmin =      33.750
           selected protein atoms =         129
 
   layer2: number of lipids =          64
                       Zmax =      45.750
                       Zmin =      12.210
           selected protein atoms =           1
 
 
 INFO> Perform Voronoi analysis for Layer 1
 
     randomize coordinates of lipid center of mass        [OK]
     wrap all lipids into the unit cell                   [OK]
     set periodic boundary condition for lipids           [OK]
     wrap all protein atoms into the unit cell            [OK]
     set periodic boundary condition for protein          [OK]
     use fast algorithm                                   [OK]
     allocate memory for voronoi analysis                 [OK]
     compute voronoi vertices                             [OK]
     MC for    4  Avor =     61.453  Ntot =       6145  Nhit =        201
     MC for    8  was not done (no protein atom exists in the polygon)
     MC for   13  was not done (no protein atom exists in the polygon)
     MC for   15  Avor =     55.193  Ntot =       5519  Nhit =          0
     MC for   17  Avor =     73.944  Ntot =       7394  Nhit =       5053
     MC for   18  was not done (no protein atom exists in the polygon)
     MC for   19  Avor =     84.814  Ntot =       8481  Nhit =       6246
     MC for   20  Avor =     53.353  Ntot =       5335  Nhit =       2839
     MC for   22  Avor =     71.730  Ntot =       7173  Nhit =        835
     MC for   23  Avor =     59.131  Ntot =       5913  Nhit =          0
     MC for   24  was not done (no protein atom exists in the polygon)
     MC for   26  Avor =     86.817  Ntot =       8681  Nhit =       1907
     MC for   33  Avor =     87.388  Ntot =       8738  Nhit =       2990
     MC for   41  Avor =     64.737  Ntot =       6473  Nhit =        307
     MC for   43  Avor =     61.595  Ntot =       6159  Nhit =       1199
     MC for   44  Avor =     86.099  Ntot =       8609  Nhit =       4706
     MC for   45  Avor =     64.213  Ntot =       6421  Nhit =        992
     MC for   58  Avor =     62.830  Ntot =       6283  Nhit =          0
     compute area per lipid                               [OK]
     deallocate memory                                    [OK]

 [RESULTS]
                             ALL     BOUND   N-BOUND     ERROR
   num_lipids     :           64        18        46         0
   area per lipid :       67.192    55.201    71.884

 
 INFO> Perform Voronoi analysis for Layer 2
 
     randomize coordinates of lipid center of mass        [OK]
     wrap all lipids into the unit cell                   [OK]
     set periodic boundary condition for lipids           [OK]
     wrap all protein atoms into the unit cell            [OK]
     set periodic boundary condition for protein          [OK]
     use fast algorithm                                   [OK]
     allocate memory for voronoi analysis                 [OK]
     compute voronoi vertices                             [OK]
     MC for   43  Avor =     67.157  Ntot =       6715  Nhit =        329
     MC for   45  was not done (no protein atom exists in the polygon)
     MC for   46  was not done (no protein atom exists in the polygon)
     MC for   47  Avor =     84.894  Ntot =       8489  Nhit =        189
     MC for   50  Avor =     73.703  Ntot =       7370  Nhit =          0
     MC for   52  was not done (no protein atom exists in the polygon)
     compute area per lipid                               [OK]
     deallocate memory                                    [OK]

 [RESULTS]
                             ALL     BOUND   N-BOUND     ERROR
   num_lipids     :           64         6        58         0
   area per lipid :       71.373    72.704    71.236

 
 INFO> Summary of the results
 
   average area of all lipids          :     69.283   /    128
   average area of boundary lipids     :     59.577   /     24
   average area of non-boundary lipids :     71.523   /    104
 
 
 INFO> Deallocate all configulation data
 INFO> Deallocate all pdb data
 
 [CPU TIME]
  total    :     0.150(sec)
  analysis :     0.054(sec)
 
