_/_/_/_/_/_/_/_/_/_/_/_/_/_/_/_/_/_/_/_/_/_/_/_/_/_/_/_/_/_/_/_/_/_/_/_/_/_/_/_/

    VTMC: Analysis of lipid surface area in protein-membrane systems
      version: 1.0
      last modified: Jan 13 2012
      programed by Takaharu Mori

    Copyright(C) 2012-
    Theoretical Biochemistry Lab, RIKEN Adv Sci Inst
    2-1 Hirosawa, Wako-shi, Saitama, 351-0198, Japan
    http://www.riken.jp/TBC07/

    Ref) T.Mori, F.Ogushi, and Y.Sugita, J.Comput.Chem., 33, 286-293 (2012)

_/_/_/_/_/_/_/_/_/_/_/_/_/_/_/_/_/_/_/_/_/_/_/_/_/_/_/_/_/_/_/_/_/_/_/_/_/_/_/_/

 INFO> Read configulation file
  
 [INPUT]
   PDB file           =  L-VTMC-GIB27.pdb-A
 
 [OUTPUT]
   output level       =      0
   output name        =  L-VTMC-GIB27.pdb-A
 
 [PROTEIN]
   residue list       =     12
      THR       PRO       LYS       GLY       LEU       ILE       THR       MET 
      LYS       PHE       PHE       ALA 
   select hydrogen    =    YES
 
 [LIPID]
   residue list       =      1
      DPO 
   select hydrogen    =    YES
   lipid head atom    =        P9  
 
 [ATOM_MASS]
   mass list          =      6
                H     =     1.008
                C     =    12.010
                O     =    16.000
                N     =    14.010
                P     =    30.970
                S     =    32.070
 
 [VDW_RADIUS]
   vdw_radius list    =      6
                H     =     1.200
                C     =     1.700
                O     =     1.520
                N     =     1.550
                P     =     1.800
                S     =     1.800
 
 [ANALYSIS]
   cell center        =     0.000   0.000
   cell size          =    66.839  66.733
   probe atom radius  =     0.100
   factor             =           100
   iseed              =       3141592
   randomize          =    YES
   decimal place      =            12
 
 
 INFO> Read PDB file
  
     open pdb file                                        [OK]
     count the number of lipid molecules                  [OK]
     calculate the bilayer center                         [OK]
     memory allocation for lipids                         [OK]
     compute the center of mass of each lipid             [OK]
     separate the bilayer                                 [OK]
     memory allocation for lipid coordinates              [OK]
     count the number of protein atoms                    [OK]
     select protein atoms                                 [OK]
     memory allocation for protein coordinates            [OK]
     copy protein coordinates                             [OK]
 
 [SYSTEM STATISTICS]
   total number of protein atoms =         126
   total number of lipids        =         128
   bilayer center                =      38.720
 
   layer1: number of lipids =          64
                       Zmax =      64.180
                       Zmin =      32.680
           selected protein atoms =           0
 
   layer2: number of lipids =          64
                       Zmax =      46.300
                       Zmin =      13.180
           selected protein atoms =         124
 
 
 INFO> Perform Voronoi analysis for Layer 1
 
     randomize coordinates of lipid center of mass        [OK]
     wrap all lipids into the unit cell                   [OK]
     set periodic boundary condition for lipids           [OK]
     use fast algorithm                                   [OK]
     allocate memory for voronoi analysis                 [OK]
     compute voronoi vertices                             [OK]
     compute area per lipid                               [OK]
     deallocate memory                                    [OK]

 [RESULTS]
                             ALL     BOUND   N-BOUND     ERROR
   num_lipids     :           64         0        64         0
   area per lipid :       69.693     0.000    69.693

 
 INFO> Perform Voronoi analysis for Layer 2
 
     randomize coordinates of lipid center of mass        [OK]
     wrap all lipids into the unit cell                   [OK]
     set periodic boundary condition for lipids           [OK]
     wrap all protein atoms into the unit cell            [OK]
     set periodic boundary condition for protein          [OK]
     use fast algorithm                                   [OK]
     allocate memory for voronoi analysis                 [OK]
     compute voronoi vertices                             [OK]
     MC for    1  Avor =     77.640  Ntot =       7764  Nhit =        404
     MC for    4  Avor =     72.410  Ntot =       7241  Nhit =          0
     MC for    6  Avor =     87.518  Ntot =       8751  Nhit =       2691
     MC for    9  Avor =    100.297  Ntot =      10029  Nhit =       8004
     MC for   13  Avor =     69.051  Ntot =       6905  Nhit =        642
     MC for   14  Avor =     56.703  Ntot =       5670  Nhit =        499
     MC for   29  Avor =     66.305  Ntot =       6630  Nhit =        114
     MC for   36  Avor =     85.696  Ntot =       8569  Nhit =       5095
     MC for   38  Avor =     80.636  Ntot =       8063  Nhit =        861
     MC for   39  Avor =     64.067  Ntot =       6406  Nhit =          0
     MC for   45  Avor =     78.730  Ntot =       7873  Nhit =       3979
     MC for   62  Avor =     72.619  Ntot =       7261  Nhit =          0
     MC for   64  was not done (no protein atom exists in the polygon)
     compute area per lipid                               [OK]
     deallocate memory                                    [OK]

 [RESULTS]
                             ALL     BOUND   N-BOUND     ERROR
   num_lipids     :           64        13        51         0
   area per lipid :       66.210    57.148    68.520

 
 INFO> Summary of the results
 
   average area of all lipids          :     67.952   /    128
   average area of boundary lipids     :     57.148   /     13
   average area of non-boundary lipids :     69.173   /    115
 
 
 INFO> Deallocate all configulation data
 INFO> Deallocate all pdb data
 
 [CPU TIME]
  total    :     0.169(sec)
  analysis :     0.054(sec)
 
