_/_/_/_/_/_/_/_/_/_/_/_/_/_/_/_/_/_/_/_/_/_/_/_/_/_/_/_/_/_/_/_/_/_/_/_/_/_/_/_/

    VTMC: Analysis of lipid surface area in protein-membrane systems
      version: 1.0
      last modified: Jan 13 2012
      programed by Takaharu Mori

    Copyright(C) 2012-
    Theoretical Biochemistry Lab, RIKEN Adv Sci Inst
    2-1 Hirosawa, Wako-shi, Saitama, 351-0198, Japan
    http://www.riken.jp/TBC07/

    Ref) T.Mori, F.Ogushi, and Y.Sugita, J.Comput.Chem., 33, 286-293 (2012)

_/_/_/_/_/_/_/_/_/_/_/_/_/_/_/_/_/_/_/_/_/_/_/_/_/_/_/_/_/_/_/_/_/_/_/_/_/_/_/_/

 INFO> Read configulation file
  
 [INPUT]
   PDB file           =  L-VTMC-GIB26.pdb-A
 
 [OUTPUT]
   output level       =      0
   output name        =  L-VTMC-GIB26.pdb-A
 
 [PROTEIN]
   residue list       =     11
      THR       LYS       LYS       LYS       ASN       GLY       GLY       PHE 
      MET       THR       THR 
   select hydrogen    =    YES
 
 [LIPID]
   residue list       =      1
      POP 
   select hydrogen    =    YES
   lipid head atom    =        P8  
 
 [ATOM_MASS]
   mass list          =      6
                H     =     1.008
                C     =    12.010
                O     =    16.000
                N     =    14.010
                P     =    30.970
                S     =    32.070
 
 [VDW_RADIUS]
   vdw_radius list    =      6
                H     =     1.200
                C     =     1.700
                O     =     1.520
                N     =     1.550
                P     =     1.800
                S     =     1.800
 
 [ANALYSIS]
   cell center        =     0.000   0.000
   cell size          =    89.881  89.087
   probe atom radius  =     0.100
   factor             =           100
   iseed              =       3141592
   randomize          =    YES
   decimal place      =            12
 
 
 INFO> Read PDB file
  
     open pdb file                                        [OK]
     count the number of lipid molecules                  [OK]
     calculate the bilayer center                         [OK]
     memory allocation for lipids                         [OK]
     compute the center of mass of each lipid             [OK]
     separate the bilayer                                 [OK]
     memory allocation for lipid coordinates              [OK]
     count the number of protein atoms                    [OK]
     select protein atoms                                 [OK]
     memory allocation for protein coordinates            [OK]
     copy protein coordinates                             [OK]
 
 [SYSTEM STATISTICS]
   total number of protein atoms =         116
   total number of lipids        =         340
   bilayer center                =      43.411
 
   layer1: number of lipids =         170
                       Zmax =      73.530
                       Zmin =      39.730
           selected protein atoms =           0
 
   layer2: number of lipids =         170
                       Zmax =      47.350
                       Zmin =      13.640
           selected protein atoms =          58
 
 
 INFO> Perform Voronoi analysis for Layer 1
 
     randomize coordinates of lipid center of mass        [OK]
     wrap all lipids into the unit cell                   [OK]
     set periodic boundary condition for lipids           [OK]
     use fast algorithm                                   [OK]
     allocate memory for voronoi analysis                 [OK]
     compute voronoi vertices                             [OK]
     compute area per lipid                               [OK]
     deallocate memory                                    [OK]

 [RESULTS]
                             ALL     BOUND   N-BOUND     ERROR
   num_lipids     :          170         0       170         0
   area per lipid :       47.101     0.000    47.101

 
 INFO> Perform Voronoi analysis for Layer 2
 
     randomize coordinates of lipid center of mass        [OK]
     wrap all lipids into the unit cell                   [OK]
     set periodic boundary condition for lipids           [OK]
     wrap all protein atoms into the unit cell            [OK]
     set periodic boundary condition for protein          [OK]
     use fast algorithm                                   [OK]
     allocate memory for voronoi analysis                 [OK]
     compute voronoi vertices                             [OK]
     MC for   22  Avor =     49.522  Ntot =       4952  Nhit =         37
     MC for   26  was not done (no protein atom exists in the polygon)
     MC for   27  was not done (no protein atom exists in the polygon)
     MC for   44  was not done (no protein atom exists in the polygon)
     MC for   73  Avor =     48.065  Ntot =       4806  Nhit =         49
     MC for   77  was not done (no protein atom exists in the polygon)
     MC for   80  was not done (no protein atom exists in the polygon)
     MC for   81  Avor =     46.492  Ntot =       4649  Nhit =       1155
     MC for   82  Avor =     54.330  Ntot =       5432  Nhit =       2387
     MC for   83  was not done (no protein atom exists in the polygon)
     MC for   87  Avor =     38.488  Ntot =       3848  Nhit =       3371
     MC for   89  Avor =     46.587  Ntot =       4658  Nhit =        787
     MC for   90  Avor =     44.680  Ntot =       4468  Nhit =        325
     MC for   91  Avor =     39.220  Ntot =       3922  Nhit =       1841
     MC for   92  Avor =     38.500  Ntot =       3849  Nhit =         73
     MC for   93  Avor =     45.278  Ntot =       4527  Nhit =        124
     MC for   94  Avor =     45.069  Ntot =       4506  Nhit =       3787
     compute area per lipid                               [OK]
     deallocate memory                                    [OK]

 [RESULTS]
                             ALL     BOUND   N-BOUND     ERROR
   num_lipids     :          170        17       153         0
   area per lipid :       46.281    39.072    47.082

 
 INFO> Summary of the results
 
   average area of all lipids          :     46.691   /    340
   average area of boundary lipids     :     39.072   /     17
   average area of non-boundary lipids :     47.092   /    323
 
 
 INFO> Deallocate all configulation data
 INFO> Deallocate all pdb data
 
 [CPU TIME]
  total    :     0.674(sec)
  analysis :     0.498(sec)
 
