_/_/_/_/_/_/_/_/_/_/_/_/_/_/_/_/_/_/_/_/_/_/_/_/_/_/_/_/_/_/_/_/_/_/_/_/_/_/_/_/

    VTMC: Analysis of lipid surface area in protein-membrane systems
      version: 1.0
      last modified: Jan 13 2012
      programed by Takaharu Mori

    Copyright(C) 2012-
    Theoretical Biochemistry Lab, RIKEN Adv Sci Inst
    2-1 Hirosawa, Wako-shi, Saitama, 351-0198, Japan
    http://www.riken.jp/TBC07/

    Ref) T.Mori, F.Ogushi, and Y.Sugita, J.Comput.Chem., 33, 286-293 (2012)

_/_/_/_/_/_/_/_/_/_/_/_/_/_/_/_/_/_/_/_/_/_/_/_/_/_/_/_/_/_/_/_/_/_/_/_/_/_/_/_/

 INFO> Read configulation file
  
 [INPUT]
   PDB file           =  L-VTMC-2LQA.pdb-A
 
 [OUTPUT]
   output level       =      0
   output name        =  L-VTMC-2LQA.pdb-A
 
 [PROTEIN]
   residue list       =     37
      GLU       GLY       CYS       ALA       PHE       GLU       GLY       GLU 
      SER       CYS       ASN       VAL       GLN       PHE       TYR       PRO 
      CYS       CYS       PRO       GLY       LEU       GLY       LEU       THR 
      CYS       ILE       PRO       GLY       ASN       PRO       ASP       GLY 
      THR       CYS       TYR       TYR       LEU 
   select hydrogen    =    YES
 
 [LIPID]
   residue list       =      1
      POP 
   select hydrogen    =    YES
   lipid head atom    =        P8  
 
 [ATOM_MASS]
   mass list          =      6
                H     =     1.008
                C     =    12.010
                O     =    16.000
                N     =    14.010
                P     =    30.970
                S     =    32.070
 
 [VDW_RADIUS]
   vdw_radius list    =      6
                H     =     1.200
                C     =     1.700
                O     =     1.520
                N     =     1.550
                P     =     1.800
                S     =     1.800
 
 [ANALYSIS]
   cell center        =     0.000   0.000
   cell size          =    89.781  88.988
   probe atom radius  =     0.100
   factor             =           100
   iseed              =       3141592
   randomize          =    YES
   decimal place      =            12
 
 
 INFO> Read PDB file
  
     open pdb file                                        [OK]
     count the number of lipid molecules                  [OK]
     calculate the bilayer center                         [OK]
     memory allocation for lipids                         [OK]
     compute the center of mass of each lipid             [OK]
     separate the bilayer                                 [OK]
     memory allocation for lipid coordinates              [OK]
     count the number of protein atoms                    [OK]
     select protein atoms                                 [OK]
     memory allocation for protein coordinates            [OK]
     copy protein coordinates                             [OK]
 
 [SYSTEM STATISTICS]
   total number of protein atoms =         340
   total number of lipids        =         340
   bilayer center                =      43.400
 
   layer1: number of lipids =         170
                       Zmax =      74.320
                       Zmin =      39.870
           selected protein atoms =           0
 
   layer2: number of lipids =         170
                       Zmax =      46.960
                       Zmin =      13.290
           selected protein atoms =         104
 
 
 INFO> Perform Voronoi analysis for Layer 1
 
     randomize coordinates of lipid center of mass        [OK]
     wrap all lipids into the unit cell                   [OK]
     set periodic boundary condition for lipids           [OK]
     use fast algorithm                                   [OK]
     allocate memory for voronoi analysis                 [OK]
     compute voronoi vertices                             [OK]
     compute area per lipid                               [OK]
     deallocate memory                                    [OK]

 [RESULTS]
                             ALL     BOUND   N-BOUND     ERROR
   num_lipids     :          170         0       170         0
   area per lipid :       46.997     0.000    46.997

 
 INFO> Perform Voronoi analysis for Layer 2
 
     randomize coordinates of lipid center of mass        [OK]
     wrap all lipids into the unit cell                   [OK]
     set periodic boundary condition for lipids           [OK]
     wrap all protein atoms into the unit cell            [OK]
     set periodic boundary condition for protein          [OK]
     use fast algorithm                                   [OK]
     allocate memory for voronoi analysis                 [OK]
     compute voronoi vertices                             [OK]
     MC for   26  Avor =     47.181  Ntot =       4718  Nhit =          0
     MC for   29  was not done (no protein atom exists in the polygon)
     MC for   41  Avor =     41.188  Ntot =       4118  Nhit =       2841
     MC for   44  Avor =     48.534  Ntot =       4853  Nhit =       2107
     MC for   47  Avor =     41.775  Ntot =       4177  Nhit =          0
     MC for   48  was not done (no protein atom exists in the polygon)
     MC for   79  was not done (no protein atom exists in the polygon)
     MC for   80  Avor =     48.292  Ntot =       4829  Nhit =        419
     MC for   87  was not done (no protein atom exists in the polygon)
     MC for   89  Avor =     48.537  Ntot =       4853  Nhit =       1598
     MC for   90  Avor =     40.734  Ntot =       4073  Nhit =        774
     MC for   91  was not done (no protein atom exists in the polygon)
     MC for   93  Avor =     43.996  Ntot =       4399  Nhit =       2865
     MC for   94  Avor =     42.166  Ntot =       4216  Nhit =       1393
     MC for  129  Avor =     34.182  Ntot =       3418  Nhit =        963
     MC for  130  Avor =     47.095  Ntot =       4709  Nhit =       1605
     MC for  131  Avor =     42.694  Ntot =       4269  Nhit =       2814
     MC for  136  Avor =     55.207  Ntot =       5520  Nhit =          0
     MC for  138  Avor =     45.735  Ntot =       4573  Nhit =       1026
     MC for  140  Avor =     45.780  Ntot =       4577  Nhit =       4560
     MC for  141  Avor =     53.118  Ntot =       5311  Nhit =          0
     MC for  142  Avor =     53.530  Ntot =       5353  Nhit =       2687
     MC for  143  Avor =     50.327  Ntot =       5032  Nhit =       4535
     compute area per lipid                               [OK]
     deallocate memory                                    [OK]

 [RESULTS]
                             ALL     BOUND   N-BOUND     ERROR
   num_lipids     :          170        23       147         0
   area per lipid :       45.221    33.255    47.093

 
 INFO> Summary of the results
 
   average area of all lipids          :     46.109   /    340
   average area of boundary lipids     :     33.255   /     23
   average area of non-boundary lipids :     47.041   /    317
 
 
 INFO> Deallocate all configulation data
 INFO> Deallocate all pdb data
 
 [CPU TIME]
  total    :     0.725(sec)
  analysis :     0.547(sec)
 
