_/_/_/_/_/_/_/_/_/_/_/_/_/_/_/_/_/_/_/_/_/_/_/_/_/_/_/_/_/_/_/_/_/_/_/_/_/_/_/_/

    VTMC: Analysis of lipid surface area in protein-membrane systems
      version: 1.0
      last modified: Jan 13 2012
      programed by Takaharu Mori

    Copyright(C) 2012-
    Theoretical Biochemistry Lab, RIKEN Adv Sci Inst
    2-1 Hirosawa, Wako-shi, Saitama, 351-0198, Japan
    http://www.riken.jp/TBC07/

    Ref) T.Mori, F.Ogushi, and Y.Sugita, J.Comput.Chem., 33, 286-293 (2012)

_/_/_/_/_/_/_/_/_/_/_/_/_/_/_/_/_/_/_/_/_/_/_/_/_/_/_/_/_/_/_/_/_/_/_/_/_/_/_/_/

 INFO> Read configulation file
  
 [INPUT]
   PDB file           =  L-VTMC-2M9I.pdb-A
 
 [OUTPUT]
   output level       =      0
   output name        =  L-VTMC-2M9I.pdb-A
 
 [PROTEIN]
   residue list       =     34
      LYS       LEU       PRO       PRO       GLY       TRP       GLU       LYS 
      ARG       MET       PHE       ARG       SER       ASN       GLY       THR 
      VAL       TYR       TYR       PHE       ASN       HIS       ILE       THR 
      ASN       ALA       SER       GLN       PHE       GLU       ARG       PRO 
      SER       GLY 
   select hydrogen    =    YES
 
 [LIPID]
   residue list       =      1
      POP 
   select hydrogen    =    YES
   lipid head atom    =        P8  
 
 [ATOM_MASS]
   mass list          =      6
                H     =     1.008
                C     =    12.010
                O     =    16.000
                N     =    14.010
                P     =    30.970
                S     =    32.070
 
 [VDW_RADIUS]
   vdw_radius list    =      6
                H     =     1.200
                C     =     1.700
                O     =     1.520
                N     =     1.550
                P     =     1.800
                S     =     1.800
 
 [ANALYSIS]
   cell center        =     0.000   0.000
   cell size          =    89.983  89.188
   probe atom radius  =     0.100
   factor             =           100
   iseed              =       3141592
   randomize          =    YES
   decimal place      =            12
 
 
 INFO> Read PDB file
  
     open pdb file                                        [OK]
     count the number of lipid molecules                  [OK]
     calculate the bilayer center                         [OK]
     memory allocation for lipids                         [OK]
     compute the center of mass of each lipid             [OK]
     separate the bilayer                                 [OK]
     memory allocation for lipid coordinates              [OK]
     count the number of protein atoms                    [OK]
     select protein atoms                                 [OK]
     memory allocation for protein coordinates            [OK]
     copy protein coordinates                             [OK]
 
 [SYSTEM STATISTICS]
   total number of protein atoms =         386
   total number of lipids        =         340
   bilayer center                =      43.175
 
   layer1: number of lipids =         170
                       Zmax =      73.390
                       Zmin =      40.510
           selected protein atoms =           0
 
   layer2: number of lipids =         170
                       Zmax =      47.450
                       Zmin =      12.210
           selected protein atoms =         180
 
 
 INFO> Perform Voronoi analysis for Layer 1
 
     randomize coordinates of lipid center of mass        [OK]
     wrap all lipids into the unit cell                   [OK]
     set periodic boundary condition for lipids           [OK]
     use fast algorithm                                   [OK]
     allocate memory for voronoi analysis                 [OK]
     compute voronoi vertices                             [OK]
     compute area per lipid                               [OK]
     deallocate memory                                    [OK]

 [RESULTS]
                             ALL     BOUND   N-BOUND     ERROR
   num_lipids     :          170         0       170         0
   area per lipid :       47.208     0.000    47.208

 
 INFO> Perform Voronoi analysis for Layer 2
 
     randomize coordinates of lipid center of mass        [OK]
     wrap all lipids into the unit cell                   [OK]
     set periodic boundary condition for lipids           [OK]
     wrap all protein atoms into the unit cell            [OK]
     set periodic boundary condition for protein          [OK]
     use fast algorithm                                   [OK]
     allocate memory for voronoi analysis                 [OK]
     compute voronoi vertices                             [OK]
     MC for   13  Avor =     45.771  Ntot =       4577  Nhit =         10
     MC for   23  Avor =     47.996  Ntot =       4799  Nhit =       4229
     MC for   24  Avor =     45.742  Ntot =       4574  Nhit =        199
     MC for   25  Avor =     47.652  Ntot =       4765  Nhit =        238
     MC for   26  Avor =     45.966  Ntot =       4596  Nhit =        379
     MC for   27  Avor =     63.600  Ntot =       6359  Nhit =       5665
     MC for   28  Avor =     39.333  Ntot =       3933  Nhit =        565
     MC for   30  Avor =     47.707  Ntot =       4770  Nhit =        444
     MC for   36  was not done (no protein atom exists in the polygon)
     MC for   41  Avor =     41.580  Ntot =       4158  Nhit =       1524
     MC for   44  Avor =     43.738  Ntot =       4373  Nhit =        564
     MC for   80  was not done (no protein atom exists in the polygon)
     MC for   81  Avor =     41.930  Ntot =       4192  Nhit =          0
     MC for   82  Avor =     39.481  Ntot =       3948  Nhit =         32
     MC for   89  Avor =     64.042  Ntot =       6404  Nhit =       5690
     MC for   90  Avor =     59.528  Ntot =       5952  Nhit =       1033
     MC for   91  was not done (no protein atom exists in the polygon)
     MC for   93  Avor =     56.727  Ntot =       5672  Nhit =       4254
     MC for   94  Avor =     60.230  Ntot =       6023  Nhit =       4818
     MC for  129  Avor =     34.762  Ntot =       3476  Nhit =          0
     MC for  130  was not done (no protein atom exists in the polygon)
     MC for  138  Avor =     37.756  Ntot =       3775  Nhit =        656
     MC for  140  Avor =     46.109  Ntot =       4610  Nhit =        578
     MC for  142  Avor =     40.773  Ntot =       4077  Nhit =        411
     MC for  143  Avor =     65.116  Ntot =       6511  Nhit =       3322
     compute area per lipid                               [OK]
     deallocate memory                                    [OK]

 [RESULTS]
                             ALL     BOUND   N-BOUND     ERROR
   num_lipids     :          170        25       145         0
   area per lipid :       45.172    34.996    46.927

 
 INFO> Summary of the results
 
   average area of all lipids          :     46.190   /    340
   average area of boundary lipids     :     34.996   /     25
   average area of non-boundary lipids :     47.079   /    315
 
 
 INFO> Deallocate all configulation data
 INFO> Deallocate all pdb data
 
 [CPU TIME]
  total    :     0.717(sec)
  analysis :     0.518(sec)
 
