_/_/_/_/_/_/_/_/_/_/_/_/_/_/_/_/_/_/_/_/_/_/_/_/_/_/_/_/_/_/_/_/_/_/_/_/_/_/_/_/

    VTMC: Analysis of lipid surface area in protein-membrane systems
      version: 1.0
      last modified: Jan 13 2012
      programed by Takaharu Mori

    Copyright(C) 2012-
    Theoretical Biochemistry Lab, RIKEN Adv Sci Inst
    2-1 Hirosawa, Wako-shi, Saitama, 351-0198, Japan
    http://www.riken.jp/TBC07/

    Ref) T.Mori, F.Ogushi, and Y.Sugita, J.Comput.Chem., 33, 286-293 (2012)

_/_/_/_/_/_/_/_/_/_/_/_/_/_/_/_/_/_/_/_/_/_/_/_/_/_/_/_/_/_/_/_/_/_/_/_/_/_/_/_/

 INFO> Read configulation file
  
 [INPUT]
   PDB file           =  L-VTMC-GIB17.pdb-A
 
 [OUTPUT]
   output level       =      0
   output name        =  L-VTMC-GIB17.pdb-A
 
 [PROTEIN]
   residue list       =     11
      LYS       GLY       TYR       HIS       GLY       THR       LYS       LYS 
      GLY       VAL       PRO 
   select hydrogen    =    YES
 
 [LIPID]
   residue list       =      1
      POP 
   select hydrogen    =    YES
   lipid head atom    =        P8  
 
 [ATOM_MASS]
   mass list          =      6
                H     =     1.008
                C     =    12.010
                O     =    16.000
                N     =    14.010
                P     =    30.970
                S     =    32.070
 
 [VDW_RADIUS]
   vdw_radius list    =      6
                H     =     1.200
                C     =     1.700
                O     =     1.520
                N     =     1.550
                P     =     1.800
                S     =     1.800
 
 [ANALYSIS]
   cell center        =     0.000   0.000
   cell size          =    89.573  88.781
   probe atom radius  =     0.100
   factor             =           100
   iseed              =       3141592
   randomize          =    YES
   decimal place      =            12
 
 
 INFO> Read PDB file
  
     open pdb file                                        [OK]
     count the number of lipid molecules                  [OK]
     calculate the bilayer center                         [OK]
     memory allocation for lipids                         [OK]
     compute the center of mass of each lipid             [OK]
     separate the bilayer                                 [OK]
     memory allocation for lipid coordinates              [OK]
     count the number of protein atoms                    [OK]
     select protein atoms                                 [OK]
     memory allocation for protein coordinates            [OK]
     copy protein coordinates                             [OK]
 
 [SYSTEM STATISTICS]
   total number of protein atoms =         113
   total number of lipids        =         340
   bilayer center                =      43.399
 
   layer1: number of lipids =         170
                       Zmax =      73.350
                       Zmin =      40.590
           selected protein atoms =           0
 
   layer2: number of lipids =         170
                       Zmax =      45.310
                       Zmin =      13.880
           selected protein atoms =          88
 
 
 INFO> Perform Voronoi analysis for Layer 1
 
     randomize coordinates of lipid center of mass        [OK]
     wrap all lipids into the unit cell                   [OK]
     set periodic boundary condition for lipids           [OK]
     use fast algorithm                                   [OK]
     allocate memory for voronoi analysis                 [OK]
     compute voronoi vertices                             [OK]
     compute area per lipid                               [OK]
     deallocate memory                                    [OK]

 [RESULTS]
                             ALL     BOUND   N-BOUND     ERROR
   num_lipids     :          170         0       170         0
   area per lipid :       46.779     0.000    46.779

 
 INFO> Perform Voronoi analysis for Layer 2
 
     randomize coordinates of lipid center of mass        [OK]
     wrap all lipids into the unit cell                   [OK]
     set periodic boundary condition for lipids           [OK]
     wrap all protein atoms into the unit cell            [OK]
     set periodic boundary condition for protein          [OK]
     use fast algorithm                                   [OK]
     allocate memory for voronoi analysis                 [OK]
     compute voronoi vertices                             [OK]
     MC for   27  was not done (no protein atom exists in the polygon)
     MC for   29  Avor =     54.971  Ntot =       5497  Nhit =         28
     MC for   41  Avor =     42.522  Ntot =       4252  Nhit =       2665
     MC for   44  Avor =     43.052  Ntot =       4305  Nhit =       1869
     MC for   45  Avor =     44.511  Ntot =       4451  Nhit =          0
     MC for   46  Avor =     48.974  Ntot =       4897  Nhit =        243
     MC for   47  Avor =     43.158  Ntot =       4315  Nhit =       1312
     MC for   48  Avor =     51.296  Ntot =       5129  Nhit =       4501
     MC for   55  was not done (no protein atom exists in the polygon)
     MC for   56  Avor =     48.508  Ntot =       4850  Nhit =          0
     MC for   79  Avor =     43.591  Ntot =       4359  Nhit =       2041
     MC for   80  was not done (no protein atom exists in the polygon)
     MC for   81  was not done (no protein atom exists in the polygon)
     MC for   89  Avor =     44.517  Ntot =       4451  Nhit =          0
     MC for   90  was not done (no protein atom exists in the polygon)
     MC for   93  Avor =     54.989  Ntot =       5498  Nhit =       2443
     MC for   94  Avor =     48.073  Ntot =       4807  Nhit =         11
     MC for  130  Avor =     47.919  Ntot =       4791  Nhit =        575
     MC for  131  Avor =     41.000  Ntot =       4100  Nhit =       3711
     MC for  133  Avor =     44.479  Ntot =       4447  Nhit =          0
     MC for  134  Avor =     45.738  Ntot =       4573  Nhit =         46
     MC for  138  Avor =     54.223  Ntot =       5422  Nhit =          0
     MC for  140  Avor =     51.373  Ntot =       5137  Nhit =       3059
     MC for  142  was not done (no protein atom exists in the polygon)
     MC for  143  Avor =     37.656  Ntot =       3765  Nhit =       1089
     compute area per lipid                               [OK]
     deallocate memory                                    [OK]

 [RESULTS]
                             ALL     BOUND   N-BOUND     ERROR
   num_lipids     :          170        25       145         0
   area per lipid :       45.391    38.409    46.595

 
 INFO> Summary of the results
 
   average area of all lipids          :     46.085   /    340
   average area of boundary lipids     :     38.409   /     25
   average area of non-boundary lipids :     46.694   /    315
 
 
 INFO> Deallocate all configulation data
 INFO> Deallocate all pdb data
 
 [CPU TIME]
  total    :     0.804(sec)
  analysis :     0.595(sec)
 
