_/_/_/_/_/_/_/_/_/_/_/_/_/_/_/_/_/_/_/_/_/_/_/_/_/_/_/_/_/_/_/_/_/_/_/_/_/_/_/_/

    VTMC: Analysis of lipid surface area in protein-membrane systems
      version: 1.0
      last modified: Jan 13 2012
      programed by Takaharu Mori

    Copyright(C) 2012-
    Theoretical Biochemistry Lab, RIKEN Adv Sci Inst
    2-1 Hirosawa, Wako-shi, Saitama, 351-0198, Japan
    http://www.riken.jp/TBC07/

    Ref) T.Mori, F.Ogushi, and Y.Sugita, J.Comput.Chem., 33, 286-293 (2012)

_/_/_/_/_/_/_/_/_/_/_/_/_/_/_/_/_/_/_/_/_/_/_/_/_/_/_/_/_/_/_/_/_/_/_/_/_/_/_/_/

 INFO> Read configulation file
  
 [INPUT]
   PDB file           =  L-VTMC-2LQ0.pdb-A
 
 [OUTPUT]
   output level       =      0
   output name        =  L-VTMC-2LQ0.pdb-A
 
 [PROTEIN]
   residue list       =     25
      GLN       ARG       SER       ASN       PHE       HIS       PRO       LEU 
      ALA       ALA       SER       PHE       ILE       VAL       ARG       CYS 
      ALA       PHE       GLU       HIS       SER       ARG       ARG       PHE 
      THR 
   select hydrogen    =    YES
 
 [LIPID]
   residue list       =      1
      POP 
   select hydrogen    =    YES
   lipid head atom    =        P8  
 
 [ATOM_MASS]
   mass list          =      6
                H     =     1.008
                C     =    12.010
                O     =    16.000
                N     =    14.010
                P     =    30.970
                S     =    32.070
 
 [VDW_RADIUS]
   vdw_radius list    =      6
                H     =     1.200
                C     =     1.700
                O     =     1.520
                N     =     1.550
                P     =     1.800
                S     =     1.800
 
 [ANALYSIS]
   cell center        =     0.000   0.000
   cell size          =    89.474  88.683
   probe atom radius  =     0.100
   factor             =           100
   iseed              =       3141592
   randomize          =    YES
   decimal place      =            12
 
 
 INFO> Read PDB file
  
     open pdb file                                        [OK]
     count the number of lipid molecules                  [OK]
     calculate the bilayer center                         [OK]
     memory allocation for lipids                         [OK]
     compute the center of mass of each lipid             [OK]
     separate the bilayer                                 [OK]
     memory allocation for lipid coordinates              [OK]
     count the number of protein atoms                    [OK]
     select protein atoms                                 [OK]
     memory allocation for protein coordinates            [OK]
     copy protein coordinates                             [OK]
 
 [SYSTEM STATISTICS]
   total number of protein atoms =         292
   total number of lipids        =         340
   bilayer center                =      43.516
 
   layer1: number of lipids =         170
                       Zmax =      75.720
                       Zmin =      40.020
           selected protein atoms =           0
 
   layer2: number of lipids =         170
                       Zmax =      46.330
                       Zmin =      13.810
           selected protein atoms =          48
 
 
 INFO> Perform Voronoi analysis for Layer 1
 
     randomize coordinates of lipid center of mass        [OK]
     wrap all lipids into the unit cell                   [OK]
     set periodic boundary condition for lipids           [OK]
     use fast algorithm                                   [OK]
     allocate memory for voronoi analysis                 [OK]
     compute voronoi vertices                             [OK]
     compute area per lipid                               [OK]
     deallocate memory                                    [OK]

 [RESULTS]
                             ALL     BOUND   N-BOUND     ERROR
   num_lipids     :          170         0       170         0
   area per lipid :       46.675     0.000    46.675

 
 INFO> Perform Voronoi analysis for Layer 2
 
     randomize coordinates of lipid center of mass        [OK]
     wrap all lipids into the unit cell                   [OK]
     set periodic boundary condition for lipids           [OK]
     wrap all protein atoms into the unit cell            [OK]
     set periodic boundary condition for protein          [OK]
     use fast algorithm                                   [OK]
     allocate memory for voronoi analysis                 [OK]
     compute voronoi vertices                             [OK]
     MC for   79  Avor =     49.186  Ntot =       4918  Nhit =       1238
     MC for   80  Avor =     52.612  Ntot =       5261  Nhit =       2272
     MC for   81  Avor =     51.532  Ntot =       5153  Nhit =       1342
     MC for   82  Avor =     50.069  Ntot =       5006  Nhit =          0
     MC for   83  Avor =     47.247  Ntot =       4724  Nhit =        267
     MC for   84  Avor =     37.409  Ntot =       3740  Nhit =       2528
     MC for   85  Avor =     43.880  Ntot =       4387  Nhit =       2292
     MC for   86  Avor =     49.724  Ntot =       4972  Nhit =       1145
     MC for   93  was not done (no protein atom exists in the polygon)
     MC for   95  Avor =     38.862  Ntot =       3886  Nhit =        690
     MC for  121  Avor =     56.474  Ntot =       5647  Nhit =        242
     MC for  122  Avor =     59.193  Ntot =       5919  Nhit =          0
     MC for  128  Avor =     41.726  Ntot =       4172  Nhit =       2196
     MC for  131  Avor =     41.134  Ntot =       4113  Nhit =          0
     compute area per lipid                               [OK]
     deallocate memory                                    [OK]

 [RESULTS]
                             ALL     BOUND   N-BOUND     ERROR
   num_lipids     :          170        14       156         0
   area per lipid :       45.839    37.107    46.623

 
 INFO> Summary of the results
 
   average area of all lipids          :     46.257   /    340
   average area of boundary lipids     :     37.107   /     14
   average area of non-boundary lipids :     46.650   /    326
 
 
 INFO> Deallocate all configulation data
 INFO> Deallocate all pdb data
 
 [CPU TIME]
  total    :     0.684(sec)
  analysis :     0.508(sec)
 
