_/_/_/_/_/_/_/_/_/_/_/_/_/_/_/_/_/_/_/_/_/_/_/_/_/_/_/_/_/_/_/_/_/_/_/_/_/_/_/_/

    VTMC: Analysis of lipid surface area in protein-membrane systems
      version: 1.0
      last modified: Jan 13 2012
      programed by Takaharu Mori

    Copyright(C) 2012-
    Theoretical Biochemistry Lab, RIKEN Adv Sci Inst
    2-1 Hirosawa, Wako-shi, Saitama, 351-0198, Japan
    http://www.riken.jp/TBC07/

    Ref) T.Mori, F.Ogushi, and Y.Sugita, J.Comput.Chem., 33, 286-293 (2012)

_/_/_/_/_/_/_/_/_/_/_/_/_/_/_/_/_/_/_/_/_/_/_/_/_/_/_/_/_/_/_/_/_/_/_/_/_/_/_/_/

 INFO> Read configulation file
  
 [INPUT]
   PDB file           =  L-VTMC-2KHF.pdb-A
 
 [OUTPUT]
   output level       =      0
   output name        =  L-VTMC-2KHF.pdb-A
 
 [PROTEIN]
   residue list       =     25
      GLY       ALA       TRP       LYS       ASN       PHE       TRP       SER 
      SER       LEU       ARG       LYS       GLY       PHE       TYR       ASP 
      GLY       GLU       ALA       GLY       ARG       ALA       ILE       ARG 
      ARG 
   select hydrogen    =    YES
 
 [LIPID]
   residue list       =      1
      POP 
   select hydrogen    =    YES
   lipid head atom    =        P8  
 
 [ATOM_MASS]
   mass list          =      6
                H     =     1.008
                C     =    12.010
                O     =    16.000
                N     =    14.010
                P     =    30.970
                S     =    32.070
 
 [VDW_RADIUS]
   vdw_radius list    =      6
                H     =     1.200
                C     =     1.700
                O     =     1.520
                N     =     1.550
                P     =     1.800
                S     =     1.800
 
 [ANALYSIS]
   cell center        =     0.000   0.000
   cell size          =    89.512  88.721
   probe atom radius  =     0.100
   factor             =           100
   iseed              =       3141592
   randomize          =    YES
   decimal place      =            12
 
 
 INFO> Read PDB file
  
     open pdb file                                        [OK]
     count the number of lipid molecules                  [OK]
     calculate the bilayer center                         [OK]
     memory allocation for lipids                         [OK]
     compute the center of mass of each lipid             [OK]
     separate the bilayer                                 [OK]
     memory allocation for lipid coordinates              [OK]
     count the number of protein atoms                    [OK]
     select protein atoms                                 [OK]
     memory allocation for protein coordinates            [OK]
     copy protein coordinates                             [OK]
 
 [SYSTEM STATISTICS]
   total number of protein atoms =         293
   total number of lipids        =         340
   bilayer center                =      43.457
 
   layer1: number of lipids =         170
                       Zmax =      73.600
                       Zmin =      39.690
           selected protein atoms =           0
 
   layer2: number of lipids =         170
                       Zmax =      46.530
                       Zmin =       9.920
           selected protein atoms =          98
 
 
 INFO> Perform Voronoi analysis for Layer 1
 
     randomize coordinates of lipid center of mass        [OK]
     wrap all lipids into the unit cell                   [OK]
     set periodic boundary condition for lipids           [OK]
     use fast algorithm                                   [OK]
     allocate memory for voronoi analysis                 [OK]
     compute voronoi vertices                             [OK]
     compute area per lipid                               [OK]
     deallocate memory                                    [OK]

 [RESULTS]
                             ALL     BOUND   N-BOUND     ERROR
   num_lipids     :          170         0       170         0
   area per lipid :       46.715     0.000    46.715

 
 INFO> Perform Voronoi analysis for Layer 2
 
     randomize coordinates of lipid center of mass        [OK]
     wrap all lipids into the unit cell                   [OK]
     set periodic boundary condition for lipids           [OK]
     wrap all protein atoms into the unit cell            [OK]
     set periodic boundary condition for protein          [OK]
     use fast algorithm                                   [OK]
     allocate memory for voronoi analysis                 [OK]
     compute voronoi vertices                             [OK]
     MC for   44  was not done (no protein atom exists in the polygon)
     MC for   79  Avor =     35.055  Ntot =       3505  Nhit =       3494
     MC for   80  Avor =     49.818  Ntot =       4981  Nhit =       2452
     MC for   81  Avor =     41.021  Ntot =       4102  Nhit =       1005
     MC for   82  Avor =     37.294  Ntot =       3729  Nhit =        608
     MC for   84  Avor =     45.609  Ntot =       4560  Nhit =       1185
     MC for   85  Avor =     44.467  Ntot =       4446  Nhit =         84
     MC for   86  Avor =     42.098  Ntot =       4209  Nhit =          0
     MC for   89  Avor =     56.281  Ntot =       5628  Nhit =        336
     MC for   93  Avor =     52.949  Ntot =       5294  Nhit =       2884
     MC for   94  was not done (no protein atom exists in the polygon)
     MC for  108  was not done (no protein atom exists in the polygon)
     MC for  121  Avor =     55.163  Ntot =       5516  Nhit =         63
     MC for  128  Avor =     39.374  Ntot =       3937  Nhit =       3507
     MC for  129  Avor =     48.417  Ntot =       4841  Nhit =        970
     MC for  130  Avor =     55.425  Ntot =       5542  Nhit =          0
     MC for  131  Avor =     51.434  Ntot =       5143  Nhit =       4234
     MC for  134  Avor =     40.327  Ntot =       4032  Nhit =       1040
     MC for  136  was not done (no protein atom exists in the polygon)
     MC for  140  Avor =     40.929  Ntot =       4092  Nhit =       2115
     MC for  141  was not done (no protein atom exists in the polygon)
     MC for  143  Avor =     43.408  Ntot =       4340  Nhit =          0
     MC for  162  was not done (no protein atom exists in the polygon)
     MC for  163  Avor =     51.941  Ntot =       5194  Nhit =        115
     compute area per lipid                               [OK]
     deallocate memory                                    [OK]

 [RESULTS]
                             ALL     BOUND   N-BOUND     ERROR
   num_lipids     :          170        24       146         0
   area per lipid :       45.298    36.128    46.805

 
 INFO> Summary of the results
 
   average area of all lipids          :     46.007   /    340
   average area of boundary lipids     :     36.128   /     24
   average area of non-boundary lipids :     46.757   /    316
 
 
 INFO> Deallocate all configulation data
 INFO> Deallocate all pdb data
 
 [CPU TIME]
  total    :     0.707(sec)
  analysis :     0.521(sec)
 
