_/_/_/_/_/_/_/_/_/_/_/_/_/_/_/_/_/_/_/_/_/_/_/_/_/_/_/_/_/_/_/_/_/_/_/_/_/_/_/_/

    VTMC: Analysis of lipid surface area in protein-membrane systems
      version: 1.0
      last modified: Jan 13 2012
      programed by Takaharu Mori

    Copyright(C) 2012-
    Theoretical Biochemistry Lab, RIKEN Adv Sci Inst
    2-1 Hirosawa, Wako-shi, Saitama, 351-0198, Japan
    http://www.riken.jp/TBC07/

    Ref) T.Mori, F.Ogushi, and Y.Sugita, J.Comput.Chem., 33, 286-293 (2012)

_/_/_/_/_/_/_/_/_/_/_/_/_/_/_/_/_/_/_/_/_/_/_/_/_/_/_/_/_/_/_/_/_/_/_/_/_/_/_/_/

 INFO> Read configulation file
  
 [INPUT]
   PDB file           =  L-VTMC-2RSH.pdb-A
 
 [OUTPUT]
   output level       =      0
   output name        =  L-VTMC-2RSH.pdb-A
 
 [PROTEIN]
   residue list       =     37
      GLY       SER       SER       GLY       SER       SER       GLY       GLU 
      LYS       PHE       ALA       CYS       ASP       TYR       CYS       SER 
      PHE       THR       CYS       LEU       SER       LYS       GLY       HIS 
      LEU       LYS       VAL       HIS       ILE       GLU       ARG       VAL 
      HIS       LYS       LYS       ILE       LYS 
   select hydrogen    =    YES
 
 [LIPID]
   residue list       =      1
      POP 
   select hydrogen    =    YES
   lipid head atom    =        P8  
 
 [ATOM_MASS]
   mass list          =      6
                H     =     1.008
                C     =    12.010
                O     =    16.000
                N     =    14.010
                P     =    30.970
                S     =    32.070
 
 [VDW_RADIUS]
   vdw_radius list    =      6
                H     =     1.200
                C     =     1.700
                O     =     1.520
                N     =     1.550
                P     =     1.800
                S     =     1.800
 
 [ANALYSIS]
   cell center        =     0.000   0.000
   cell size          =    89.235  88.446
   probe atom radius  =     0.100
   factor             =           100
   iseed              =       3141592
   randomize          =    YES
   decimal place      =            12
 
 
 INFO> Read PDB file
  
     open pdb file                                        [OK]
     count the number of lipid molecules                  [OK]
     calculate the bilayer center                         [OK]
     memory allocation for lipids                         [OK]
     compute the center of mass of each lipid             [OK]
     separate the bilayer                                 [OK]
     memory allocation for lipid coordinates              [OK]
     count the number of protein atoms                    [OK]
     select protein atoms                                 [OK]
     memory allocation for protein coordinates            [OK]
     copy protein coordinates                             [OK]
 
 [SYSTEM STATISTICS]
   total number of protein atoms =         380
   total number of lipids        =         340
   bilayer center                =      44.230
 
   layer1: number of lipids =         170
                       Zmax =      74.050
                       Zmin =      41.350
           selected protein atoms =           0
 
   layer2: number of lipids =         170
                       Zmax =      46.420
                       Zmin =      14.170
           selected protein atoms =         183
 
 
 INFO> Perform Voronoi analysis for Layer 1
 
     randomize coordinates of lipid center of mass        [OK]
     wrap all lipids into the unit cell                   [OK]
     set periodic boundary condition for lipids           [OK]
     use fast algorithm                                   [OK]
     allocate memory for voronoi analysis                 [OK]
     compute voronoi vertices                             [OK]
     compute area per lipid                               [OK]
     deallocate memory                                    [OK]

 [RESULTS]
                             ALL     BOUND   N-BOUND     ERROR
   num_lipids     :          170         0       170         0
   area per lipid :       46.426     0.000    46.426

 
 INFO> Perform Voronoi analysis for Layer 2
 
     randomize coordinates of lipid center of mass        [OK]
     wrap all lipids into the unit cell                   [OK]
     set periodic boundary condition for lipids           [OK]
     wrap all protein atoms into the unit cell            [OK]
     set periodic boundary condition for protein          [OK]
     use fast algorithm                                   [OK]
     allocate memory for voronoi analysis                 [OK]
     compute voronoi vertices                             [OK]
     MC for   23  was not done (no protein atom exists in the polygon)
     MC for   24  was not done (no protein atom exists in the polygon)
     MC for   26  Avor =     55.758  Ntot =       5575  Nhit =          0
     MC for   27  Avor =     54.184  Ntot =       5418  Nhit =       2827
     MC for   28  Avor =     37.202  Ntot =       3720  Nhit =        664
     MC for   30  was not done (no protein atom exists in the polygon)
     MC for   41  Avor =     40.152  Ntot =       4015  Nhit =          0
     MC for   44  Avor =     42.823  Ntot =       4282  Nhit =       3096
     MC for   79  Avor =     46.871  Ntot =       4687  Nhit =       1196
     MC for   80  Avor =     54.952  Ntot =       5495  Nhit =       5422
     MC for   81  Avor =     45.559  Ntot =       4555  Nhit =       3868
     MC for   82  Avor =     59.467  Ntot =       5946  Nhit =        452
     MC for   83  was not done (no protein atom exists in the polygon)
     MC for   84  Avor =     38.288  Ntot =       3828  Nhit =       1849
     MC for   85  Avor =     49.942  Ntot =       4994  Nhit =       3858
     MC for   86  Avor =     53.057  Ntot =       5305  Nhit =        263
     MC for   87  was not done (no protein atom exists in the polygon)
     MC for   89  Avor =     39.876  Ntot =       3987  Nhit =       3237
     MC for   90  Avor =     47.087  Ntot =       4708  Nhit =        962
     MC for   91  was not done (no protein atom exists in the polygon)
     MC for   93  Avor =     54.243  Ntot =       5424  Nhit =       5220
     MC for   94  Avor =     58.233  Ntot =       5823  Nhit =       4214
     MC for   95  was not done (no protein atom exists in the polygon)
     MC for  114  was not done (no protein atom exists in the polygon)
     MC for  121  Avor =     51.953  Ntot =       5195  Nhit =       1048
     MC for  122  Avor =     47.237  Ntot =       4723  Nhit =       2518
     MC for  125  Avor =     45.369  Ntot =       4536  Nhit =        135
     MC for  126  Avor =     52.366  Ntot =       5236  Nhit =          2
     MC for  128  was not done (no protein atom exists in the polygon)
     MC for  130  was not done (no protein atom exists in the polygon)
     MC for  131  Avor =     41.810  Ntot =       4180  Nhit =       2133
     MC for  138  was not done (no protein atom exists in the polygon)
     MC for  140  Avor =     34.122  Ntot =       3412  Nhit =       2769
     MC for  142  was not done (no protein atom exists in the polygon)
     MC for  143  Avor =     44.705  Ntot =       4470  Nhit =       1781
     compute area per lipid                               [OK]
     deallocate memory                                    [OK]

 [RESULTS]
                             ALL     BOUND   N-BOUND     ERROR
   num_lipids     :          170        35       135         0
   area per lipid :       43.631    33.626    46.225

 
 INFO> Summary of the results
 
   average area of all lipids          :     45.029   /    340
   average area of boundary lipids     :     33.626   /     35
   average area of non-boundary lipids :     46.337   /    305
 
 
 INFO> Deallocate all configulation data
 INFO> Deallocate all pdb data
 
 [CPU TIME]
  total    :     0.709(sec)
  analysis :     0.530(sec)
 
