_/_/_/_/_/_/_/_/_/_/_/_/_/_/_/_/_/_/_/_/_/_/_/_/_/_/_/_/_/_/_/_/_/_/_/_/_/_/_/_/

    VTMC: Analysis of lipid surface area in protein-membrane systems
      version: 1.0
      last modified: Jan 13 2012
      programed by Takaharu Mori

    Copyright(C) 2012-
    Theoretical Biochemistry Lab, RIKEN Adv Sci Inst
    2-1 Hirosawa, Wako-shi, Saitama, 351-0198, Japan
    http://www.riken.jp/TBC07/

    Ref) T.Mori, F.Ogushi, and Y.Sugita, J.Comput.Chem., 33, 286-293 (2012)

_/_/_/_/_/_/_/_/_/_/_/_/_/_/_/_/_/_/_/_/_/_/_/_/_/_/_/_/_/_/_/_/_/_/_/_/_/_/_/_/

 INFO> Read configulation file
  
 [INPUT]
   PDB file           =  L-VTMC-GIB11.pdb-A
 
 [OUTPUT]
   output level       =      0
   output name        =  L-VTMC-GIB11.pdb-A
 
 [PROTEIN]
   residue list       =     16
      GLY       GLY       TYR       ILE       TYR       ILE       ALA       GLY 
      LYS       CYS       GLY       LEU       VAL       VAL       GLY       LYS 
   select hydrogen    =    YES
 
 [LIPID]
   residue list       =      1
      POP 
   select hydrogen    =    YES
   lipid head atom    =        P8  
 
 [ATOM_MASS]
   mass list          =      6
                H     =     1.008
                C     =    12.010
                O     =    16.000
                N     =    14.010
                P     =    30.970
                S     =    32.070
 
 [VDW_RADIUS]
   vdw_radius list    =      6
                H     =     1.200
                C     =     1.700
                O     =     1.520
                N     =     1.550
                P     =     1.800
                S     =     1.800
 
 [ANALYSIS]
   cell center        =     0.000   0.000
   cell size          =    89.861  89.067
   probe atom radius  =     0.100
   factor             =           100
   iseed              =       3141592
   randomize          =    YES
   decimal place      =            12
 
 
 INFO> Read PDB file
  
     open pdb file                                        [OK]
     count the number of lipid molecules                  [OK]
     calculate the bilayer center                         [OK]
     memory allocation for lipids                         [OK]
     compute the center of mass of each lipid             [OK]
     separate the bilayer                                 [OK]
     memory allocation for lipid coordinates              [OK]
     count the number of protein atoms                    [OK]
     select protein atoms                                 [OK]
     memory allocation for protein coordinates            [OK]
     copy protein coordinates                             [OK]
 
 [SYSTEM STATISTICS]
   total number of protein atoms =         147
   total number of lipids        =         340
   bilayer center                =      43.243
 
   layer1: number of lipids =         170
                       Zmax =      73.330
                       Zmin =      39.900
           selected protein atoms =           0
 
   layer2: number of lipids =         170
                       Zmax =      47.220
                       Zmin =      11.780
           selected protein atoms =         103
 
 
 INFO> Perform Voronoi analysis for Layer 1
 
     randomize coordinates of lipid center of mass        [OK]
     wrap all lipids into the unit cell                   [OK]
     set periodic boundary condition for lipids           [OK]
     use fast algorithm                                   [OK]
     allocate memory for voronoi analysis                 [OK]
     compute voronoi vertices                             [OK]
     compute area per lipid                               [OK]
     deallocate memory                                    [OK]

 [RESULTS]
                             ALL     BOUND   N-BOUND     ERROR
   num_lipids     :          170         0       170         0
   area per lipid :       47.080     0.000    47.080

 
 INFO> Perform Voronoi analysis for Layer 2
 
     randomize coordinates of lipid center of mass        [OK]
     wrap all lipids into the unit cell                   [OK]
     set periodic boundary condition for lipids           [OK]
     wrap all protein atoms into the unit cell            [OK]
     set periodic boundary condition for protein          [OK]
     use fast algorithm                                   [OK]
     allocate memory for voronoi analysis                 [OK]
     compute voronoi vertices                             [OK]
     MC for   26  was not done (no protein atom exists in the polygon)
     MC for   29  was not done (no protein atom exists in the polygon)
     MC for   41  Avor =     52.511  Ntot =       5251  Nhit =       1247
     MC for   44  Avor =     59.307  Ntot =       5930  Nhit =       4557
     MC for   79  Avor =     52.730  Ntot =       5273  Nhit =          0
     MC for   89  Avor =     59.152  Ntot =       5915  Nhit =        412
     MC for   93  was not done (no protein atom exists in the polygon)
     MC for   94  was not done (no protein atom exists in the polygon)
     MC for  129  Avor =     35.039  Ntot =       3503  Nhit =       2177
     MC for  130  Avor =     44.961  Ntot =       4496  Nhit =       4486
     MC for  131  Avor =     47.384  Ntot =       4738  Nhit =       2010
     MC for  132  was not done (no protein atom exists in the polygon)
     MC for  134  Avor =     52.900  Ntot =       5290  Nhit =       1499
     MC for  136  Avor =     38.773  Ntot =       3877  Nhit =          0
     MC for  138  Avor =     51.184  Ntot =       5118  Nhit =          0
     MC for  140  Avor =     55.504  Ntot =       5550  Nhit =       1987
     MC for  141  was not done (no protein atom exists in the polygon)
     MC for  142  Avor =     45.147  Ntot =       4514  Nhit =       1676
     MC for  143  Avor =     57.488  Ntot =       5748  Nhit =       4787
     compute area per lipid                               [OK]
     deallocate memory                                    [OK]

 [RESULTS]
                             ALL     BOUND   N-BOUND     ERROR
   num_lipids     :          170        19       151         0
   area per lipid :       45.619    37.823    46.600

 
 INFO> Summary of the results
 
   average area of all lipids          :     46.350   /    340
   average area of boundary lipids     :     37.823   /     19
   average area of non-boundary lipids :     46.854   /    321
 
 
 INFO> Deallocate all configulation data
 INFO> Deallocate all pdb data
 
 [CPU TIME]
  total    :     0.751(sec)
  analysis :     0.561(sec)
 
