_/_/_/_/_/_/_/_/_/_/_/_/_/_/_/_/_/_/_/_/_/_/_/_/_/_/_/_/_/_/_/_/_/_/_/_/_/_/_/_/

    VTMC: Analysis of lipid surface area in protein-membrane systems
      version: 1.0
      last modified: Jan 13 2012
      programed by Takaharu Mori

    Copyright(C) 2012-
    Theoretical Biochemistry Lab, RIKEN Adv Sci Inst
    2-1 Hirosawa, Wako-shi, Saitama, 351-0198, Japan
    http://www.riken.jp/TBC07/

    Ref) T.Mori, F.Ogushi, and Y.Sugita, J.Comput.Chem., 33, 286-293 (2012)

_/_/_/_/_/_/_/_/_/_/_/_/_/_/_/_/_/_/_/_/_/_/_/_/_/_/_/_/_/_/_/_/_/_/_/_/_/_/_/_/

 INFO> Read configulation file
  
 [INPUT]
   PDB file           =  L-VTMC-1KUW.pdb-A
 
 [OUTPUT]
   output level       =      0
   output name        =  L-VTMC-1KUW.pdb-A
 
 [PROTEIN]
   residue list       =     10
      SER       ASN       ASN       PHE       GLY       ALA       ILE       LEU 
      SER       SER 
   select hydrogen    =    YES
 
 [LIPID]
   residue list       =      1
      POP 
   select hydrogen    =    YES
   lipid head atom    =        P8  
 
 [ATOM_MASS]
   mass list          =      6
                H     =     1.008
                C     =    12.010
                O     =    16.000
                N     =    14.010
                P     =    30.970
                S     =    32.070
 
 [VDW_RADIUS]
   vdw_radius list    =      6
                H     =     1.200
                C     =     1.700
                O     =     1.520
                N     =     1.550
                P     =     1.800
                S     =     1.800
 
 [ANALYSIS]
   cell center        =     0.000   0.000
   cell size          =    89.761  88.968
   probe atom radius  =     0.100
   factor             =           100
   iseed              =       3141592
   randomize          =    YES
   decimal place      =            12
 
 
 INFO> Read PDB file
  
     open pdb file                                        [OK]
     count the number of lipid molecules                  [OK]
     calculate the bilayer center                         [OK]
     memory allocation for lipids                         [OK]
     compute the center of mass of each lipid             [OK]
     separate the bilayer                                 [OK]
     memory allocation for lipid coordinates              [OK]
     count the number of protein atoms                    [OK]
     select protein atoms                                 [OK]
     memory allocation for protein coordinates            [OK]
     copy protein coordinates                             [OK]
 
 [SYSTEM STATISTICS]
   total number of protein atoms =          95
   total number of lipids        =         340
   bilayer center                =      43.548
 
   layer1: number of lipids =         170
                       Zmax =      74.480
                       Zmin =      39.560
           selected protein atoms =           0
 
   layer2: number of lipids =         170
                       Zmax =      46.300
                       Zmin =      12.210
           selected protein atoms =          64
 
 
 INFO> Perform Voronoi analysis for Layer 1
 
     randomize coordinates of lipid center of mass        [OK]
     wrap all lipids into the unit cell                   [OK]
     set periodic boundary condition for lipids           [OK]
     use fast algorithm                                   [OK]
     allocate memory for voronoi analysis                 [OK]
     compute voronoi vertices                             [OK]
     compute area per lipid                               [OK]
     deallocate memory                                    [OK]

 [RESULTS]
                             ALL     BOUND   N-BOUND     ERROR
   num_lipids     :          170         0       170         0
   area per lipid :       46.976     0.000    46.976

 
 INFO> Perform Voronoi analysis for Layer 2
 
     randomize coordinates of lipid center of mass        [OK]
     wrap all lipids into the unit cell                   [OK]
     set periodic boundary condition for lipids           [OK]
     wrap all protein atoms into the unit cell            [OK]
     set periodic boundary condition for protein          [OK]
     use fast algorithm                                   [OK]
     allocate memory for voronoi analysis                 [OK]
     compute voronoi vertices                             [OK]
     MC for   41  Avor =     45.064  Ntot =       4506  Nhit =          4
     MC for   44  Avor =     47.124  Ntot =       4712  Nhit =       1577
     MC for   79  Avor =     48.138  Ntot =       4813  Nhit =          0
     MC for   80  Avor =     44.981  Ntot =       4498  Nhit =        205
     MC for   84  was not done (no protein atom exists in the polygon)
     MC for   89  Avor =     51.362  Ntot =       5136  Nhit =       1230
     MC for   93  Avor =     52.561  Ntot =       5256  Nhit =       1915
     MC for   94  Avor =     52.430  Ntot =       5242  Nhit =         35
     MC for  130  Avor =     54.915  Ntot =       5491  Nhit =          0
     MC for  131  Avor =     55.529  Ntot =       5552  Nhit =        898
     MC for  138  was not done (no protein atom exists in the polygon)
     MC for  140  Avor =     35.714  Ntot =       3571  Nhit =       2841
     MC for  142  Avor =     51.333  Ntot =       5133  Nhit =       1565
     MC for  143  Avor =     55.895  Ntot =       5589  Nhit =       4208
     compute area per lipid                               [OK]
     deallocate memory                                    [OK]

 [RESULTS]
                             ALL     BOUND   N-BOUND     ERROR
   num_lipids     :          170        14       156         0
   area per lipid :       46.124    38.227    46.833

 
 INFO> Summary of the results
 
   average area of all lipids          :     46.550   /    340
   average area of boundary lipids     :     38.227   /     14
   average area of non-boundary lipids :     46.907   /    326
 
 
 INFO> Deallocate all configulation data
 INFO> Deallocate all pdb data
 
 [CPU TIME]
  total    :     0.711(sec)
  analysis :     0.513(sec)
 
