_/_/_/_/_/_/_/_/_/_/_/_/_/_/_/_/_/_/_/_/_/_/_/_/_/_/_/_/_/_/_/_/_/_/_/_/_/_/_/_/

    VTMC: Analysis of lipid surface area in protein-membrane systems
      version: 1.0
      last modified: Jan 13 2012
      programed by Takaharu Mori

    Copyright(C) 2012-
    Theoretical Biochemistry Lab, RIKEN Adv Sci Inst
    2-1 Hirosawa, Wako-shi, Saitama, 351-0198, Japan
    http://www.riken.jp/TBC07/

    Ref) T.Mori, F.Ogushi, and Y.Sugita, J.Comput.Chem., 33, 286-293 (2012)

_/_/_/_/_/_/_/_/_/_/_/_/_/_/_/_/_/_/_/_/_/_/_/_/_/_/_/_/_/_/_/_/_/_/_/_/_/_/_/_/

 INFO> Read configulation file
  
 [INPUT]
   PDB file           =  L-VTMC-GIB25.pdb-A
 
 [OUTPUT]
   output level       =      0
   output name        =  L-VTMC-GIB25.pdb-A
 
 [PROTEIN]
   residue list       =     17
      THR       ILE       CYS       LYS       LYS       SER       GLY       VAL 
      PHE       LYS       ILE       LEU       LYS       GLY       VAL       GLY 
      LYS 
   select hydrogen    =    YES
 
 [LIPID]
   residue list       =      1
      POP 
   select hydrogen    =    YES
   lipid head atom    =        P8  
 
 [ATOM_MASS]
   mass list          =      6
                H     =     1.008
                C     =    12.010
                O     =    16.000
                N     =    14.010
                P     =    30.970
                S     =    32.070
 
 [VDW_RADIUS]
   vdw_radius list    =      6
                H     =     1.200
                C     =     1.700
                O     =     1.520
                N     =     1.550
                P     =     1.800
                S     =     1.800
 
 [ANALYSIS]
   cell center        =     0.000   0.000
   cell size          =    89.731  88.938
   probe atom radius  =     0.100
   factor             =           100
   iseed              =       3141592
   randomize          =    YES
   decimal place      =            12
 
 
 INFO> Read PDB file
  
     open pdb file                                        [OK]
     count the number of lipid molecules                  [OK]
     calculate the bilayer center                         [OK]
     memory allocation for lipids                         [OK]
     compute the center of mass of each lipid             [OK]
     separate the bilayer                                 [OK]
     memory allocation for lipid coordinates              [OK]
     count the number of protein atoms                    [OK]
     select protein atoms                                 [OK]
     memory allocation for protein coordinates            [OK]
     copy protein coordinates                             [OK]
 
 [SYSTEM STATISTICS]
   total number of protein atoms =         168
   total number of lipids        =         340
   bilayer center                =      43.479
 
   layer1: number of lipids =         170
                       Zmax =      74.290
                       Zmin =      41.080
           selected protein atoms =           0
 
   layer2: number of lipids =         170
                       Zmax =      46.570
                       Zmin =      13.700
           selected protein atoms =          60
 
 
 INFO> Perform Voronoi analysis for Layer 1
 
     randomize coordinates of lipid center of mass        [OK]
     wrap all lipids into the unit cell                   [OK]
     set periodic boundary condition for lipids           [OK]
     use fast algorithm                                   [OK]
     allocate memory for voronoi analysis                 [OK]
     compute voronoi vertices                             [OK]
     compute area per lipid                               [OK]
     deallocate memory                                    [OK]

 [RESULTS]
                             ALL     BOUND   N-BOUND     ERROR
   num_lipids     :          170         0       170         0
   area per lipid :       46.944     0.000    46.944

 
 INFO> Perform Voronoi analysis for Layer 2
 
     randomize coordinates of lipid center of mass        [OK]
     wrap all lipids into the unit cell                   [OK]
     set periodic boundary condition for lipids           [OK]
     wrap all protein atoms into the unit cell            [OK]
     set periodic boundary condition for protein          [OK]
     use fast algorithm                                   [OK]
     allocate memory for voronoi analysis                 [OK]
     compute voronoi vertices                             [OK]
     MC for   26  Avor =     47.412  Ntot =       4741  Nhit =        388
     MC for   27  Avor =     42.705  Ntot =       4270  Nhit =       1459
     MC for   41  Avor =     53.972  Ntot =       5397  Nhit =       1129
     MC for   44  Avor =     49.378  Ntot =       4937  Nhit =       2977
     MC for   47  was not done (no protein atom exists in the polygon)
     MC for   80  was not done (no protein atom exists in the polygon)
     MC for   81  was not done (no protein atom exists in the polygon)
     MC for   83  was not done (no protein atom exists in the polygon)
     MC for   84  was not done (no protein atom exists in the polygon)
     MC for   89  Avor =     57.136  Ntot =       5713  Nhit =       4026
     MC for   90  Avor =     54.284  Ntot =       5428  Nhit =          0
     MC for   93  Avor =     48.596  Ntot =       4859  Nhit =       2857
     MC for   94  Avor =     54.342  Ntot =       5434  Nhit =       1678
     MC for  130  was not done (no protein atom exists in the polygon)
     MC for  131  Avor =     41.702  Ntot =       4170  Nhit =          0
     MC for  138  Avor =     49.899  Ntot =       4989  Nhit =          0
     MC for  140  Avor =     48.934  Ntot =       4893  Nhit =       1947
     MC for  142  Avor =     48.402  Ntot =       4840  Nhit =        166
     MC for  143  Avor =     49.469  Ntot =       4946  Nhit =       3724
     compute area per lipid                               [OK]
     deallocate memory                                    [OK]

 [RESULTS]
                             ALL     BOUND   N-BOUND     ERROR
   num_lipids     :          170        19       151         0
   area per lipid :       45.747    37.527    46.781

 
 INFO> Summary of the results
 
   average area of all lipids          :     46.345   /    340
   average area of boundary lipids     :     37.527   /     19
   average area of non-boundary lipids :     46.867   /    321
 
 
 INFO> Deallocate all configulation data
 INFO> Deallocate all pdb data
 
 [CPU TIME]
  total    :     0.769(sec)
  analysis :     0.537(sec)
 
