_/_/_/_/_/_/_/_/_/_/_/_/_/_/_/_/_/_/_/_/_/_/_/_/_/_/_/_/_/_/_/_/_/_/_/_/_/_/_/_/

    VTMC: Analysis of lipid surface area in protein-membrane systems
      version: 1.0
      last modified: Jan 13 2012
      programed by Takaharu Mori

    Copyright(C) 2012-
    Theoretical Biochemistry Lab, RIKEN Adv Sci Inst
    2-1 Hirosawa, Wako-shi, Saitama, 351-0198, Japan
    http://www.riken.jp/TBC07/

    Ref) T.Mori, F.Ogushi, and Y.Sugita, J.Comput.Chem., 33, 286-293 (2012)

_/_/_/_/_/_/_/_/_/_/_/_/_/_/_/_/_/_/_/_/_/_/_/_/_/_/_/_/_/_/_/_/_/_/_/_/_/_/_/_/

 INFO> Read configulation file
  
 [INPUT]
   PDB file           =  L-VTMC-2MAG.pdb-A
 
 [OUTPUT]
   output level       =      0
   output name        =  L-VTMC-2MAG.pdb-A
 
 [PROTEIN]
   residue list       =     23
      GLY       ILE       GLY       LYS       PHE       LEU       HIS       SER 
      ALA       LYS       LYS       PHE       GLY       LYS       ALA       PHE 
      VAL       GLY       GLU       ILE       MET       ASN       SER 
   select hydrogen    =    YES
 
 [LIPID]
   residue list       =      1
      POP 
   select hydrogen    =    YES
   lipid head atom    =        P8  
 
 [ATOM_MASS]
   mass list          =      6
                H     =     1.008
                C     =    12.010
                O     =    16.000
                N     =    14.010
                P     =    30.970
                S     =    32.070
 
 [VDW_RADIUS]
   vdw_radius list    =      6
                H     =     1.200
                C     =     1.700
                O     =     1.520
                N     =     1.550
                P     =     1.800
                S     =     1.800
 
 [ANALYSIS]
   cell center        =     0.000   0.000
   cell size          =    89.675  88.882
   probe atom radius  =     0.100
   factor             =           100
   iseed              =       3141592
   randomize          =    YES
   decimal place      =            12
 
 
 INFO> Read PDB file
  
     open pdb file                                        [OK]
     count the number of lipid molecules                  [OK]
     calculate the bilayer center                         [OK]
     memory allocation for lipids                         [OK]
     compute the center of mass of each lipid             [OK]
     separate the bilayer                                 [OK]
     memory allocation for lipid coordinates              [OK]
     count the number of protein atoms                    [OK]
     select protein atoms                                 [OK]
     memory allocation for protein coordinates            [OK]
     copy protein coordinates                             [OK]
 
 [SYSTEM STATISTICS]
   total number of protein atoms =         233
   total number of lipids        =         340
   bilayer center                =      43.621
 
   layer1: number of lipids =         170
                       Zmax =      74.170
                       Zmin =      39.340
           selected protein atoms =           0
 
   layer2: number of lipids =         170
                       Zmax =      47.850
                       Zmin =      10.580
           selected protein atoms =         187
 
 
 INFO> Perform Voronoi analysis for Layer 1
 
     randomize coordinates of lipid center of mass        [OK]
     wrap all lipids into the unit cell                   [OK]
     set periodic boundary condition for lipids           [OK]
     use fast algorithm                                   [OK]
     allocate memory for voronoi analysis                 [OK]
     compute voronoi vertices                             [OK]
     compute area per lipid                               [OK]
     deallocate memory                                    [OK]

 [RESULTS]
                             ALL     BOUND   N-BOUND     ERROR
   num_lipids     :          170         0       170         0
   area per lipid :       46.885     0.000    46.885

 
 INFO> Perform Voronoi analysis for Layer 2
 
     randomize coordinates of lipid center of mass        [OK]
     wrap all lipids into the unit cell                   [OK]
     set periodic boundary condition for lipids           [OK]
     wrap all protein atoms into the unit cell            [OK]
     set periodic boundary condition for protein          [OK]
     use fast algorithm                                   [OK]
     allocate memory for voronoi analysis                 [OK]
     compute voronoi vertices                             [OK]
     MC for   22  Avor =     50.351  Ntot =       5035  Nhit =        538
     MC for   28  Avor =     42.544  Ntot =       4254  Nhit =          0
     MC for   41  was not done (no protein atom exists in the polygon)
     MC for   44  Avor =     55.715  Ntot =       5571  Nhit =          0
     MC for   64  Avor =     43.619  Ntot =       4361  Nhit =          0
     MC for   68  was not done (no protein atom exists in the polygon)
     MC for   73  Avor =     41.233  Ntot =       4123  Nhit =        674
     MC for   77  Avor =     59.579  Ntot =       5957  Nhit =       1192
     MC for   78  was not done (no protein atom exists in the polygon)
     MC for   79  Avor =     34.791  Ntot =       3479  Nhit =        867
     MC for   80  Avor =     51.276  Ntot =       5127  Nhit =       1694
     MC for   81  Avor =     51.877  Ntot =       5187  Nhit =       2224
     MC for   82  Avor =     55.863  Ntot =       5586  Nhit =       3306
     MC for   83  Avor =     51.693  Ntot =       5169  Nhit =        192
     MC for   84  Avor =     36.274  Ntot =       3627  Nhit =          0
     MC for   87  Avor =     59.039  Ntot =       5903  Nhit =       5371
     MC for   89  Avor =     36.234  Ntot =       3623  Nhit =          0
     MC for   90  Avor =     38.257  Ntot =       3825  Nhit =        995
     MC for   91  Avor =     57.782  Ntot =       5778  Nhit =       5455
     MC for   92  Avor =     45.819  Ntot =       4581  Nhit =        702
     MC for   93  Avor =     39.569  Ntot =       3956  Nhit =       3944
     MC for   94  Avor =     53.403  Ntot =       5340  Nhit =       3617
     MC for  130  was not done (no protein atom exists in the polygon)
     MC for  131  Avor =     52.384  Ntot =       5238  Nhit =       1733
     MC for  134  Avor =     54.142  Ntot =       5414  Nhit =          2
     MC for  140  Avor =     31.801  Ntot =       3180  Nhit =       3025
     MC for  142  was not done (no protein atom exists in the polygon)
     MC for  143  Avor =     50.705  Ntot =       5070  Nhit =        835
     compute area per lipid                               [OK]
     deallocate memory                                    [OK]

 [RESULTS]
                             ALL     BOUND   N-BOUND     ERROR
   num_lipids     :          170        28       142         0
   area per lipid :       44.746    34.630    46.741

 
 INFO> Summary of the results
 
   average area of all lipids          :     45.816   /    340
   average area of boundary lipids     :     34.630   /     28
   average area of non-boundary lipids :     46.819   /    312
 
 
 INFO> Deallocate all configulation data
 INFO> Deallocate all pdb data
 
 [CPU TIME]
  total    :     0.744(sec)
  analysis :     0.545(sec)
 
