_/_/_/_/_/_/_/_/_/_/_/_/_/_/_/_/_/_/_/_/_/_/_/_/_/_/_/_/_/_/_/_/_/_/_/_/_/_/_/_/

    VTMC: Analysis of lipid surface area in protein-membrane systems
      version: 1.0
      last modified: Jan 13 2012
      programed by Takaharu Mori

    Copyright(C) 2012-
    Theoretical Biochemistry Lab, RIKEN Adv Sci Inst
    2-1 Hirosawa, Wako-shi, Saitama, 351-0198, Japan
    http://www.riken.jp/TBC07/

    Ref) T.Mori, F.Ogushi, and Y.Sugita, J.Comput.Chem., 33, 286-293 (2012)

_/_/_/_/_/_/_/_/_/_/_/_/_/_/_/_/_/_/_/_/_/_/_/_/_/_/_/_/_/_/_/_/_/_/_/_/_/_/_/_/

 INFO> Read configulation file
  
 [INPUT]
   PDB file           =  L-VTMC-GIB29.pdb-A
 
 [OUTPUT]
   output level       =      0
   output name        =  L-VTMC-GIB29.pdb-A
 
 [PROTEIN]
   residue list       =     11
      VAL       LYS       PHE       ILE       PRO       THR       SER       LYS 
      VAL       PHE       LEU 
   select hydrogen    =    YES
 
 [LIPID]
   residue list       =      1
      POP 
   select hydrogen    =    YES
   lipid head atom    =        P8  
 
 [ATOM_MASS]
   mass list          =      6
                H     =     1.008
                C     =    12.010
                O     =    16.000
                N     =    14.010
                P     =    30.970
                S     =    32.070
 
 [VDW_RADIUS]
   vdw_radius list    =      6
                H     =     1.200
                C     =     1.700
                O     =     1.520
                N     =     1.550
                P     =     1.800
                S     =     1.800
 
 [ANALYSIS]
   cell center        =     0.000   0.000
   cell size          =    89.598  88.806
   probe atom radius  =     0.100
   factor             =           100
   iseed              =       3141592
   randomize          =    YES
   decimal place      =            12
 
 
 INFO> Read PDB file
  
     open pdb file                                        [OK]
     count the number of lipid molecules                  [OK]
     calculate the bilayer center                         [OK]
     memory allocation for lipids                         [OK]
     compute the center of mass of each lipid             [OK]
     separate the bilayer                                 [OK]
     memory allocation for lipid coordinates              [OK]
     count the number of protein atoms                    [OK]
     select protein atoms                                 [OK]
     memory allocation for protein coordinates            [OK]
     copy protein coordinates                             [OK]
 
 [SYSTEM STATISTICS]
   total number of protein atoms =         121
   total number of lipids        =         340
   bilayer center                =      43.717
 
   layer1: number of lipids =         170
                       Zmax =      74.180
                       Zmin =      41.080
           selected protein atoms =           0
 
   layer2: number of lipids =         170
                       Zmax =      46.980
                       Zmin =      13.290
           selected protein atoms =          64
 
 
 INFO> Perform Voronoi analysis for Layer 1
 
     randomize coordinates of lipid center of mass        [OK]
     wrap all lipids into the unit cell                   [OK]
     set periodic boundary condition for lipids           [OK]
     use fast algorithm                                   [OK]
     allocate memory for voronoi analysis                 [OK]
     compute voronoi vertices                             [OK]
     compute area per lipid                               [OK]
     deallocate memory                                    [OK]

 [RESULTS]
                             ALL     BOUND   N-BOUND     ERROR
   num_lipids     :          170         0       170         0
   area per lipid :       46.805     0.000    46.805

 
 INFO> Perform Voronoi analysis for Layer 2
 
     randomize coordinates of lipid center of mass        [OK]
     wrap all lipids into the unit cell                   [OK]
     set periodic boundary condition for lipids           [OK]
     wrap all protein atoms into the unit cell            [OK]
     set periodic boundary condition for protein          [OK]
     use fast algorithm                                   [OK]
     allocate memory for voronoi analysis                 [OK]
     compute voronoi vertices                             [OK]
     MC for   23  was not done (no protein atom exists in the polygon)
     MC for   26  Avor =     48.848  Ntot =       4884  Nhit =       1996
     MC for   27  Avor =     62.113  Ntot =       6211  Nhit =        405
     MC for   29  Avor =     51.216  Ntot =       5121  Nhit =          0
     MC for   30  Avor =     39.027  Ntot =       3902  Nhit =         84
     MC for   41  Avor =     53.353  Ntot =       5335  Nhit =          0
     MC for   44  Avor =     36.389  Ntot =       3638  Nhit =       1712
     MC for   79  Avor =     48.868  Ntot =       4886  Nhit =       1074
     MC for   80  Avor =     44.614  Ntot =       4461  Nhit =       1450
     MC for   81  Avor =     44.148  Ntot =       4414  Nhit =       1166
     MC for   84  Avor =     45.098  Ntot =       4509  Nhit =          0
     MC for   85  was not done (no protein atom exists in the polygon)
     MC for   89  Avor =     44.175  Ntot =       4417  Nhit =       3804
     MC for   90  was not done (no protein atom exists in the polygon)
     MC for   93  Avor =     41.509  Ntot =       4150  Nhit =       3257
     MC for   94  Avor =     59.099  Ntot =       5909  Nhit =       1057
     MC for  128  was not done (no protein atom exists in the polygon)
     MC for  131  Avor =     41.297  Ntot =       4129  Nhit =        365
     MC for  140  Avor =     39.225  Ntot =       3922  Nhit =       1888
     MC for  143  Avor =     51.648  Ntot =       5164  Nhit =        142
     compute area per lipid                               [OK]
     deallocate memory                                    [OK]

 [RESULTS]
                             ALL     BOUND   N-BOUND     ERROR
   num_lipids     :          170        20       150         0
   area per lipid :       45.722    37.981    46.755

 
 INFO> Summary of the results
 
   average area of all lipids          :     46.264   /    340
   average area of boundary lipids     :     37.981   /     20
   average area of non-boundary lipids :     46.781   /    320
 
 
 INFO> Deallocate all configulation data
 INFO> Deallocate all pdb data
 
 [CPU TIME]
  total    :     0.667(sec)
  analysis :     0.501(sec)
 
