_/_/_/_/_/_/_/_/_/_/_/_/_/_/_/_/_/_/_/_/_/_/_/_/_/_/_/_/_/_/_/_/_/_/_/_/_/_/_/_/

    VTMC: Analysis of lipid surface area in protein-membrane systems
      version: 1.0
      last modified: Jan 13 2012
      programed by Takaharu Mori

    Copyright(C) 2012-
    Theoretical Biochemistry Lab, RIKEN Adv Sci Inst
    2-1 Hirosawa, Wako-shi, Saitama, 351-0198, Japan
    http://www.riken.jp/TBC07/

    Ref) T.Mori, F.Ogushi, and Y.Sugita, J.Comput.Chem., 33, 286-293 (2012)

_/_/_/_/_/_/_/_/_/_/_/_/_/_/_/_/_/_/_/_/_/_/_/_/_/_/_/_/_/_/_/_/_/_/_/_/_/_/_/_/

 INFO> Read configulation file
  
 [INPUT]
   PDB file           =  L-VTMC-2LQ1.pdb-A
 
 [OUTPUT]
   output level       =      0
   output name        =  L-VTMC-2LQ1.pdb-A
 
 [PROTEIN]
   residue list       =     25
      THR       GLY       ASN       VAL       GLY       LEU       SER       PRO 
      GLY       LEU       SER       THR       ALA       LEU       THR       GLY 
      PHE       THR       LEU       VAL       PRO       VAL       GLU       ASP 
      HIS 
   select hydrogen    =    YES
 
 [LIPID]
   residue list       =      1
      POP 
   select hydrogen    =    YES
   lipid head atom    =        P8  
 
 [ATOM_MASS]
   mass list          =      6
                H     =     1.008
                C     =    12.010
                O     =    16.000
                N     =    14.010
                P     =    30.970
                S     =    32.070
 
 [VDW_RADIUS]
   vdw_radius list    =      6
                H     =     1.200
                C     =     1.700
                O     =     1.520
                N     =     1.550
                P     =     1.800
                S     =     1.800
 
 [ANALYSIS]
   cell center        =     0.000   0.000
   cell size          =    89.308  88.518
   probe atom radius  =     0.100
   factor             =           100
   iseed              =       3141592
   randomize          =    YES
   decimal place      =            12
 
 
 INFO> Read PDB file
  
     open pdb file                                        [OK]
     count the number of lipid molecules                  [OK]
     calculate the bilayer center                         [OK]
     memory allocation for lipids                         [OK]
     compute the center of mass of each lipid             [OK]
     separate the bilayer                                 [OK]
     memory allocation for lipid coordinates              [OK]
     count the number of protein atoms                    [OK]
     select protein atoms                                 [OK]
     memory allocation for protein coordinates            [OK]
     copy protein coordinates                             [OK]
 
 [SYSTEM STATISTICS]
   total number of protein atoms =         216
   total number of lipids        =         340
   bilayer center                =      43.704
 
   layer1: number of lipids =         170
                       Zmax =      74.580
                       Zmin =      40.570
           selected protein atoms =           0
 
   layer2: number of lipids =         170
                       Zmax =      46.700
                       Zmin =      14.060
           selected protein atoms =          92
 
 
 INFO> Perform Voronoi analysis for Layer 1
 
     randomize coordinates of lipid center of mass        [OK]
     wrap all lipids into the unit cell                   [OK]
     set periodic boundary condition for lipids           [OK]
     use fast algorithm                                   [OK]
     allocate memory for voronoi analysis                 [OK]
     compute voronoi vertices                             [OK]
     compute area per lipid                               [OK]
     deallocate memory                                    [OK]

 [RESULTS]
                             ALL     BOUND   N-BOUND     ERROR
   num_lipids     :          170         0       170         0
   area per lipid :       46.502     0.000    46.502

 
 INFO> Perform Voronoi analysis for Layer 2
 
     randomize coordinates of lipid center of mass        [OK]
     wrap all lipids into the unit cell                   [OK]
     set periodic boundary condition for lipids           [OK]
     wrap all protein atoms into the unit cell            [OK]
     set periodic boundary condition for protein          [OK]
     use fast algorithm                                   [OK]
     allocate memory for voronoi analysis                 [OK]
     compute voronoi vertices                             [OK]
     MC for   26  Avor =     60.960  Ntot =       6096  Nhit =          0
     MC for   27  Avor =     43.576  Ntot =       4357  Nhit =        731
     MC for   44  Avor =     37.041  Ntot =       3704  Nhit =          0
     MC for   64  Avor =     37.074  Ntot =       3707  Nhit =          0
     MC for   65  Avor =     63.347  Ntot =       6334  Nhit =          0
     MC for   68  Avor =     51.720  Ntot =       5171  Nhit =        157
     MC for   80  Avor =     55.717  Ntot =       5571  Nhit =       1181
     MC for   81  Avor =     40.632  Ntot =       4063  Nhit =       1686
     MC for   82  Avor =     43.999  Ntot =       4399  Nhit =       2832
     MC for   83  Avor =     45.524  Ntot =       4552  Nhit =       2576
     MC for   84  Avor =     48.043  Ntot =       4804  Nhit =          0
     MC for   85  Avor =     48.573  Ntot =       4857  Nhit =       2088
     MC for   86  Avor =     51.434  Ntot =       5143  Nhit =       3096
     MC for   87  Avor =     53.707  Ntot =       5370  Nhit =        487
     MC for   88  was not done (no protein atom exists in the polygon)
     MC for   89  Avor =     42.533  Ntot =       4253  Nhit =       2453
     MC for   90  Avor =     47.241  Ntot =       4724  Nhit =       2264
     MC for   91  Avor =     41.109  Ntot =       4110  Nhit =         27
     MC for   92  Avor =     39.011  Ntot =       3901  Nhit =       2273
     MC for   93  Avor =     44.518  Ntot =       4451  Nhit =        450
     MC for   94  Avor =     53.784  Ntot =       5378  Nhit =       4720
     MC for   95  Avor =     51.670  Ntot =       5166  Nhit =       2740
     MC for  122  was not done (no protein atom exists in the polygon)
     MC for  123  Avor =     54.053  Ntot =       5405  Nhit =          0
     MC for  140  was not done (no protein atom exists in the polygon)
     compute area per lipid                               [OK]
     deallocate memory                                    [OK]

 [RESULTS]
                             ALL     BOUND   N-BOUND     ERROR
   num_lipids     :          170        25       145         0
   area per lipid :       44.751    35.488    46.349

 
 INFO> Summary of the results
 
   average area of all lipids          :     45.627   /    340
   average area of boundary lipids     :     35.488   /     25
   average area of non-boundary lipids :     46.431   /    315
 
 
 INFO> Deallocate all configulation data
 INFO> Deallocate all pdb data
 
 [CPU TIME]
  total    :     0.764(sec)
  analysis :     0.559(sec)
 
