_/_/_/_/_/_/_/_/_/_/_/_/_/_/_/_/_/_/_/_/_/_/_/_/_/_/_/_/_/_/_/_/_/_/_/_/_/_/_/_/

    VTMC: Analysis of lipid surface area in protein-membrane systems
      version: 1.0
      last modified: Jan 13 2012
      programed by Takaharu Mori

    Copyright(C) 2012-
    Theoretical Biochemistry Lab, RIKEN Adv Sci Inst
    2-1 Hirosawa, Wako-shi, Saitama, 351-0198, Japan
    http://www.riken.jp/TBC07/

    Ref) T.Mori, F.Ogushi, and Y.Sugita, J.Comput.Chem., 33, 286-293 (2012)

_/_/_/_/_/_/_/_/_/_/_/_/_/_/_/_/_/_/_/_/_/_/_/_/_/_/_/_/_/_/_/_/_/_/_/_/_/_/_/_/

 INFO> Read configulation file
  
 [INPUT]
   PDB file           =  L-VTMC-1WO0.pdb-A
 
 [OUTPUT]
   output level       =      0
   output name        =  L-VTMC-1WO0.pdb-A
 
 [PROTEIN]
   residue list       =     17
      LYS       TRP       CYS       PHE       ARG       VAL       CYS       TYR 
      ARG       GLY       ILE       CYS       TYR       ARG       ARG       CYS 
      ARG 
   select hydrogen    =    YES
 
 [LIPID]
   residue list       =      1
      POP 
   select hydrogen    =    YES
   lipid head atom    =        P8  
 
 [ATOM_MASS]
   mass list          =      6
                H     =     1.008
                C     =    12.010
                O     =    16.000
                N     =    14.010
                P     =    30.970
                S     =    32.070
 
 [VDW_RADIUS]
   vdw_radius list    =      6
                H     =     1.200
                C     =     1.700
                O     =     1.520
                N     =     1.550
                P     =     1.800
                S     =     1.800
 
 [ANALYSIS]
   cell center        =     0.000   0.000
   cell size          =    89.698  88.905
   probe atom radius  =     0.100
   factor             =           100
   iseed              =       3141592
   randomize          =    YES
   decimal place      =            12
 
 
 INFO> Read PDB file
  
     open pdb file                                        [OK]
     count the number of lipid molecules                  [OK]
     calculate the bilayer center                         [OK]
     memory allocation for lipids                         [OK]
     compute the center of mass of each lipid             [OK]
     separate the bilayer                                 [OK]
     memory allocation for lipid coordinates              [OK]
     count the number of protein atoms                    [OK]
     select protein atoms                                 [OK]
     memory allocation for protein coordinates            [OK]
     copy protein coordinates                             [OK]
 
 [SYSTEM STATISTICS]
   total number of protein atoms =         229
   total number of lipids        =         340
   bilayer center                =      43.547
 
   layer1: number of lipids =         170
                       Zmax =      73.720
                       Zmin =      39.690
           selected protein atoms =          59
 
   layer2: number of lipids =         170
                       Zmax =      48.750
                       Zmin =      13.330
           selected protein atoms =           0
 
 
 INFO> Perform Voronoi analysis for Layer 1
 
     randomize coordinates of lipid center of mass        [OK]
     wrap all lipids into the unit cell                   [OK]
     set periodic boundary condition for lipids           [OK]
     wrap all protein atoms into the unit cell            [OK]
     set periodic boundary condition for protein          [OK]
     use fast algorithm                                   [OK]
     allocate memory for voronoi analysis                 [OK]
     compute voronoi vertices                             [OK]
     MC for   66  Avor =     46.980  Ntot =       4698  Nhit =        110
     MC for   68  was not done (no protein atom exists in the polygon)
     MC for   70  Avor =     61.913  Ntot =       6191  Nhit =       3004
     MC for   71  was not done (no protein atom exists in the polygon)
     MC for   74  Avor =     38.520  Ntot =       3852  Nhit =        546
     MC for   75  Avor =     55.313  Ntot =       5531  Nhit =        827
     MC for   84  Avor =     43.577  Ntot =       4357  Nhit =       1517
     MC for   85  Avor =     49.073  Ntot =       4907  Nhit =          0
     MC for   88  Avor =     43.582  Ntot =       4358  Nhit =        188
     MC for   89  Avor =     51.543  Ntot =       5154  Nhit =       4342
     MC for   98  Avor =     46.099  Ntot =       4609  Nhit =          0
     MC for  112  Avor =     52.981  Ntot =       5298  Nhit =         29
     MC for  113  Avor =     54.586  Ntot =       5458  Nhit =       1544
     MC for  116  Avor =     46.153  Ntot =       4615  Nhit =       3740
     MC for  117  was not done (no protein atom exists in the polygon)
     compute area per lipid                               [OK]
     deallocate memory                                    [OK]

 [RESULTS]
                             ALL     BOUND   N-BOUND     ERROR
   num_lipids     :          170        15       155         0
   area per lipid :       45.977    37.518    46.796

 
 INFO> Perform Voronoi analysis for Layer 2
 
     randomize coordinates of lipid center of mass        [OK]
     wrap all lipids into the unit cell                   [OK]
     set periodic boundary condition for lipids           [OK]
     use fast algorithm                                   [OK]
     allocate memory for voronoi analysis                 [OK]
     compute voronoi vertices                             [OK]
     compute area per lipid                               [OK]
     deallocate memory                                    [OK]

 [RESULTS]
                             ALL     BOUND   N-BOUND     ERROR
   num_lipids     :          170         0       170         0
   area per lipid :       46.909     0.000    46.909

 
 INFO> Summary of the results
 
   average area of all lipids          :     46.443   /    340
   average area of boundary lipids     :     37.518   /     15
   average area of non-boundary lipids :     46.855   /    325
 
 
 INFO> Deallocate all configulation data
 INFO> Deallocate all pdb data
 
 [CPU TIME]
  total    :     0.751(sec)
  analysis :     0.562(sec)
 
