_/_/_/_/_/_/_/_/_/_/_/_/_/_/_/_/_/_/_/_/_/_/_/_/_/_/_/_/_/_/_/_/_/_/_/_/_/_/_/_/

    VTMC: Analysis of lipid surface area in protein-membrane systems
      version: 1.0
      last modified: Jan 13 2012
      programed by Takaharu Mori

    Copyright(C) 2012-
    Theoretical Biochemistry Lab, RIKEN Adv Sci Inst
    2-1 Hirosawa, Wako-shi, Saitama, 351-0198, Japan
    http://www.riken.jp/TBC07/

    Ref) T.Mori, F.Ogushi, and Y.Sugita, J.Comput.Chem., 33, 286-293 (2012)

_/_/_/_/_/_/_/_/_/_/_/_/_/_/_/_/_/_/_/_/_/_/_/_/_/_/_/_/_/_/_/_/_/_/_/_/_/_/_/_/

 INFO> Read configulation file
  
 [INPUT]
   PDB file           =  L-VTMC-1T51.pdb-A
 
 [OUTPUT]
   output level       =      0
   output name        =  L-VTMC-1T51.pdb-A
 
 [PROTEIN]
   residue list       =     13
      ILE       LEU       GLY       LYS       ILE       TRP       GLU       GLY 
      ILE       LYS       SER       LEU       PHE 
   select hydrogen    =    YES
 
 [LIPID]
   residue list       =      1
      POP 
   select hydrogen    =    YES
   lipid head atom    =        P8  
 
 [ATOM_MASS]
   mass list          =      6
                H     =     1.008
                C     =    12.010
                O     =    16.000
                N     =    14.010
                P     =    30.970
                S     =    32.070
 
 [VDW_RADIUS]
   vdw_radius list    =      6
                H     =     1.200
                C     =     1.700
                O     =     1.520
                N     =     1.550
                P     =     1.800
                S     =     1.800
 
 [ANALYSIS]
   cell center        =     0.000   0.000
   cell size          =    89.245  88.456
   probe atom radius  =     0.100
   factor             =           100
   iseed              =       3141592
   randomize          =    YES
   decimal place      =            12
 
 
 INFO> Read PDB file
  
     open pdb file                                        [OK]
     count the number of lipid molecules                  [OK]
     calculate the bilayer center                         [OK]
     memory allocation for lipids                         [OK]
     compute the center of mass of each lipid             [OK]
     separate the bilayer                                 [OK]
     memory allocation for lipid coordinates              [OK]
     count the number of protein atoms                    [OK]
     select protein atoms                                 [OK]
     memory allocation for protein coordinates            [OK]
     copy protein coordinates                             [OK]
 
 [SYSTEM STATISTICS]
   total number of protein atoms =         154
   total number of lipids        =         340
   bilayer center                =      43.697
 
   layer1: number of lipids =         170
                       Zmax =      73.420
                       Zmin =      40.030
           selected protein atoms =           0
 
   layer2: number of lipids =         170
                       Zmax =      47.340
                       Zmin =      13.030
           selected protein atoms =          89
 
 
 INFO> Perform Voronoi analysis for Layer 1
 
     randomize coordinates of lipid center of mass        [OK]
     wrap all lipids into the unit cell                   [OK]
     set periodic boundary condition for lipids           [OK]
     use fast algorithm                                   [OK]
     allocate memory for voronoi analysis                 [OK]
     compute voronoi vertices                             [OK]
     compute area per lipid                               [OK]
     deallocate memory                                    [OK]

 [RESULTS]
                             ALL     BOUND   N-BOUND     ERROR
   num_lipids     :          170         0       170         0
   area per lipid :       46.437     0.000    46.437

 
 INFO> Perform Voronoi analysis for Layer 2
 
     randomize coordinates of lipid center of mass        [OK]
     wrap all lipids into the unit cell                   [OK]
     set periodic boundary condition for lipids           [OK]
     wrap all protein atoms into the unit cell            [OK]
     set periodic boundary condition for protein          [OK]
     use fast algorithm                                   [OK]
     allocate memory for voronoi analysis                 [OK]
     compute voronoi vertices                             [OK]
     MC for    7  Avor =     38.968  Ntot =       3896  Nhit =       1442
     MC for   41  Avor =     43.523  Ntot =       4352  Nhit =        325
     MC for   47  Avor =     42.889  Ntot =       4288  Nhit =          0
     MC for   49  Avor =     35.467  Ntot =       3546  Nhit =       3000
     MC for   57  Avor =     55.603  Ntot =       5560  Nhit =          0
     MC for   58  Avor =     55.720  Ntot =       5571  Nhit =          0
     MC for   59  Avor =     41.268  Ntot =       4126  Nhit =       1665
     MC for   61  Avor =     44.322  Ntot =       4432  Nhit =       3066
     MC for   71  Avor =     48.301  Ntot =       4830  Nhit =        286
     MC for   76  Avor =     56.999  Ntot =       5699  Nhit =          0
     MC for  129  Avor =     41.830  Ntot =       4183  Nhit =       1183
     MC for  130  Avor =     41.930  Ntot =       4193  Nhit =        764
     MC for  136  was not done (no protein atom exists in the polygon)
     MC for  137  Avor =     39.608  Ntot =       3960  Nhit =        256
     MC for  138  Avor =     39.599  Ntot =       3959  Nhit =       2011
     MC for  141  Avor =     48.525  Ntot =       4852  Nhit =       2033
     MC for  142  Avor =     52.285  Ntot =       5228  Nhit =       5090
     MC for  143  Avor =     54.171  Ntot =       5417  Nhit =        475
     MC for  144  Avor =     39.911  Ntot =       3991  Nhit =          0
     MC for  146  Avor =     43.490  Ntot =       4349  Nhit =       1903
     MC for  148  Avor =     51.265  Ntot =       5126  Nhit =       2376
     MC for  149  Avor =     42.852  Ntot =       4285  Nhit =          0
     MC for  152  Avor =     44.525  Ntot =       4452  Nhit =         73
     compute area per lipid                               [OK]
     deallocate memory                                    [OK]

 [RESULTS]
                             ALL     BOUND   N-BOUND     ERROR
   num_lipids     :          170        23       147         0
   area per lipid :       44.910    34.266    46.576

 
 INFO> Summary of the results
 
   average area of all lipids          :     45.674   /    340
   average area of boundary lipids     :     34.266   /     23
   average area of non-boundary lipids :     46.501   /    317
 
 
 INFO> Deallocate all configulation data
 INFO> Deallocate all pdb data
 
 [CPU TIME]
  total    :     0.768(sec)
  analysis :     0.576(sec)
 
