_/_/_/_/_/_/_/_/_/_/_/_/_/_/_/_/_/_/_/_/_/_/_/_/_/_/_/_/_/_/_/_/_/_/_/_/_/_/_/_/

    VTMC: Analysis of lipid surface area in protein-membrane systems
      version: 1.0
      last modified: Jan 13 2012
      programed by Takaharu Mori

    Copyright(C) 2012-
    Theoretical Biochemistry Lab, RIKEN Adv Sci Inst
    2-1 Hirosawa, Wako-shi, Saitama, 351-0198, Japan
    http://www.riken.jp/TBC07/

    Ref) T.Mori, F.Ogushi, and Y.Sugita, J.Comput.Chem., 33, 286-293 (2012)

_/_/_/_/_/_/_/_/_/_/_/_/_/_/_/_/_/_/_/_/_/_/_/_/_/_/_/_/_/_/_/_/_/_/_/_/_/_/_/_/

 INFO> Read configulation file
  
 [INPUT]
   PDB file           =  L-VTMC-2AMN.pdb-A
 
 [OUTPUT]
   output level       =      0
   output name        =  L-VTMC-2AMN.pdb-A
 
 [PROTEIN]
   residue list       =     26
      ARG       VAL       LYS       ARG       VAL       TRP       PRO       LEU 
      VAL       ILE       ARG       THR       VAL       ILE       ALA       GLY 
      TYR       ASN       LEU       TYR       ARG       ALA       ILE       LYS 
      LYS       LYS 
   select hydrogen    =    YES
 
 [LIPID]
   residue list       =      1
      POP 
   select hydrogen    =    YES
   lipid head atom    =        P8  
 
 [ATOM_MASS]
   mass list          =      6
                H     =     1.008
                C     =    12.010
                O     =    16.000
                N     =    14.010
                P     =    30.970
                S     =    32.070
 
 [VDW_RADIUS]
   vdw_radius list    =      6
                H     =     1.200
                C     =     1.700
                O     =     1.520
                N     =     1.550
                P     =     1.800
                S     =     1.800
 
 [ANALYSIS]
   cell center        =     0.000   0.000
   cell size          =    89.262  88.473
   probe atom radius  =     0.100
   factor             =           100
   iseed              =       3141592
   randomize          =    YES
   decimal place      =            12
 
 
 INFO> Read PDB file
  
     open pdb file                                        [OK]
     count the number of lipid molecules                  [OK]
     calculate the bilayer center                         [OK]
     memory allocation for lipids                         [OK]
     compute the center of mass of each lipid             [OK]
     separate the bilayer                                 [OK]
     memory allocation for lipid coordinates              [OK]
     count the number of protein atoms                    [OK]
     select protein atoms                                 [OK]
     memory allocation for protein coordinates            [OK]
     copy protein coordinates                             [OK]
 
 [SYSTEM STATISTICS]
   total number of protein atoms =         301
   total number of lipids        =         340
   bilayer center                =      43.729
 
   layer1: number of lipids =         170
                       Zmax =      74.140
                       Zmin =      40.010
           selected protein atoms =           0
 
   layer2: number of lipids =         170
                       Zmax =      47.850
                       Zmin =      11.270
           selected protein atoms =         182
 
 
 INFO> Perform Voronoi analysis for Layer 1
 
     randomize coordinates of lipid center of mass        [OK]
     wrap all lipids into the unit cell                   [OK]
     set periodic boundary condition for lipids           [OK]
     use fast algorithm                                   [OK]
     allocate memory for voronoi analysis                 [OK]
     compute voronoi vertices                             [OK]
     compute area per lipid                               [OK]
     deallocate memory                                    [OK]

 [RESULTS]
                             ALL     BOUND   N-BOUND     ERROR
   num_lipids     :          170         0       170         0
   area per lipid :       46.455     0.000    46.455

 
 INFO> Perform Voronoi analysis for Layer 2
 
     randomize coordinates of lipid center of mass        [OK]
     wrap all lipids into the unit cell                   [OK]
     set periodic boundary condition for lipids           [OK]
     wrap all protein atoms into the unit cell            [OK]
     set periodic boundary condition for protein          [OK]
     use fast algorithm                                   [OK]
     allocate memory for voronoi analysis                 [OK]
     compute voronoi vertices                             [OK]
     MC for   26  Avor =     46.063  Ntot =       4606  Nhit =        862
     MC for   41  Avor =     50.936  Ntot =       5093  Nhit =          0
     MC for   44  Avor =     50.513  Ntot =       5051  Nhit =       1793
     MC for   48  was not done (no protein atom exists in the polygon)
     MC for   79  Avor =     49.796  Ntot =       4979  Nhit =       1111
     MC for   80  Avor =     54.804  Ntot =       5480  Nhit =       5480
     MC for   81  Avor =     49.800  Ntot =       4979  Nhit =       3170
     MC for   82  Avor =     51.929  Ntot =       5192  Nhit =          0
     MC for   84  Avor =     38.373  Ntot =       3837  Nhit =       2728
     MC for   85  Avor =     42.879  Ntot =       4287  Nhit =        532
     MC for   86  was not done (no protein atom exists in the polygon)
     MC for   89  Avor =     45.720  Ntot =       4571  Nhit =       1931
     MC for   90  was not done (no protein atom exists in the polygon)
     MC for   93  Avor =     57.081  Ntot =       5708  Nhit =       4296
     MC for   94  Avor =     42.420  Ntot =       4241  Nhit =        323
     MC for  108  Avor =     53.908  Ntot =       5390  Nhit =          9
     MC for  121  Avor =     46.647  Ntot =       4664  Nhit =          0
     MC for  125  was not done (no protein atom exists in the polygon)
     MC for  128  Avor =     67.690  Ntot =       6769  Nhit =       5320
     MC for  130  Avor =     41.747  Ntot =       4174  Nhit =          0
     MC for  131  Avor =     39.101  Ntot =       3910  Nhit =       1758
     MC for  134  Avor =     48.425  Ntot =       4842  Nhit =          0
     MC for  140  Avor =     51.675  Ntot =       5167  Nhit =       4979
     MC for  143  Avor =     38.990  Ntot =       3898  Nhit =       1408
     MC for  161  was not done (no protein atom exists in the polygon)
     MC for  162  was not done (no protein atom exists in the polygon)
     MC for  163  Avor =     42.436  Ntot =       4243  Nhit =        198
     compute area per lipid                               [OK]
     deallocate memory                                    [OK]

 [RESULTS]
                             ALL     BOUND   N-BOUND     ERROR
   num_lipids     :          170        27       143         0
   area per lipid :       44.343    34.182    46.261

 
 INFO> Summary of the results
 
   average area of all lipids          :     45.399   /    340
   average area of boundary lipids     :     34.182   /     27
   average area of non-boundary lipids :     46.366   /    313
 
 
 INFO> Deallocate all configulation data
 INFO> Deallocate all pdb data
 
 [CPU TIME]
  total    :     0.733(sec)
  analysis :     0.549(sec)
 
