_/_/_/_/_/_/_/_/_/_/_/_/_/_/_/_/_/_/_/_/_/_/_/_/_/_/_/_/_/_/_/_/_/_/_/_/_/_/_/_/

    VTMC: Analysis of lipid surface area in protein-membrane systems
      version: 1.0
      last modified: Jan 13 2012
      programed by Takaharu Mori

    Copyright(C) 2012-
    Theoretical Biochemistry Lab, RIKEN Adv Sci Inst
    2-1 Hirosawa, Wako-shi, Saitama, 351-0198, Japan
    http://www.riken.jp/TBC07/

    Ref) T.Mori, F.Ogushi, and Y.Sugita, J.Comput.Chem., 33, 286-293 (2012)

_/_/_/_/_/_/_/_/_/_/_/_/_/_/_/_/_/_/_/_/_/_/_/_/_/_/_/_/_/_/_/_/_/_/_/_/_/_/_/_/

 INFO> Read configulation file
  
 [INPUT]
   PDB file           =  L-VTMC-3Q8J.pdb-A
 
 [OUTPUT]
   output level       =      0
   output name        =  L-VTMC-3Q8J.pdb-A
 
 [PROTEIN]
   residue list       =     37
      GLU       GLY       CYS       ALA       PHE       GLU       GLY       GLU 
      SER       CYS       ASN       VAL       GLN       PHE       TYR       PRO 
      CYS       CYS       PRO       GLY       LEU       GLY       LEU       THR 
      CYS       ILE       PRO       GLY       ASN       PRO       ASP       GLY 
      THR       CYS       TYR       TYR       LEU 
   select hydrogen    =    YES
 
 [LIPID]
   residue list       =      1
      POP 
   select hydrogen    =    YES
   lipid head atom    =        P8  
 
 [ATOM_MASS]
   mass list          =      6
                H     =     1.008
                C     =    12.010
                O     =    16.000
                N     =    14.010
                P     =    30.970
                S     =    32.070
 
 [VDW_RADIUS]
   vdw_radius list    =      6
                H     =     1.200
                C     =     1.700
                O     =     1.520
                N     =     1.550
                P     =     1.800
                S     =     1.800
 
 [ANALYSIS]
   cell center        =     0.000   0.000
   cell size          =    88.925  88.139
   probe atom radius  =     0.100
   factor             =           100
   iseed              =       3141592
   randomize          =    YES
   decimal place      =            12
 
 
 INFO> Read PDB file
  
     open pdb file                                        [OK]
     count the number of lipid molecules                  [OK]
     calculate the bilayer center                         [OK]
     memory allocation for lipids                         [OK]
     compute the center of mass of each lipid             [OK]
     separate the bilayer                                 [OK]
     memory allocation for lipid coordinates              [OK]
     count the number of protein atoms                    [OK]
     select protein atoms                                 [OK]
     memory allocation for protein coordinates            [OK]
     copy protein coordinates                             [OK]
 
 [SYSTEM STATISTICS]
   total number of protein atoms =         340
   total number of lipids        =         340
   bilayer center                =      44.107
 
   layer1: number of lipids =         170
                       Zmax =      73.900
                       Zmin =      40.990
           selected protein atoms =           0
 
   layer2: number of lipids =         170
                       Zmax =      47.390
                       Zmin =      13.390
           selected protein atoms =         195
 
 
 INFO> Perform Voronoi analysis for Layer 1
 
     randomize coordinates of lipid center of mass        [OK]
     wrap all lipids into the unit cell                   [OK]
     set periodic boundary condition for lipids           [OK]
     use fast algorithm                                   [OK]
     allocate memory for voronoi analysis                 [OK]
     compute voronoi vertices                             [OK]
     compute area per lipid                               [OK]
     deallocate memory                                    [OK]

 [RESULTS]
                             ALL     BOUND   N-BOUND     ERROR
   num_lipids     :          170         0       170         0
   area per lipid :       46.104     0.000    46.104

 
 INFO> Perform Voronoi analysis for Layer 2
 
     randomize coordinates of lipid center of mass        [OK]
     wrap all lipids into the unit cell                   [OK]
     set periodic boundary condition for lipids           [OK]
     wrap all protein atoms into the unit cell            [OK]
     set periodic boundary condition for protein          [OK]
     use fast algorithm                                   [OK]
     allocate memory for voronoi analysis                 [OK]
     compute voronoi vertices                             [OK]
     MC for   26  Avor =     51.338  Ntot =       5133  Nhit =         59
     MC for   27  was not done (no protein atom exists in the polygon)
     MC for   28  was not done (no protein atom exists in the polygon)
     MC for   41  Avor =     45.390  Ntot =       4539  Nhit =       2268
     MC for   44  Avor =     52.788  Ntot =       5278  Nhit =       4043
     MC for   47  Avor =     36.757  Ntot =       3675  Nhit =          0
     MC for   48  was not done (no protein atom exists in the polygon)
     MC for   79  Avor =     47.590  Ntot =       4758  Nhit =        143
     MC for   81  Avor =     43.601  Ntot =       4360  Nhit =         61
     MC for   82  Avor =     49.207  Ntot =       4920  Nhit =        924
     MC for   87  Avor =     47.824  Ntot =       4782  Nhit =         25
     MC for   89  Avor =     44.032  Ntot =       4403  Nhit =       2797
     MC for   90  Avor =     59.874  Ntot =       5987  Nhit =       3623
     MC for   91  Avor =     50.261  Ntot =       5026  Nhit =         38
     MC for   93  Avor =     54.336  Ntot =       5433  Nhit =        353
     MC for   94  Avor =     53.532  Ntot =       5353  Nhit =       4851
     MC for  129  Avor =     44.584  Ntot =       4458  Nhit =        673
     MC for  130  Avor =     42.445  Ntot =       4244  Nhit =       2982
     MC for  131  Avor =     37.765  Ntot =       3776  Nhit =       3283
     MC for  134  Avor =     45.330  Ntot =       4533  Nhit =          0
     MC for  137  Avor =     44.130  Ntot =       4412  Nhit =          0
     MC for  138  Avor =     44.146  Ntot =       4414  Nhit =       3692
     MC for  140  Avor =     35.438  Ntot =       3543  Nhit =       3086
     MC for  141  Avor =     49.822  Ntot =       4982  Nhit =          0
     MC for  142  Avor =     38.696  Ntot =       3869  Nhit =       1604
     MC for  143  Avor =     54.954  Ntot =       5495  Nhit =       5419
     compute area per lipid                               [OK]
     deallocate memory                                    [OK]

 [RESULTS]
                             ALL     BOUND   N-BOUND     ERROR
   num_lipids     :          170        26       144         0
   area per lipid :       43.756    31.253    46.013

 
 INFO> Summary of the results
 
   average area of all lipids          :     44.930   /    340
   average area of boundary lipids     :     31.253   /     26
   average area of non-boundary lipids :     46.063   /    314
 
 
 INFO> Deallocate all configulation data
 INFO> Deallocate all pdb data
 
 [CPU TIME]
  total    :     0.786(sec)
  analysis :     0.546(sec)
 
