_/_/_/_/_/_/_/_/_/_/_/_/_/_/_/_/_/_/_/_/_/_/_/_/_/_/_/_/_/_/_/_/_/_/_/_/_/_/_/_/

    VTMC: Analysis of lipid surface area in protein-membrane systems
      version: 1.0
      last modified: Jan 13 2012
      programed by Takaharu Mori

    Copyright(C) 2012-
    Theoretical Biochemistry Lab, RIKEN Adv Sci Inst
    2-1 Hirosawa, Wako-shi, Saitama, 351-0198, Japan
    http://www.riken.jp/TBC07/

    Ref) T.Mori, F.Ogushi, and Y.Sugita, J.Comput.Chem., 33, 286-293 (2012)

_/_/_/_/_/_/_/_/_/_/_/_/_/_/_/_/_/_/_/_/_/_/_/_/_/_/_/_/_/_/_/_/_/_/_/_/_/_/_/_/

 INFO> Read configulation file
  
 [INPUT]
   PDB file           =  L-VTMC-GIB1.pdb-A
 
 [OUTPUT]
   output level       =      0
   output name        =  L-VTMC-GIB1.pdb-A
 
 [PROTEIN]
   residue list       =     12
      ALA       PHE       ALA       LYS       LYS       LEU       LEU       ILE 
      LYS       TRP       LYS       ALA 
   select hydrogen    =    YES
 
 [LIPID]
   residue list       =      1
      POP 
   select hydrogen    =    YES
   lipid head atom    =        P8  
 
 [ATOM_MASS]
   mass list          =      6
                H     =     1.008
                C     =    12.010
                O     =    16.000
                N     =    14.010
                P     =    30.970
                S     =    32.070
 
 [VDW_RADIUS]
   vdw_radius list    =      6
                H     =     1.200
                C     =     1.700
                O     =     1.520
                N     =     1.550
                P     =     1.800
                S     =     1.800
 
 [ANALYSIS]
   cell center        =     0.000   0.000
   cell size          =    89.611  88.818
   probe atom radius  =     0.100
   factor             =           100
   iseed              =       3141592
   randomize          =    YES
   decimal place      =            12
 
 
 INFO> Read PDB file
  
     open pdb file                                        [OK]
     count the number of lipid molecules                  [OK]
     calculate the bilayer center                         [OK]
     memory allocation for lipids                         [OK]
     compute the center of mass of each lipid             [OK]
     separate the bilayer                                 [OK]
     memory allocation for lipid coordinates              [OK]
     count the number of protein atoms                    [OK]
     select protein atoms                                 [OK]
     memory allocation for protein coordinates            [OK]
     copy protein coordinates                             [OK]
 
 [SYSTEM STATISTICS]
   total number of protein atoms =          95
   total number of lipids        =         340
   bilayer center                =      43.573
 
   layer1: number of lipids =         170
                       Zmax =      74.500
                       Zmin =      39.950
           selected protein atoms =           0
 
   layer2: number of lipids =         170
                       Zmax =      46.830
                       Zmin =      12.570
           selected protein atoms =          81
 
 
 INFO> Perform Voronoi analysis for Layer 1
 
     randomize coordinates of lipid center of mass        [OK]
     wrap all lipids into the unit cell                   [OK]
     set periodic boundary condition for lipids           [OK]
     use fast algorithm                                   [OK]
     allocate memory for voronoi analysis                 [OK]
     compute voronoi vertices                             [OK]
     compute area per lipid                               [OK]
     deallocate memory                                    [OK]

 [RESULTS]
                             ALL     BOUND   N-BOUND     ERROR
   num_lipids     :          170         0       170         0
   area per lipid :       46.818     0.000    46.818

 
 INFO> Perform Voronoi analysis for Layer 2
 
     randomize coordinates of lipid center of mass        [OK]
     wrap all lipids into the unit cell                   [OK]
     set periodic boundary condition for lipids           [OK]
     wrap all protein atoms into the unit cell            [OK]
     set periodic boundary condition for protein          [OK]
     use fast algorithm                                   [OK]
     allocate memory for voronoi analysis                 [OK]
     compute voronoi vertices                             [OK]
     MC for   44  was not done (no protein atom exists in the polygon)
     MC for   79  Avor =     56.573  Ntot =       5657  Nhit =        746
     MC for   80  Avor =     49.376  Ntot =       4937  Nhit =       3831
     MC for   81  Avor =     33.227  Ntot =       3322  Nhit =       3028
     MC for   82  Avor =     49.857  Ntot =       4985  Nhit =       2316
     MC for   83  Avor =     39.944  Ntot =       3994  Nhit =         10
     MC for   84  Avor =     52.673  Ntot =       5267  Nhit =        335
     MC for   85  Avor =     36.881  Ntot =       3688  Nhit =        287
     MC for   86  Avor =     47.758  Ntot =       4775  Nhit =       2310
     MC for   87  Avor =     49.061  Ntot =       4906  Nhit =          0
     MC for   90  Avor =     46.860  Ntot =       4686  Nhit =          0
     MC for   93  Avor =     48.158  Ntot =       4815  Nhit =        312
     MC for   94  Avor =     39.458  Ntot =       3945  Nhit =        741
     MC for   95  Avor =     46.142  Ntot =       4614  Nhit =         47
     MC for  128  was not done (no protein atom exists in the polygon)
     MC for  129  was not done (no protein atom exists in the polygon)
     MC for  130  Avor =     47.166  Ntot =       4716  Nhit =         33
     MC for  131  Avor =     44.460  Ntot =       4446  Nhit =       2872
     MC for  134  Avor =     48.602  Ntot =       4860  Nhit =          1
     MC for  140  Avor =     50.489  Ntot =       5048  Nhit =       4620
     MC for  142  was not done (no protein atom exists in the polygon)
     MC for  143  Avor =     50.559  Ntot =       5055  Nhit =       1084
     compute area per lipid                               [OK]
     deallocate memory                                    [OK]

 [RESULTS]
                             ALL     BOUND   N-BOUND     ERROR
   num_lipids     :          170        22       148         0
   area per lipid :       45.490    35.386    46.992

 
 INFO> Summary of the results
 
   average area of all lipids          :     46.154   /    340
   average area of boundary lipids     :     35.386   /     22
   average area of non-boundary lipids :     46.899   /    318
 
 
 INFO> Deallocate all configulation data
 INFO> Deallocate all pdb data
 
 [CPU TIME]
  total    :     0.719(sec)
  analysis :     0.536(sec)
 
