_/_/_/_/_/_/_/_/_/_/_/_/_/_/_/_/_/_/_/_/_/_/_/_/_/_/_/_/_/_/_/_/_/_/_/_/_/_/_/_/

    VTMC: Analysis of lipid surface area in protein-membrane systems
      version: 1.0
      last modified: Jan 13 2012
      programed by Takaharu Mori

    Copyright(C) 2012-
    Theoretical Biochemistry Lab, RIKEN Adv Sci Inst
    2-1 Hirosawa, Wako-shi, Saitama, 351-0198, Japan
    http://www.riken.jp/TBC07/

    Ref) T.Mori, F.Ogushi, and Y.Sugita, J.Comput.Chem., 33, 286-293 (2012)

_/_/_/_/_/_/_/_/_/_/_/_/_/_/_/_/_/_/_/_/_/_/_/_/_/_/_/_/_/_/_/_/_/_/_/_/_/_/_/_/

 INFO> Read configulation file
  
 [INPUT]
   PDB file           =  L-VTMC-2K10.pdb-A
 
 [OUTPUT]
   output level       =      0
   output name        =  L-VTMC-2K10.pdb-A
 
 [PROTEIN]
   residue list       =     32
      GLY       ILE       LEU       SER       SER       PHE       LYS       GLY 
      VAL       ALA       LYS       GLY       VAL       ALA       LYS       ASP 
      LEU       ALA       GLY       LYS       LEU       LEU       GLU       THR 
      LEU       LYS       CYS       LYS       ILE       THR       GLY       CYS 
   select hydrogen    =    YES
 
 [LIPID]
   residue list       =      1
      POP 
   select hydrogen    =    YES
   lipid head atom    =        P8  
 
 [ATOM_MASS]
   mass list          =      6
                H     =     1.008
                C     =    12.010
                O     =    16.000
                N     =    14.010
                P     =    30.970
                S     =    32.070
 
 [VDW_RADIUS]
   vdw_radius list    =      6
                H     =     1.200
                C     =     1.700
                O     =     1.520
                N     =     1.550
                P     =     1.800
                S     =     1.800
 
 [ANALYSIS]
   cell center        =     0.000   0.000
   cell size          =    89.271  88.481
   probe atom radius  =     0.100
   factor             =           100
   iseed              =       3141592
   randomize          =    YES
   decimal place      =            12
 
 
 INFO> Read PDB file
  
     open pdb file                                        [OK]
     count the number of lipid molecules                  [OK]
     calculate the bilayer center                         [OK]
     memory allocation for lipids                         [OK]
     compute the center of mass of each lipid             [OK]
     separate the bilayer                                 [OK]
     memory allocation for lipid coordinates              [OK]
     count the number of protein atoms                    [OK]
     select protein atoms                                 [OK]
     memory allocation for protein coordinates            [OK]
     copy protein coordinates                             [OK]
 
 [SYSTEM STATISTICS]
   total number of protein atoms =         287
   total number of lipids        =         340
   bilayer center                =      43.840
 
   layer1: number of lipids =         170
                       Zmax =      73.930
                       Zmin =      41.440
           selected protein atoms =           0
 
   layer2: number of lipids =         170
                       Zmax =      49.180
                       Zmin =      14.090
           selected protein atoms =         132
 
 
 INFO> Perform Voronoi analysis for Layer 1
 
     randomize coordinates of lipid center of mass        [OK]
     wrap all lipids into the unit cell                   [OK]
     set periodic boundary condition for lipids           [OK]
     use fast algorithm                                   [OK]
     allocate memory for voronoi analysis                 [OK]
     compute voronoi vertices                             [OK]
     compute area per lipid                               [OK]
     deallocate memory                                    [OK]

 [RESULTS]
                             ALL     BOUND   N-BOUND     ERROR
   num_lipids     :          170         0       170         0
   area per lipid :       46.463     0.000    46.463

 
 INFO> Perform Voronoi analysis for Layer 2
 
     randomize coordinates of lipid center of mass        [OK]
     wrap all lipids into the unit cell                   [OK]
     set periodic boundary condition for lipids           [OK]
     wrap all protein atoms into the unit cell            [OK]
     set periodic boundary condition for protein          [OK]
     use fast algorithm                                   [OK]
     allocate memory for voronoi analysis                 [OK]
     compute voronoi vertices                             [OK]
     MC for   23  Avor =     46.150  Ntot =       4615  Nhit =        238
     MC for   24  was not done (no protein atom exists in the polygon)
     MC for   25  was not done (no protein atom exists in the polygon)
     MC for   26  Avor =     52.880  Ntot =       5288  Nhit =        263
     MC for   27  Avor =     59.460  Ntot =       5945  Nhit =       5366
     MC for   28  Avor =     48.904  Ntot =       4890  Nhit =        279
     MC for   44  Avor =     41.371  Ntot =       4137  Nhit =          0
     MC for   79  Avor =     39.090  Ntot =       3908  Nhit =        427
     MC for   80  Avor =     47.074  Ntot =       4707  Nhit =        158
     MC for   81  Avor =     45.165  Ntot =       4516  Nhit =       2281
     MC for   82  Avor =     48.474  Ntot =       4847  Nhit =       2544
     MC for   83  Avor =     58.776  Ntot =       5877  Nhit =        603
     MC for   84  Avor =     46.741  Ntot =       4674  Nhit =          0
     MC for   86  Avor =     53.625  Ntot =       5362  Nhit =        151
     MC for   87  Avor =     50.797  Ntot =       5079  Nhit =        389
     MC for   89  Avor =     53.672  Ntot =       5367  Nhit =       1837
     MC for   90  Avor =     46.987  Ntot =       4698  Nhit =       4147
     MC for   91  Avor =     35.049  Ntot =       3504  Nhit =        773
     MC for   93  Avor =     52.142  Ntot =       5214  Nhit =       1838
     MC for   94  Avor =     61.841  Ntot =       6184  Nhit =       5922
     MC for  129  was not done (no protein atom exists in the polygon)
     MC for  130  Avor =     55.062  Ntot =       5506  Nhit =       1019
     MC for  131  Avor =     43.344  Ntot =       4334  Nhit =       1944
     MC for  134  Avor =     43.395  Ntot =       4339  Nhit =          0
     MC for  140  Avor =     42.486  Ntot =       4248  Nhit =       3307
     MC for  143  Avor =     39.430  Ntot =       3942  Nhit =       2092
     compute area per lipid                               [OK]
     deallocate memory                                    [OK]

 [RESULTS]
                             ALL     BOUND   N-BOUND     ERROR
   num_lipids     :          170        26       144         0
   area per lipid :       44.370    34.669    46.122

 
 INFO> Summary of the results
 
   average area of all lipids          :     45.417   /    340
   average area of boundary lipids     :     34.669   /     26
   average area of non-boundary lipids :     46.307   /    314
 
 
 INFO> Deallocate all configulation data
 INFO> Deallocate all pdb data
 
 [CPU TIME]
  total    :     0.833(sec)
  analysis :     0.571(sec)
 
