_/_/_/_/_/_/_/_/_/_/_/_/_/_/_/_/_/_/_/_/_/_/_/_/_/_/_/_/_/_/_/_/_/_/_/_/_/_/_/_/

    VTMC: Analysis of lipid surface area in protein-membrane systems
      version: 1.0
      last modified: Jan 13 2012
      programed by Takaharu Mori

    Copyright(C) 2012-
    Theoretical Biochemistry Lab, RIKEN Adv Sci Inst
    2-1 Hirosawa, Wako-shi, Saitama, 351-0198, Japan
    http://www.riken.jp/TBC07/

    Ref) T.Mori, F.Ogushi, and Y.Sugita, J.Comput.Chem., 33, 286-293 (2012)

_/_/_/_/_/_/_/_/_/_/_/_/_/_/_/_/_/_/_/_/_/_/_/_/_/_/_/_/_/_/_/_/_/_/_/_/_/_/_/_/

 INFO> Read configulation file
  
 [INPUT]
   PDB file           =  L-VTMC-1X22.pdb-A
 
 [OUTPUT]
   output level       =      0
   output name        =  L-VTMC-1X22.pdb-A
 
 [PROTEIN]
   residue list       =     42
      GLY       LYS       ILE       PRO       VAL       LYS       ALA       ILE 
      LYS       LYS       ALA       GLY       ALA       ALA       ILE       GLY 
      LYS       GLY       LEU       ARG       ALA       ILE       ASN       ILE 
      ALA       SER       THR       ALA       HIS       ASP       VAL       TYR 
      SER       PHE       PHE       LYS       PRO       LYS       HIS       LYS 
      LYS       LYS 
   select hydrogen    =    YES
 
 [LIPID]
   residue list       =      1
      POP 
   select hydrogen    =    YES
   lipid head atom    =        P8  
 
 [ATOM_MASS]
   mass list          =      6
                H     =     1.008
                C     =    12.010
                O     =    16.000
                N     =    14.010
                P     =    30.970
                S     =    32.070
 
 [VDW_RADIUS]
   vdw_radius list    =      6
                H     =     1.200
                C     =     1.700
                O     =     1.520
                N     =     1.550
                P     =     1.800
                S     =     1.800
 
 [ANALYSIS]
   cell center        =     0.000   0.000
   cell size          =    89.438  88.648
   probe atom radius  =     0.100
   factor             =           100
   iseed              =       3141592
   randomize          =    YES
   decimal place      =            12
 
 
 INFO> Read PDB file
  
     open pdb file                                        [OK]
     count the number of lipid molecules                  [OK]
     calculate the bilayer center                         [OK]
     memory allocation for lipids                         [OK]
     compute the center of mass of each lipid             [OK]
     separate the bilayer                                 [OK]
     memory allocation for lipid coordinates              [OK]
     count the number of protein atoms                    [OK]
     select protein atoms                                 [OK]
     memory allocation for protein coordinates            [OK]
     copy protein coordinates                             [OK]
 
 [SYSTEM STATISTICS]
   total number of protein atoms =         421
   total number of lipids        =         340
   bilayer center                =      43.525
 
   layer1: number of lipids =         170
                       Zmax =      74.090
                       Zmin =      40.690
           selected protein atoms =          66
 
   layer2: number of lipids =         170
                       Zmax =      46.860
                       Zmin =      12.250
           selected protein atoms =           0
 
 
 INFO> Perform Voronoi analysis for Layer 1
 
     randomize coordinates of lipid center of mass        [OK]
     wrap all lipids into the unit cell                   [OK]
     set periodic boundary condition for lipids           [OK]
     wrap all protein atoms into the unit cell            [OK]
     set periodic boundary condition for protein          [OK]
     use fast algorithm                                   [OK]
     allocate memory for voronoi analysis                 [OK]
     compute voronoi vertices                             [OK]
     MC for    4  Avor =     56.333  Ntot =       5633  Nhit =       2388
     MC for   23  Avor =     36.097  Ntot =       3609  Nhit =       2750
     MC for   28  Avor =     49.214  Ntot =       4921  Nhit =          0
     MC for   31  Avor =     37.801  Ntot =       3780  Nhit =       2134
     MC for   50  was not done (no protein atom exists in the polygon)
     MC for   53  Avor =     56.379  Ntot =       5637  Nhit =       1155
     MC for   69  was not done (no protein atom exists in the polygon)
     MC for   78  Avor =     36.101  Ntot =       3610  Nhit =         83
     MC for   79  Avor =     53.050  Ntot =       5305  Nhit =       1185
     MC for   80  Avor =     50.250  Ntot =       5024  Nhit =         80
     MC for   81  was not done (no protein atom exists in the polygon)
     MC for   82  Avor =     43.020  Ntot =       4302  Nhit =          0
     MC for   83  Avor =     49.425  Ntot =       4942  Nhit =        905
     MC for   86  Avor =     48.278  Ntot =       4827  Nhit =          0
     MC for   87  Avor =     47.639  Ntot =       4763  Nhit =        701
     MC for   88  Avor =     41.259  Ntot =       4125  Nhit =       1141
     MC for   89  Avor =     43.585  Ntot =       4358  Nhit =          0
     MC for   90  Avor =     47.507  Ntot =       4750  Nhit =       2334
     MC for   91  Avor =     41.160  Ntot =       4115  Nhit =       1606
     MC for   92  was not done (no protein atom exists in the polygon)
     MC for  128  was not done (no protein atom exists in the polygon)
     MC for  132  was not done (no protein atom exists in the polygon)
     compute area per lipid                               [OK]
     deallocate memory                                    [OK]

 [RESULTS]
                             ALL     BOUND   N-BOUND     ERROR
   num_lipids     :          170        22       148         0
   area per lipid :       45.670    38.544    46.729

 
 INFO> Perform Voronoi analysis for Layer 2
 
     randomize coordinates of lipid center of mass        [OK]
     wrap all lipids into the unit cell                   [OK]
     set periodic boundary condition for lipids           [OK]
     use fast algorithm                                   [OK]
     allocate memory for voronoi analysis                 [OK]
     compute voronoi vertices                             [OK]
     compute area per lipid                               [OK]
     deallocate memory                                    [OK]

 [RESULTS]
                             ALL     BOUND   N-BOUND     ERROR
   num_lipids     :          170         0       170         0
   area per lipid :       46.638     0.000    46.638

 
 INFO> Summary of the results
 
   average area of all lipids          :     46.154   /    340
   average area of boundary lipids     :     38.544   /     22
   average area of non-boundary lipids :     46.680   /    318
 
 
 INFO> Deallocate all configulation data
 INFO> Deallocate all pdb data
 
 [CPU TIME]
  total    :     0.791(sec)
  analysis :     0.590(sec)
 
