_/_/_/_/_/_/_/_/_/_/_/_/_/_/_/_/_/_/_/_/_/_/_/_/_/_/_/_/_/_/_/_/_/_/_/_/_/_/_/_/

    VTMC: Analysis of lipid surface area in protein-membrane systems
      version: 1.0
      last modified: Jan 13 2012
      programed by Takaharu Mori

    Copyright(C) 2012-
    Theoretical Biochemistry Lab, RIKEN Adv Sci Inst
    2-1 Hirosawa, Wako-shi, Saitama, 351-0198, Japan
    http://www.riken.jp/TBC07/

    Ref) T.Mori, F.Ogushi, and Y.Sugita, J.Comput.Chem., 33, 286-293 (2012)

_/_/_/_/_/_/_/_/_/_/_/_/_/_/_/_/_/_/_/_/_/_/_/_/_/_/_/_/_/_/_/_/_/_/_/_/_/_/_/_/

 INFO> Read configulation file
  
 [INPUT]
   PDB file           =  L-VTMC-GIB15.pdb-A
 
 [OUTPUT]
   output level       =      0
   output name        =  L-VTMC-GIB15.pdb-A
 
 [PROTEIN]
   residue list       =     12
      ILE       GLY       THR       GLY       LEU       PRO       GLY       THR 
      LYS       LYS       ILE       ILE 
   select hydrogen    =    YES
 
 [LIPID]
   residue list       =      1
      POP 
   select hydrogen    =    YES
   lipid head atom    =        P8  
 
 [ATOM_MASS]
   mass list          =      6
                H     =     1.008
                C     =    12.010
                O     =    16.000
                N     =    14.010
                P     =    30.970
                S     =    32.070
 
 [VDW_RADIUS]
   vdw_radius list    =      6
                H     =     1.200
                C     =     1.700
                O     =     1.520
                N     =     1.550
                P     =     1.800
                S     =     1.800
 
 [ANALYSIS]
   cell center        =     0.000   0.000
   cell size          =    89.620  88.828
   probe atom radius  =     0.100
   factor             =           100
   iseed              =       3141592
   randomize          =    YES
   decimal place      =            12
 
 
 INFO> Read PDB file
  
     open pdb file                                        [OK]
     count the number of lipid molecules                  [OK]
     calculate the bilayer center                         [OK]
     memory allocation for lipids                         [OK]
     compute the center of mass of each lipid             [OK]
     separate the bilayer                                 [OK]
     memory allocation for lipid coordinates              [OK]
     count the number of protein atoms                    [OK]
     select protein atoms                                 [OK]
     memory allocation for protein coordinates            [OK]
     copy protein coordinates                             [OK]
 
 [SYSTEM STATISTICS]
   total number of protein atoms =         105
   total number of lipids        =         340
   bilayer center                =      43.818
 
   layer1: number of lipids =         170
                       Zmax =      73.070
                       Zmin =      39.880
           selected protein atoms =           0
 
   layer2: number of lipids =         170
                       Zmax =      48.890
                       Zmin =      13.660
           selected protein atoms =          33
 
 
 INFO> Perform Voronoi analysis for Layer 1
 
     randomize coordinates of lipid center of mass        [OK]
     wrap all lipids into the unit cell                   [OK]
     set periodic boundary condition for lipids           [OK]
     use fast algorithm                                   [OK]
     allocate memory for voronoi analysis                 [OK]
     compute voronoi vertices                             [OK]
     compute area per lipid                               [OK]
     deallocate memory                                    [OK]

 [RESULTS]
                             ALL     BOUND   N-BOUND     ERROR
   num_lipids     :          170         0       170         0
   area per lipid :       46.828     0.000    46.828

 
 INFO> Perform Voronoi analysis for Layer 2
 
     randomize coordinates of lipid center of mass        [OK]
     wrap all lipids into the unit cell                   [OK]
     set periodic boundary condition for lipids           [OK]
     wrap all protein atoms into the unit cell            [OK]
     set periodic boundary condition for protein          [OK]
     use fast algorithm                                   [OK]
     allocate memory for voronoi analysis                 [OK]
     compute voronoi vertices                             [OK]
     MC for   23  Avor =     55.232  Ntot =       5523  Nhit =          0
     MC for   26  Avor =     47.819  Ntot =       4781  Nhit =        911
     MC for   27  Avor =     48.187  Ntot =       4818  Nhit =       2795
     MC for   28  Avor =     38.775  Ntot =       3877  Nhit =        209
     MC for   30  Avor =     52.265  Ntot =       5226  Nhit =        767
     MC for   80  Avor =     44.337  Ntot =       4433  Nhit =          0
     MC for   81  Avor =     41.888  Ntot =       4188  Nhit =       1430
     MC for   82  Avor =     43.431  Ntot =       4343  Nhit =         47
     MC for   83  was not done (no protein atom exists in the polygon)
     MC for   89  Avor =     49.381  Ntot =       4938  Nhit =        660
     MC for   90  Avor =     42.252  Ntot =       4225  Nhit =        760
     MC for   93  Avor =     38.515  Ntot =       3851  Nhit =        143
     MC for   94  Avor =     45.887  Ntot =       4588  Nhit =       2482
     MC for  140  Avor =     35.530  Ntot =       3552  Nhit =          0
     compute area per lipid                               [OK]
     deallocate memory                                    [OK]

 [RESULTS]
                             ALL     BOUND   N-BOUND     ERROR
   num_lipids     :          170        14       156         0
   area per lipid :       46.228    37.682    46.995

 
 INFO> Summary of the results
 
   average area of all lipids          :     46.528   /    340
   average area of boundary lipids     :     37.682   /     14
   average area of non-boundary lipids :     46.908   /    326
 
 
 INFO> Deallocate all configulation data
 INFO> Deallocate all pdb data
 
 [CPU TIME]
  total    :     0.761(sec)
  analysis :     0.571(sec)
 
